#
# A fatal error has been detected by the Java Runtime Environment:
#
#  EXCEPTION_ACCESS_VIOLATION (0xc0000005) at pc=0x000000006d794739, pid=5424, tid=0x0000000000001938
#
# JRE version: Java(TM) SE Runtime Environment (8.0_92-b14) (build 1.8.0_92-b14)
# Java VM: Java HotSpot(TM) 64-Bit Server VM (25.92-b14 mixed mode windows-amd64 compressed oops)
# Problematic frame:
# C  [nvoglv64.DLL+0x894739]
#
# Failed to write core dump. Minidumps are not enabled by default on client versions of Windows
#
# If you would like to submit a bug report, please visit:
#   http://bugreport.java.com/bugreport/crash.jsp
# The crash happened outside the Java Virtual Machine in native code.
# See problematic frame for where to report the bug.
#

---------------  T H R E A D  ---------------

Current thread (0x000000005b8d0000):  JavaThread "AWT-EventQueue-0" [_thread_in_native, id=6456, stack(0x000000005e020000,0x000000005e120000)]

siginfo: ExceptionCode=0xc0000005, reading address 0x00000000000028d0

Registers:
RAX=0x0000000000000000, RBX=0x000000006480ac80, RCX=0x0000000000000000, RDX=0x000000006bf0bd50
RSP=0x000000005e11cfa8, RBP=0x00000000590764e0, RSI=0x0000000000000000, RDI=0x0000000064c61ca0
R8 =0x0000002700a7001d, R9 =0x000000280062001e, R10=0x0000000076e99e30, R11=0x000000006bf7fa30
R12=0x0000000064c61ca0, R13=0x0000000057c647a8, R14=0x000000005e11d1e0, R15=0x000000005b8d0000
RIP=0x000000006d794739, EFLAGS=0x0000000000010202

Top of Stack: (sp=0x000000005e11cfa8)
0x000000005e11cfa8:   000007fee5cde3a6 000000006bf0bd60
0x000000005e11cfb8:   000000006480ac80 000000006bf0bd60
0x000000005e11cfc8:   000007fee5d45038 0000000064d99010
0x000000005e11cfd8:   000007fee5c00f8e 000000005e11d040
0x000000005e11cfe8:   0000000000000000 0000000000000000
0x000000005e11cff8:   000000005a10537f fffffffffffffffe
0x000000005e11d008:   000007fee5c77db0 0000000058efa020
0x000000005e11d018:   0000000058efa110 0000000000000000
0x000000005e11d028:   000000005a1031db 0000000064d99010
0x000000005e11d038:   000007fee5d28a71 0000000000000000
0x000000005e11d048:   0000000064c61ca0 0000000059076498
0x000000005e11d058:   0000000065ef826b fffffffffffffffe
0x000000005e11d068:   000000005e11d101 0000000064c61ca0
0x000000005e11d078:   fffffffffffffffe 0000000077a567e1
0x000000005e11d088:   0000000065ec32fc 0000000059076498
0x000000005e11d098:   000007fee5d29032 000000005e11d1e0 

Instructions: (pc=0x000000006d794739)
0x000000006d794719:   af af af af af af af c3 cc cc cc cc cc cc cc cc
0x000000006d794729:   cc cc cc cc cc cc cc 65 48 8b 04 25 70 15 00 00
0x000000006d794739:   ff a0 d0 28 00 00 cc cc cc cc cc cc cc cc cc cc
0x000000006d794749:   cc cc cc cc cc cc cc cc cc cc cc cc cc cc cc cc 


Register to memory mapping:

RAX=0x0000000000000000 is an unknown value
RBX=0x000000006480ac80 is an unknown value
RCX=0x0000000000000000 is an unknown value
RDX=0x000000006bf0bd50 is an unknown value
RSP=0x000000005e11cfa8 is pointing into the stack for thread: 0x000000005b8d0000
RBP=0x00000000590764e0 is an unknown value
RSI=0x0000000000000000 is an unknown value
RDI=0x0000000064c61ca0 is an unknown value
R8 =0x0000002700a7001d is an unknown value
R9 =0x000000280062001e is an unknown value
R10=0x0000000076e99e30 is an unknown value
R11=0x000000006bf7fa30 is an unknown value
R12=0x0000000064c61ca0 is an unknown value
R13={method} {0x0000000057c647b0} 'RenderCreate' '(Lvtk/vtkRenderWindow;)I' in 'vtk/vtkPanel'
R14=0x000000005e11d1e0 is pointing into the stack for thread: 0x000000005b8d0000
R15=0x000000005b8d0000 is a thread


Stack: [0x000000005e020000,0x000000005e120000],  sp=0x000000005e11cfa8,  free space=1011k
Native frames: (J=compiled Java code, j=interpreted, Vv=VM code, C=native code)
C  [nvoglv64.DLL+0x894739]

Java frames: (J=compiled Java code, j=interpreted, Vv=VM code)
j  vtk.vtkPanel.RenderCreate(Lvtk/vtkRenderWindow;)I+0
j  vtk.vtkRenderWindowPanel.Render()V+31
j  vtk.vtkPanel.paint(Ljava/awt/Graphics;)V+1
j  sun.awt.RepaintArea.paintComponent(Ljava/awt/Component;Ljava/awt/Graphics;)V+6
j  sun.awt.RepaintArea.paint(Ljava/lang/Object;Z)V+326
j  sun.awt.windows.WComponentPeer.handleEvent(Ljava/awt/AWTEvent;)V+155
j  java.awt.Component.dispatchEventImpl(Ljava/awt/AWTEvent;)V+877
j  java.awt.Component.dispatchEvent(Ljava/awt/AWTEvent;)V+2
j  java.awt.EventQueue.dispatchEventImpl(Ljava/awt/AWTEvent;Ljava/lang/Object;)V+41
j  java.awt.EventQueue.access$500(Ljava/awt/EventQueue;Ljava/awt/AWTEvent;Ljava/lang/Object;)V+3
j  java.awt.EventQueue$3.run()Ljava/lang/Void;+32
j  java.awt.EventQueue$3.run()Ljava/lang/Object;+1
v  ~StubRoutines::call_stub
j  java.security.AccessController.doPrivileged(Ljava/security/PrivilegedAction;Ljava/security/AccessControlContext;)Ljava/lang/Object;+0
j  java.security.ProtectionDomain$JavaSecurityAccessImpl.doIntersectionPrivilege(Ljava/security/PrivilegedAction;Ljava/security/AccessControlContext;Ljava/security/AccessControlContext;)Ljava/lang/Object;+18
j  java.security.ProtectionDomain$JavaSecurityAccessImpl.doIntersectionPrivilege(Ljava/security/PrivilegedAction;Ljava/security/AccessControlContext;)Ljava/lang/Object;+6
j  java.awt.EventQueue$4.run()Ljava/lang/Void;+11
j  java.awt.EventQueue$4.run()Ljava/lang/Object;+1
v  ~StubRoutines::call_stub
j  java.security.AccessController.doPrivileged(Ljava/security/PrivilegedAction;Ljava/security/AccessControlContext;)Ljava/lang/Object;+0
j  java.security.ProtectionDomain$JavaSecurityAccessImpl.doIntersectionPrivilege(Ljava/security/PrivilegedAction;Ljava/security/AccessControlContext;Ljava/security/AccessControlContext;)Ljava/lang/Object;+18
j  java.awt.EventQueue.dispatchEvent(Ljava/awt/AWTEvent;)V+73
j  java.awt.EventDispatchThread.pumpOneEventForFilters(I)V+245
j  java.awt.EventDispatchThread.pumpEventsForFilter(ILjava/awt/Conditional;Ljava/awt/EventFilter;)V+35
j  java.awt.EventDispatchThread.pumpEventsForHierarchy(ILjava/awt/Conditional;Ljava/awt/Component;)V+11
j  java.awt.EventDispatchThread.pumpEvents(ILjava/awt/Conditional;)V+4
j  java.awt.EventDispatchThread.pumpEvents(Ljava/awt/Conditional;)V+3
j  java.awt.EventDispatchThread.run()V+9
v  ~StubRoutines::call_stub

---------------  P R O C E S S  ---------------

Java Threads: ( => current thread )
  0x00000000022be800 JavaThread "DestroyJavaVM" [_thread_blocked, id=6536, stack(0x00000000025c0000,0x00000000026c0000)]
  0x000000005ba15000 JavaThread "D3D Screen Updater" daemon [_thread_blocked, id=6580, stack(0x0000000069ff0000,0x000000006a0f0000)]
=>0x000000005b8d0000 JavaThread "AWT-EventQueue-0" [_thread_in_native, id=6456, stack(0x000000005e020000,0x000000005e120000)]
  0x000000005b867800 JavaThread "AWT-Windows" daemon [_thread_in_native, id=6488, stack(0x000000005c400000,0x000000005c500000)]
  0x000000005b863800 JavaThread "AWT-Shutdown" [_thread_blocked, id=612, stack(0x000000005c200000,0x000000005c300000)]
  0x000000005b863000 JavaThread "Java2D Disposer" daemon [_thread_blocked, id=6316, stack(0x000000005bff0000,0x000000005c0f0000)]
  0x0000000058f7b800 JavaThread "Service Thread" daemon [_thread_blocked, id=6256, stack(0x000000005b680000,0x000000005b780000)]
  0x0000000058ef7800 JavaThread "C1 CompilerThread3" daemon [_thread_blocked, id=4792, stack(0x000000005b450000,0x000000005b550000)]
  0x0000000058eeb000 JavaThread "C2 CompilerThread2" daemon [_thread_blocked, id=6864, stack(0x000000005b230000,0x000000005b330000)]
  0x0000000058ee5800 JavaThread "C2 CompilerThread1" daemon [_thread_blocked, id=5596, stack(0x000000005ab50000,0x000000005ac50000)]
  0x0000000058ee0800 JavaThread "C2 CompilerThread0" daemon [_thread_blocked, id=7132, stack(0x000000005afd0000,0x000000005b0d0000)]
  0x0000000058ede000 JavaThread "Attach Listener" daemon [_thread_blocked, id=6940, stack(0x000000005aea0000,0x000000005afa0000)]
  0x0000000058ed9000 JavaThread "Signal Dispatcher" daemon [_thread_blocked, id=6872, stack(0x000000005aca0000,0x000000005ada0000)]
  0x0000000057f2f800 JavaThread "Finalizer" daemon [_thread_blocked, id=4784, stack(0x000000005aa40000,0x000000005ab40000)]
  0x0000000058e83800 JavaThread "Reference Handler" daemon [_thread_blocked, id=6424, stack(0x0000000059ec0000,0x0000000059fc0000)]

Other Threads:
  0x0000000058e82000 VMThread [stack: 0x000000005a860000,0x000000005a960000] [id=2388]
  0x0000000058fca800 WatcherThread [stack: 0x000000005b350000,0x000000005b450000] [id=2896]

VM state:not at safepoint (normal execution)

VM Mutex/Monitor currently owned by a thread: None

Heap:
 PSYoungGen      total 38400K, used 7332K [0x00000000d5700000, 0x00000000d8180000, 0x0000000100000000)
  eden space 33280K, 22% used [0x00000000d5700000,0x00000000d5e29260,0x00000000d7780000)
  from space 5120K, 0% used [0x00000000d7c80000,0x00000000d7c80000,0x00000000d8180000)
  to   space 5120K, 0% used [0x00000000d7780000,0x00000000d7780000,0x00000000d7c80000)
 ParOldGen       total 87552K, used 0K [0x0000000080400000, 0x0000000085980000, 0x00000000d5700000)
  object space 87552K, 0% used [0x0000000080400000,0x0000000080400000,0x0000000085980000)
 Metaspace       used 9279K, capacity 9486K, committed 9728K, reserved 1058816K
  class space    used 1121K, capacity 1221K, committed 1280K, reserved 1048576K

Card table byte_map: [0x0000000011d50000,0x0000000012150000] byte_map_base: 0x000000001194e000

Marking Bits: (ParMarkBitMap*) 0x000000005a7d64f0
 Begin Bits: [0x0000000013160000, 0x0000000015150000)
 End Bits:   [0x0000000015150000, 0x0000000017140000)

Polling page: 0x0000000000130000

CodeCache: size=245760Kb used=1911Kb max_used=1911Kb free=243848Kb
 bounds [0x0000000002990000, 0x0000000002c00000, 0x0000000011990000]
 total_blobs=813 nmethods=379 adapters=348
 compilation: enabled

Compilation events (10 events):
Event: 3.884 Thread 0x0000000058ef7800  374       3       java.awt.Component::checkTreeLock (21 bytes)
Event: 3.884 Thread 0x0000000058ef7800 nmethod 374 0x0000000002b6b710 code [0x0000000002b6b8a0, 0x0000000002b6bbf8]
Event: 3.885 Thread 0x0000000058ef7800  376       3       java.lang.invoke.MethodType::toMethodDescriptorString (21 bytes)
Event: 3.885 Thread 0x0000000058ef7800 nmethod 376 0x0000000002b6c350 code [0x0000000002b6c560, 0x0000000002b6d038]
Event: 3.889 Thread 0x0000000058ef7800  377       1       java.awt.AWTEvent::getID (5 bytes)
Event: 3.890 Thread 0x0000000058ef7800 nmethod 377 0x0000000002b6dc50 code [0x0000000002b6dda0, 0x0000000002b6deb0]
Event: 3.890 Thread 0x0000000058ef7800  379       1       java.util.EventObject::getSource (5 bytes)
Event: 3.890 Thread 0x0000000058ef7800 nmethod 379 0x0000000002b6df10 code [0x0000000002b6e060, 0x0000000002b6e170]
Event: 3.890 Thread 0x0000000058ef7800  378       1       java.util.concurrent.locks.AbstractOwnableSynchronizer::getExclusiveOwnerThread (5 bytes)
Event: 3.890 Thread 0x0000000058ef7800 nmethod 378 0x0000000002b6e1d0 code [0x0000000002b6e320, 0x0000000002b6e430]

GC Heap History (0 events):
No events

Deoptimization events (0 events):
No events

Internal exceptions (10 events):
Event: 0.026 Thread 0x00000000022be800 Exception <a 'java/lang/NoSuchMethodError': Method sun.misc.Unsafe.defineClass(Ljava/lang/String;[BII)Ljava/lang/Class; name or signature does not match> (0x00000000d5707cc0) thrown at [D:\re\workspace\8-2-build-windows-amd64-cygwin\jdk8u92\6642\hotspot\srﬂ0ÄÕ€õ?
Event: 0.026 Thread 0x00000000022be800 Exception <a 'java/lang/NoSuchMethodError': Method sun.misc.Unsafe.prefetchRead(Ljava/lang/Object;J)V name or signature does not match> (0x00000000d5707fa8) thrown at [D:\re\workspace\8-2-build-windows-amd64-cygwin\jdk8u92\6642\hotspot\src\share\vm\prims\j`¡nCì∏?
Event: 0.096 Thread 0x00000000022be800 Exception <a 'java/security/PrivilegedActionException'> (0x00000000d57a4c70) thrown at [D:\re\workspace\8-2-build-windows-amd64-cygwin\jdk8u92\6642\hotspot\src\share\vm\prims\jvm.cpp, line 1386]
Event: 0.096 Thread 0x00000000022be800 Exception <a 'java/security/PrivilegedActionException'> (0x00000000d57a4e80) thrown at [D:\re\workspace\8-2-build-windows-amd64-cygwin\jdk8u92\6642\hotspot\src\share\vm\prims\jvm.cpp, line 1386]
Event: 0.097 Thread 0x00000000022be800 Exception <a 'java/security/PrivilegedActionException'> (0x00000000d584f370) thrown at [D:\re\workspace\8-2-build-windows-amd64-cygwin\jdk8u92\6642\hotspot\src\share\vm\prims\jvm.cpp, line 1386]
Event: 0.097 Thread 0x00000000022be800 Exception <a 'java/security/PrivilegedActionException'> (0x00000000d584f580) thrown at [D:\re\workspace\8-2-build-windows-amd64-cygwin\jdk8u92\6642\hotspot\src\share\vm\prims\jvm.cpp, line 1386]
Event: 0.099 Thread 0x00000000022be800 Exception <a 'java/io/FileNotFoundException'> (0x00000000d58519a8) thrown at [D:\re\workspace\8-2-build-windows-amd64-cygwin\jdk8u92\6642\hotspot\src\share\vm\prims\jni.cpp, line 709]
Event: 0.129 Thread 0x00000000022be800 Exception <a 'java/lang/NoSuchFieldError': method resolution failed> (0x00000000d591f370) thrown at [D:\re\workspace\8-2-build-windows-amd64-cygwin\jdk8u92\6642\hotspot\src\share\vm\prims\methodHandles.cpp, line 1146]
Event: 0.131 Thread 0x00000000022be800 Exception <a 'java/lang/NoSuchFieldError': method resolution failed> (0x00000000d592c6c0) thrown at [D:\re\workspace\8-2-build-windows-amd64-cygwin\jdk8u92\6642\hotspot\src\share\vm\prims\methodHandles.cpp, line 1146]
Event: 0.163 Thread 0x00000000022be800 Exception <a 'java/io/FileNotFoundException'> (0x00000000d59c0bd8) thrown at [D:\re\workspace\8-2-build-windows-amd64-cygwin\jdk8u92\6642\hotspot\src\share\vm\prims\jni.cpp, line 709]

Events (10 events):
Event: 3.887 loading class sun/awt/windows/WGlobalCursorManager
Event: 3.887 loading class sun/awt/GlobalCursorManager
Event: 3.888 loading class sun/awt/GlobalCursorManager done
Event: 3.888 loading class sun/awt/windows/WGlobalCursorManager done
Event: 3.888 loading class sun/awt/GlobalCursorManager$NativeUpdater
Event: 3.888 loading class sun/awt/GlobalCursorManager$NativeUpdater done
Event: 3.888 loading class java/awt/Cursor$CursorDisposer
Event: 3.888 loading class java/awt/Cursor$CursorDisposer done
Event: 3.889 Thread 0x00000000022be800 Thread exited: 0x00000000022be800
Event: 3.890 Thread 0x00000000022be800 Thread added: 0x00000000022be800


Dynamic libraries:
0x000000013ff50000 - 0x000000013ff87000 	C:\Program Files\Java\jdk1.8.0_92\bin\java.exe
0x0000000076d60000 - 0x0000000076f0c000 	C:\Windows\SYSTEM32\ntdll.dll
0x0000000076990000 - 0x0000000076aaf000 	C:\Windows\system32\kernel32.dll
0x000007fefd280000 - 0x000007fefd2ec000 	C:\Windows\system32\KERNELBASE.dll
0x000007fefeef0000 - 0x000007fefefcb000 	C:\Windows\system32\ADVAPI32.dll
0x000007fefefd0000 - 0x000007feff06f000 	C:\Windows\system32\msvcrt.dll
0x000007fefdd40000 - 0x000007fefdd5f000 	C:\Windows\SYSTEM32\sechost.dll
0x000007fefd990000 - 0x000007fefdabe000 	C:\Windows\system32\RPCRT4.dll
0x0000000076680000 - 0x000000007677a000 	C:\Windows\system32\USER32.dll
0x000007fefdbe0000 - 0x000007fefdc47000 	C:\Windows\system32\GDI32.dll
0x000007fefdbd0000 - 0x000007fefdbde000 	C:\Windows\system32\LPK.dll
0x000007fefd8c0000 - 0x000007fefd98a000 	C:\Windows\system32\USP10.dll
0x000007fefbc40000 - 0x000007fefbe34000 	C:\Windows\WinSxS\amd64_microsoft.windows.common-controls_6595b64144ccf1df_6.0.7600.16661_none_fa62ad231704eab7\COMCTL32.dll
0x000007fefe0e0000 - 0x000007fefe151000 	C:\Windows\system32\SHLWAPI.dll
0x000007fefdba0000 - 0x000007fefdbce000 	C:\Windows\system32\IMM32.DLL
0x000007fefdd60000 - 0x000007fefde69000 	C:\Windows\system32\MSCTF.dll
0x000000006ce20000 - 0x000000006cef2000 	C:\Program Files\Java\jdk1.8.0_92\jre\bin\msvcr100.dll
0x0000000059fc0000 - 0x000000005a856000 	C:\Program Files\Java\jdk1.8.0_92\jre\bin\server\jvm.dll
0x000007fef35a0000 - 0x000007fef35a9000 	C:\Windows\system32\WSOCK32.dll
0x000007fefdcf0000 - 0x000007fefdd3d000 	C:\Windows\system32\WS2_32.dll
0x000007fefe0d0000 - 0x000007fefe0d8000 	C:\Windows\system32\NSI.dll
0x000007fefa270000 - 0x000007fefa2ab000 	C:\Windows\system32\WINMM.dll
0x000007fefc2d0000 - 0x000007fefc2dc000 	C:\Windows\system32\VERSION.dll
0x0000000076f20000 - 0x0000000076f27000 	C:\Windows\system32\PSAPI.DLL
0x0000000070350000 - 0x000000007035f000 	C:\Program Files\Java\jdk1.8.0_92\jre\bin\verify.dll
0x000000006f6c0000 - 0x000000006f6e9000 	C:\Program Files\Java\jdk1.8.0_92\jre\bin\java.dll
0x0000000070050000 - 0x0000000070066000 	C:\Program Files\Java\jdk1.8.0_92\jre\bin\zip.dll
0x000007fefe160000 - 0x000007fefeee7000 	C:\Windows\system32\SHELL32.dll
0x000007fefd690000 - 0x000007fefd892000 	C:\Windows\system32\ole32.dll
0x000007fefd1d0000 - 0x000007fefd1df000 	C:\Windows\system32\profapi.dll
0x0000000065e20000 - 0x0000000065fb8000 	C:\Program Files\Java\jdk1.8.0_92\jre\bin\awt.dll
0x000007fefdac0000 - 0x000007fefdb97000 	C:\Windows\system32\OLEAUT32.dll
0x000007fefb0d0000 - 0x000007fefb0e8000 	C:\Windows\system32\DWMAPI.DLL
0x000007fefb8c0000 - 0x000007fefb916000 	C:\Windows\system32\uxtheme.dll
0x000007fefd0c0000 - 0x000007fefd0cf000 	C:\Windows\system32\CRYPTBASE.dll
0x000007feea4a0000 - 0x000007feea69f000 	C:\Windows\system32\d3d9.dll
0x000007fef8630000 - 0x000007fef8637000 	C:\Windows\system32\d3d8thk.dll
0x000007fee9370000 - 0x000007feea1e4000 	C:\Windows\system32\nvd3dumx.dll
0x000007fefbb30000 - 0x000007fefbb5c000 	C:\Windows\system32\powrprof.dll
0x000007fefdef0000 - 0x000007fefe0c7000 	C:\Windows\system32\SETUPAPI.dll
0x000007fefd560000 - 0x000007fefd596000 	C:\Windows\system32\CFGMGR32.dll
0x000007fefd3d0000 - 0x000007fefd3ea000 	C:\Windows\system32\DEVOBJ.dll
0x000007fee9210000 - 0x000007fee9368000 	C:\Program Files (x86)\NVIDIA Corporation\3D Vision\nvSCPAPI64.dll
0x000000006f670000 - 0x000000006f6b7000 	C:\Program Files\Java\jdk1.8.0_92\jre\bin\fontmanager.dll
0x000007fee8360000 - 0x000007fee83ce000 	C:\vtkBin\bin\vtkCommonJava.dll
0x000007fee6ff0000 - 0x000007fee7238000 	C:\vtkBin\bin\vtkCommon.dll
0x000007fee8c00000 - 0x000007fee8c43000 	C:\vtkBin\bin\vtksys.dll
0x000000006a2e0000 - 0x000000006a378000 	C:\Windows\system32\MSVCP100.dll
0x000007fee7c30000 - 0x000007fee7cd0000 	C:\vtkBin\bin\vtkFilteringJava.dll
0x000007fee7930000 - 0x000007fee7c2c000 	C:\vtkBin\bin\vtkFiltering.dll
0x000007fee83e0000 - 0x000007fee8436000 	C:\vtkBin\bin\vtkIOJava.dll
0x000007fee6bc0000 - 0x000007fee6fe4000 	C:\vtkBin\bin\vtkIO.dll
0x000007fef27b0000 - 0x000007fef27d2000 	C:\vtkBin\bin\vtkDICOMParser.dll
0x000007fee7860000 - 0x000007fee7926000 	C:\vtkBin\bin\vtkNetCDF.dll
0x000007fee69b0000 - 0x000007fee6bbd000 	C:\vtkBin\bin\vtkhdf5.dll
0x000007fef3410000 - 0x000007fef3424000 	C:\vtkBin\bin\vtkzlib.dll
0x000007fee8760000 - 0x000007fee878d000 	C:\vtkBin\bin\vtkhdf5_hl.dll
0x000007feeef70000 - 0x000007feeef90000 	C:\vtkBin\bin\vtkNetCDF_cxx.dll
0x000007feeef50000 - 0x000007feeef68000 	C:\vtkBin\bin\LSDyna.dll
0x000007fee6920000 - 0x000007fee69af000 	C:\vtkBin\bin\vtkmetaio.dll
0x000007fee8330000 - 0x000007fee8354000 	C:\vtkBin\bin\vtkpng.dll
0x000007fee8090000 - 0x000007fee80b7000 	C:\vtkBin\bin\vtkjpeg.dll
0x000007fee68c0000 - 0x000007fee6911000 	C:\vtkBin\bin\vtktiff.dll
0x000007fee8060000 - 0x000007fee8083000 	C:\vtkBin\bin\vtkexpat.dll
0x000007fee8740000 - 0x000007fee875f000 	C:\Windows\system32\AVIFIL32.dll
0x000007fee7840000 - 0x000007fee7858000 	C:\Windows\system32\MSACM32.dll
0x000007fee6890000 - 0x000007fee68b9000 	C:\Windows\system32\MSVFW32.dll
0x000007fee6840000 - 0x000007fee6887000 	C:\vtkBin\bin\vtkImagingJava.dll
0x000007fee65b0000 - 0x000007fee6839000 	C:\vtkBin\bin\vtkImaging.dll
0x000007fee6510000 - 0x000007fee65a7000 	C:\vtkBin\bin\vtkGraphicsJava.dll
0x000007fee6010000 - 0x000007fee6502000 	C:\vtkBin\bin\vtkGraphics.dll
0x000007fee5fe0000 - 0x000007fee6010000 	C:\vtkBin\bin\vtkverdict.dll
0x000007fee5f50000 - 0x000007fee5fd9000 	C:\vtkBin\bin\vtkRenderingJava.dll
0x000007fee5bb0000 - 0x000007fee5f4b000 	C:\vtkBin\bin\vtkRendering.dll
0x000007fef3470000 - 0x000007fef347f000 	C:\vtkBin\bin\vtkftgl.dll
0x000007fef8000000 - 0x000007fef811d000 	C:\Windows\system32\OPENGL32.dll
0x000007fef7fd0000 - 0x000007fef7ffd000 	C:\Windows\system32\GLU32.dll
0x000007fef7ed0000 - 0x000007fef7fc1000 	C:\Windows\system32\DDRAW.dll
0x000007fef7ec0000 - 0x000007fef7ec8000 	C:\Windows\system32\DCIMAN32.dll
0x000007fee5b30000 - 0x000007fee5ba5000 	C:\vtkBin\bin\vtkfreetype.dll
0x0000000070320000 - 0x0000000070327000 	C:\vtkBin\bin\jawt.dll
0x000007fee87b0000 - 0x000007fee8801000 	C:\vtkBin\bin\vtkHybridJava.dll
0x000007fee5730000 - 0x000007fee5923000 	C:\vtkBin\bin\vtkHybrid.dll
0x000007fee81f0000 - 0x000007fee8231000 	C:\vtkBin\bin\vtkexoIIc.dll
0x000007fef3430000 - 0x000007fef3447000 	C:\Windows\system32\AVICAP32.dll
0x000007fee81c0000 - 0x000007fee81e5000 	C:\vtkBin\bin\vtkVolumeRenderingJava.dll
0x000007fee5300000 - 0x000007fee5721000 	C:\vtkBin\bin\vtkVolumeRendering.dll
0x000007fee8160000 - 0x000007fee81bc000 	C:\vtkBin\bin\vtkWidgetsJava.dll
0x000007fee51a0000 - 0x000007fee52fe000 	C:\vtkBin\bin\vtkWidgets.dll
0x000000006cf00000 - 0x000000006e9b8000 	C:\Windows\system32\nvoglv64.DLL
0x000007fefd2f0000 - 0x000007fefd329000 	C:\Windows\system32\WINTRUST.dll
0x000007fefd3f0000 - 0x000007fefd55a000 	C:\Windows\system32\CRYPT32.dll
0x000007fefd270000 - 0x000007fefd27f000 	C:\Windows\system32\MSASN1.dll
0x000007fefa990000 - 0x000007fefa9bd000 	C:\Windows\system32\ntmarta.dll
0x000007fefd5a0000 - 0x000007fefd5f0000 	C:\Windows\system32\WLDAP32.dll
0x000007fef32d0000 - 0x000007fef33f5000 	C:\Windows\system32\dbghelp.dll

VM Arguments:
jvm_args: -Dfile.encoding=UTF-8 
java_command: volume_02.Volume_02
java_class_path (initial): C:\vtkBin\bin\vtk.jar;C:\Users\IMG_1\Desktop\project_vtk\volume_02\build\classes
Launcher Type: SUN_STANDARD

Environment Variables:
CLASSPATH=C:\Users\IMG_1\Downloads\JavaCV\opencv\build\x86\vc10\lib;
PATH=C:\ProgramData\Oracle\Java\javapath;C:\Program Files\NVIDIA GPU Computing Toolkit\CUDA\v5.5\bin;C:\Program Files\NVIDIA GPU Computing Toolkit\CUDA\v5.5\libnvvp;C:\Program Files\Common Files\Microsoft Shared\Windows Live;C:\Program Files (x86)\Common Files\Microsoft Shared\Windows Live;C:\Program Files (x86)\NVIDIA Corporation\PhysX\Common;C:\Windows\system32;C:\Windows;C:\Windows\System32\Wbem;C:\Windows\System32\WindowsPowerShell\v1.0\;C:\Program Files (x86)\Microsoft SQL Server\90\Tools\binn\;C:\Program Files (x86)\Windows Live\Shared;C:\ProgramData\NVIDIA Corporation\NVIDIA GPU Computing SDK 4.2\C\common\bin;C:\Program Files\Microsoft\Web Platform Installer\;C:\Program Files (x86)\Microsoft ASP.NET\ASP.NET Web Pages\v1.0\;C:\Program Files\Microsoft SQL Server\110\Tools\Binn\;C:\Program Files (x86)\CMake\bin;C:\Program Files\MATLAB\R2013a\bin;C:\Program Files\Git\cmd;D:\laragon\bin\php\php-5.6.13;C:\ProgramData\ComposerSetup\bin;C:\lib\opencv\x64;C:\Program Files\ImageJ\plugins;C:\Program Files\ImageJ;C:\vtkBin\bin;C:\simpleitk;C:\Users\IMG_1\Downloads\JavaCV\opencv\build\common\tbb\ia32\vc10; C:\Users\IMG_1\Downloads\JavaCV\opencv\build\x86\vc10;C:\Users\IMG_1\Downloads\JavaCV\opencv\build\x64\vc10;C:\MinGW\bin;C:\MinGW\msys\1.0\bin;C:\Users\IMG_1\Desktop\vtk_bin07\bin\Debug;C:\Users\IMG_1\Desktop\vtk_12\bin\Release
USERNAME=IMG_1
OS=Windows_NT
PROCESSOR_IDENTIFIER=Intel64 Family 6 Model 42 Stepping 7, GenuineIntel



---------------  S Y S T E M  ---------------

OS: Windows 7 , 64 bit Build 7600 (6.1.7600.17206)

CPU:total 8 (4 cores per cpu, 2 threads per core) family 6 model 42 stepping 7, cmov, cx8, fxsr, mmx, sse, sse2, sse3, ssse3, sse4.1, sse4.2, popcnt, aes, clmul, ht, tsc, tscinvbit

Memory: 4k page, physical 8370488k(5622220k free), swap 16739068k(11899960k free)

vm_info: Java HotSpot(TM) 64-Bit Server VM (25.92-b14) for windows-amd64 JRE (1.8.0_92-b14), built on Mar 31 2016 21:03:04 by "java_re" with MS VC++ 10.0 (VS2010)

time: Thu Jun 23 13:54:37 2016
elapsed time: 3 seconds (0d 0h 0m 3s)

