#
# A fatal error has been detected by the Java Runtime Environment:
#
#  EXCEPTION_UNCAUGHT_CXX_EXCEPTION (0xe06d7363) at pc=0x000007fefd88ac3d, pid=6128, tid=0x000000000000173c
#
# JRE version: Java(TM) SE Runtime Environment (8.0_92-b14) (build 1.8.0_92-b14)
# Java VM: Java HotSpot(TM) 64-Bit Server VM (25.92-b14 mixed mode windows-amd64 compressed oops)
# Problematic frame:
# C  [KERNELBASE.dll+0xac3d]
#
# Failed to write core dump. Minidumps are not enabled by default on client versions of Windows
#
# If you would like to submit a bug report, please visit:
#   http://bugreport.java.com/bugreport/crash.jsp
# The crash happened outside the Java Virtual Machine in native code.
# See problematic frame for where to report the bug.
#

---------------  T H R E A D  ---------------

Current thread (0x00000000022ee800):  JavaThread "main" [_thread_in_native, id=5948, stack(0x0000000002640000,0x0000000002740000)]

siginfo: ExceptionCode=0xe06d7363, ExceptionInformation=0x0000000019930520 0x000000000273ec18 0x000007feee851ad8 0x000007feee6a0000 

Registers:
RAX=0x00000000742ef8da, RBX=0x000000000273ec18, RCX=0x000000000273e4a0, RDX=0x00000000000000d0
RSP=0x000000000273eab0, RBP=0x000000000273ebe0, RSI=0x000000004a8007fc, RDI=0x000007feee851ad8
R8 =0x0000000000000000, R9 =0x0000000000000000, R10=0x000007feee6a0000, R11=0x000000000273eaf0
R12=0x0000000000000001, R13=0x0000000000000000, R14=0x0000000058ec9c90, R15=0x0000000000000000
RIP=0x000007fefd88ac3d, EFLAGS=0x0000000000000202

Top of Stack: (sp=0x000000000273eab0)
0x000000000273eab0:   000000000273ec18 000000004a8007fc
0x000000000273eac0:   000007feee851ad8 0000000000000001
0x000000000273ead0:   00000001e06d7363 0000000000000000
0x000000000273eae0:   000007fefd88ac3d 000007fe00000004
0x000000000273eaf0:   0000000019930520 000000000273ec18
0x000000000273eb00:   000007feee851ad8 000007feee6a0000
0x000000000273eb10:   000000000273edb0 000000000273eb98
0x000000000273eb20:   0000000058defee8 0000000000000001
0x000000000273eb30:   00000000004dc570 000007feee73f8d3
0x000000000273eb40:   0000000058fde930 000000006f4c8d94
0x000000000273eb50:   0000000058ec9c90 0000000000000000
0x000000000273eb60:   0000000000000001 000007feee851ad8
0x000000000273eb70:   000000004a8007fc 000000006f4c14f1
0x000000000273eb80:   000000000273ec18 000000000273ebf0
0x000000000273eb90:   0000000000000001 000007feee6a00e8
0x000000000273eba0:   00000001e06d7363 0000000000000000 

Instructions: (pc=0x000007fefd88ac3d)
0x000007fefd88ac1d:   54 24 24 48 89 4c 24 28 4d 85 c9 0f 85 28 02 00
0x000007fefd88ac2d:   00 89 4c 24 38 48 8d 4c 24 20 ff 15 63 06 04 00
0x000007fefd88ac3d:   48 81 c4 c8 00 00 00 c3 90 90 90 90 90 90 90 90
0x000007fefd88ac4d:   90 90 90 48 83 ec 48 83 f9 08 0f 8d 64 c8 01 00 


Register to memory mapping:

RAX=0x00000000742ef8da is an unknown value
RBX=0x000000000273ec18 is pointing into the stack for thread: 0x00000000022ee800
RCX=0x000000000273e4a0 is pointing into the stack for thread: 0x00000000022ee800
RDX=0x00000000000000d0 is an unknown value
RSP=0x000000000273eab0 is pointing into the stack for thread: 0x00000000022ee800
RBP=0x000000000273ebe0 is pointing into the stack for thread: 0x00000000022ee800
RSI=0x000000004a8007fc is an unknown value
RDI=0x000007feee851ad8 is an unknown value
R8 =0x0000000000000000 is an unknown value
R9 =0x0000000000000000 is an unknown value
R10=0x000007feee6a0000 is an unknown value
R11=0x000000000273eaf0 is pointing into the stack for thread: 0x00000000022ee800
R12=0x0000000000000001 is an unknown value
R13=0x0000000000000000 is an unknown value
R14=0x0000000058ec9c90 is an unknown value
R15=0x0000000000000000 is an unknown value


Stack: [0x0000000002640000,0x0000000002740000],  sp=0x000000000273eab0,  free space=1018k
Native frames: (J=compiled Java code, j=interpreted, Vv=VM code, C=native code)
C  [KERNELBASE.dll+0xac3d]
C  [msvcr100.dll+0x614f1]
C  [vtkCommon.dll+0x11f6cd]
C  [vtkCommon.dll+0x11fd47]
C  [vtkFiltering.dll+0x396d]
C  [vtkGraphics.dll+0x2371a9]
C  [vtkGraphics.dll+0x23ac36]
C  [vtkFiltering.dll+0x19691a]
C  [vtkFiltering.dll+0x68e6c]
C  [vtkFiltering.dll+0x5dc7e]
C  [vtkFiltering.dll+0x5fcca]
C  [vtkFiltering.dll+0x18f438]
C  [vtkFiltering.dll+0x5d962]
C  [vtkFiltering.dll+0x19318e]
C  0x0000000002a27974

Java frames: (J=compiled Java code, j=interpreted, Vv=VM code)
j  vtk.vtkAlgorithm.Update_52()V+0
j  vtk.vtkAlgorithm.Update()V+1
j  volume_02.test_img00.<init>()V+62
j  volume_02.Main.<init>()V+13
j  volume_02.Volume_02.main([Ljava/lang/String;)V+4
v  ~StubRoutines::call_stub

---------------  P R O C E S S  ---------------

Java Threads: ( => current thread )
  0x000000005ae96800 JavaThread "AWT-EventQueue-0" [_thread_blocked, id=5884, stack(0x000000005d470000,0x000000005d570000)]
  0x000000005ae25800 JavaThread "AWT-Windows" daemon [_thread_in_native, id=3748, stack(0x000000005ab60000,0x000000005ac60000)]
  0x000000005ae21800 JavaThread "AWT-Shutdown" [_thread_blocked, id=1952, stack(0x000000005b5b0000,0x000000005b6b0000)]
  0x000000005ae21000 JavaThread "Java2D Disposer" daemon [_thread_blocked, id=1776, stack(0x000000005a170000,0x000000005a270000)]
  0x0000000058e79800 JavaThread "Service Thread" daemon [_thread_blocked, id=3620, stack(0x000000005aa00000,0x000000005ab00000)]
  0x0000000058ded800 JavaThread "C1 CompilerThread3" daemon [_thread_blocked, id=5768, stack(0x000000005a810000,0x000000005a910000)]
  0x0000000058de9000 JavaThread "C2 CompilerThread2" daemon [_thread_blocked, id=280, stack(0x000000005a6b0000,0x000000005a7b0000)]
  0x0000000058de4000 JavaThread "C2 CompilerThread1" daemon [_thread_blocked, id=668, stack(0x000000005a4c0000,0x000000005a5c0000)]
  0x0000000058ddc800 JavaThread "C2 CompilerThread0" daemon [_thread_blocked, id=5956, stack(0x000000005a3c0000,0x000000005a4c0000)]
  0x0000000058dda000 JavaThread "Attach Listener" daemon [_thread_blocked, id=5724, stack(0x000000005a2a0000,0x000000005a3a0000)]
  0x0000000058dd9000 JavaThread "Signal Dispatcher" daemon [_thread_blocked, id=1252, stack(0x0000000059d50000,0x0000000059e50000)]
  0x0000000057c11000 JavaThread "Finalizer" daemon [_thread_blocked, id=4884, stack(0x000000005a050000,0x000000005a150000)]
  0x0000000057c0a800 JavaThread "Reference Handler" daemon [_thread_blocked, id=4512, stack(0x0000000012ac0000,0x0000000012bc0000)]
=>0x00000000022ee800 JavaThread "main" [_thread_in_native, id=5948, stack(0x0000000002640000,0x0000000002740000)]

Other Threads:
  0x0000000058d82800 VMThread [stack: 0x0000000059e50000,0x0000000059f50000] [id=5556]
  0x0000000058e43800 WatcherThread [stack: 0x000000005ac80000,0x000000005ad80000] [id=3448]

VM state:not at safepoint (normal execution)

VM Mutex/Monitor currently owned by a thread: None

Heap:
 PSYoungGen      total 38400K, used 5992K [0x00000000d5700000, 0x00000000d8180000, 0x0000000100000000)
  eden space 33280K, 18% used [0x00000000d5700000,0x00000000d5cda008,0x00000000d7780000)
  from space 5120K, 0% used [0x00000000d7c80000,0x00000000d7c80000,0x00000000d8180000)
  to   space 5120K, 0% used [0x00000000d7780000,0x00000000d7780000,0x00000000d7c80000)
 ParOldGen       total 87552K, used 0K [0x0000000080400000, 0x0000000085980000, 0x00000000d5700000)
  object space 87552K, 0% used [0x0000000080400000,0x0000000080400000,0x0000000085980000)
 Metaspace       used 8456K, capacity 8592K, committed 8832K, reserved 1056768K
  class space    used 1019K, capacity 1092K, committed 1152K, reserved 1048576K

Card table byte_map: [0x0000000011dd0000,0x00000000121d0000] byte_map_base: 0x00000000119ce000

Marking Bits: (ParMarkBitMap*) 0x000000005f0964f0
 Begin Bits: [0x0000000012e40000, 0x0000000014e30000)
 End Bits:   [0x0000000014e30000, 0x0000000016e20000)

Polling page: 0x0000000000130000

CodeCache: size=245760Kb used=1748Kb max_used=1759Kb free=244011Kb
 bounds [0x0000000002a10000, 0x0000000002c80000, 0x0000000011a10000]
 total_blobs=737 nmethods=335 adapters=316
 compilation: enabled

Compilation events (10 events):
Event: 0.298 Thread 0x0000000058ded800 nmethod 331 0x0000000002bc1110 code [0x0000000002bc1260, 0x0000000002bc1370]
Event: 0.298 Thread 0x0000000058ded800  332       3       java.nio.Buffer::checkIndex (22 bytes)
Event: 0.298 Thread 0x0000000058ded800 nmethod 332 0x0000000002bc3ed0 code [0x0000000002bc4040, 0x0000000002bc4288]
Event: 0.298 Thread 0x0000000058ded800  333       3       java.nio.DirectLongBufferU::ix (10 bytes)
Event: 0.298 Thread 0x0000000058ded800 nmethod 333 0x0000000002bc0dd0 code [0x0000000002bc0f20, 0x0000000002bc1090]
Event: 0.298 Thread 0x0000000058ded800  334       3       java.util.Vector::elementData (7 bytes)
Event: 0.298 Thread 0x0000000058ded800 nmethod 334 0x0000000002bc4350 code [0x0000000002bc44a0, 0x0000000002bc4610]
Event: 0.300 Thread 0x0000000058ddc800 nmethod 329 0x0000000002bc77d0 code [0x0000000002bc7920, 0x0000000002bc7d98]
Event: 0.653 Thread 0x0000000058ded800  335       1       java.util.zip.ZipFile::access$000 (5 bytes)
Event: 0.654 Thread 0x0000000058ded800 nmethod 335 0x0000000002bc7510 code [0x0000000002bc7660, 0x0000000002bc7750]

GC Heap History (0 events):
No events

Deoptimization events (0 events):
No events

Internal exceptions (10 events):
Event: 0.023 Thread 0x00000000022ee800 Exception <a 'java/lang/NoSuchMethodError': Method sun.misc.Unsafe.defineClass(Ljava/lang/String;[BII)Ljava/lang/Class; name or signature does not match> (0x00000000d5707cc0) thrown at [D:\re\workspace\8-2-build-windows-amd64-cygwin\jdk8u92\6642\hotspot\sr	|
Event: 0.023 Thread 0x00000000022ee800 Exception <a 'java/lang/NoSuchMethodError': Method sun.misc.Unsafe.prefetchRead(Ljava/lang/Object;J)V name or signature does not match> (0x00000000d5707fa8) thrown at [D:\re\workspace\8-2-build-windows-amd64-cygwin\jdk8u92\6642\hotspot\src\share\vm\prims\j“‰ä:*¶?
Event: 0.087 Thread 0x00000000022ee800 Exception <a 'java/security/PrivilegedActionException'> (0x00000000d57a3ec0) thrown at [D:\re\workspace\8-2-build-windows-amd64-cygwin\jdk8u92\6642\hotspot\src\share\vm\prims\jvm.cpp, line 1386]
Event: 0.087 Thread 0x00000000022ee800 Exception <a 'java/security/PrivilegedActionException'> (0x00000000d57a40d0) thrown at [D:\re\workspace\8-2-build-windows-amd64-cygwin\jdk8u92\6642\hotspot\src\share\vm\prims\jvm.cpp, line 1386]
Event: 0.087 Thread 0x00000000022ee800 Exception <a 'java/security/PrivilegedActionException'> (0x00000000d584e5d8) thrown at [D:\re\workspace\8-2-build-windows-amd64-cygwin\jdk8u92\6642\hotspot\src\share\vm\prims\jvm.cpp, line 1386]
Event: 0.087 Thread 0x00000000022ee800 Exception <a 'java/security/PrivilegedActionException'> (0x00000000d584e7e8) thrown at [D:\re\workspace\8-2-build-windows-amd64-cygwin\jdk8u92\6642\hotspot\src\share\vm\prims\jvm.cpp, line 1386]
Event: 0.089 Thread 0x00000000022ee800 Exception <a 'java/io/FileNotFoundException'> (0x00000000d5850c10) thrown at [D:\re\workspace\8-2-build-windows-amd64-cygwin\jdk8u92\6642\hotspot\src\share\vm\prims\jni.cpp, line 709]
Event: 0.119 Thread 0x00000000022ee800 Exception <a 'java/lang/NoSuchFieldError': method resolution failed> (0x00000000d591e5d8) thrown at [D:\re\workspace\8-2-build-windows-amd64-cygwin\jdk8u92\6642\hotspot\src\share\vm\prims\methodHandles.cpp, line 1146]
Event: 0.120 Thread 0x00000000022ee800 Exception <a 'java/lang/NoSuchFieldError': method resolution failed> (0x00000000d592b928) thrown at [D:\re\workspace\8-2-build-windows-amd64-cygwin\jdk8u92\6642\hotspot\src\share\vm\prims\methodHandles.cpp, line 1146]
Event: 0.150 Thread 0x00000000022ee800 Exception <a 'java/io/FileNotFoundException'> (0x00000000d59bfe48) thrown at [D:\re\workspace\8-2-build-windows-amd64-cygwin\jdk8u92\6642\hotspot\src\share\vm\prims\jni.cpp, line 709]

Events (10 events):
Event: 0.298 loading class vtk/vtkJavaGarbageCollector$2
Event: 0.298 loading class vtk/vtkJavaGarbageCollector$2 done
Event: 0.653 loading class vtk/vtkMarchingCubes
Event: 0.653 loading class vtk/vtkMarchingCubes done
Event: 0.654 loading class vtk/vtkPolyDataAlgorithm
Event: 0.654 loading class vtk/vtkPolyDataAlgorithm done
Event: 0.654 loading class vtk/vtkAlgorithmOutput
Event: 0.654 loading class vtk/vtkAlgorithmOutput done
Event: 4.208 Executing VM operation: EnableBiasedLocking
Event: 4.208 Executing VM operation: EnableBiasedLocking done


Dynamic libraries:
0x000000013f1a0000 - 0x000000013f1d7000 	C:\Program Files\Java\jdk1.8.0_92\bin\java.exe
0x0000000077360000 - 0x000000007750c000 	C:\Windows\SYSTEM32\ntdll.dll
0x0000000076f30000 - 0x000000007704f000 	C:\Windows\system32\kernel32.dll
0x000007fefd880000 - 0x000007fefd8ec000 	C:\Windows\system32\KERNELBASE.dll
0x000007fefeca0000 - 0x000007fefed7b000 	C:\Windows\system32\ADVAPI32.dll
0x000007fefef10000 - 0x000007fefefaf000 	C:\Windows\system32\msvcrt.dll
0x000007fefec80000 - 0x000007fefec9f000 	C:\Windows\SYSTEM32\sechost.dll
0x000007feff2b0000 - 0x000007feff3de000 	C:\Windows\system32\RPCRT4.dll
0x0000000077260000 - 0x000000007735a000 	C:\Windows\system32\USER32.dll
0x000007fefdd80000 - 0x000007fefdde7000 	C:\Windows\system32\GDI32.dll
0x000007feff4b0000 - 0x000007feff4be000 	C:\Windows\system32\LPK.dll
0x000007feff3e0000 - 0x000007feff4aa000 	C:\Windows\system32\USP10.dll
0x000007fefc240000 - 0x000007fefc434000 	C:\Windows\WinSxS\amd64_microsoft.windows.common-controls_6595b64144ccf1df_6.0.7600.16661_none_fa62ad231704eab7\COMCTL32.dll
0x000007fefec00000 - 0x000007fefec71000 	C:\Windows\system32\SHLWAPI.dll
0x000007feff640000 - 0x000007feff66e000 	C:\Windows\system32\IMM32.DLL
0x000007fefee00000 - 0x000007fefef09000 	C:\Windows\system32\MSCTF.dll
0x000000006f460000 - 0x000000006f532000 	C:\Program Files\Java\jdk1.8.0_92\jre\bin\msvcr100.dll
0x000000005e880000 - 0x000000005f116000 	C:\Program Files\Java\jdk1.8.0_92\jre\bin\server\jvm.dll
0x000007fef8af0000 - 0x000007fef8af9000 	C:\Windows\system32\WSOCK32.dll
0x000007fefed90000 - 0x000007fefeddd000 	C:\Windows\system32\WS2_32.dll
0x000007fefed80000 - 0x000007fefed88000 	C:\Windows\system32\NSI.dll
0x000007fefa7f0000 - 0x000007fefa82b000 	C:\Windows\system32\WINMM.dll
0x000007fefc8d0000 - 0x000007fefc8dc000 	C:\Windows\system32\VERSION.dll
0x0000000077530000 - 0x0000000077537000 	C:\Windows\system32\PSAPI.DLL
0x0000000071d00000 - 0x0000000071d0f000 	C:\Program Files\Java\jdk1.8.0_92\jre\bin\verify.dll
0x000000006f890000 - 0x000000006f8b9000 	C:\Program Files\Java\jdk1.8.0_92\jre\bin\java.dll
0x000000006f900000 - 0x000000006f916000 	C:\Program Files\Java\jdk1.8.0_92\jre\bin\zip.dll
0x000007fefddf0000 - 0x000007fefeb77000 	C:\Windows\system32\SHELL32.dll
0x000007feff0a0000 - 0x000007feff2a2000 	C:\Windows\system32\ole32.dll
0x000007fefd7d0000 - 0x000007fefd7df000 	C:\Windows\system32\profapi.dll
0x0000000065f00000 - 0x0000000066098000 	C:\Program Files\Java\jdk1.8.0_92\jre\bin\awt.dll
0x000007feff4c0000 - 0x000007feff597000 	C:\Windows\system32\OLEAUT32.dll
0x000007fefb2b0000 - 0x000007fefb2c8000 	C:\Windows\system32\DWMAPI.DLL
0x000007fefc060000 - 0x000007fefc0b6000 	C:\Windows\system32\uxtheme.dll
0x000007fefd700000 - 0x000007fefd70f000 	C:\Windows\system32\CRYPTBASE.dll
0x000007feefd40000 - 0x000007feeff3f000 	C:\Windows\system32\d3d9.dll
0x000007fef86e0000 - 0x000007fef86e7000 	C:\Windows\system32\d3d8thk.dll
0x000007feeeec0000 - 0x000007feefd34000 	C:\Windows\system32\nvd3dumx.dll
0x000007fefbf80000 - 0x000007fefbfac000 	C:\Windows\system32\powrprof.dll
0x000007fefdba0000 - 0x000007fefdd77000 	C:\Windows\system32\SETUPAPI.dll
0x000007fefdb40000 - 0x000007fefdb76000 	C:\Windows\system32\CFGMGR32.dll
0x000007fefdb80000 - 0x000007fefdb9a000 	C:\Windows\system32\DEVOBJ.dll
0x000007feeed60000 - 0x000007feeeeb8000 	C:\Program Files (x86)\NVIDIA Corporation\3D Vision\nvSCPAPI64.dll
0x000000006f5d0000 - 0x000000006f617000 	C:\Program Files\Java\jdk1.8.0_92\jre\bin\fontmanager.dll
0x000007fef11e0000 - 0x000007fef124e000 	C:\vtkBin\bin\vtkCommonJava.dll
0x000007feee6a0000 - 0x000007feee8e8000 	C:\vtkBin\bin\vtkCommon.dll
0x000007fef36d0000 - 0x000007fef3713000 	C:\vtkBin\bin\vtksys.dll
0x0000000067100000 - 0x0000000067198000 	C:\Windows\system32\MSVCP100.dll
0x000007fef0c20000 - 0x000007fef0cc0000 	C:\vtkBin\bin\vtkFilteringJava.dll
0x000007feedbb0000 - 0x000007feedeac000 	C:\vtkBin\bin\vtkFiltering.dll
0x000007fef0bc0000 - 0x000007fef0c16000 	C:\vtkBin\bin\vtkIOJava.dll
0x000007fee6660000 - 0x000007fee6a84000 	C:\vtkBin\bin\vtkIO.dll
0x000007fef2630000 - 0x000007fef2652000 	C:\vtkBin\bin\vtkDICOMParser.dll
0x000007fef0af0000 - 0x000007fef0bb6000 	C:\vtkBin\bin\vtkNetCDF.dll
0x000007feedfa0000 - 0x000007feee1ad000 	C:\vtkBin\bin\vtkhdf5.dll
0x000007fef3810000 - 0x000007fef3824000 	C:\vtkBin\bin\vtkzlib.dll
0x000007fef24d0000 - 0x000007fef24fd000 	C:\vtkBin\bin\vtkhdf5_hl.dll
0x000007fef3de0000 - 0x000007fef3e00000 	C:\vtkBin\bin\vtkNetCDF_cxx.dll
0x000007fef36b0000 - 0x000007fef36c8000 	C:\vtkBin\bin\LSDyna.dll
0x000007fef0a60000 - 0x000007fef0aef000 	C:\vtkBin\bin\vtkmetaio.dll
0x000007fef1eb0000 - 0x000007fef1ed4000 	C:\vtkBin\bin\vtkpng.dll
0x000007fef0a30000 - 0x000007fef0a57000 	C:\vtkBin\bin\vtkjpeg.dll
0x000007fef09d0000 - 0x000007fef0a21000 	C:\vtkBin\bin\vtktiff.dll
0x000007feeec80000 - 0x000007feeeca3000 	C:\vtkBin\bin\vtkexpat.dll
0x000007fef37b0000 - 0x000007fef37cf000 	C:\Windows\system32\AVIFIL32.dll
0x000007fef38e0000 - 0x000007fef38f8000 	C:\Windows\system32\MSACM32.dll
0x000007feeece0000 - 0x000007feeed09000 	C:\Windows\system32\MSVFW32.dll
0x000007feeec30000 - 0x000007feeec77000 	C:\vtkBin\bin\vtkImagingJava.dll
0x000007feed920000 - 0x000007feedba9000 	C:\vtkBin\bin\vtkImaging.dll
0x000007feeeac0000 - 0x000007feeeb57000 	C:\vtkBin\bin\vtkGraphicsJava.dll
0x000007fee6160000 - 0x000007fee6652000 	C:\vtkBin\bin\vtkGraphics.dll
0x000007feeec00000 - 0x000007feeec30000 	C:\vtkBin\bin\vtkverdict.dll
0x000007feedf10000 - 0x000007feedf99000 	C:\vtkBin\bin\vtkRenderingJava.dll
0x000007fee5dc0000 - 0x000007fee615b000 	C:\vtkBin\bin\vtkRendering.dll
0x000007fef3bf0000 - 0x000007fef3bff000 	C:\vtkBin\bin\vtkftgl.dll
0x000007fef6d00000 - 0x000007fef6e1d000 	C:\Windows\system32\OPENGL32.dll
0x000007fef82a0000 - 0x000007fef82cd000 	C:\Windows\system32\GLU32.dll
0x000007fef6c00000 - 0x000007fef6cf1000 	C:\Windows\system32\DDRAW.dll
0x000007fef9e80000 - 0x000007fef9e88000 	C:\Windows\system32\DCIMAN32.dll
0x000007feee620000 - 0x000007feee695000 	C:\vtkBin\bin\vtkfreetype.dll
0x00000000738d0000 - 0x00000000738d7000 	C:\vtkBin\bin\jawt.dll
0x000007fef4400000 - 0x000007fef4525000 	C:\Windows\system32\dbghelp.dll

VM Arguments:
jvm_args: -Dfile.encoding=UTF-8 
java_command: volume_02.Volume_02
java_class_path (initial): C:\vtkBin\bin\vtk.jar;C:\Users\IMG_1\Desktop\project_vtk\volume_02\build\classes
Launcher Type: SUN_STANDARD

Environment Variables:
CLASSPATH=C:\Users\IMG_1\Downloads\JavaCV\opencv\build\x86\vc10\lib;
PATH=C:\ProgramData\Oracle\Java\javapath;C:\Program Files\NVIDIA GPU Computing Toolkit\CUDA\v5.5\bin;C:\Program Files\NVIDIA GPU Computing Toolkit\CUDA\v5.5\libnvvp;C:\Program Files\Common Files\Microsoft Shared\Windows Live;C:\Program Files (x86)\Common Files\Microsoft Shared\Windows Live;C:\Program Files (x86)\NVIDIA Corporation\PhysX\Common;C:\Windows\system32;C:\Windows;C:\Windows\System32\Wbem;C:\Windows\System32\WindowsPowerShell\v1.0\;C:\Program Files (x86)\Microsoft SQL Server\90\Tools\binn\;C:\Program Files (x86)\Windows Live\Shared;C:\ProgramData\NVIDIA Corporation\NVIDIA GPU Computing SDK 4.2\C\common\bin;C:\Program Files\Microsoft\Web Platform Installer\;C:\Program Files (x86)\Microsoft ASP.NET\ASP.NET Web Pages\v1.0\;C:\Program Files\Microsoft SQL Server\110\Tools\Binn\;C:\Program Files (x86)\CMake\bin;C:\Program Files\MATLAB\R2013a\bin;C:\Program Files\Git\cmd;D:\laragon\bin\php\php-5.6.13;C:\ProgramData\ComposerSetup\bin;C:\lib\opencv\x64;C:\Program Files\ImageJ\plugins;C:\Program Files\ImageJ;C:\vtkBin\bin;C:\simpleitk;C:\Users\IMG_1\Downloads\JavaCV\opencv\build\common\tbb\ia32\vc10; C:\Users\IMG_1\Downloads\JavaCV\opencv\build\x86\vc10;C:\Users\IMG_1\Downloads\JavaCV\opencv\build\x64\vc10;C:\MinGW\bin;C:\MinGW\msys\1.0\bin;C:\Users\IMG_1\Desktop\vtk_bin07\bin\Debug;C:\Users\IMG_1\Desktop\vtk_12\bin\Release
USERNAME=IMG_1
OS=Windows_NT
PROCESSOR_IDENTIFIER=Intel64 Family 6 Model 42 Stepping 7, GenuineIntel



---------------  S Y S T E M  ---------------

OS: Windows 7 , 64 bit Build 7600 (6.1.7600.17206)

CPU:total 8 (4 cores per cpu, 2 threads per core) family 6 model 42 stepping 7, cmov, cx8, fxsr, mmx, sse, sse2, sse3, ssse3, sse4.1, sse4.2, popcnt, aes, clmul, ht, tsc, tscinvbit

Memory: 4k page, physical 8370488k(1135912k free), swap 18251752k(9769044k free)

vm_info: Java HotSpot(TM) 64-Bit Server VM (25.92-b14) for windows-amd64 JRE (1.8.0_92-b14), built on Mar 31 2016 21:03:04 by "java_re" with MS VC++ 10.0 (VS2010)

time: Tue Jun 28 15:27:25 2016
elapsed time: 38 seconds (0d 0h 0m 38s)

