#
# A fatal error has been detected by the Java Runtime Environment:
#
#  EXCEPTION_ACCESS_VIOLATION (0xc0000005) at pc=0x000007feeab34613, pid=5492, tid=0x0000000000001478
#
# JRE version: Java(TM) SE Runtime Environment (8.0_92-b14) (build 1.8.0_92-b14)
# Java VM: Java HotSpot(TM) 64-Bit Server VM (25.92-b14 mixed mode windows-amd64 compressed oops)
# Problematic frame:
# C  [vtkRenderingJava.dll+0x4613]
#
# Failed to write core dump. Minidumps are not enabled by default on client versions of Windows
#
# If you would like to submit a bug report, please visit:
#   http://bugreport.java.com/bugreport/crash.jsp
# The crash happened outside the Java Virtual Machine in native code.
# See problematic frame for where to report the bug.
#

---------------  T H R E A D  ---------------

Current thread (0x000000001b218000):  JavaThread "AWT-EventQueue-0" [_thread_in_native, id=5240, stack(0x000000001c560000,0x000000001c660000)]

siginfo: ExceptionCode=0xc0000005, reading address 0xffffffffffffffff

Registers:
RAX=0x0000000018f26090, RBX=0x00000000174bdf60, RCX=0x0000000018f26090, RDX=0x000000001b498e60
RSP=0x000000001c65c678, RBP=0x000000001c65c6f8, RSI=0x0000000000000118, RDI=0x00000000028883fd
R8 =0x000000001b39d2e0, R9 =0x000000013f828828, R10=0x00000000174a81f0, R11=0x000000001c65c5f0
R12=0x0000000000000000, R13=0x00000000174bdf60, R14=0x000000001c65c720, R15=0x000000001b218000
RIP=0x000007feeab34613, EFLAGS=0x0000000000010202

Top of Stack: (sp=0x000000001c65c678)
0x000000001c65c678:   00000000028a0a4c 00000000174bdf60
0x000000001c65c688:   0000000000000118 000000001e1095f8
0x000000001c65c698:   0000000000000000 00000000174aa7c0
0x000000001c65c6a8:   0000000000000000 000000001c65c6c8
0x000000001c65c6b8:   000000001c65c6b8 0000000000000000
0x000000001c65c6c8:   000000001c65c720 000000001e10a7a8
0x000000001c65c6d8:   0000000000000000 00000000174bdf60
0x000000001c65c6e8:   0000000000000000 000000001c65c718
0x000000001c65c6f8:   000000001c65c768 00000000028883fd
0x000000001c65c708:   0000000000000000 00000000028971b8
0x000000001c65c718:   00000000d5d3b690 00000000d78fbe50
0x000000001c65c728:   000000001c65c728 00000000174bdffa
0x000000001c65c738:   000000001c65c780 000000001e10a7a8
0x000000001c65c748:   0000000000000000 00000000174be008
0x000000001c65c758:   000000001c65c718 000000001c65c778
0x000000001c65c768:   000000001c65c7c8 00000000028883fd 

Instructions: (pc=0x000007feeab34613)
0x000007feeab345f3:   48 8b d8 e8 39 18 02 00 48 8b d3 4c 8b 00 48 8b
0x000007feeab34603:   c8 48 8b 5c 24 30 48 8b 74 24 38 48 83 c4 20 5f
0x000007feeab34613:   49 ff a0 e8 02 00 00 cc cc cc cc cc cc 40 53 48
0x000007feeab34623:   83 ec 20 41 8b d8 e8 06 18 02 00 8b d3 4c 8b 08 


Register to memory mapping:

RAX=0x0000000018f26090 is an unknown value
RBX={method} {0x00000000174bdf68} 'SetMapper_16' '(Lvtk/vtkMapper;)V' in 'vtk/vtkActor'
RCX=0x0000000018f26090 is an unknown value
RDX=0x000000001b498e60 is an unknown value
RSP=0x000000001c65c678 is pointing into the stack for thread: 0x000000001b218000
RBP=0x000000001c65c6f8 is pointing into the stack for thread: 0x000000001b218000
RSI=0x0000000000000118 is an unknown value
RDI=0x00000000028883fd is at code_begin+2301 in an Interpreter codelet
invoke return entry points  [0x0000000002887b00, 0x00000000028884e0]  2528 bytes
R8 =0x000000001b39d2e0 is an unknown value
R9 =0x000000013f828828 is pointing into metadata
R10=0x00000000174a81f0 is pointing into metadata
R11=0x000000001c65c5f0 is pointing into the stack for thread: 0x000000001b218000
R12=0x0000000000000000 is an unknown value
R13={method} {0x00000000174bdf68} 'SetMapper_16' '(Lvtk/vtkMapper;)V' in 'vtk/vtkActor'
R14=0x000000001c65c720 is pointing into the stack for thread: 0x000000001b218000
R15=0x000000001b218000 is a thread


Stack: [0x000000001c560000,0x000000001c660000],  sp=0x000000001c65c678,  free space=1009k
Native frames: (J=compiled Java code, j=interpreted, Vv=VM code, C=native code)
C  [vtkRenderingJava.dll+0x4613]
C  0x00000000028a0a4c

Java frames: (J=compiled Java code, j=interpreted, Vv=VM code)
j  vtk.vtkActor.SetMapper_16(Lvtk/vtkMapper;)V+0
j  vtk.vtkActor.SetMapper(Lvtk/vtkMapper;)V+2
j  volume_ct.Main.jButton2ActionPerformed(Ljava/awt/event/ActionEvent;)V+119
j  volume_ct.Main.access$600(Lvolume_ct/Main;Ljava/awt/event/ActionEvent;)V+2
j  volume_ct.Main$7.actionPerformed(Ljava/awt/event/ActionEvent;)V+5
j  javax.swing.AbstractButton.fireActionPerformed(Ljava/awt/event/ActionEvent;)V+83
j  javax.swing.AbstractButton$Handler.actionPerformed(Ljava/awt/event/ActionEvent;)V+5
j  javax.swing.DefaultButtonModel.fireActionPerformed(Ljava/awt/event/ActionEvent;)V+34
j  javax.swing.DefaultButtonModel.setPressed(Z)V+117
j  javax.swing.plaf.basic.BasicButtonListener.mouseReleased(Ljava/awt/event/MouseEvent;)V+35
j  java.awt.Component.processMouseEvent(Ljava/awt/event/MouseEvent;)V+64
j  javax.swing.JComponent.processMouseEvent(Ljava/awt/event/MouseEvent;)V+23
J 1652 C1 java.awt.Component.processEvent(Ljava/awt/AWTEvent;)V (220 bytes) @ 0x0000000002de9d9c [0x0000000002de9860+0x53c]
J 1782 C1 java.awt.Container.processEvent(Ljava/awt/AWTEvent;)V (22 bytes) @ 0x0000000002e480ec [0x0000000002e47da0+0x34c]
J 1120 C1 java.awt.Component.dispatchEventImpl(Ljava/awt/AWTEvent;)V (883 bytes) @ 0x0000000002c4dfcc [0x0000000002c48a80+0x554c]
J 974 C1 java.awt.Container.dispatchEventImpl(Ljava/awt/AWTEvent;)V (129 bytes) @ 0x0000000002be3e64 [0x0000000002be3d20+0x144]
J 969 C1 java.awt.Component.dispatchEvent(Ljava/awt/AWTEvent;)V (6 bytes) @ 0x0000000002bd8694 [0x0000000002bd8580+0x114]
j  java.awt.LightweightDispatcher.retargetMouseEvent(Ljava/awt/Component;ILjava/awt/event/MouseEvent;)V+327
j  java.awt.LightweightDispatcher.processMouseEvent(Ljava/awt/event/MouseEvent;)Z+155
J 1625 C1 java.awt.LightweightDispatcher.dispatchEvent(Ljava/awt/AWTEvent;)Z (73 bytes) @ 0x0000000002dd97f4 [0x0000000002dd93c0+0x434]
J 974 C1 java.awt.Container.dispatchEventImpl(Ljava/awt/AWTEvent;)V (129 bytes) @ 0x0000000002be3e04 [0x0000000002be3d20+0xe4]
J 1620 C1 java.awt.Window.dispatchEventImpl(Ljava/awt/AWTEvent;)V (23 bytes) @ 0x0000000002dd7fec [0x0000000002dd7a00+0x5ec]
J 1559 C1 java.awt.EventQueue.dispatchEventImpl(Ljava/awt/AWTEvent;Ljava/lang/Object;)V (149 bytes) @ 0x0000000002db2fb4 [0x0000000002db1740+0x1874]
J 1557 C1 java.awt.EventQueue$3.run()Ljava/lang/Void; (60 bytes) @ 0x0000000002db0b1c [0x0000000002db0900+0x21c]
J 1556 C1 java.awt.EventQueue$3.run()Ljava/lang/Object; (5 bytes) @ 0x0000000002db0594 [0x0000000002db0500+0x94]
v  ~StubRoutines::call_stub
J 1279  java.security.AccessController.doPrivileged(Ljava/security/PrivilegedAction;Ljava/security/AccessControlContext;)Ljava/lang/Object; (0 bytes) @ 0x0000000002cb4026 [0x0000000002cb3fc0+0x66]
J 1551 C1 java.awt.EventQueue$4.run()Ljava/lang/Object; (5 bytes) @ 0x0000000002da853c [0x0000000002da8100+0x43c]
v  ~StubRoutines::call_stub
J 1279  java.security.AccessController.doPrivileged(Ljava/security/PrivilegedAction;Ljava/security/AccessControlContext;)Ljava/lang/Object; (0 bytes) @ 0x0000000002cb4026 [0x0000000002cb3fc0+0x66]
J 1504 C1 java.awt.EventQueue.dispatchEvent(Ljava/awt/AWTEvent;)V (80 bytes) @ 0x0000000002d849e4 [0x0000000002d83b40+0xea4]
J 1510 C1 java.awt.EventDispatchThread.pumpOneEventForFilters(I)V (295 bytes) @ 0x0000000002d8e574 [0x0000000002d8c820+0x1d54]
j  java.awt.EventDispatchThread.pumpEventsForFilter(ILjava/awt/Conditional;Ljava/awt/EventFilter;)V+35
j  java.awt.EventDispatchThread.pumpEventsForHierarchy(ILjava/awt/Conditional;Ljava/awt/Component;)V+11
j  java.awt.EventDispatchThread.pumpEvents(ILjava/awt/Conditional;)V+4
j  java.awt.EventDispatchThread.pumpEvents(Ljava/awt/Conditional;)V+3
j  java.awt.EventDispatchThread.run()V+9
v  ~StubRoutines::call_stub

---------------  P R O C E S S  ---------------

Java Threads: ( => current thread )
  0x000000001b080800 JavaThread "D3D Screen Updater" daemon [_thread_blocked, id=2256, stack(0x00000000307e0000,0x00000000308e0000)]
  0x000000001b2a3000 JavaThread "TimerQueue" daemon [_thread_blocked, id=1660, stack(0x000000001dda0000,0x000000001dea0000)]
  0x000000001b227800 JavaThread "org.netbeans.modules.debugger.jpda.visual AWT Access Loop" daemon [_thread_blocked, id=1824, stack(0x000000001bca0000,0x000000001bda0000)]
  0x0000000002188800 JavaThread "DestroyJavaVM" [_thread_blocked, id=5756, stack(0x00000000024b0000,0x00000000025b0000)]
=>0x000000001b218000 JavaThread "AWT-EventQueue-0" [_thread_in_native, id=5240, stack(0x000000001c560000,0x000000001c660000)]
  0x000000001b16e000 JavaThread "AWT-Windows" daemon [_thread_in_native, id=2152, stack(0x000000001bb60000,0x000000001bc60000)]
  0x000000001b16a000 JavaThread "AWT-Shutdown" [_thread_blocked, id=4424, stack(0x000000001b9f0000,0x000000001baf0000)]
  0x000000001b163800 JavaThread "Java2D Disposer" daemon [_thread_blocked, id=5600, stack(0x0000000019b60000,0x0000000019c60000)]
  0x0000000018ceb000 JavaThread "Service Thread" daemon [_thread_blocked, id=908, stack(0x000000001a2c0000,0x000000001a3c0000)]
  0x0000000018c8a800 JavaThread "C1 CompilerThread3" daemon [_thread_blocked, id=5408, stack(0x000000001ad10000,0x000000001ae10000)]
  0x0000000018c82000 JavaThread "C2 CompilerThread2" daemon [_thread_blocked, id=4576, stack(0x000000001ab40000,0x000000001ac40000)]
  0x0000000018c7f000 JavaThread "C2 CompilerThread1" daemon [_thread_blocked, id=1972, stack(0x000000001aa10000,0x000000001ab10000)]
  0x0000000018c73800 JavaThread "C2 CompilerThread0" daemon [_thread_blocked, id=5468, stack(0x000000001a880000,0x000000001a980000)]
  0x0000000018c62800 JavaThread "JDWP Command Reader" daemon [_thread_in_native, id=5464, stack(0x000000001a710000,0x000000001a810000)]
  0x0000000018c61800 JavaThread "JDWP Event Helper Thread" daemon [_thread_blocked, id=3884, stack(0x0000000019f30000,0x000000001a030000)]
  0x0000000018c55800 JavaThread "JDWP Transport Listener: dt_shmem" daemon [_thread_blocked, id=1928, stack(0x000000001a560000,0x000000001a660000)]
  0x0000000018c4d000 JavaThread "Attach Listener" daemon [_thread_blocked, id=4816, stack(0x000000001a3e0000,0x000000001a4e0000)]
  0x0000000017a8e800 JavaThread "Signal Dispatcher" daemon [_thread_blocked, id=1788, stack(0x000000001a180000,0x000000001a280000)]
  0x0000000017a81800 JavaThread "Finalizer" daemon [_thread_blocked, id=5100, stack(0x000000001a050000,0x000000001a150000)]
  0x0000000017a7a000 JavaThread "Reference Handler" daemon [_thread_blocked, id=6016, stack(0x0000000019e20000,0x0000000019f20000)]

Other Threads:
  0x0000000018bf2800 VMThread [stack: 0x0000000019c60000,0x0000000019d60000] [id=3520]
  0x0000000018d48800 WatcherThread [stack: 0x000000001af20000,0x000000001b020000] [id=4756]

VM state:not at safepoint (normal execution)

VM Mutex/Monitor currently owned by a thread: None

Heap:
 PSYoungGen      total 38400K, used 10009K [0x00000000d5700000, 0x00000000d8180000, 0x0000000100000000)
  eden space 33280K, 20% used [0x00000000d5700000,0x00000000d5db85a8,0x00000000d7780000)
  from space 5120K, 61% used [0x00000000d7780000,0x00000000d7a8dec8,0x00000000d7c80000)
  to   space 5120K, 0% used [0x00000000d7c80000,0x00000000d7c80000,0x00000000d8180000)
 ParOldGen       total 87552K, used 44K [0x0000000080400000, 0x0000000085980000, 0x00000000d5700000)
  object space 87552K, 0% used [0x0000000080400000,0x000000008040b2f8,0x0000000085980000)
 Metaspace       used 15283K, capacity 15488K, committed 15616K, reserved 1062912K
  class space    used 1888K, capacity 1952K, committed 2048K, reserved 1048576K

Card table byte_map: [0x0000000011c40000,0x0000000012040000] byte_map_base: 0x000000001183e000

Marking Bits: (ParMarkBitMap*) 0x00000000572164f0
 Begin Bits: [0x0000000012cb0000, 0x0000000014ca0000)
 End Bits:   [0x0000000014ca0000, 0x0000000016c90000)

Polling page: 0x0000000001c60000

CodeCache: size=245760Kb used=6131Kb max_used=6140Kb free=239628Kb
 bounds [0x0000000002880000, 0x0000000002e90000, 0x0000000011880000]
 total_blobs=2384 nmethods=1869 adapters=436
 compilation: enabled

Compilation events (10 events):
Event: 32.305 Thread 0x0000000018c8a800 1867       3       java.awt.geom.RoundRectangle2D$Float::getWidth (6 bytes)
Event: 32.305 Thread 0x0000000018c8a800 nmethod 1867 0x0000000002e7e010 code [0x0000000002e7e160, 0x0000000002e7e2b0]
Event: 32.305 Thread 0x0000000018c8a800 1868       3       java.awt.geom.RoundRectangle2D$Float::getHeight (6 bytes)
Event: 32.305 Thread 0x0000000018c8a800 nmethod 1868 0x0000000002e7e310 code [0x0000000002e7e460, 0x0000000002e7e5b0]
Event: 32.305 Thread 0x0000000018c8a800 1862       3       sun.java2d.pipe.ValidatePipe::scaleImage (41 bytes)
Event: 32.305 Thread 0x0000000018c73800 1869   !   4       java.awt.Container::getComponent (42 bytes)
Event: 32.306 Thread 0x0000000018c8a800 nmethod 1862 0x0000000002e7e610 code [0x0000000002e7e7c0, 0x0000000002e7ee68]
Event: 32.308 Thread 0x0000000018c73800 nmethod 1869 0x0000000002e820d0 code [0x0000000002e82220, 0x0000000002e82418]
Event: 32.480 Thread 0x0000000018c8a800 1870       3       java.lang.Class::arrayContentsEq (70 bytes)
Event: 32.481 Thread 0x0000000018c8a800 nmethod 1870 0x0000000002e81990 code [0x0000000002e81b20, 0x0000000002e81f50]

GC Heap History (2 events):
Event: 11.975 GC heap before
{Heap before GC invocations=1 (full 0):
 PSYoungGen      total 38400K, used 33280K [0x00000000d5700000, 0x00000000d8180000, 0x0000000100000000)
  eden space 33280K, 100% used [0x00000000d5700000,0x00000000d7780000,0x00000000d7780000)
  from space 5120K, 0% used [0x00000000d7c80000,0x00000000d7c80000,0x00000000d8180000)
  to   space 5120K, 0% used [0x00000000d7780000,0x00000000d7780000,0x00000000d7c80000)
 ParOldGen       total 87552K, used 0K [0x0000000080400000, 0x0000000085980000, 0x00000000d5700000)
  object space 87552K, 0% used [0x0000000080400000,0x0000000080400000,0x0000000085980000)
 Metaspace       used 14788K, capacity 14976K, committed 15104K, reserved 1062912K
  class space    used 1886K, capacity 1952K, committed 2048K, reserved 1048576K
Event: 11.982 GC heap after
Heap after GC invocations=1 (full 0):
 PSYoungGen      total 38400K, used 3127K [0x00000000d5700000, 0x00000000d8180000, 0x0000000100000000)
  eden space 33280K, 0% used [0x00000000d5700000,0x00000000d5700000,0x00000000d7780000)
  from space 5120K, 61% used [0x00000000d7780000,0x00000000d7a8dec8,0x00000000d7c80000)
  to   space 5120K, 0% used [0x00000000d7c80000,0x00000000d7c80000,0x00000000d8180000)
 ParOldGen       total 87552K, used 44K [0x0000000080400000, 0x0000000085980000, 0x00000000d5700000)
  object space 87552K, 0% used [0x0000000080400000,0x000000008040b2f8,0x0000000085980000)
 Metaspace       used 14788K, capacity 14976K, committed 15104K, reserved 1062912K
  class space    used 1886K, capacity 1952K, committed 2048K, reserved 1048576K
}

Deoptimization events (6 events):
Event: 2.875 Thread 0x000000001b218000 Uncommon trap: reason=unstable_if action=reinterpret pc=0x0000000002a61990 method=java.util.HashMap.getNode(ILjava/lang/Object;)Ljava/util/HashMap$Node; @ 84
Event: 2.876 Thread 0x000000001b218000 Uncommon trap: reason=unstable_if action=reinterpret pc=0x0000000002a79f28 method=java.util.HashMap.getNode(ILjava/lang/Object;)Ljava/util/HashMap$Node; @ 84
Event: 2.936 Thread 0x000000001b16e000 Uncommon trap: reason=unstable_if action=reinterpret pc=0x0000000002a9ad74 method=java.util.HashMap.putVal(ILjava/lang/Object;Ljava/lang/Object;ZZ)Ljava/lang/Object; @ 206
Event: 2.988 Thread 0x000000001b218000 Uncommon trap: reason=unstable_if action=reinterpret pc=0x0000000002b02a28 method=java.io.BufferedInputStream.read()I @ 8
Event: 11.982 Thread 0x000000001b218000 Uncommon trap: reason=unstable_if action=reinterpret pc=0x0000000002b9c480 method=java.lang.ref.SoftReference.get()Ljava/lang/Object; @ 17
Event: 30.404 Thread 0x000000001b218000 Uncommon trap: reason=unstable_if action=reinterpret pc=0x0000000002c257cc method=java.awt.MultipleGradientPaintContext.indexIntoGradientsArrays(F)I @ 93

Internal exceptions (10 events):
Event: 2.485 Thread 0x0000000002188800 Exception <a 'java/lang/ClassNotFoundException': ToolBar> (0x00000000d5c1b808) thrown at [D:\re\workspace\8-2-build-windows-amd64-cygwin\jdk8u92\6642\hotspot\src\share\vm\classfile\systemDictionary.cpp, line 210]
Event: 2.485 Thread 0x0000000002188800 Exception <a 'java/lang/ClassNotFoundException': ToggleButton> (0x00000000d5c1bdb8) thrown at [D:\re\workspace\8-2-build-windows-amd64-cygwin\jdk8u92\6642\hotspot\src\share\vm\classfile\systemDictionary.cpp, line 210]
Event: 2.485 Thread 0x0000000002188800 Exception <a 'java/lang/ClassNotFoundException': javax/swing/JToolBarSeparator> (0x00000000d5c1c218) thrown at [D:\re\workspace\8-2-build-windows-amd64-cygwin\jdk8u92\6642\hotspot\src\share\vm\classfile\systemDictionary.cpp, line 210]
Event: 2.485 Thread 0x0000000002188800 Exception <a 'java/lang/ClassNotFoundException': ToolBarSeparator> (0x00000000d5c1c6b0) thrown at [D:\re\workspace\8-2-build-windows-amd64-cygwin\jdk8u92\6642\hotspot\src\share\vm\classfile\systemDictionary.cpp, line 210]
Event: 2.485 Thread 0x0000000002188800 Exception <a 'java/lang/ClassNotFoundException': ToolTip> (0x00000000d5c1cdf0) thrown at [D:\re\workspace\8-2-build-windows-amd64-cygwin\jdk8u92\6642\hotspot\src\share\vm\classfile\systemDictionary.cpp, line 210]
Event: 2.486 Thread 0x0000000002188800 Exception <a 'java/lang/ClassNotFoundException': Tree> (0x00000000d5c1da10) thrown at [D:\re\workspace\8-2-build-windows-amd64-cygwin\jdk8u92\6642\hotspot\src\share\vm\classfile\systemDictionary.cpp, line 210]
Event: 2.486 Thread 0x0000000002188800 Exception <a 'java/lang/ClassNotFoundException': Tree> (0x00000000d5c1e150) thrown at [D:\re\workspace\8-2-build-windows-amd64-cygwin\jdk8u92\6642\hotspot\src\share\vm\classfile\systemDictionary.cpp, line 210]
Event: 2.486 Thread 0x0000000002188800 Exception <a 'java/lang/ClassNotFoundException': javax/swing/JTreeCell> (0x00000000d5c1e4d0) thrown at [D:\re\workspace\8-2-build-windows-amd64-cygwin\jdk8u92\6642\hotspot\src\share\vm\classfile\systemDictionary.cpp, line 210]
Event: 2.486 Thread 0x0000000002188800 Exception <a 'java/lang/ClassNotFoundException': TreeCell> (0x00000000d5c1e958) thrown at [D:\re\workspace\8-2-build-windows-amd64-cygwin\jdk8u92\6642\hotspot\src\share\vm\classfile\systemDictionary.cpp, line 210]
Event: 2.486 Thread 0x0000000002188800 Exception <a 'java/lang/ClassNotFoundException': RootPane> (0x00000000d5c1f3b8) thrown at [D:\re\workspace\8-2-build-windows-amd64-cygwin\jdk8u92\6642\hotspot\src\share\vm\classfile\systemDictionary.cpp, line 210]

Events (10 events):
Event: 15.873 loading class java/awt/Container$MouseEventTargetFilter done
Event: 15.874 loading class java/awt/LightweightDispatcher$1
Event: 15.874 loading class java/awt/LightweightDispatcher$1 done
Event: 21.713 loading class java/awt/LightweightDispatcher$2
Event: 21.713 loading class java/awt/LightweightDispatcher$2 done
Event: 29.269 Thread 0x000000001b218000 DEOPT PACKING pc=0x0000000002c8a16c sp=0x000000001c65b450
Event: 29.269 Thread 0x000000001b218000 DEOPT UNPACKING pc=0x00000000028c747f sp=0x000000001c65b170 mode 0
Event: 30.404 Thread 0x000000001b218000 Uncommon trap: trap_request=0xffffff65 fr.pc=0x0000000002c257cc
Event: 30.404 Thread 0x000000001b218000 DEOPT PACKING pc=0x0000000002c257cc sp=0x000000001c65b5f0
Event: 30.404 Thread 0x000000001b218000 DEOPT UNPACKING pc=0x00000000028c582a sp=0x000000001c65b580 mode 2


Dynamic libraries:
0x000000013f780000 - 0x000000013f7b7000 	C:\Program Files\Java\jdk1.8.0_92\bin\java.exe
0x0000000076f30000 - 0x00000000770dc000 	C:\Windows\SYSTEM32\ntdll.dll
0x0000000076850000 - 0x000000007696f000 	C:\Windows\system32\kernel32.dll
0x000007fefd450000 - 0x000007fefd4bc000 	C:\Windows\system32\KERNELBASE.dll
0x000007fefd790000 - 0x000007fefd86b000 	C:\Windows\system32\ADVAPI32.dll
0x000007fefde10000 - 0x000007fefdeaf000 	C:\Windows\system32\msvcrt.dll
0x000007fefd770000 - 0x000007fefd78f000 	C:\Windows\SYSTEM32\sechost.dll
0x000007fefdb50000 - 0x000007fefdc7e000 	C:\Windows\system32\RPCRT4.dll
0x0000000076cd0000 - 0x0000000076dca000 	C:\Windows\system32\USER32.dll
0x000007fefd8c0000 - 0x000007fefd927000 	C:\Windows\system32\GDI32.dll
0x000007fefd930000 - 0x000007fefd93e000 	C:\Windows\system32\LPK.dll
0x000007fefdc80000 - 0x000007fefdd4a000 	C:\Windows\system32\USP10.dll
0x000007fefbe10000 - 0x000007fefc004000 	C:\Windows\WinSxS\amd64_microsoft.windows.common-controls_6595b64144ccf1df_6.0.7600.16661_none_fa62ad231704eab7\COMCTL32.dll
0x000007fefefe0000 - 0x000007feff051000 	C:\Windows\system32\SHLWAPI.dll
0x000007fefe110000 - 0x000007fefe13e000 	C:\Windows\system32\IMM32.DLL
0x000007fefe140000 - 0x000007fefe249000 	C:\Windows\system32\MSCTF.dll
0x00000000572a0000 - 0x0000000057372000 	C:\Program Files\Java\jdk1.8.0_92\jre\bin\msvcr100.dll
0x0000000056a00000 - 0x0000000057296000 	C:\Program Files\Java\jdk1.8.0_92\jre\bin\server\jvm.dll
0x000007fef6b90000 - 0x000007fef6b99000 	C:\Windows\system32\WSOCK32.dll
0x000007fefd870000 - 0x000007fefd8bd000 	C:\Windows\system32\WS2_32.dll
0x000007fefd940000 - 0x000007fefd948000 	C:\Windows\system32\NSI.dll
0x000007fefa450000 - 0x000007fefa48b000 	C:\Windows\system32\WINMM.dll
0x000007fefc4a0000 - 0x000007fefc4ac000 	C:\Windows\system32\VERSION.dll
0x00000000770f0000 - 0x00000000770f7000 	C:\Windows\system32\PSAPI.DLL
0x000000006efe0000 - 0x000000006efef000 	C:\Program Files\Java\jdk1.8.0_92\jre\bin\verify.dll
0x000000005fdb0000 - 0x000000005fdd9000 	C:\Program Files\Java\jdk1.8.0_92\jre\bin\java.dll
0x000000005fd70000 - 0x000000005fda5000 	C:\Program Files\Java\jdk1.8.0_92\jre\bin\jdwp.dll
0x000000006efd0000 - 0x000000006efd8000 	C:\Program Files\Java\jdk1.8.0_92\jre\bin\npt.dll
0x000000005fd50000 - 0x000000005fd66000 	C:\Program Files\Java\jdk1.8.0_92\jre\bin\zip.dll
0x000007fefe250000 - 0x000007fefefd7000 	C:\Windows\system32\SHELL32.dll
0x000007fefdf00000 - 0x000007fefe102000 	C:\Windows\system32\ole32.dll
0x000007fefd3a0000 - 0x000007fefd3af000 	C:\Windows\system32\profapi.dll
0x000000006efc0000 - 0x000000006efcb000 	C:\Program Files\Java\jdk1.8.0_92\jre\bin\dt_shmem.dll
0x00000000567b0000 - 0x0000000056948000 	C:\Program Files\Java\jdk1.8.0_92\jre\bin\awt.dll
0x000007fefd9d0000 - 0x000007fefdaa7000 	C:\Windows\system32\OLEAUT32.dll
0x000007fefbad0000 - 0x000007fefbb26000 	C:\Windows\system32\uxtheme.dll
0x000007fefb6f0000 - 0x000007fefb708000 	C:\Windows\system32\dwmapi.dll
0x000007fefd290000 - 0x000007fefd29f000 	C:\Windows\system32\CRYPTBASE.dll
0x000000005fd00000 - 0x000000005fd47000 	C:\Program Files\Java\jdk1.8.0_92\jre\bin\fontmanager.dll
0x000007fef11b0000 - 0x000007fef13af000 	C:\Windows\system32\d3d9.dll
0x000007fef6b70000 - 0x000007fef6b77000 	C:\Windows\system32\d3d8thk.dll
0x000007feee740000 - 0x000007feef5b4000 	C:\Windows\system32\nvd3dumx.dll
0x000007fefbd30000 - 0x000007fefbd5c000 	C:\Windows\system32\powrprof.dll
0x000007feff060000 - 0x000007feff237000 	C:\Windows\system32\SETUPAPI.dll
0x000007fefd5a0000 - 0x000007fefd5d6000 	C:\Windows\system32\CFGMGR32.dll
0x000007fefd5e0000 - 0x000007fefd5fa000 	C:\Windows\system32\DEVOBJ.dll
0x000007feefe40000 - 0x000007feeff98000 	C:\Program Files (x86)\NVIDIA Corporation\3D Vision\nvSCPAPI64.dll
0x0000000056790000 - 0x00000000567aa000 	C:\Program Files\Java\jdk1.8.0_92\jre\bin\net.dll
0x000007fefcbd0000 - 0x000007fefcc24000 	C:\Windows\system32\mswsock.dll
0x000007fefcbc0000 - 0x000007fefcbc7000 	C:\Windows\System32\wship6.dll
0x0000000056770000 - 0x0000000056781000 	C:\Program Files\Java\jdk1.8.0_92\jre\bin\nio.dll
0x0000000056720000 - 0x0000000056762000 	C:\Program Files\Java\jdk1.8.0_92\jre\bin\t2k.dll
0x000007fefdd50000 - 0x000007fefdde9000 	C:\Windows\system32\CLBCatQ.DLL
0x000007fefb580000 - 0x000007fefb6aa000 	C:\Windows\system32\WindowsCodecs.dll
0x000007fefd230000 - 0x000007fefd287000 	C:\Windows\system32\apphelp.dll
0x000007fef8a50000 - 0x000007fef8a85000 	C:\Windows\system32\EhStorShell.dll
0x000007fefbbb0000 - 0x000007fefbcdc000 	C:\Windows\system32\PROPSYS.dll
0x000007fef8990000 - 0x000007fef8a0e000 	C:\Windows\System32\cscui.dll
0x000007fef8a40000 - 0x000007fef8a4c000 	C:\Windows\System32\CSCDLL.dll
0x000007fef8b10000 - 0x000007fef8b1f000 	C:\Windows\system32\CSCAPI.dll
0x000007fef8910000 - 0x000007fef8990000 	C:\Windows\system32\ntshrui.dll
0x000007fefd100000 - 0x000007fefd123000 	C:\Windows\system32\srvcli.dll
0x000007fefb320000 - 0x000007fefb32b000 	C:\Windows\system32\slc.dll
0x000007feee5c0000 - 0x000007feee62e000 	C:\vtkBin\bin\vtkCommonJava.dll
0x000007feea480000 - 0x000007feea6c8000 	C:\vtkBin\bin\vtkCommon.dll
0x000007feee650000 - 0x000007feee693000 	C:\vtkBin\bin\vtksys.dll
0x0000000067160000 - 0x00000000671f8000 	C:\Windows\system32\MSVCP100.dll
0x000007feee320000 - 0x000007feee3c0000 	C:\vtkBin\bin\vtkFilteringJava.dll
0x000007feea180000 - 0x000007feea47c000 	C:\vtkBin\bin\vtkFiltering.dll
0x000007feee560000 - 0x000007feee5b6000 	C:\vtkBin\bin\vtkIOJava.dll
0x000007fee9d50000 - 0x000007feea174000 	C:\vtkBin\bin\vtkIO.dll
0x000007feee530000 - 0x000007feee552000 	C:\vtkBin\bin\vtkDICOMParser.dll
0x000007feee250000 - 0x000007feee316000 	C:\vtkBin\bin\vtkNetCDF.dll
0x000007feea710000 - 0x000007feea91d000 	C:\vtkBin\bin\vtkhdf5.dll
0x000007feee630000 - 0x000007feee644000 	C:\vtkBin\bin\vtkzlib.dll
0x000007feeb090000 - 0x000007feeb0bd000 	C:\vtkBin\bin\vtkhdf5_hl.dll
0x000007feeb070000 - 0x000007feeb090000 	C:\vtkBin\bin\vtkNetCDF_cxx.dll
0x000007feeb050000 - 0x000007feeb068000 	C:\vtkBin\bin\LSDyna.dll
0x000007feeafc0000 - 0x000007feeb04f000 	C:\vtkBin\bin\vtkmetaio.dll
0x000007feeaf90000 - 0x000007feeafb4000 	C:\vtkBin\bin\vtkpng.dll
0x000007feeaf60000 - 0x000007feeaf87000 	C:\vtkBin\bin\vtkjpeg.dll
0x000007feeaf00000 - 0x000007feeaf51000 	C:\vtkBin\bin\vtktiff.dll
0x000007feeaed0000 - 0x000007feeaef3000 	C:\vtkBin\bin\vtkexpat.dll
0x000007feead10000 - 0x000007feead2f000 	C:\Windows\system32\AVIFIL32.dll
0x000007feefe20000 - 0x000007feefe38000 	C:\Windows\system32\MSACM32.dll
0x000007feeace0000 - 0x000007feead09000 	C:\Windows\system32\MSVFW32.dll
0x000007feeac90000 - 0x000007feeacd7000 	C:\vtkBin\bin\vtkImagingJava.dll
0x000007fee9ac0000 - 0x000007fee9d49000 	C:\vtkBin\bin\vtkImaging.dll
0x000007feeabf0000 - 0x000007feeac87000 	C:\vtkBin\bin\vtkGraphicsJava.dll
0x000007fee95c0000 - 0x000007fee9ab2000 	C:\vtkBin\bin\vtkGraphics.dll
0x000007feeabc0000 - 0x000007feeabf0000 	C:\vtkBin\bin\vtkverdict.dll
0x000007feeab30000 - 0x000007feeabb9000 	C:\vtkBin\bin\vtkRenderingJava.dll
0x000007fee9220000 - 0x000007fee95bb000 	C:\vtkBin\bin\vtkRendering.dll
0x000007fef8580000 - 0x000007fef858f000 	C:\vtkBin\bin\vtkftgl.dll
0x000007fef68c0000 - 0x000007fef69dd000 	C:\Windows\system32\OPENGL32.dll
0x000007fef6890000 - 0x000007fef68bd000 	C:\Windows\system32\GLU32.dll
0x000007fef6790000 - 0x000007fef6881000 	C:\Windows\system32\DDRAW.dll
0x000007fef98a0000 - 0x000007fef98a8000 	C:\Windows\system32\DCIMAN32.dll
0x000007fee91a0000 - 0x000007fee9215000 	C:\vtkBin\bin\vtkfreetype.dll
0x0000000056710000 - 0x0000000056717000 	C:\vtkBin\bin\jawt.dll
0x000007fee90e0000 - 0x000007fee9131000 	C:\vtkBin\bin\vtkHybridJava.dll
0x000007fee8ee0000 - 0x000007fee90d3000 	C:\vtkBin\bin\vtkHybrid.dll
0x000007fee9150000 - 0x000007fee9191000 	C:\vtkBin\bin\vtkexoIIc.dll
0x000007feea6d0000 - 0x000007feea6e7000 	C:\Windows\system32\AVICAP32.dll
0x000007fee8eb0000 - 0x000007fee8ed5000 	C:\vtkBin\bin\vtkVolumeRenderingJava.dll
0x000007fee8a80000 - 0x000007fee8ea1000 	C:\vtkBin\bin\vtkVolumeRendering.dll
0x000007fee8a20000 - 0x000007fee8a7c000 	C:\vtkBin\bin\vtkWidgetsJava.dll
0x000007fee88c0000 - 0x000007fee8a1e000 	C:\vtkBin\bin\vtkWidgets.dll
0x00000000566e0000 - 0x000000005670a000 	C:\Program Files\Java\jdk1.8.0_92\jre\bin\dcpr.dll
0x000000005bfa0000 - 0x000000005da58000 	C:\Windows\system32\nvoglv64.DLL
0x000007fefd560000 - 0x000007fefd599000 	C:\Windows\system32\WINTRUST.dll
0x000007fefd600000 - 0x000007fefd76a000 	C:\Windows\system32\CRYPT32.dll
0x000007fefd440000 - 0x000007fefd44f000 	C:\Windows\system32\MSASN1.dll
0x000007fef9a80000 - 0x000007fef9aad000 	C:\Windows\system32\ntmarta.dll
0x000007fefdeb0000 - 0x000007fefdf00000 	C:\Windows\system32\WLDAP32.dll
0x000007fef3740000 - 0x000007fef3865000 	C:\Windows\system32\dbghelp.dll

VM Arguments:
jvm_args: -Xdebug -Xrunjdwp:transport=dt_shmem,address=javadebug -Dfile.encoding=UTF-8 
java_command: volume_ct.Main
java_class_path (initial): C:\vtkBin\bin\vtk.jar;C:\Program Files\NetBeans 8.0.2\java\modules\ext\beansbinding-1.2.1.jar;C:\Users\IMG_1\Desktop\project_vtk\volume_ct\build\classes
Launcher Type: SUN_STANDARD

Environment Variables:
CLASSPATH=C:\Users\IMG_1\Downloads\JavaCV\opencv\build\x86\vc10\lib;
PATH=C:\ProgramData\Oracle\Java\javapath;C:\Program Files\NVIDIA GPU Computing Toolkit\CUDA\v5.5\bin;C:\Program Files\NVIDIA GPU Computing Toolkit\CUDA\v5.5\libnvvp;C:\Program Files\Common Files\Microsoft Shared\Windows Live;C:\Program Files (x86)\Common Files\Microsoft Shared\Windows Live;C:\Program Files (x86)\NVIDIA Corporation\PhysX\Common;C:\Windows\system32;C:\Windows;C:\Windows\System32\Wbem;C:\Windows\System32\WindowsPowerShell\v1.0\;C:\Program Files (x86)\Microsoft SQL Server\90\Tools\binn\;C:\Program Files (x86)\Windows Live\Shared;C:\ProgramData\NVIDIA Corporation\NVIDIA GPU Computing SDK 4.2\C\common\bin;C:\Program Files\Microsoft\Web Platform Installer\;C:\Program Files (x86)\Microsoft ASP.NET\ASP.NET Web Pages\v1.0\;C:\Program Files\Microsoft SQL Server\110\Tools\Binn\;C:\Program Files (x86)\CMake\bin;C:\Program Files\MATLAB\R2013a\bin;C:\Program Files\Git\cmd;D:\laragon\bin\php\php-5.6.13;C:\ProgramData\ComposerSetup\bin;C:\lib\opencv\x64;C:\Program Files\ImageJ\plugins;C:\Program Files\ImageJ;C:\vtkBin\bin;C:\simpleitk;C:\Users\IMG_1\Downloads\JavaCV\opencv\build\common\tbb\ia32\vc10; C:\Users\IMG_1\Downloads\JavaCV\opencv\build\x86\vc10;C:\Users\IMG_1\Downloads\JavaCV\opencv\build\x64\vc10;C:\MinGW\bin;C:\MinGW\msys\1.0\bin;C:\Users\IMG_1\Desktop\vtk_bin07\bin\Debug;C:\Users\IMG_1\Desktop\vtk_12\bin\Release
USERNAME=IMG_1
OS=Windows_NT
PROCESSOR_IDENTIFIER=Intel64 Family 6 Model 42 Stepping 7, GenuineIntel



---------------  S Y S T E M  ---------------

OS: Windows 7 , 64 bit Build 7600 (6.1.7600.17206)

CPU:total 8 (4 cores per cpu, 2 threads per core) family 6 model 42 stepping 7, cmov, cx8, fxsr, mmx, sse, sse2, sse3, ssse3, sse4.1, sse4.2, popcnt, aes, clmul, ht, tsc, tscinvbit

Memory: 4k page, physical 8370488k(4313368k free), swap 16739068k(11240976k free)

vm_info: Java HotSpot(TM) 64-Bit Server VM (25.92-b14) for windows-amd64 JRE (1.8.0_92-b14), built on Mar 31 2016 21:03:04 by "java_re" with MS VC++ 10.0 (VS2010)

time: Mon Jul 04 15:42:22 2016
elapsed time: 32 seconds (0d 0h 0m 32s)

