#
# A fatal error has been detected by the Java Runtime Environment:
#
#  EXCEPTION_ACCESS_VIOLATION (0xc0000005) at pc=0x000007fee6e45f76, pid=812, tid=0x0000000000000db0
#
# JRE version: Java(TM) SE Runtime Environment (8.0_92-b14) (build 1.8.0_92-b14)
# Java VM: Java HotSpot(TM) 64-Bit Server VM (25.92-b14 mixed mode windows-amd64 compressed oops)
# Problematic frame:
# C  [vtkRendering.dll+0x5f76]
#
# Failed to write core dump. Minidumps are not enabled by default on client versions of Windows
#
# If you would like to submit a bug report, please visit:
#   http://bugreport.java.com/bugreport/crash.jsp
# The crash happened outside the Java Virtual Machine in native code.
# See problematic frame for where to report the bug.
#

---------------  T H R E A D  ---------------

Current thread (0x000000005acf1000):  JavaThread "AWT-EventQueue-0" [_thread_in_native, id=3504, stack(0x000000005b550000,0x000000005b650000)]

siginfo: ExceptionCode=0xc0000005, reading address 0x0000000000000158

Registers:
RAX=0x0000000000000000, RBX=0x000000005734b628, RCX=0x0000000000000000, RDX=0x000000005b64cb58
RSP=0x000000005b64caa0, RBP=0x000000005b64cb38, RSI=0x00000000006b15ff, RDI=0x000000001167e000
R8 =0x0000000000000042, R9 =0x00000000d6076900, R10=0x0000000000000022, R11=0x000000005d698198
R12=0x0000000000000000, R13=0x000000005734b628, R14=0x000000005b64cb58, R15=0x000000005acf1000
RIP=0x000007fee6e45f76, EFLAGS=0x0000000000010206

Top of Stack: (sp=0x000000005b64caa0)
0x000000005b64caa0:   000000005734b628 0000000057415508
0x000000005b64cab0:   0000000000000000 000000005b64ca00
0x000000005b64cac0:   000000005734b628 00000000026d7974
0x000000005b64cad0:   000000e000000001 0000000057100b38
0x000000005b64cae0:   0000000000000012 0000000000000000
0x000000005b64caf0:   0000d5cef18e93d2 000000005b64caf8
0x000000005b64cb00:   0000000000000000 000000005b64cb58
0x000000005b64cb10:   000000005e1ed470 0000000000000000
0x000000005b64cb20:   000000005734b628 0000000000000000
0x000000005b64cb30:   000000005b64cb58 000000005b64cba0
0x000000005b64cb40:   00000000026c7e50 0000000000000000
0x000000005b64cb50:   00000000026d19b7 00000000d6076900
0x000000005b64cb60:   000000005b64cb60 000000005734b6c1
0x000000005b64cb70:   000000005b64cbc0 000000005e1ed470
0x000000005b64cb80:   0000000000000000 000000005734b6e8
0x000000005b64cb90:   000000005b64cb58 000000005b64cbc0 

Instructions: (pc=0x000007fee6e45f76)
0x000007fee6e45f56:   8b d7 48 8b 01 ff 90 78 03 00 00 48 8b 5c 24 30
0x000007fee6e45f66:   48 83 c4 20 5f c3 cc cc cc cc 40 53 48 83 ec 20
0x000007fee6e45f76:   48 83 b9 58 01 00 00 00 48 8b d9 75 78 48 8b 01
0x000007fee6e45f86:   48 89 74 24 30 48 89 7c 24 38 ff 90 c8 02 00 00 


Register to memory mapping:

RAX=0x0000000000000000 is an unknown value
RBX={method} {0x000000005734b630} 'GetProperty_10' '()J' in 'vtk/vtkActor'
RCX=0x0000000000000000 is an unknown value
RDX=0x000000005b64cb58 is pointing into the stack for thread: 0x000000005acf1000
RSP=0x000000005b64caa0 is pointing into the stack for thread: 0x000000005acf1000
RBP=0x000000005b64cb38 is pointing into the stack for thread: 0x000000005acf1000
RSI=0x00000000006b15ff is an unknown value
RDI=0x000000001167e000 is an unknown value
R8 =0x0000000000000042 is an unknown value
R9 =0x00000000d6076900 is an oop
vtk.vtkActor 
 - klass: 'vtk/vtkActor'
R10=0x0000000000000022 is an unknown value
R11=0x000000005d698198 is an unknown value
R12=0x0000000000000000 is an unknown value
R13={method} {0x000000005734b630} 'GetProperty_10' '()J' in 'vtk/vtkActor'
R14=0x000000005b64cb58 is pointing into the stack for thread: 0x000000005acf1000
R15=0x000000005acf1000 is a thread


Stack: [0x000000005b550000,0x000000005b650000],  sp=0x000000005b64caa0,  free space=1010k
Native frames: (J=compiled Java code, j=interpreted, Vv=VM code, C=native code)
C  [vtkRendering.dll+0x5f76]
C  0x00000000026d7974

Java frames: (J=compiled Java code, j=interpreted, Vv=VM code)
j  vtk.vtkActor.GetProperty_10()J+0
j  vtk.vtkActor.GetProperty()Lvtk/vtkProperty;+1
j  volume_ct.Main.jButton1ActionPerformed(Ljava/awt/event/ActionEvent;)V+3
j  volume_ct.Main.access$100(Lvolume_ct/Main;Ljava/awt/event/ActionEvent;)V+2
j  volume_ct.Main$2.actionPerformed(Ljava/awt/event/ActionEvent;)V+5
j  javax.swing.AbstractButton.fireActionPerformed(Ljava/awt/event/ActionEvent;)V+83
j  javax.swing.AbstractButton$Handler.actionPerformed(Ljava/awt/event/ActionEvent;)V+5
j  javax.swing.DefaultButtonModel.fireActionPerformed(Ljava/awt/event/ActionEvent;)V+34
j  javax.swing.DefaultButtonModel.setPressed(Z)V+117
j  javax.swing.plaf.basic.BasicButtonListener.mouseReleased(Ljava/awt/event/MouseEvent;)V+35
j  java.awt.Component.processMouseEvent(Ljava/awt/event/MouseEvent;)V+64
j  javax.swing.JComponent.processMouseEvent(Ljava/awt/event/MouseEvent;)V+23
J 1136 C1 java.awt.Component.processEvent(Ljava/awt/AWTEvent;)V (220 bytes) @ 0x0000000002a81cc4 [0x0000000002a817c0+0x504]
j  java.awt.Container.processEvent(Ljava/awt/AWTEvent;)V+18
J 1115 C1 java.awt.Component.dispatchEventImpl(Ljava/awt/AWTEvent;)V (883 bytes) @ 0x0000000002a49d64 [0x0000000002a44a00+0x5364]
j  java.awt.Container.dispatchEventImpl(Ljava/awt/AWTEvent;)V+42
J 1103 C1 java.awt.Component.dispatchEvent(Ljava/awt/AWTEvent;)V (6 bytes) @ 0x0000000002a36e3c [0x0000000002a36d40+0xfc]
j  java.awt.LightweightDispatcher.retargetMouseEvent(Ljava/awt/Component;ILjava/awt/event/MouseEvent;)V+327
j  java.awt.LightweightDispatcher.processMouseEvent(Ljava/awt/event/MouseEvent;)Z+155
j  java.awt.LightweightDispatcher.dispatchEvent(Ljava/awt/AWTEvent;)Z+50
j  java.awt.Container.dispatchEventImpl(Ljava/awt/AWTEvent;)V+12
j  java.awt.Window.dispatchEventImpl(Ljava/awt/AWTEvent;)V+19
J 1108 C1 java.awt.EventQueue.dispatchEventImpl(Ljava/awt/AWTEvent;Ljava/lang/Object;)V (149 bytes) @ 0x0000000002a3a98c [0x0000000002a391c0+0x17cc]
J 1106 C1 java.awt.EventQueue$3.run()Ljava/lang/Void; (60 bytes) @ 0x0000000002a385c4 [0x0000000002a383c0+0x204]
J 1105 C1 java.awt.EventQueue$3.run()Ljava/lang/Object; (5 bytes) @ 0x0000000002a3804c [0x0000000002a37fc0+0x8c]
v  ~StubRoutines::call_stub
J 980  java.security.AccessController.doPrivileged(Ljava/security/PrivilegedAction;Ljava/security/AccessControlContext;)Ljava/lang/Object; (0 bytes) @ 0x00000000029ef3a6 [0x00000000029ef340+0x66]
J 1121 C1 java.awt.EventQueue$4.run()Ljava/lang/Object; (5 bytes) @ 0x0000000002a7146c [0x0000000002a71040+0x42c]
v  ~StubRoutines::call_stub
J 980  java.security.AccessController.doPrivileged(Ljava/security/PrivilegedAction;Ljava/security/AccessControlContext;)Ljava/lang/Object; (0 bytes) @ 0x00000000029ef3a6 [0x00000000029ef340+0x66]
J 1024 C1 java.awt.EventQueue.dispatchEvent(Ljava/awt/AWTEvent;)V (80 bytes) @ 0x0000000002a0c1b4 [0x0000000002a0b380+0xe34]
J 1026 C1 java.awt.EventDispatchThread.pumpOneEventForFilters(I)V (295 bytes) @ 0x0000000002a0f3f4 [0x0000000002a0d7c0+0x1c34]
j  java.awt.EventDispatchThread.pumpEventsForFilter(ILjava/awt/Conditional;Ljava/awt/EventFilter;)V+35
j  java.awt.EventDispatchThread.pumpEventsForHierarchy(ILjava/awt/Conditional;Ljava/awt/Component;)V+11
j  java.awt.EventDispatchThread.pumpEvents(ILjava/awt/Conditional;)V+4
j  java.awt.EventDispatchThread.pumpEvents(Ljava/awt/Conditional;)V+3
j  java.awt.EventDispatchThread.run()V+9
v  ~StubRoutines::call_stub

---------------  P R O C E S S  ---------------

Java Threads: ( => current thread )
  0x0000000058cfd000 JavaThread "D3D Screen Updater" daemon [_thread_blocked, id=4636, stack(0x000000005df30000,0x000000005e030000)]
  0x000000000046e800 JavaThread "DestroyJavaVM" [_thread_blocked, id=1180, stack(0x00000000022f0000,0x00000000023f0000)]
=>0x000000005acf1000 JavaThread "AWT-EventQueue-0" [_thread_in_native, id=3504, stack(0x000000005b550000,0x000000005b650000)]
  0x000000005ac31000 JavaThread "AWT-Windows" daemon [_thread_in_native, id=5256, stack(0x000000005b450000,0x000000005b550000)]
  0x000000005ac2f000 JavaThread "AWT-Shutdown" [_thread_blocked, id=6132, stack(0x000000005a8e0000,0x000000005a9e0000)]
  0x0000000058d99800 JavaThread "Java2D Disposer" daemon [_thread_blocked, id=6020, stack(0x000000005a3c0000,0x000000005a4c0000)]
  0x0000000058b7a800 JavaThread "Service Thread" daemon [_thread_blocked, id=792, stack(0x000000005a7d0000,0x000000005a8d0000)]
  0x0000000058b0e800 JavaThread "C1 CompilerThread3" daemon [_thread_blocked, id=5380, stack(0x000000005a680000,0x000000005a780000)]
  0x0000000058aec000 JavaThread "C2 CompilerThread2" daemon [_thread_blocked, id=3208, stack(0x000000005a4f0000,0x000000005a5f0000)]
  0x0000000058ae7000 JavaThread "C2 CompilerThread1" daemon [_thread_blocked, id=1164, stack(0x0000000059fc0000,0x000000005a0c0000)]
  0x0000000058ae0000 JavaThread "C2 CompilerThread0" daemon [_thread_blocked, id=1836, stack(0x000000005a2c0000,0x000000005a3c0000)]
  0x000000005791e800 JavaThread "Attach Listener" daemon [_thread_blocked, id=4780, stack(0x000000005a0d0000,0x000000005a1d0000)]
  0x0000000058ad0000 JavaThread "Signal Dispatcher" daemon [_thread_blocked, id=4860, stack(0x0000000059de0000,0x0000000059ee0000)]
  0x0000000057912000 JavaThread "Finalizer" daemon [_thread_blocked, id=4728, stack(0x0000000059c80000,0x0000000059d80000)]
  0x000000005790b000 JavaThread "Reference Handler" daemon [_thread_blocked, id=5876, stack(0x00000000599d0000,0x0000000059ad0000)]

Other Threads:
  0x0000000058a82800 VMThread [stack: 0x0000000059b80000,0x0000000059c80000] [id=3380]
  0x0000000058bcd800 WatcherThread [stack: 0x000000005aa50000,0x000000005ab50000] [id=6032]

VM state:not at safepoint (normal execution)

VM Mutex/Monitor currently owned by a thread: None

Heap:
 PSYoungGen      total 38400K, used 12053K [0x00000000d5700000, 0x00000000d8180000, 0x0000000100000000)
  eden space 33280K, 36% used [0x00000000d5700000,0x00000000d62c55b8,0x00000000d7780000)
  from space 5120K, 0% used [0x00000000d7c80000,0x00000000d7c80000,0x00000000d8180000)
  to   space 5120K, 0% used [0x00000000d7780000,0x00000000d7780000,0x00000000d7c80000)
 ParOldGen       total 87552K, used 0K [0x0000000080400000, 0x0000000085980000, 0x00000000d5700000)
  object space 87552K, 0% used [0x0000000080400000,0x0000000080400000,0x0000000085980000)
 Metaspace       used 14323K, capacity 14560K, committed 14848K, reserved 1062912K
  class space    used 1830K, capacity 1928K, committed 2048K, reserved 1048576K

Card table byte_map: [0x0000000011a80000,0x0000000011e80000] byte_map_base: 0x000000001167e000

Marking Bits: (ParMarkBitMap*) 0x000000005d6a64f0
 Begin Bits: [0x0000000012b40000, 0x0000000014b30000)
 End Bits:   [0x0000000014b30000, 0x0000000016b20000)

Polling page: 0x0000000000430000

CodeCache: size=245760Kb used=3963Kb max_used=3964Kb free=241796Kb
 bounds [0x00000000026c0000, 0x0000000002ab0000, 0x00000000116c0000]
 total_blobs=1703 nmethods=1184 adapters=432
 compilation: enabled

Compilation events (10 events):
Event: 22.267 Thread 0x0000000058b0e800 1180       3       sun.java2d.pipe.Region::<init> (26 bytes)
Event: 22.267 Thread 0x0000000058b0e800 nmethod 1180 0x0000000002a9db50 code [0x0000000002a9dca0, 0x0000000002a9de50]
Event: 22.268 Thread 0x0000000058b0e800 1181       3       sun.java2d.pipe.RenderBuffer::position (11 bytes)
Event: 22.268 Thread 0x0000000058b0e800 nmethod 1181 0x0000000002a9df10 code [0x0000000002a9e060, 0x0000000002a9e1b0]
Event: 22.269 Thread 0x0000000058b0e800 1182       3       sun.java2d.d3d.D3DBlitLoops::createPackedParams (60 bytes)
Event: 22.269 Thread 0x0000000058aec000 1184       4       sun.font.CompositeGlyphMapper::getCachedGlyphCode (32 bytes)
Event: 22.269 Thread 0x0000000058b0e800 nmethod 1182 0x0000000002a9e210 code [0x0000000002a9e380, 0x0000000002a9e630]
Event: 22.269 Thread 0x0000000058b0e800 1183       3       sun.java2d.d3d.D3DBlitLoops::enqueueBlit (102 bytes)
Event: 22.270 Thread 0x0000000058aec000 nmethod 1184 0x0000000002aa13d0 code [0x0000000002aa1520, 0x0000000002aa15f8]
Event: 22.271 Thread 0x0000000058b0e800 nmethod 1183 0x0000000002a9ed10 code [0x0000000002a9ef40, 0x0000000002aa05a8]

GC Heap History (0 events):
No events

Deoptimization events (4 events):
Event: 0.935 Thread 0x000000005acf1000 Uncommon trap: reason=unstable_if action=reinterpret pc=0x00000000028943a4 method=java.util.HashMap.getNode(ILjava/lang/Object;)Ljava/util/HashMap$Node; @ 84
Event: 0.936 Thread 0x000000005acf1000 Uncommon trap: reason=unstable_if action=reinterpret pc=0x00000000028a7f0c method=java.util.HashMap.getNode(ILjava/lang/Object;)Ljava/util/HashMap$Node; @ 84
Event: 1.016 Thread 0x000000005acf1000 Uncommon trap: reason=unstable_if action=reinterpret pc=0x00000000028d896c method=java.util.HashMap.putVal(ILjava/lang/Object;Ljava/lang/Object;ZZ)Ljava/lang/Object; @ 109
Event: 1.043 Thread 0x000000005acf1000 Uncommon trap: reason=unstable_if action=reinterpret pc=0x00000000028fb11c method=java.io.BufferedInputStream.read()I @ 8

Internal exceptions (10 events):
Event: 0.613 Thread 0x000000000046e800 Exception <a 'java/lang/ClassNotFoundException': ToolBar> (0x00000000d5b70fe8) thrown at [D:\re\workspace\8-2-build-windows-amd64-cygwin\jdk8u92\6642\hotspot\src\share\vm\classfile\systemDictionary.cpp, line 210]
Event: 0.613 Thread 0x000000000046e800 Exception <a 'java/lang/ClassNotFoundException': ToggleButton> (0x00000000d5b71598) thrown at [D:\re\workspace\8-2-build-windows-amd64-cygwin\jdk8u92\6642\hotspot\src\share\vm\classfile\systemDictionary.cpp, line 210]
Event: 0.613 Thread 0x000000000046e800 Exception <a 'java/lang/ClassNotFoundException': javax/swing/JToolBarSeparator> (0x00000000d5b719f8) thrown at [D:\re\workspace\8-2-build-windows-amd64-cygwin\jdk8u92\6642\hotspot\src\share\vm\classfile\systemDictionary.cpp, line 210]
Event: 0.613 Thread 0x000000000046e800 Exception <a 'java/lang/ClassNotFoundException': ToolBarSeparator> (0x00000000d5b71e90) thrown at [D:\re\workspace\8-2-build-windows-amd64-cygwin\jdk8u92\6642\hotspot\src\share\vm\classfile\systemDictionary.cpp, line 210]
Event: 0.613 Thread 0x000000000046e800 Exception <a 'java/lang/ClassNotFoundException': ToolTip> (0x00000000d5b725d0) thrown at [D:\re\workspace\8-2-build-windows-amd64-cygwin\jdk8u92\6642\hotspot\src\share\vm\classfile\systemDictionary.cpp, line 210]
Event: 0.615 Thread 0x000000000046e800 Exception <a 'java/lang/ClassNotFoundException': Tree> (0x00000000d5b731f0) thrown at [D:\re\workspace\8-2-build-windows-amd64-cygwin\jdk8u92\6642\hotspot\src\share\vm\classfile\systemDictionary.cpp, line 210]
Event: 0.615 Thread 0x000000000046e800 Exception <a 'java/lang/ClassNotFoundException': Tree> (0x00000000d5b73930) thrown at [D:\re\workspace\8-2-build-windows-amd64-cygwin\jdk8u92\6642\hotspot\src\share\vm\classfile\systemDictionary.cpp, line 210]
Event: 0.615 Thread 0x000000000046e800 Exception <a 'java/lang/ClassNotFoundException': javax/swing/JTreeCell> (0x00000000d5b73cb0) thrown at [D:\re\workspace\8-2-build-windows-amd64-cygwin\jdk8u92\6642\hotspot\src\share\vm\classfile\systemDictionary.cpp, line 210]
Event: 0.615 Thread 0x000000000046e800 Exception <a 'java/lang/ClassNotFoundException': TreeCell> (0x00000000d5b74138) thrown at [D:\re\workspace\8-2-build-windows-amd64-cygwin\jdk8u92\6642\hotspot\src\share\vm\classfile\systemDictionary.cpp, line 210]
Event: 0.615 Thread 0x000000000046e800 Exception <a 'java/lang/ClassNotFoundException': RootPane> (0x00000000d5b74b98) thrown at [D:\re\workspace\8-2-build-windows-amd64-cygwin\jdk8u92\6642\hotspot\src\share\vm\classfile\systemDictionary.cpp, line 210]

Events (10 events):
Event: 15.439 loading class java/text/CharacterIterator
Event: 15.439 loading class java/text/CharacterIterator done
Event: 15.439 loading class java/text/AttributedCharacterIterator done
Event: 15.439 loading class java/text/AttributedString$AttributedStringIterator done
Event: 15.453 Executing VM operation: RevokeBias
Event: 15.454 Executing VM operation: RevokeBias done
Event: 15.836 loading class java/awt/LightweightDispatcher$2
Event: 15.837 loading class java/awt/LightweightDispatcher$2 done
Event: 16.963 loading class javax/swing/event/ChangeEvent
Event: 16.963 loading class javax/swing/event/ChangeEvent done


Dynamic libraries:
0x000000013f030000 - 0x000000013f067000 	C:\Program Files\Java\jdk1.8.0_92\bin\java.exe
0x0000000076f30000 - 0x00000000770dc000 	C:\Windows\SYSTEM32\ntdll.dll
0x0000000076850000 - 0x000000007696f000 	C:\Windows\system32\kernel32.dll
0x000007fefd450000 - 0x000007fefd4bc000 	C:\Windows\system32\KERNELBASE.dll
0x000007fefd790000 - 0x000007fefd86b000 	C:\Windows\system32\ADVAPI32.dll
0x000007fefde10000 - 0x000007fefdeaf000 	C:\Windows\system32\msvcrt.dll
0x000007fefd770000 - 0x000007fefd78f000 	C:\Windows\SYSTEM32\sechost.dll
0x000007fefdb50000 - 0x000007fefdc7e000 	C:\Windows\system32\RPCRT4.dll
0x0000000076cd0000 - 0x0000000076dca000 	C:\Windows\system32\USER32.dll
0x000007fefd8c0000 - 0x000007fefd927000 	C:\Windows\system32\GDI32.dll
0x000007fefd930000 - 0x000007fefd93e000 	C:\Windows\system32\LPK.dll
0x000007fefdc80000 - 0x000007fefdd4a000 	C:\Windows\system32\USP10.dll
0x000007fefbe10000 - 0x000007fefc004000 	C:\Windows\WinSxS\amd64_microsoft.windows.common-controls_6595b64144ccf1df_6.0.7600.16661_none_fa62ad231704eab7\COMCTL32.dll
0x000007fefefe0000 - 0x000007feff051000 	C:\Windows\system32\SHLWAPI.dll
0x000007fefe110000 - 0x000007fefe13e000 	C:\Windows\system32\IMM32.DLL
0x000007fefe140000 - 0x000007fefe249000 	C:\Windows\system32\MSCTF.dll
0x000000006ef90000 - 0x000000006f062000 	C:\Program Files\Java\jdk1.8.0_92\jre\bin\msvcr100.dll
0x000000005ce90000 - 0x000000005d726000 	C:\Program Files\Java\jdk1.8.0_92\jre\bin\server\jvm.dll
0x000007fef8580000 - 0x000007fef8589000 	C:\Windows\system32\WSOCK32.dll
0x000007fefd870000 - 0x000007fefd8bd000 	C:\Windows\system32\WS2_32.dll
0x000007fefd940000 - 0x000007fefd948000 	C:\Windows\system32\NSI.dll
0x000007fefa450000 - 0x000007fefa48b000 	C:\Windows\system32\WINMM.dll
0x000007fefc4a0000 - 0x000007fefc4ac000 	C:\Windows\system32\VERSION.dll
0x00000000770f0000 - 0x00000000770f7000 	C:\Windows\system32\PSAPI.DLL
0x000000006f280000 - 0x000000006f28f000 	C:\Program Files\Java\jdk1.8.0_92\jre\bin\verify.dll
0x000000006f200000 - 0x000000006f229000 	C:\Program Files\Java\jdk1.8.0_92\jre\bin\java.dll
0x000000006f260000 - 0x000000006f276000 	C:\Program Files\Java\jdk1.8.0_92\jre\bin\zip.dll
0x000007fefe250000 - 0x000007fefefd7000 	C:\Windows\system32\SHELL32.dll
0x000007fefdf00000 - 0x000007fefe102000 	C:\Windows\system32\ole32.dll
0x000007fefd3a0000 - 0x000007fefd3af000 	C:\Windows\system32\profapi.dll
0x000000006dc60000 - 0x000000006ddf8000 	C:\Program Files\Java\jdk1.8.0_92\jre\bin\awt.dll
0x000007fefd9d0000 - 0x000007fefdaa7000 	C:\Windows\system32\OLEAUT32.dll
0x000007fefbad0000 - 0x000007fefbb26000 	C:\Windows\system32\uxtheme.dll
0x000007fefb6f0000 - 0x000007fefb708000 	C:\Windows\system32\dwmapi.dll
0x000007fefd290000 - 0x000007fefd29f000 	C:\Windows\system32\CRYPTBASE.dll
0x000000006ec70000 - 0x000000006ecb7000 	C:\Program Files\Java\jdk1.8.0_92\jre\bin\fontmanager.dll
0x000007fef11b0000 - 0x000007fef13af000 	C:\Windows\system32\d3d9.dll
0x000007fef6b70000 - 0x000007fef6b77000 	C:\Windows\system32\d3d8thk.dll
0x000007feee740000 - 0x000007feef5b4000 	C:\Windows\system32\nvd3dumx.dll
0x000007fefbd30000 - 0x000007fefbd5c000 	C:\Windows\system32\powrprof.dll
0x000007feff060000 - 0x000007feff237000 	C:\Windows\system32\SETUPAPI.dll
0x000007fefd5a0000 - 0x000007fefd5d6000 	C:\Windows\system32\CFGMGR32.dll
0x000007fefd5e0000 - 0x000007fefd5fa000 	C:\Windows\system32\DEVOBJ.dll
0x000007feefe40000 - 0x000007feeff98000 	C:\Program Files (x86)\NVIDIA Corporation\3D Vision\nvSCPAPI64.dll
0x000000006f1e0000 - 0x000000006f1fa000 	C:\Program Files\Java\jdk1.8.0_92\jre\bin\net.dll
0x000007fefcbd0000 - 0x000007fefcc24000 	C:\Windows\system32\mswsock.dll
0x000007fefcbc0000 - 0x000007fefcbc7000 	C:\Windows\System32\wship6.dll
0x000000006ef70000 - 0x000000006ef81000 	C:\Program Files\Java\jdk1.8.0_92\jre\bin\nio.dll
0x000000006e480000 - 0x000000006e4c2000 	C:\Program Files\Java\jdk1.8.0_92\jre\bin\t2k.dll
0x000007feee250000 - 0x000007feee2be000 	C:\vtkBin\bin\vtkCommonJava.dll
0x000007fee8d10000 - 0x000007fee8f58000 	C:\vtkBin\bin\vtkCommon.dll
0x000007feee2e0000 - 0x000007feee323000 	C:\vtkBin\bin\vtksys.dll
0x0000000067160000 - 0x00000000671f8000 	C:\Windows\system32\MSVCP100.dll
0x000007fee9110000 - 0x000007fee91b0000 	C:\vtkBin\bin\vtkFilteringJava.dll
0x000007fee8a10000 - 0x000007fee8d0c000 	C:\vtkBin\bin\vtkFiltering.dll
0x000007fee90b0000 - 0x000007fee9106000 	C:\vtkBin\bin\vtkIOJava.dll
0x000007fee85e0000 - 0x000007fee8a04000 	C:\vtkBin\bin\vtkIO.dll
0x000007fee9080000 - 0x000007fee90a2000 	C:\vtkBin\bin\vtkDICOMParser.dll
0x000007fee8fb0000 - 0x000007fee9076000 	C:\vtkBin\bin\vtkNetCDF.dll
0x000007fee83d0000 - 0x000007fee85dd000 	C:\vtkBin\bin\vtkhdf5.dll
0x000007feee2c0000 - 0x000007feee2d4000 	C:\vtkBin\bin\vtkzlib.dll
0x000007fee8f80000 - 0x000007fee8fad000 	C:\vtkBin\bin\vtkhdf5_hl.dll
0x000007feefe00000 - 0x000007feefe20000 	C:\vtkBin\bin\vtkNetCDF_cxx.dll
0x000007fee8f60000 - 0x000007fee8f78000 	C:\vtkBin\bin\LSDyna.dll
0x000007fee82b0000 - 0x000007fee833f000 	C:\vtkBin\bin\vtkmetaio.dll
0x000007fee83a0000 - 0x000007fee83c4000 	C:\vtkBin\bin\vtkpng.dll
0x000007fee8370000 - 0x000007fee8397000 	C:\vtkBin\bin\vtkjpeg.dll
0x000007fee8250000 - 0x000007fee82a1000 	C:\vtkBin\bin\vtktiff.dll
0x000007fee8340000 - 0x000007fee8363000 	C:\vtkBin\bin\vtkexpat.dll
0x000007fee8210000 - 0x000007fee822f000 	C:\Windows\system32\AVIFIL32.dll
0x000007fee8230000 - 0x000007fee8248000 	C:\Windows\system32\MSACM32.dll
0x000007fee81b0000 - 0x000007fee81d9000 	C:\Windows\system32\MSVFW32.dll
0x000007fee8160000 - 0x000007fee81a7000 	C:\vtkBin\bin\vtkImagingJava.dll
0x000007fee7ed0000 - 0x000007fee8159000 	C:\vtkBin\bin\vtkImaging.dll
0x000007fee7e30000 - 0x000007fee7ec7000 	C:\vtkBin\bin\vtkGraphicsJava.dll
0x000007fee7930000 - 0x000007fee7e22000 	C:\vtkBin\bin\vtkGraphics.dll
0x000007fee81e0000 - 0x000007fee8210000 	C:\vtkBin\bin\vtkverdict.dll
0x000007fee7810000 - 0x000007fee7899000 	C:\vtkBin\bin\vtkRenderingJava.dll
0x000007fee6e40000 - 0x000007fee71db000 	C:\vtkBin\bin\vtkRendering.dll
0x000007fef2590000 - 0x000007fef259f000 	C:\vtkBin\bin\vtkftgl.dll
0x000007fef68c0000 - 0x000007fef69dd000 	C:\Windows\system32\OPENGL32.dll
0x000007fef6890000 - 0x000007fef68bd000 	C:\Windows\system32\GLU32.dll
0x000007fef6790000 - 0x000007fef6881000 	C:\Windows\system32\DDRAW.dll
0x000007fef98a0000 - 0x000007fef98a8000 	C:\Windows\system32\DCIMAN32.dll
0x000007fee78b0000 - 0x000007fee7925000 	C:\vtkBin\bin\vtkfreetype.dll
0x00000000700b0000 - 0x00000000700b7000 	C:\vtkBin\bin\jawt.dll
0x000007fee7750000 - 0x000007fee77a1000 	C:\vtkBin\bin\vtkHybridJava.dll
0x000007fee7380000 - 0x000007fee7573000 	C:\vtkBin\bin\vtkHybrid.dll
0x000007fee77c0000 - 0x000007fee7801000 	C:\vtkBin\bin\vtkexoIIc.dll
0x000007fee7730000 - 0x000007fee7747000 	C:\Windows\system32\AVICAP32.dll
0x000007fee7350000 - 0x000007fee7375000 	C:\vtkBin\bin\vtkVolumeRenderingJava.dll
0x000007fee6a10000 - 0x000007fee6e31000 	C:\vtkBin\bin\vtkVolumeRendering.dll
0x000007fee72f0000 - 0x000007fee734c000 	C:\vtkBin\bin\vtkWidgetsJava.dll
0x000007fee68b0000 - 0x000007fee6a0e000 	C:\vtkBin\bin\vtkWidgets.dll
0x000000006e450000 - 0x000000006e47a000 	C:\Program Files\Java\jdk1.8.0_92\jre\bin\dcpr.dll
0x0000000130030000 - 0x0000000131ae8000 	C:\Windows\system32\nvoglv64.DLL
0x000007fefd560000 - 0x000007fefd599000 	C:\Windows\system32\WINTRUST.dll
0x000007fefd600000 - 0x000007fefd76a000 	C:\Windows\system32\CRYPT32.dll
0x000007fefd440000 - 0x000007fefd44f000 	C:\Windows\system32\MSASN1.dll
0x000007fef9a80000 - 0x000007fef9aad000 	C:\Windows\system32\ntmarta.dll
0x000007fefdeb0000 - 0x000007fefdf00000 	C:\Windows\system32\WLDAP32.dll
0x000007fef3740000 - 0x000007fef3865000 	C:\Windows\system32\dbghelp.dll

VM Arguments:
jvm_args: -Dfile.encoding=UTF-8 
java_command: volume_ct.Main
java_class_path (initial): C:\vtkBin\bin\vtk.jar;C:\Program Files\NetBeans 8.0.2\java\modules\ext\beansbinding-1.2.1.jar;C:\Users\IMG_1\Desktop\project_vtk\volume_ct\build\classes
Launcher Type: SUN_STANDARD

Environment Variables:
CLASSPATH=C:\Users\IMG_1\Downloads\JavaCV\opencv\build\x86\vc10\lib;
PATH=C:\ProgramData\Oracle\Java\javapath;C:\Program Files\NVIDIA GPU Computing Toolkit\CUDA\v5.5\bin;C:\Program Files\NVIDIA GPU Computing Toolkit\CUDA\v5.5\libnvvp;C:\Program Files\Common Files\Microsoft Shared\Windows Live;C:\Program Files (x86)\Common Files\Microsoft Shared\Windows Live;C:\Program Files (x86)\NVIDIA Corporation\PhysX\Common;C:\Windows\system32;C:\Windows;C:\Windows\System32\Wbem;C:\Windows\System32\WindowsPowerShell\v1.0\;C:\Program Files (x86)\Microsoft SQL Server\90\Tools\binn\;C:\Program Files (x86)\Windows Live\Shared;C:\ProgramData\NVIDIA Corporation\NVIDIA GPU Computing SDK 4.2\C\common\bin;C:\Program Files\Microsoft\Web Platform Installer\;C:\Program Files (x86)\Microsoft ASP.NET\ASP.NET Web Pages\v1.0\;C:\Program Files\Microsoft SQL Server\110\Tools\Binn\;C:\Program Files (x86)\CMake\bin;C:\Program Files\MATLAB\R2013a\bin;C:\Program Files\Git\cmd;D:\laragon\bin\php\php-5.6.13;C:\ProgramData\ComposerSetup\bin;C:\lib\opencv\x64;C:\Program Files\ImageJ\plugins;C:\Program Files\ImageJ;C:\vtkBin\bin;C:\simpleitk;C:\Users\IMG_1\Downloads\JavaCV\opencv\build\common\tbb\ia32\vc10; C:\Users\IMG_1\Downloads\JavaCV\opencv\build\x86\vc10;C:\Users\IMG_1\Downloads\JavaCV\opencv\build\x64\vc10;C:\MinGW\bin;C:\MinGW\msys\1.0\bin;C:\Users\IMG_1\Desktop\vtk_bin07\bin\Debug;C:\Users\IMG_1\Desktop\vtk_12\bin\Release
USERNAME=IMG_1
OS=Windows_NT
PROCESSOR_IDENTIFIER=Intel64 Family 6 Model 42 Stepping 7, GenuineIntel



---------------  S Y S T E M  ---------------

OS: Windows 7 , 64 bit Build 7600 (6.1.7600.17206)

CPU:total 8 (4 cores per cpu, 2 threads per core) family 6 model 42 stepping 7, cmov, cx8, fxsr, mmx, sse, sse2, sse3, ssse3, sse4.1, sse4.2, popcnt, aes, clmul, ht, tsc, tscinvbit

Memory: 4k page, physical 8370488k(1216184k free), swap 16739068k(7450364k free)

vm_info: Java HotSpot(TM) 64-Bit Server VM (25.92-b14) for windows-amd64 JRE (1.8.0_92-b14), built on Mar 31 2016 21:03:04 by "java_re" with MS VC++ 10.0 (VS2010)

time: Mon Jul 04 13:49:35 2016
elapsed time: 22 seconds (0d 0h 0m 22s)

