#
# A fatal error has been detected by the Java Runtime Environment:
#
#  EXCEPTION_ACCESS_VIOLATION (0xc0000005) at pc=0x0000000000000000, pid=1980, tid=0x0000000000001510
#
# JRE version: Java(TM) SE Runtime Environment (8.0_92-b14) (build 1.8.0_92-b14)
# Java VM: Java HotSpot(TM) 64-Bit Server VM (25.92-b14 mixed mode windows-amd64 compressed oops)
# Problematic frame:
# C  0x0000000000000000
#
# Failed to write core dump. Minidumps are not enabled by default on client versions of Windows
#
# If you would like to submit a bug report, please visit:
#   http://bugreport.java.com/bugreport/crash.jsp
# The crash happened outside the Java Virtual Machine in native code.
# See problematic frame for where to report the bug.
#

---------------  T H R E A D  ---------------

Current thread (0x000000001ac78000):  JavaThread "AWT-EventQueue-0" [_thread_in_native, id=5392, stack(0x000000001c1e0000,0x000000001c2e0000)]

siginfo: ExceptionCode=0xc0000005, ExceptionInformation=0x0000000000000008 0x0000000000000000

Registers:
RAX=0x000000001b0d3af0, RBX=0x000000001755d120, RCX=0x000000001b0d3af0, RDX=0x0000000021b7d720
RSP=0x000000001c2dcda8, RBP=0x000000001c2dce28, RSI=0x0000000000000001, RDI=0x00000000028a835d
R8 =0x0000000021b7a710, R9 =0x00000000d6069030, R10=0x0000000000000012, R11=0x00000000572e8198
R12=0x0000000000000000, R13=0x000000001755d120, R14=0x000000001c2dce50, R15=0x000000001ac78000
RIP=0x0000000000000000, EFLAGS=0x0000000000010206

Top of Stack: (sp=0x000000001c2dcda8)
0x000000001c2dcda8:   00000000028b7994 000000001755d120
0x000000001c2dcdb8:   0000000000000001 000000001de8fbd0
0x000000001c2dcdc8:   0000000000000000 000000001754a008
0x000000001c2dcdd8:   0000000000000000 000000001c2dcdf8
0x000000001c2dcde8:   000000001c2dcde8 0000000000000000
0x000000001c2dcdf8:   000000001c2dce50 000000001756d6a0
0x000000001c2dce08:   0000000000000000 000000001755d120
0x000000001c2dce18:   0000000000000000 000000001c2dce48
0x000000001c2dce28:   000000001c2dce98 00000000028a835d
0x000000001c2dce38:   0000000000000000 00000000028b19d8
0x000000001c2dce48:   00000000d645f840 00000000d6069030
0x000000001c2dce58:   000000001c2dce58 000000001755d1ba
0x000000001c2dce68:   000000001c2dceb0 000000001756d6a0
0x000000001c2dce78:   0000000000000000 000000001755d1c8
0x000000001c2dce88:   000000001c2dce48 000000001c2dcea8
0x000000001c2dce98:   000000001c2dcef8 00000000028a835d 

Instructions: (pc=0x0000000000000000)
0xffffffffffffffe0:   


Register to memory mapping:

RAX=0x000000001b0d3af0 is an unknown value
RBX={method} {0x000000001755d128} 'SetMapper_16' '(Lvtk/vtkMapper;)V' in 'vtk/vtkActor'
RCX=0x000000001b0d3af0 is an unknown value
RDX=0x0000000021b7d720 is an unknown value
RSP=0x000000001c2dcda8 is pointing into the stack for thread: 0x000000001ac78000
RBP=0x000000001c2dce28 is pointing into the stack for thread: 0x000000001ac78000
RSI=0x0000000000000001 is an unknown value
RDI=0x00000000028a835d is at code_begin+2301 in an Interpreter codelet
invoke return entry points  [0x00000000028a7a60, 0x00000000028a8440]  2528 bytes
R8 =0x0000000021b7a710 is an unknown value
R9 =0x00000000d6069030 is an oop
vtk.vtkActor 
 - klass: 'vtk/vtkActor'
R10=0x0000000000000012 is an unknown value
R11=0x00000000572e8198 is an unknown value
R12=0x0000000000000000 is an unknown value
R13={method} {0x000000001755d128} 'SetMapper_16' '(Lvtk/vtkMapper;)V' in 'vtk/vtkActor'
R14=0x000000001c2dce50 is pointing into the stack for thread: 0x000000001ac78000
R15=0x000000001ac78000 is a thread


Stack: [0x000000001c1e0000,0x000000001c2e0000],  sp=0x000000001c2dcda8,  free space=1011k
Native frames: (J=compiled Java code, j=interpreted, Vv=VM code, C=native code)

Java frames: (J=compiled Java code, j=interpreted, Vv=VM code)
j  vtk.vtkActor.SetMapper_16(Lvtk/vtkMapper;)V+0
j  vtk.vtkActor.SetMapper(Lvtk/vtkMapper;)V+2
j  volume_ct.Main.jButton2ActionPerformed(Ljava/awt/event/ActionEvent;)V+119
j  volume_ct.Main.access$600(Lvolume_ct/Main;Ljava/awt/event/ActionEvent;)V+2
j  volume_ct.Main$7.actionPerformed(Ljava/awt/event/ActionEvent;)V+5
j  javax.swing.AbstractButton.fireActionPerformed(Ljava/awt/event/ActionEvent;)V+83
j  javax.swing.AbstractButton$Handler.actionPerformed(Ljava/awt/event/ActionEvent;)V+5
j  javax.swing.DefaultButtonModel.fireActionPerformed(Ljava/awt/event/ActionEvent;)V+34
j  javax.swing.DefaultButtonModel.setPressed(Z)V+117
j  javax.swing.plaf.basic.BasicButtonListener.mouseReleased(Ljava/awt/event/MouseEvent;)V+35
j  java.awt.Component.processMouseEvent(Ljava/awt/event/MouseEvent;)V+64
j  javax.swing.JComponent.processMouseEvent(Ljava/awt/event/MouseEvent;)V+23
j  java.awt.Component.processEvent(Ljava/awt/AWTEvent;)V+81
j  java.awt.Container.processEvent(Ljava/awt/AWTEvent;)V+18
J 1263 C1 java.awt.Component.dispatchEventImpl(Ljava/awt/AWTEvent;)V (883 bytes) @ 0x0000000002c8703c [0x0000000002c81b40+0x54fc]
J 1272 C1 java.awt.Container.dispatchEventImpl(Ljava/awt/AWTEvent;)V (129 bytes) @ 0x0000000002cb26c4 [0x0000000002cb2580+0x144]
J 1206 C1 java.awt.Component.dispatchEvent(Ljava/awt/AWTEvent;)V (6 bytes) @ 0x0000000002c51084 [0x0000000002c50f80+0x104]
j  java.awt.LightweightDispatcher.retargetMouseEvent(Ljava/awt/Component;ILjava/awt/event/MouseEvent;)V+327
j  java.awt.LightweightDispatcher.processMouseEvent(Ljava/awt/event/MouseEvent;)Z+155
j  java.awt.LightweightDispatcher.dispatchEvent(Ljava/awt/AWTEvent;)Z+50
J 1272 C1 java.awt.Container.dispatchEventImpl(Ljava/awt/AWTEvent;)V (129 bytes) @ 0x0000000002cb2664 [0x0000000002cb2580+0xe4]
J 1435 C1 java.awt.Window.dispatchEventImpl(Ljava/awt/AWTEvent;)V (23 bytes) @ 0x0000000002d25824 [0x0000000002d25240+0x5e4]
J 1226 C1 java.awt.EventQueue.dispatchEventImpl(Ljava/awt/AWTEvent;Ljava/lang/Object;)V (149 bytes) @ 0x0000000002c633fc [0x0000000002c61bc0+0x183c]
J 1224 C1 java.awt.EventQueue$3.run()Ljava/lang/Void; (60 bytes) @ 0x0000000002c6010c [0x0000000002c5ff00+0x20c]
J 1223 C1 java.awt.EventQueue$3.run()Ljava/lang/Object; (5 bytes) @ 0x0000000002c5fb8c [0x0000000002c5fb00+0x8c]
v  ~StubRoutines::call_stub
J 1060  java.security.AccessController.doPrivileged(Ljava/security/PrivilegedAction;Ljava/security/AccessControlContext;)Ljava/lang/Object; (0 bytes) @ 0x0000000002bedd26 [0x0000000002bedcc0+0x66]
J 1294 C1 java.awt.EventQueue$4.run()Ljava/lang/Object; (5 bytes) @ 0x0000000002cc2dec [0x0000000002cc29c0+0x42c]
v  ~StubRoutines::call_stub
J 1060  java.security.AccessController.doPrivileged(Ljava/security/PrivilegedAction;Ljava/security/AccessControlContext;)Ljava/lang/Object; (0 bytes) @ 0x0000000002bedd26 [0x0000000002bedcc0+0x66]
J 1137 C1 java.awt.EventQueue.dispatchEvent(Ljava/awt/AWTEvent;)V (80 bytes) @ 0x0000000002c19fbc [0x0000000002c19140+0xe7c]
J 1141 C1 java.awt.EventDispatchThread.pumpOneEventForFilters(I)V (295 bytes) @ 0x0000000002c204b4 [0x0000000002c1e800+0x1cb4]
j  java.awt.EventDispatchThread.pumpEventsForFilter(ILjava/awt/Conditional;Ljava/awt/EventFilter;)V+35
j  java.awt.EventDispatchThread.pumpEventsForHierarchy(ILjava/awt/Conditional;Ljava/awt/Component;)V+11
j  java.awt.EventDispatchThread.pumpEvents(ILjava/awt/Conditional;)V+4
j  java.awt.EventDispatchThread.pumpEvents(Ljava/awt/Conditional;)V+3
j  java.awt.EventDispatchThread.run()V+9
v  ~StubRoutines::call_stub

---------------  P R O C E S S  ---------------

Java Threads: ( => current thread )
  0x000000001b176000 JavaThread "D3D Screen Updater" daemon [_thread_blocked, id=4576, stack(0x00000000205a0000,0x00000000206a0000)]
  0x000000001aeab800 JavaThread "TimerQueue" daemon [_thread_blocked, id=1932, stack(0x000000001dc30000,0x000000001dd30000)]
  0x000000000224e800 JavaThread "DestroyJavaVM" [_thread_blocked, id=1824, stack(0x00000000024d0000,0x00000000025d0000)]
=>0x000000001ac78000 JavaThread "AWT-EventQueue-0" [_thread_in_native, id=5392, stack(0x000000001c1e0000,0x000000001c2e0000)]
  0x0000000018f1e800 JavaThread "AWT-Windows" daemon [_thread_in_native, id=3604, stack(0x000000001a880000,0x000000001a980000)]
  0x0000000018f1c000 JavaThread "AWT-Shutdown" [_thread_blocked, id=1272, stack(0x000000001b7d0000,0x000000001b8d0000)]
  0x0000000018f1b000 JavaThread "Java2D Disposer" daemon [_thread_blocked, id=5100, stack(0x000000001b670000,0x000000001b770000)]
  0x0000000018c7b800 JavaThread "Service Thread" daemon [_thread_blocked, id=6016, stack(0x000000001a9c0000,0x000000001aac0000)]
  0x0000000018bfa000 JavaThread "C1 CompilerThread3" daemon [_thread_blocked, id=5588, stack(0x000000001a490000,0x000000001a590000)]
  0x0000000018beb800 JavaThread "C2 CompilerThread2" daemon [_thread_blocked, id=4584, stack(0x000000001a750000,0x000000001a850000)]
  0x0000000018be2000 JavaThread "C2 CompilerThread1" daemon [_thread_blocked, id=220, stack(0x000000001a610000,0x000000001a710000)]
  0x0000000018bda800 JavaThread "C2 CompilerThread0" daemon [_thread_blocked, id=5656, stack(0x000000001a370000,0x000000001a470000)]
  0x0000000018bd8000 JavaThread "Attach Listener" daemon [_thread_blocked, id=6076, stack(0x000000001a030000,0x000000001a130000)]
  0x0000000018bd6800 JavaThread "Signal Dispatcher" daemon [_thread_blocked, id=4740, stack(0x000000001a130000,0x000000001a230000)]
  0x0000000017b1d000 JavaThread "Finalizer" daemon [_thread_blocked, id=5648, stack(0x0000000019d10000,0x0000000019e10000)]
  0x0000000017b16800 JavaThread "Reference Handler" daemon [_thread_blocked, id=5952, stack(0x0000000019e60000,0x0000000019f60000)]

Other Threads:
  0x0000000018b81000 VMThread [stack: 0x0000000019bc0000,0x0000000019cc0000] [id=5740]
  0x0000000018c9d000 WatcherThread [stack: 0x000000001a240000,0x000000001a340000] [id=1352]

VM state:not at safepoint (normal execution)

VM Mutex/Monitor currently owned by a thread: None

Heap:
 PSYoungGen      total 38400K, used 13994K [0x00000000d5700000, 0x00000000d8180000, 0x0000000100000000)
  eden space 33280K, 42% used [0x00000000d5700000,0x00000000d64aa8b8,0x00000000d7780000)
  from space 5120K, 0% used [0x00000000d7c80000,0x00000000d7c80000,0x00000000d8180000)
  to   space 5120K, 0% used [0x00000000d7780000,0x00000000d7780000,0x00000000d7c80000)
 ParOldGen       total 87552K, used 0K [0x0000000080400000, 0x0000000085980000, 0x00000000d5700000)
  object space 87552K, 0% used [0x0000000080400000,0x0000000080400000,0x0000000085980000)
 Metaspace       used 14769K, capacity 15020K, committed 15360K, reserved 1062912K
  class space    used 1870K, capacity 1952K, committed 2048K, reserved 1048576K

Card table byte_map: [0x0000000011c60000,0x0000000012060000] byte_map_base: 0x000000001185e000

Marking Bits: (ParMarkBitMap*) 0x00000000572f64f0
 Begin Bits: [0x0000000012d50000, 0x0000000014d40000)
 End Bits:   [0x0000000014d40000, 0x0000000016d30000)

Polling page: 0x0000000000330000

CodeCache: size=245760Kb used=4625Kb max_used=4625Kb free=241134Kb
 bounds [0x00000000028a0000, 0x0000000002d30000, 0x00000000118a0000]
 total_blobs=1959 nmethods=1437 adapters=435
 compilation: enabled

Compilation events (10 events):
Event: 4.782 Thread 0x0000000018bfa000 1433       3       java.awt.Component::areInputMethodsEnabled (39 bytes)
Event: 4.782 Thread 0x0000000018bfa000 nmethod 1433 0x0000000002d24010 code [0x0000000002d24160, 0x0000000002d243b0]
Event: 4.782 Thread 0x0000000018bfa000 1434       3       java.awt.Component::eventTypeEnabled (487 bytes)
Event: 4.783 Thread 0x0000000018bfa000 nmethod 1434 0x0000000002d24410 code [0x0000000002d245c0, 0x0000000002d25030]
Event: 4.806 Thread 0x0000000018bfa000 1435       3       java.awt.Window::dispatchEventImpl (23 bytes)
Event: 4.806 Thread 0x0000000018bfa000 nmethod 1435 0x0000000002d25090 code [0x0000000002d25240, 0x0000000002d25998]
Event: 4.830 Thread 0x0000000018bfa000 1436       3       java.awt.LightweightDispatcher::retargetMouseEnterExit (79 bytes)
Event: 4.831 Thread 0x0000000018bfa000 nmethod 1436 0x0000000002d25b90 code [0x0000000002d25d40, 0x0000000002d26318]
Event: 4.831 Thread 0x0000000018bfa000 1437       3       java.awt.LightweightDispatcher::isMouseGrab (49 bytes)
Event: 4.831 Thread 0x0000000018bfa000 nmethod 1437 0x0000000002d26490 code [0x0000000002d26620, 0x0000000002d26c38]

GC Heap History (0 events):
No events

Deoptimization events (6 events):
Event: 0.329 Thread 0x000000001ac78000 Uncommon trap: reason=unstable_if action=reinterpret pc=0x0000000002a74834 method=java.util.HashMap.getNode(ILjava/lang/Object;)Ljava/util/HashMap$Node; @ 84
Event: 0.362 Thread 0x0000000018f1e800 Uncommon trap: reason=unstable_if action=reinterpret pc=0x0000000002ab6404 method=java.util.HashMap.putVal(ILjava/lang/Object;Ljava/lang/Object;ZZ)Ljava/lang/Object; @ 206
Event: 0.389 Thread 0x000000001ac78000 Uncommon trap: reason=unstable_if action=reinterpret pc=0x0000000002a8a2e0 method=java.util.HashMap.getNode(ILjava/lang/Object;)Ljava/util/HashMap$Node; @ 84
Event: 0.390 Thread 0x000000001ac78000 Uncommon trap: reason=unstable_if action=reinterpret pc=0x0000000002ada988 method=java.util.HashMap.putVal(ILjava/lang/Object;Ljava/lang/Object;ZZ)Ljava/lang/Object; @ 109
Event: 0.405 Thread 0x000000001ac78000 Uncommon trap: reason=unstable_if action=reinterpret pc=0x0000000002af08ac method=java.io.BufferedInputStream.read()I @ 8
Event: 2.347 Thread 0x000000001ac78000 Uncommon trap: reason=unstable_if action=reinterpret pc=0x0000000002bbb040 method=java.awt.MultipleGradientPaintContext.indexIntoGradientsArrays(F)I @ 93

Internal exceptions (10 events):
Event: 0.243 Thread 0x000000000224e800 Exception <a 'java/lang/ClassNotFoundException': ToolBar> (0x00000000d5b90038) thrown at [D:\re\workspace\8-2-build-windows-amd64-cygwin\jdk8u92\6642\hotspot\src\share\vm\classfile\systemDictionary.cpp, line 210]
Event: 0.243 Thread 0x000000000224e800 Exception <a 'java/lang/ClassNotFoundException': ToggleButton> (0x00000000d5b905e8) thrown at [D:\re\workspace\8-2-build-windows-amd64-cygwin\jdk8u92\6642\hotspot\src\share\vm\classfile\systemDictionary.cpp, line 210]
Event: 0.243 Thread 0x000000000224e800 Exception <a 'java/lang/ClassNotFoundException': javax/swing/JToolBarSeparator> (0x00000000d5b90a48) thrown at [D:\re\workspace\8-2-build-windows-amd64-cygwin\jdk8u92\6642\hotspot\src\share\vm\classfile\systemDictionary.cpp, line 210]
Event: 0.243 Thread 0x000000000224e800 Exception <a 'java/lang/ClassNotFoundException': ToolBarSeparator> (0x00000000d5b90ee0) thrown at [D:\re\workspace\8-2-build-windows-amd64-cygwin\jdk8u92\6642\hotspot\src\share\vm\classfile\systemDictionary.cpp, line 210]
Event: 0.243 Thread 0x000000000224e800 Exception <a 'java/lang/ClassNotFoundException': ToolTip> (0x00000000d5b91620) thrown at [D:\re\workspace\8-2-build-windows-amd64-cygwin\jdk8u92\6642\hotspot\src\share\vm\classfile\systemDictionary.cpp, line 210]
Event: 0.243 Thread 0x000000000224e800 Exception <a 'java/lang/ClassNotFoundException': Tree> (0x00000000d5b92240) thrown at [D:\re\workspace\8-2-build-windows-amd64-cygwin\jdk8u92\6642\hotspot\src\share\vm\classfile\systemDictionary.cpp, line 210]
Event: 0.244 Thread 0x000000000224e800 Exception <a 'java/lang/ClassNotFoundException': Tree> (0x00000000d5b92980) thrown at [D:\re\workspace\8-2-build-windows-amd64-cygwin\jdk8u92\6642\hotspot\src\share\vm\classfile\systemDictionary.cpp, line 210]
Event: 0.244 Thread 0x000000000224e800 Exception <a 'java/lang/ClassNotFoundException': javax/swing/JTreeCell> (0x00000000d5b92d00) thrown at [D:\re\workspace\8-2-build-windows-amd64-cygwin\jdk8u92\6642\hotspot\src\share\vm\classfile\systemDictionary.cpp, line 210]
Event: 0.244 Thread 0x000000000224e800 Exception <a 'java/lang/ClassNotFoundException': TreeCell> (0x00000000d5b93188) thrown at [D:\re\workspace\8-2-build-windows-amd64-cygwin\jdk8u92\6642\hotspot\src\share\vm\classfile\systemDictionary.cpp, line 210]
Event: 0.244 Thread 0x000000000224e800 Exception <a 'java/lang/ClassNotFoundException': RootPane> (0x00000000d5b93be8) thrown at [D:\re\workspace\8-2-build-windows-amd64-cygwin\jdk8u92\6642\hotspot\src\share\vm\classfile\systemDictionary.cpp, line 210]

Events (10 events):
Event: 1.638 loading class java/awt/Container$MouseEventTargetFilter done
Event: 1.639 loading class java/awt/LightweightDispatcher$1
Event: 1.639 loading class java/awt/LightweightDispatcher$1 done
Event: 2.347 Thread 0x000000001ac78000 Uncommon trap: trap_request=0xffffff65 fr.pc=0x0000000002bbb040
Event: 2.347 Thread 0x000000001ac78000 DEOPT PACKING pc=0x0000000002bbb040 sp=0x000000001c2dbff0
Event: 2.347 Thread 0x000000001ac78000 DEOPT UNPACKING pc=0x00000000028e582a sp=0x000000001c2dbf90 mode 2
Event: 4.115 Executing VM operation: EnableBiasedLocking
Event: 4.115 Executing VM operation: EnableBiasedLocking done
Event: 4.397 Thread 0x000000001ac78000 DEOPT PACKING pc=0x0000000002c2c254 sp=0x000000001c2dbe50
Event: 4.397 Thread 0x000000001ac78000 DEOPT UNPACKING pc=0x00000000028e747f sp=0x000000001c2dbb60 mode 0


Dynamic libraries:
0x000000013fc40000 - 0x000000013fc77000 	C:\Program Files\Java\jdk1.8.0_92\bin\java.exe
0x0000000076f30000 - 0x00000000770dc000 	C:\Windows\SYSTEM32\ntdll.dll
0x0000000076850000 - 0x000000007696f000 	C:\Windows\system32\kernel32.dll
0x000007fefd450000 - 0x000007fefd4bc000 	C:\Windows\system32\KERNELBASE.dll
0x000007fefd790000 - 0x000007fefd86b000 	C:\Windows\system32\ADVAPI32.dll
0x000007fefde10000 - 0x000007fefdeaf000 	C:\Windows\system32\msvcrt.dll
0x000007fefd770000 - 0x000007fefd78f000 	C:\Windows\SYSTEM32\sechost.dll
0x000007fefdb50000 - 0x000007fefdc7e000 	C:\Windows\system32\RPCRT4.dll
0x0000000076cd0000 - 0x0000000076dca000 	C:\Windows\system32\USER32.dll
0x000007fefd8c0000 - 0x000007fefd927000 	C:\Windows\system32\GDI32.dll
0x000007fefd930000 - 0x000007fefd93e000 	C:\Windows\system32\LPK.dll
0x000007fefdc80000 - 0x000007fefdd4a000 	C:\Windows\system32\USP10.dll
0x000007fefbe10000 - 0x000007fefc004000 	C:\Windows\WinSxS\amd64_microsoft.windows.common-controls_6595b64144ccf1df_6.0.7600.16661_none_fa62ad231704eab7\COMCTL32.dll
0x000007fefefe0000 - 0x000007feff051000 	C:\Windows\system32\SHLWAPI.dll
0x000007fefe110000 - 0x000007fefe13e000 	C:\Windows\system32\IMM32.DLL
0x000007fefe140000 - 0x000007fefe249000 	C:\Windows\system32\MSCTF.dll
0x000000005fd00000 - 0x000000005fdd2000 	C:\Program Files\Java\jdk1.8.0_92\jre\bin\msvcr100.dll
0x0000000056ae0000 - 0x0000000057376000 	C:\Program Files\Java\jdk1.8.0_92\jre\bin\server\jvm.dll
0x000007fef6b90000 - 0x000007fef6b99000 	C:\Windows\system32\WSOCK32.dll
0x000007fefd870000 - 0x000007fefd8bd000 	C:\Windows\system32\WS2_32.dll
0x000007fefd940000 - 0x000007fefd948000 	C:\Windows\system32\NSI.dll
0x000007fefa450000 - 0x000007fefa48b000 	C:\Windows\system32\WINMM.dll
0x000007fefc4a0000 - 0x000007fefc4ac000 	C:\Windows\system32\VERSION.dll
0x00000000770f0000 - 0x00000000770f7000 	C:\Windows\system32\PSAPI.DLL
0x000000006efd0000 - 0x000000006efdf000 	C:\Program Files\Java\jdk1.8.0_92\jre\bin\verify.dll
0x0000000056ab0000 - 0x0000000056ad9000 	C:\Program Files\Java\jdk1.8.0_92\jre\bin\java.dll
0x0000000056a90000 - 0x0000000056aa6000 	C:\Program Files\Java\jdk1.8.0_92\jre\bin\zip.dll
0x000007fefe250000 - 0x000007fefefd7000 	C:\Windows\system32\SHELL32.dll
0x000007fefdf00000 - 0x000007fefe102000 	C:\Windows\system32\ole32.dll
0x000007fefd3a0000 - 0x000007fefd3af000 	C:\Windows\system32\profapi.dll
0x0000000056610000 - 0x00000000567a8000 	C:\Program Files\Java\jdk1.8.0_92\jre\bin\awt.dll
0x000007fefd9d0000 - 0x000007fefdaa7000 	C:\Windows\system32\OLEAUT32.dll
0x000007feee630000 - 0x000007feee69e000 	C:\vtkBin\bin\vtkCommonJava.dll
0x000007feea6d0000 - 0x000007feea918000 	C:\vtkBin\bin\vtkCommon.dll
0x000007feee5e0000 - 0x000007feee623000 	C:\vtkBin\bin\vtksys.dll
0x0000000067160000 - 0x00000000671f8000 	C:\Windows\system32\MSVCP100.dll
0x000007feee540000 - 0x000007feee5e0000 	C:\vtkBin\bin\vtkFilteringJava.dll
0x000007feea3d0000 - 0x000007feea6cc000 	C:\vtkBin\bin\vtkFiltering.dll
0x000007feee360000 - 0x000007feee3b6000 	C:\vtkBin\bin\vtkIOJava.dll
0x000007fee9fa0000 - 0x000007feea3c4000 	C:\vtkBin\bin\vtkIO.dll
0x000007feee330000 - 0x000007feee352000 	C:\vtkBin\bin\vtkDICOMParser.dll
0x000007feee260000 - 0x000007feee326000 	C:\vtkBin\bin\vtkNetCDF.dll
0x000007fee9d90000 - 0x000007fee9f9d000 	C:\vtkBin\bin\vtkhdf5.dll
0x000007feeb0a0000 - 0x000007feeb0b4000 	C:\vtkBin\bin\vtkzlib.dll
0x000007feeb070000 - 0x000007feeb09d000 	C:\vtkBin\bin\vtkhdf5_hl.dll
0x000007feeb050000 - 0x000007feeb070000 	C:\vtkBin\bin\vtkNetCDF_cxx.dll
0x000007feeb030000 - 0x000007feeb048000 	C:\vtkBin\bin\LSDyna.dll
0x000007feeafa0000 - 0x000007feeb02f000 	C:\vtkBin\bin\vtkmetaio.dll
0x000007feeaf70000 - 0x000007feeaf94000 	C:\vtkBin\bin\vtkpng.dll
0x000007feeaf40000 - 0x000007feeaf67000 	C:\vtkBin\bin\vtkjpeg.dll
0x000007feeaee0000 - 0x000007feeaf31000 	C:\vtkBin\bin\vtktiff.dll
0x000007fee9d60000 - 0x000007fee9d83000 	C:\vtkBin\bin\vtkexpat.dll
0x000007feeaec0000 - 0x000007feeaedf000 	C:\Windows\system32\AVIFIL32.dll
0x000007feefe20000 - 0x000007feefe38000 	C:\Windows\system32\MSACM32.dll
0x000007fee9d30000 - 0x000007fee9d59000 	C:\Windows\system32\MSVFW32.dll
0x000007fee9ce0000 - 0x000007fee9d27000 	C:\vtkBin\bin\vtkImagingJava.dll
0x000007fee9a50000 - 0x000007fee9cd9000 	C:\vtkBin\bin\vtkImaging.dll
0x000007fee99b0000 - 0x000007fee9a47000 	C:\vtkBin\bin\vtkGraphicsJava.dll
0x000007fee94b0000 - 0x000007fee99a2000 	C:\vtkBin\bin\vtkGraphics.dll
0x000007fee9480000 - 0x000007fee94b0000 	C:\vtkBin\bin\vtkverdict.dll
0x000007fee93f0000 - 0x000007fee9479000 	C:\vtkBin\bin\vtkRenderingJava.dll
0x000007fee9050000 - 0x000007fee93eb000 	C:\vtkBin\bin\vtkRendering.dll
0x000007fef3450000 - 0x000007fef345f000 	C:\vtkBin\bin\vtkftgl.dll
0x000007fef68c0000 - 0x000007fef69dd000 	C:\Windows\system32\OPENGL32.dll
0x000007fef6890000 - 0x000007fef68bd000 	C:\Windows\system32\GLU32.dll
0x000007fef6790000 - 0x000007fef6881000 	C:\Windows\system32\DDRAW.dll
0x000007fef98a0000 - 0x000007fef98a8000 	C:\Windows\system32\DCIMAN32.dll
0x000007feff060000 - 0x000007feff237000 	C:\Windows\system32\SETUPAPI.dll
0x000007fefd5a0000 - 0x000007fefd5d6000 	C:\Windows\system32\CFGMGR32.dll
0x000007fefd5e0000 - 0x000007fefd5fa000 	C:\Windows\system32\DEVOBJ.dll
0x000007fefb6f0000 - 0x000007fefb708000 	C:\Windows\system32\dwmapi.dll
0x000007fee8fd0000 - 0x000007fee9045000 	C:\vtkBin\bin\vtkfreetype.dll
0x000000006efe0000 - 0x000000006efe7000 	C:\vtkBin\bin\jawt.dll
0x000007fefbad0000 - 0x000007fefbb26000 	C:\Windows\system32\uxtheme.dll
0x000007fefd290000 - 0x000007fefd29f000 	C:\Windows\system32\CRYPTBASE.dll
0x0000000056a40000 - 0x0000000056a87000 	C:\Program Files\Java\jdk1.8.0_92\jre\bin\fontmanager.dll
0x000007fef11b0000 - 0x000007fef13af000 	C:\Windows\system32\d3d9.dll
0x000007fef6b70000 - 0x000007fef6b77000 	C:\Windows\system32\d3d8thk.dll
0x000007feee740000 - 0x000007feef5b4000 	C:\Windows\system32\nvd3dumx.dll
0x000007fefbd30000 - 0x000007fefbd5c000 	C:\Windows\system32\powrprof.dll
0x000007feefe40000 - 0x000007feeff98000 	C:\Program Files (x86)\NVIDIA Corporation\3D Vision\nvSCPAPI64.dll
0x0000000056a20000 - 0x0000000056a3a000 	C:\Program Files\Java\jdk1.8.0_92\jre\bin\net.dll
0x000007fefcbd0000 - 0x000007fefcc24000 	C:\Windows\system32\mswsock.dll
0x000007fefcbc0000 - 0x000007fefcbc7000 	C:\Windows\System32\wship6.dll
0x0000000056a00000 - 0x0000000056a11000 	C:\Program Files\Java\jdk1.8.0_92\jre\bin\nio.dll
0x0000000056900000 - 0x0000000056942000 	C:\Program Files\Java\jdk1.8.0_92\jre\bin\t2k.dll
0x000007fefdd50000 - 0x000007fefdde9000 	C:\Windows\system32\CLBCatQ.DLL
0x000007fefb580000 - 0x000007fefb6aa000 	C:\Windows\system32\WindowsCodecs.dll
0x000007fefd230000 - 0x000007fefd287000 	C:\Windows\system32\apphelp.dll
0x000007fef8a50000 - 0x000007fef8a85000 	C:\Windows\system32\EhStorShell.dll
0x000007fefbbb0000 - 0x000007fefbcdc000 	C:\Windows\system32\PROPSYS.dll
0x000007fef8990000 - 0x000007fef8a0e000 	C:\Windows\System32\cscui.dll
0x000007fef8a40000 - 0x000007fef8a4c000 	C:\Windows\System32\CSCDLL.dll
0x000007fef8b10000 - 0x000007fef8b1f000 	C:\Windows\system32\CSCAPI.dll
0x000007fef8910000 - 0x000007fef8990000 	C:\Windows\system32\ntshrui.dll
0x000007fefd100000 - 0x000007fefd123000 	C:\Windows\system32\srvcli.dll
0x000007fefb320000 - 0x000007fefb32b000 	C:\Windows\system32\slc.dll
0x000007fee8f10000 - 0x000007fee8f61000 	C:\vtkBin\bin\vtkHybridJava.dll
0x000007fee8d10000 - 0x000007fee8f03000 	C:\vtkBin\bin\vtkHybrid.dll
0x000007fee8f80000 - 0x000007fee8fc1000 	C:\vtkBin\bin\vtkexoIIc.dll
0x000007fee8cf0000 - 0x000007fee8d07000 	C:\Windows\system32\AVICAP32.dll
0x000007fee8cc0000 - 0x000007fee8ce5000 	C:\vtkBin\bin\vtkVolumeRenderingJava.dll
0x000007fee8890000 - 0x000007fee8cb1000 	C:\vtkBin\bin\vtkVolumeRendering.dll
0x000007fee8830000 - 0x000007fee888c000 	C:\vtkBin\bin\vtkWidgetsJava.dll
0x000007fee86d0000 - 0x000007fee882e000 	C:\vtkBin\bin\vtkWidgets.dll
0x00000000568a0000 - 0x00000000568ca000 	C:\Program Files\Java\jdk1.8.0_92\jre\bin\dcpr.dll
0x000000005a990000 - 0x000000005c448000 	C:\Windows\system32\nvoglv64.DLL
0x000007fefd560000 - 0x000007fefd599000 	C:\Windows\system32\WINTRUST.dll
0x000007fefd600000 - 0x000007fefd76a000 	C:\Windows\system32\CRYPT32.dll
0x000007fefd440000 - 0x000007fefd44f000 	C:\Windows\system32\MSASN1.dll
0x000007fef9a80000 - 0x000007fef9aad000 	C:\Windows\system32\ntmarta.dll
0x000007fefdeb0000 - 0x000007fefdf00000 	C:\Windows\system32\WLDAP32.dll
0x000007fef3740000 - 0x000007fef3865000 	C:\Windows\system32\dbghelp.dll

VM Arguments:
jvm_args: -Dfile.encoding=UTF-8 
java_command: volume_ct.Main
java_class_path (initial): C:\vtkBin\bin\vtk.jar;C:\Program Files\NetBeans 8.0.2\java\modules\ext\beansbinding-1.2.1.jar;C:\Users\IMG_1\Desktop\project_vtk\volume_ct\build\classes
Launcher Type: SUN_STANDARD

Environment Variables:
CLASSPATH=C:\Users\IMG_1\Downloads\JavaCV\opencv\build\x86\vc10\lib;
PATH=C:\ProgramData\Oracle\Java\javapath;C:\Program Files\NVIDIA GPU Computing Toolkit\CUDA\v5.5\bin;C:\Program Files\NVIDIA GPU Computing Toolkit\CUDA\v5.5\libnvvp;C:\Program Files\Common Files\Microsoft Shared\Windows Live;C:\Program Files (x86)\Common Files\Microsoft Shared\Windows Live;C:\Program Files (x86)\NVIDIA Corporation\PhysX\Common;C:\Windows\system32;C:\Windows;C:\Windows\System32\Wbem;C:\Windows\System32\WindowsPowerShell\v1.0\;C:\Program Files (x86)\Microsoft SQL Server\90\Tools\binn\;C:\Program Files (x86)\Windows Live\Shared;C:\ProgramData\NVIDIA Corporation\NVIDIA GPU Computing SDK 4.2\C\common\bin;C:\Program Files\Microsoft\Web Platform Installer\;C:\Program Files (x86)\Microsoft ASP.NET\ASP.NET Web Pages\v1.0\;C:\Program Files\Microsoft SQL Server\110\Tools\Binn\;C:\Program Files (x86)\CMake\bin;C:\Program Files\MATLAB\R2013a\bin;C:\Program Files\Git\cmd;D:\laragon\bin\php\php-5.6.13;C:\ProgramData\ComposerSetup\bin;C:\lib\opencv\x64;C:\Program Files\ImageJ\plugins;C:\Program Files\ImageJ;C:\vtkBin\bin;C:\simpleitk;C:\Users\IMG_1\Downloads\JavaCV\opencv\build\common\tbb\ia32\vc10; C:\Users\IMG_1\Downloads\JavaCV\opencv\build\x86\vc10;C:\Users\IMG_1\Downloads\JavaCV\opencv\build\x64\vc10;C:\MinGW\bin;C:\MinGW\msys\1.0\bin;C:\Users\IMG_1\Desktop\vtk_bin07\bin\Debug;C:\Users\IMG_1\Desktop\vtk_12\bin\Release
USERNAME=IMG_1
OS=Windows_NT
PROCESSOR_IDENTIFIER=Intel64 Family 6 Model 42 Stepping 7, GenuineIntel



---------------  S Y S T E M  ---------------

OS: Windows 7 , 64 bit Build 7600 (6.1.7600.17206)

CPU:total 8 (4 cores per cpu, 2 threads per core) family 6 model 42 stepping 7, cmov, cx8, fxsr, mmx, sse, sse2, sse3, ssse3, sse4.1, sse4.2, popcnt, aes, clmul, ht, tsc, tscinvbit

Memory: 4k page, physical 8370488k(5422464k free), swap 16739068k(11263016k free)

vm_info: Java HotSpot(TM) 64-Bit Server VM (25.92-b14) for windows-amd64 JRE (1.8.0_92-b14), built on Mar 31 2016 21:03:04 by "java_re" with MS VC++ 10.0 (VS2010)

time: Mon Jul 04 15:47:17 2016
elapsed time: 5 seconds (0d 0h 0m 5s)

