#
# A fatal error has been detected by the Java Runtime Environment:
#
#  EXCEPTION_ACCESS_VIOLATION (0xc0000005) at pc=0x000007fee9574613, pid=4392, tid=0x0000000000001414
#
# JRE version: Java(TM) SE Runtime Environment (8.0_92-b14) (build 1.8.0_92-b14)
# Java VM: Java HotSpot(TM) 64-Bit Server VM (25.92-b14 mixed mode windows-amd64 compressed oops)
# Problematic frame:
# C  [vtkRenderingJava.dll+0x4613]
#
# Failed to write core dump. Minidumps are not enabled by default on client versions of Windows
#
# If you would like to submit a bug report, please visit:
#   http://bugreport.java.com/bugreport/crash.jsp
# The crash happened outside the Java Virtual Machine in native code.
# See problematic frame for where to report the bug.
#

---------------  T H R E A D  ---------------

Current thread (0x000000001ae9b000):  JavaThread "AWT-EventQueue-0" [_thread_in_native, id=5140, stack(0x000000001c150000,0x000000001c250000)]

siginfo: ExceptionCode=0xc0000005, reading address 0xffffffffffffffff

Registers:
RAX=0x000000001b303ca0, RBX=0x00000000178ad178, RCX=0x000000001b303ca0, RDX=0x000000001b30cf90
RSP=0x000000001c24cd18, RBP=0x000000001c24cd98, RSI=0x0000000000000118, RDI=0x000000000289835d
R8 =0x0000000033683ac0, R9 =0x00000000d6129030, R10=0x0000000000000034, R11=0x00000000572e8198
R12=0x0000000000000000, R13=0x00000000178ad178, R14=0x000000001c24cdc0, R15=0x000000001ae9b000
RIP=0x000007fee9574613, EFLAGS=0x0000000000010202

Top of Stack: (sp=0x000000001c24cd18)
0x000000001c24cd18:   00000000028a7994 00000000178ad178
0x000000001c24cd28:   0000000000000118 000000001dd6f148
0x000000001c24cd38:   0000000000000000 000000001789a048
0x000000001c24cd48:   0000000000000000 000000001c24cd68
0x000000001c24cd58:   000000001c24cd58 0000000000000000
0x000000001c24cd68:   000000001c24cdc0 000000001dd80698
0x000000001c24cd78:   0000000000000000 00000000178ad178
0x000000001c24cd88:   0000000000000000 000000001c24cdb8
0x000000001c24cd98:   000000001c24ce08 000000000289835d
0x000000001c24cda8:   0000000000000000 00000000028a19d8
0x000000001c24cdb8:   00000000d66b1060 00000000d6129030
0x000000001c24cdc8:   000000001c24cdc8 00000000178ad212
0x000000001c24cdd8:   000000001c24ce20 000000001dd80698
0x000000001c24cde8:   0000000000000000 00000000178ad220
0x000000001c24cdf8:   000000001c24cdb8 000000001c24ce18
0x000000001c24ce08:   000000001c24ce68 000000000289835d 

Instructions: (pc=0x000007fee9574613)
0x000007fee95745f3:   48 8b d8 e8 39 18 02 00 48 8b d3 4c 8b 00 48 8b
0x000007fee9574603:   c8 48 8b 5c 24 30 48 8b 74 24 38 48 83 c4 20 5f
0x000007fee9574613:   49 ff a0 e8 02 00 00 cc cc cc cc cc cc 40 53 48
0x000007fee9574623:   83 ec 20 41 8b d8 e8 06 18 02 00 8b d3 4c 8b 08 


Register to memory mapping:

RAX=0x000000001b303ca0 is an unknown value
RBX={method} {0x00000000178ad180} 'SetMapper_16' '(Lvtk/vtkMapper;)V' in 'vtk/vtkActor'
RCX=0x000000001b303ca0 is an unknown value
RDX=0x000000001b30cf90 is an unknown value
RSP=0x000000001c24cd18 is pointing into the stack for thread: 0x000000001ae9b000
RBP=0x000000001c24cd98 is pointing into the stack for thread: 0x000000001ae9b000
RSI=0x0000000000000118 is an unknown value
RDI=0x000000000289835d is at code_begin+2301 in an Interpreter codelet
invoke return entry points  [0x0000000002897a60, 0x0000000002898440]  2528 bytes
R8 =0x0000000033683ac0 is an unknown value
R9 =0x00000000d6129030 is an oop
vtk.vtkActor 
 - klass: 'vtk/vtkActor'
R10=0x0000000000000034 is an unknown value
R11=0x00000000572e8198 is an unknown value
R12=0x0000000000000000 is an unknown value
R13={method} {0x00000000178ad180} 'SetMapper_16' '(Lvtk/vtkMapper;)V' in 'vtk/vtkActor'
R14=0x000000001c24cdc0 is pointing into the stack for thread: 0x000000001ae9b000
R15=0x000000001ae9b000 is a thread


Stack: [0x000000001c150000,0x000000001c250000],  sp=0x000000001c24cd18,  free space=1011k
Native frames: (J=compiled Java code, j=interpreted, Vv=VM code, C=native code)
C  [vtkRenderingJava.dll+0x4613]
C  0x00000000028a7994

Java frames: (J=compiled Java code, j=interpreted, Vv=VM code)
j  vtk.vtkActor.SetMapper_16(Lvtk/vtkMapper;)V+0
j  vtk.vtkActor.SetMapper(Lvtk/vtkMapper;)V+2
j  volume_ct.Main.jButton2ActionPerformed(Ljava/awt/event/ActionEvent;)V+119
j  volume_ct.Main.access$600(Lvolume_ct/Main;Ljava/awt/event/ActionEvent;)V+2
j  volume_ct.Main$7.actionPerformed(Ljava/awt/event/ActionEvent;)V+5
j  javax.swing.AbstractButton.fireActionPerformed(Ljava/awt/event/ActionEvent;)V+83
j  javax.swing.AbstractButton$Handler.actionPerformed(Ljava/awt/event/ActionEvent;)V+5
j  javax.swing.DefaultButtonModel.fireActionPerformed(Ljava/awt/event/ActionEvent;)V+34
j  javax.swing.DefaultButtonModel.setPressed(Z)V+117
j  javax.swing.plaf.basic.BasicButtonListener.mouseReleased(Ljava/awt/event/MouseEvent;)V+35
j  java.awt.Component.processMouseEvent(Ljava/awt/event/MouseEvent;)V+64
j  javax.swing.JComponent.processMouseEvent(Ljava/awt/event/MouseEvent;)V+23
J 1410 C1 java.awt.Component.processEvent(Ljava/awt/AWTEvent;)V (220 bytes) @ 0x0000000002d0de64 [0x0000000002d0d940+0x524]
J 1626 C1 java.awt.Container.processEvent(Ljava/awt/AWTEvent;)V (22 bytes) @ 0x0000000002da888c [0x0000000002da8560+0x32c]
J 1255 C1 java.awt.Component.dispatchEventImpl(Ljava/awt/AWTEvent;)V (883 bytes) @ 0x0000000002c82b7c [0x0000000002c7d680+0x54fc]
J 1301 C1 java.awt.Container.dispatchEventImpl(Ljava/awt/AWTEvent;)V (129 bytes) @ 0x0000000002cc8484 [0x0000000002cc8340+0x144]
J 1646 C1 java.awt.LightweightDispatcher.retargetMouseEvent(Ljava/awt/Component;ILjava/awt/event/MouseEvent;)V (350 bytes) @ 0x0000000002db726c [0x0000000002db4d00+0x256c]
J 1438 C1 java.awt.LightweightDispatcher.processMouseEvent(Ljava/awt/event/MouseEvent;)Z (286 bytes) @ 0x0000000002d318b4 [0x0000000002d30180+0x1734]
J 1444 C1 java.awt.LightweightDispatcher.dispatchEvent(Ljava/awt/AWTEvent;)Z (73 bytes) @ 0x0000000002d330fc [0x0000000002d32cc0+0x43c]
J 1301 C1 java.awt.Container.dispatchEventImpl(Ljava/awt/AWTEvent;)V (129 bytes) @ 0x0000000002cc8424 [0x0000000002cc8340+0xe4]
J 1429 C1 java.awt.Window.dispatchEventImpl(Ljava/awt/AWTEvent;)V (23 bytes) @ 0x0000000002d213e4 [0x0000000002d20e00+0x5e4]
J 1242 C1 java.awt.EventQueue.dispatchEventImpl(Ljava/awt/AWTEvent;Ljava/lang/Object;)V (149 bytes) @ 0x0000000002c6eabc [0x0000000002c6d280+0x183c]
J 1240 C1 java.awt.EventQueue$3.run()Ljava/lang/Void; (60 bytes) @ 0x0000000002c6c68c [0x0000000002c6c480+0x20c]
J 1239 C1 java.awt.EventQueue$3.run()Ljava/lang/Object; (5 bytes) @ 0x0000000002c6c10c [0x0000000002c6c080+0x8c]
v  ~StubRoutines::call_stub
J 1076  java.security.AccessController.doPrivileged(Ljava/security/PrivilegedAction;Ljava/security/AccessControlContext;)Ljava/lang/Object; (0 bytes) @ 0x0000000002c048e6 [0x0000000002c04880+0x66]
J 1264 C1 java.awt.EventQueue$4.run()Ljava/lang/Object; (5 bytes) @ 0x0000000002cac16c [0x0000000002cabd40+0x42c]
v  ~StubRoutines::call_stub
J 1076  java.security.AccessController.doPrivileged(Ljava/security/PrivilegedAction;Ljava/security/AccessControlContext;)Ljava/lang/Object; (0 bytes) @ 0x0000000002c048e6 [0x0000000002c04880+0x66]
J 1157 C1 java.awt.EventQueue.dispatchEvent(Ljava/awt/AWTEvent;)V (80 bytes) @ 0x0000000002c330bc [0x0000000002c32240+0xe7c]
J 1159 C1 java.awt.EventDispatchThread.pumpOneEventForFilters(I)V (295 bytes) @ 0x0000000002c363b4 [0x0000000002c34700+0x1cb4]
j  java.awt.EventDispatchThread.pumpEventsForFilter(ILjava/awt/Conditional;Ljava/awt/EventFilter;)V+35
j  java.awt.EventDispatchThread.pumpEventsForHierarchy(ILjava/awt/Conditional;Ljava/awt/Component;)V+11
j  java.awt.EventDispatchThread.pumpEvents(ILjava/awt/Conditional;)V+4
j  java.awt.EventDispatchThread.pumpEvents(Ljava/awt/Conditional;)V+3
j  java.awt.EventDispatchThread.run()V+9
v  ~StubRoutines::call_stub

---------------  P R O C E S S  ---------------

Java Threads: ( => current thread )
  0x0000000018ff5000 JavaThread "D3D Screen Updater" daemon [_thread_blocked, id=1840, stack(0x000000001bed0000,0x000000001bfd0000)]
  0x000000001b07a000 JavaThread "TimerQueue" daemon [_thread_blocked, id=1788, stack(0x000000001c490000,0x000000001c590000)]
  0x000000000219e800 JavaThread "DestroyJavaVM" [_thread_blocked, id=5236, stack(0x00000000024c0000,0x00000000025c0000)]
=>0x000000001ae9b000 JavaThread "AWT-EventQueue-0" [_thread_in_native, id=5140, stack(0x000000001c150000,0x000000001c250000)]
  0x000000001adea800 JavaThread "AWT-Windows" daemon [_thread_in_native, id=364, stack(0x000000001b980000,0x000000001ba80000)]
  0x000000001ade7800 JavaThread "AWT-Shutdown" [_thread_blocked, id=4044, stack(0x000000001b770000,0x000000001b870000)]
  0x000000001ade7000 JavaThread "Java2D Disposer" daemon [_thread_blocked, id=3336, stack(0x000000001b520000,0x000000001b620000)]
  0x0000000018da3000 JavaThread "Service Thread" daemon [_thread_blocked, id=4568, stack(0x000000001a8f0000,0x000000001a9f0000)]
  0x0000000018d1d000 JavaThread "C1 CompilerThread3" daemon [_thread_blocked, id=5940, stack(0x000000001aa40000,0x000000001ab40000)]
  0x0000000017e7b000 JavaThread "C2 CompilerThread2" daemon [_thread_blocked, id=5756, stack(0x000000001a7f0000,0x000000001a8f0000)]
  0x0000000018d15000 JavaThread "C2 CompilerThread1" daemon [_thread_blocked, id=5592, stack(0x000000001a2e0000,0x000000001a3e0000)]
  0x0000000018d13000 JavaThread "C2 CompilerThread0" daemon [_thread_blocked, id=816, stack(0x000000001a5f0000,0x000000001a6f0000)]
  0x0000000018d10800 JavaThread "Attach Listener" daemon [_thread_blocked, id=2984, stack(0x000000001a400000,0x000000001a500000)]
  0x0000000018d00800 JavaThread "Signal Dispatcher" daemon [_thread_blocked, id=5012, stack(0x0000000019fd0000,0x000000001a0d0000)]
  0x0000000017e71000 JavaThread "Finalizer" daemon [_thread_blocked, id=5716, stack(0x000000001a160000,0x000000001a260000)]
  0x0000000018cb3800 JavaThread "Reference Handler" daemon [_thread_blocked, id=5128, stack(0x0000000019eb0000,0x0000000019fb0000)]

Other Threads:
  0x0000000018cb2000 VMThread [stack: 0x0000000019d30000,0x0000000019e30000] [id=1944]
  0x0000000018df9000 WatcherThread [stack: 0x000000001ac20000,0x000000001ad20000] [id=5240]

VM state:not at safepoint (normal execution)

VM Mutex/Monitor currently owned by a thread: None

Heap:
 PSYoungGen      total 38400K, used 16665K [0x00000000d5700000, 0x00000000d8180000, 0x0000000100000000)
  eden space 33280K, 50% used [0x00000000d5700000,0x00000000d6746680,0x00000000d7780000)
  from space 5120K, 0% used [0x00000000d7c80000,0x00000000d7c80000,0x00000000d8180000)
  to   space 5120K, 0% used [0x00000000d7780000,0x00000000d7780000,0x00000000d7c80000)
 ParOldGen       total 87552K, used 0K [0x0000000080400000, 0x0000000085980000, 0x00000000d5700000)
  object space 87552K, 0% used [0x0000000080400000,0x0000000080400000,0x0000000085980000)
 Metaspace       used 15047K, capacity 15240K, committed 15360K, reserved 1062912K
  class space    used 1894K, capacity 1984K, committed 2048K, reserved 1048576K

Card table byte_map: [0x0000000011c50000,0x0000000012050000] byte_map_base: 0x000000001184e000

Marking Bits: (ParMarkBitMap*) 0x00000000572f64f0
 Begin Bits: [0x00000000130a0000, 0x0000000015090000)
 End Bits:   [0x0000000015090000, 0x0000000017080000)

Polling page: 0x0000000000240000

CodeCache: size=245760Kb used=5411Kb max_used=5411Kb free=240348Kb
 bounds [0x0000000002890000, 0x0000000002de0000, 0x0000000011890000]
 total_blobs=2234 nmethods=1712 adapters=435
 compilation: enabled

Compilation events (10 events):
Event: 25.266 Thread 0x0000000018d1d000 nmethod 1707 0x0000000002dd9b10 code [0x0000000002dd9ca0, 0x0000000002dda038]
Event: 25.266 Thread 0x0000000018d13000 nmethod 1706 0x0000000002dd2b50 code [0x0000000002dd2cc0, 0x0000000002dd2f58]
Event: 25.266 Thread 0x0000000018d1d000 1708       3       sun.java2d.SunGraphicsEnvironment::addDisplayChangedListener (9 bytes)
Event: 25.266 Thread 0x0000000018d1d000 nmethod 1708 0x0000000002ddac50 code [0x0000000002ddadc0, 0x0000000002ddaf68]
Event: 25.268 Thread 0x0000000018d1d000 1709       3       sun.font.AttributeValues::update (72 bytes)
Event: 25.269 Thread 0x0000000018d1d000 nmethod 1709 0x0000000002dda650 code [0x0000000002dda7e0, 0x0000000002ddab68]
Event: 25.269 Thread 0x0000000018d1d000 1710       3       sun.java2d.d3d.D3DSurfaceData::makeProxyFor (15 bytes)
Event: 25.270 Thread 0x0000000018d1d000 nmethod 1710 0x0000000002dd1390 code [0x0000000002dd15c0, 0x0000000002dd24a8]
Event: 25.270 Thread 0x0000000018d1d000 1711       3       sun.java2d.d3d.D3DSurfaceDataProxy::createProxy (24 bytes)
Event: 25.271 Thread 0x0000000018d1d000 nmethod 1711 0x0000000002ddb050 code [0x0000000002ddb260, 0x0000000002ddbf78]

GC Heap History (0 events):
No events

Deoptimization events (8 events):
Event: 0.286 Thread 0x000000001ae9b000 Uncommon trap: reason=unstable_if action=reinterpret pc=0x0000000002a62234 method=java.util.HashMap.getNode(ILjava/lang/Object;)Ljava/util/HashMap$Node; @ 84
Event: 0.319 Thread 0x000000001adea800 Uncommon trap: reason=unstable_if action=reinterpret pc=0x0000000002a9cb44 method=java.util.HashMap.putVal(ILjava/lang/Object;Ljava/lang/Object;ZZ)Ljava/lang/Object; @ 206
Event: 0.345 Thread 0x000000001ae9b000 Uncommon trap: reason=unstable_if action=reinterpret pc=0x0000000002a71e20 method=java.util.HashMap.getNode(ILjava/lang/Object;)Ljava/util/HashMap$Node; @ 84
Event: 0.345 Thread 0x000000001ae9b000 Uncommon trap: reason=unstable_if action=reinterpret pc=0x0000000002ac2f08 method=java.util.HashMap.putVal(ILjava/lang/Object;Ljava/lang/Object;ZZ)Ljava/lang/Object; @ 109
Event: 0.361 Thread 0x000000001ae9b000 Uncommon trap: reason=unstable_if action=reinterpret pc=0x0000000002ad806c method=java.io.BufferedInputStream.read()I @ 8
Event: 8.769 Thread 0x000000001ae9b000 Uncommon trap: reason=unstable_if action=reinterpret pc=0x0000000002bc7500 method=java.awt.MultipleGradientPaintContext.indexIntoGradientsArrays(F)I @ 93
Event: 21.696 Thread 0x000000001ae9b000 Uncommon trap: reason=class_check action=maybe_recompile pc=0x00000000029fea68 method=java.lang.String.equals(Ljava/lang/Object;)Z @ 8
Event: 21.696 Thread 0x000000001ae9b000 Uncommon trap: reason=class_check action=maybe_recompile pc=0x00000000029fea68 method=java.lang.String.equals(Ljava/lang/Object;)Z @ 8

Internal exceptions (10 events):
Event: 0.200 Thread 0x000000000219e800 Exception <a 'java/lang/ClassNotFoundException': ToolBar> (0x00000000d5b74030) thrown at [D:\re\workspace\8-2-build-windows-amd64-cygwin\jdk8u92\6642\hotspot\src\share\vm\classfile\systemDictionary.cpp, line 210]
Event: 0.200 Thread 0x000000000219e800 Exception <a 'java/lang/ClassNotFoundException': ToggleButton> (0x00000000d5b745e0) thrown at [D:\re\workspace\8-2-build-windows-amd64-cygwin\jdk8u92\6642\hotspot\src\share\vm\classfile\systemDictionary.cpp, line 210]
Event: 0.200 Thread 0x000000000219e800 Exception <a 'java/lang/ClassNotFoundException': javax/swing/JToolBarSeparator> (0x00000000d5b74a40) thrown at [D:\re\workspace\8-2-build-windows-amd64-cygwin\jdk8u92\6642\hotspot\src\share\vm\classfile\systemDictionary.cpp, line 210]
Event: 0.200 Thread 0x000000000219e800 Exception <a 'java/lang/ClassNotFoundException': ToolBarSeparator> (0x00000000d5b74ed8) thrown at [D:\re\workspace\8-2-build-windows-amd64-cygwin\jdk8u92\6642\hotspot\src\share\vm\classfile\systemDictionary.cpp, line 210]
Event: 0.200 Thread 0x000000000219e800 Exception <a 'java/lang/ClassNotFoundException': ToolTip> (0x00000000d5b75618) thrown at [D:\re\workspace\8-2-build-windows-amd64-cygwin\jdk8u92\6642\hotspot\src\share\vm\classfile\systemDictionary.cpp, line 210]
Event: 0.200 Thread 0x000000000219e800 Exception <a 'java/lang/ClassNotFoundException': Tree> (0x00000000d5b76238) thrown at [D:\re\workspace\8-2-build-windows-amd64-cygwin\jdk8u92\6642\hotspot\src\share\vm\classfile\systemDictionary.cpp, line 210]
Event: 0.201 Thread 0x000000000219e800 Exception <a 'java/lang/ClassNotFoundException': Tree> (0x00000000d5b76978) thrown at [D:\re\workspace\8-2-build-windows-amd64-cygwin\jdk8u92\6642\hotspot\src\share\vm\classfile\systemDictionary.cpp, line 210]
Event: 0.201 Thread 0x000000000219e800 Exception <a 'java/lang/ClassNotFoundException': javax/swing/JTreeCell> (0x00000000d5b76cf8) thrown at [D:\re\workspace\8-2-build-windows-amd64-cygwin\jdk8u92\6642\hotspot\src\share\vm\classfile\systemDictionary.cpp, line 210]
Event: 0.201 Thread 0x000000000219e800 Exception <a 'java/lang/ClassNotFoundException': TreeCell> (0x00000000d5b77180) thrown at [D:\re\workspace\8-2-build-windows-amd64-cygwin\jdk8u92\6642\hotspot\src\share\vm\classfile\systemDictionary.cpp, line 210]
Event: 0.201 Thread 0x000000000219e800 Exception <a 'java/lang/ClassNotFoundException': RootPane> (0x00000000d5b77be0) thrown at [D:\re\workspace\8-2-build-windows-amd64-cygwin\jdk8u92\6642\hotspot\src\share\vm\classfile\systemDictionary.cpp, line 210]

Events (10 events):
Event: 21.697 loading class javax/swing/text/GapContent$RemoveUndo
Event: 21.697 loading class javax/swing/text/GapContent$RemoveUndo done
Event: 21.697 loading class javax/swing/text/GapContent$UndoPosRef
Event: 21.697 loading class javax/swing/text/GapContent$UndoPosRef done
Event: 21.697 loading class javax/swing/JLayer
Event: 21.697 loading class javax/swing/JLayer done
Event: 21.698 loading class javax/swing/RepaintManager$3
Event: 21.698 loading class javax/swing/RepaintManager$3 done
Event: 22.348 Thread 0x000000001ae9b000 DEOPT PACKING pc=0x0000000002d78516 sp=0x000000001c24c840
Event: 22.348 Thread 0x000000001ae9b000 DEOPT UNPACKING pc=0x00000000028d747f sp=0x000000001c24c550 mode 0


Dynamic libraries:
0x000000013f860000 - 0x000000013f897000 	C:\Program Files\Java\jdk1.8.0_92\bin\java.exe
0x0000000076f30000 - 0x00000000770dc000 	C:\Windows\SYSTEM32\ntdll.dll
0x0000000076850000 - 0x000000007696f000 	C:\Windows\system32\kernel32.dll
0x000007fefd450000 - 0x000007fefd4bc000 	C:\Windows\system32\KERNELBASE.dll
0x000007fefd790000 - 0x000007fefd86b000 	C:\Windows\system32\ADVAPI32.dll
0x000007fefde10000 - 0x000007fefdeaf000 	C:\Windows\system32\msvcrt.dll
0x000007fefd770000 - 0x000007fefd78f000 	C:\Windows\SYSTEM32\sechost.dll
0x000007fefdb50000 - 0x000007fefdc7e000 	C:\Windows\system32\RPCRT4.dll
0x0000000076cd0000 - 0x0000000076dca000 	C:\Windows\system32\USER32.dll
0x000007fefd8c0000 - 0x000007fefd927000 	C:\Windows\system32\GDI32.dll
0x000007fefd930000 - 0x000007fefd93e000 	C:\Windows\system32\LPK.dll
0x000007fefdc80000 - 0x000007fefdd4a000 	C:\Windows\system32\USP10.dll
0x000007fefbe10000 - 0x000007fefc004000 	C:\Windows\WinSxS\amd64_microsoft.windows.common-controls_6595b64144ccf1df_6.0.7600.16661_none_fa62ad231704eab7\COMCTL32.dll
0x000007fefefe0000 - 0x000007feff051000 	C:\Windows\system32\SHLWAPI.dll
0x000007fefe110000 - 0x000007fefe13e000 	C:\Windows\system32\IMM32.DLL
0x000007fefe140000 - 0x000007fefe249000 	C:\Windows\system32\MSCTF.dll
0x000000005fd00000 - 0x000000005fdd2000 	C:\Program Files\Java\jdk1.8.0_92\jre\bin\msvcr100.dll
0x0000000056ae0000 - 0x0000000057376000 	C:\Program Files\Java\jdk1.8.0_92\jre\bin\server\jvm.dll
0x000007fef6b90000 - 0x000007fef6b99000 	C:\Windows\system32\WSOCK32.dll
0x000007fefd870000 - 0x000007fefd8bd000 	C:\Windows\system32\WS2_32.dll
0x000007fefd940000 - 0x000007fefd948000 	C:\Windows\system32\NSI.dll
0x000007fefa450000 - 0x000007fefa48b000 	C:\Windows\system32\WINMM.dll
0x000007fefc4a0000 - 0x000007fefc4ac000 	C:\Windows\system32\VERSION.dll
0x00000000770f0000 - 0x00000000770f7000 	C:\Windows\system32\PSAPI.DLL
0x000000006eff0000 - 0x000000006efff000 	C:\Program Files\Java\jdk1.8.0_92\jre\bin\verify.dll
0x000000006efc0000 - 0x000000006efe9000 	C:\Program Files\Java\jdk1.8.0_92\jre\bin\java.dll
0x0000000056ac0000 - 0x0000000056ad6000 	C:\Program Files\Java\jdk1.8.0_92\jre\bin\zip.dll
0x000007fefe250000 - 0x000007fefefd7000 	C:\Windows\system32\SHELL32.dll
0x000007fefdf00000 - 0x000007fefe102000 	C:\Windows\system32\ole32.dll
0x000007fefd3a0000 - 0x000007fefd3af000 	C:\Windows\system32\profapi.dll
0x0000000056920000 - 0x0000000056ab8000 	C:\Program Files\Java\jdk1.8.0_92\jre\bin\awt.dll
0x000007fefd9d0000 - 0x000007fefdaa7000 	C:\Windows\system32\OLEAUT32.dll
0x000007fefbad0000 - 0x000007fefbb26000 	C:\Windows\system32\uxtheme.dll
0x000007fefb6f0000 - 0x000007fefb708000 	C:\Windows\system32\dwmapi.dll
0x000007fefd290000 - 0x000007fefd29f000 	C:\Windows\system32\CRYPTBASE.dll
0x00000000568d0000 - 0x0000000056917000 	C:\Program Files\Java\jdk1.8.0_92\jre\bin\fontmanager.dll
0x000007fef11b0000 - 0x000007fef13af000 	C:\Windows\system32\d3d9.dll
0x000007fef6b70000 - 0x000007fef6b77000 	C:\Windows\system32\d3d8thk.dll
0x000007feee740000 - 0x000007feef5b4000 	C:\Windows\system32\nvd3dumx.dll
0x000007fefbd30000 - 0x000007fefbd5c000 	C:\Windows\system32\powrprof.dll
0x000007feff060000 - 0x000007feff237000 	C:\Windows\system32\SETUPAPI.dll
0x000007fefd5a0000 - 0x000007fefd5d6000 	C:\Windows\system32\CFGMGR32.dll
0x000007fefd5e0000 - 0x000007fefd5fa000 	C:\Windows\system32\DEVOBJ.dll
0x000007feefe40000 - 0x000007feeff98000 	C:\Program Files (x86)\NVIDIA Corporation\3D Vision\nvSCPAPI64.dll
0x00000000568b0000 - 0x00000000568ca000 	C:\Program Files\Java\jdk1.8.0_92\jre\bin\net.dll
0x000007fefcbd0000 - 0x000007fefcc24000 	C:\Windows\system32\mswsock.dll
0x000007fefcbc0000 - 0x000007fefcbc7000 	C:\Windows\System32\wship6.dll
0x0000000056890000 - 0x00000000568a1000 	C:\Program Files\Java\jdk1.8.0_92\jre\bin\nio.dll
0x0000000056840000 - 0x0000000056882000 	C:\Program Files\Java\jdk1.8.0_92\jre\bin\t2k.dll
0x000007fefdd50000 - 0x000007fefdde9000 	C:\Windows\system32\CLBCatQ.DLL
0x000007fefb580000 - 0x000007fefb6aa000 	C:\Windows\system32\WindowsCodecs.dll
0x000007fefd230000 - 0x000007fefd287000 	C:\Windows\system32\apphelp.dll
0x000007fef8a50000 - 0x000007fef8a85000 	C:\Windows\system32\EhStorShell.dll
0x000007fefbbb0000 - 0x000007fefbcdc000 	C:\Windows\system32\PROPSYS.dll
0x000007fef8990000 - 0x000007fef8a0e000 	C:\Windows\System32\cscui.dll
0x000007fef8a40000 - 0x000007fef8a4c000 	C:\Windows\System32\CSCDLL.dll
0x000007fef8b10000 - 0x000007fef8b1f000 	C:\Windows\system32\CSCAPI.dll
0x000007fef8910000 - 0x000007fef8990000 	C:\Windows\system32\ntshrui.dll
0x000007fefd100000 - 0x000007fefd123000 	C:\Windows\system32\srvcli.dll
0x000007fefb320000 - 0x000007fefb32b000 	C:\Windows\system32\slc.dll
0x000007feee5d0000 - 0x000007feee63e000 	C:\vtkBin\bin\vtkCommonJava.dll
0x000007feea6d0000 - 0x000007feea918000 	C:\vtkBin\bin\vtkCommon.dll
0x000007feee6d0000 - 0x000007feee713000 	C:\vtkBin\bin\vtksys.dll
0x0000000067160000 - 0x00000000671f8000 	C:\Windows\system32\MSVCP100.dll
0x000007feee530000 - 0x000007feee5d0000 	C:\vtkBin\bin\vtkFilteringJava.dll
0x000007feea3d0000 - 0x000007feea6cc000 	C:\vtkBin\bin\vtkFiltering.dll
0x000007feee360000 - 0x000007feee3b6000 	C:\vtkBin\bin\vtkIOJava.dll
0x000007fee9fa0000 - 0x000007feea3c4000 	C:\vtkBin\bin\vtkIO.dll
0x000007feee330000 - 0x000007feee352000 	C:\vtkBin\bin\vtkDICOMParser.dll
0x000007feee260000 - 0x000007feee326000 	C:\vtkBin\bin\vtkNetCDF.dll
0x000007fee9d90000 - 0x000007fee9f9d000 	C:\vtkBin\bin\vtkhdf5.dll
0x000007feeb0a0000 - 0x000007feeb0b4000 	C:\vtkBin\bin\vtkzlib.dll
0x000007feeb070000 - 0x000007feeb09d000 	C:\vtkBin\bin\vtkhdf5_hl.dll
0x000007feeb050000 - 0x000007feeb070000 	C:\vtkBin\bin\vtkNetCDF_cxx.dll
0x000007feeb030000 - 0x000007feeb048000 	C:\vtkBin\bin\LSDyna.dll
0x000007feeafa0000 - 0x000007feeb02f000 	C:\vtkBin\bin\vtkmetaio.dll
0x000007feeaf70000 - 0x000007feeaf94000 	C:\vtkBin\bin\vtkpng.dll
0x000007feeaf40000 - 0x000007feeaf67000 	C:\vtkBin\bin\vtkjpeg.dll
0x000007feeaee0000 - 0x000007feeaf31000 	C:\vtkBin\bin\vtktiff.dll
0x000007feead00000 - 0x000007feead23000 	C:\vtkBin\bin\vtkexpat.dll
0x000007feeaec0000 - 0x000007feeaedf000 	C:\Windows\system32\AVIFIL32.dll
0x000007feefe20000 - 0x000007feefe38000 	C:\Windows\system32\MSACM32.dll
0x000007feeacd0000 - 0x000007feeacf9000 	C:\Windows\system32\MSVFW32.dll
0x000007feeac80000 - 0x000007feeacc7000 	C:\vtkBin\bin\vtkImagingJava.dll
0x000007fee9b00000 - 0x000007fee9d89000 	C:\vtkBin\bin\vtkImaging.dll
0x000007feeabe0000 - 0x000007feeac77000 	C:\vtkBin\bin\vtkGraphicsJava.dll
0x000007fee9600000 - 0x000007fee9af2000 	C:\vtkBin\bin\vtkGraphics.dll
0x000007feeabb0000 - 0x000007feeabe0000 	C:\vtkBin\bin\vtkverdict.dll
0x000007fee9570000 - 0x000007fee95f9000 	C:\vtkBin\bin\vtkRenderingJava.dll
0x000007fee91d0000 - 0x000007fee956b000 	C:\vtkBin\bin\vtkRendering.dll
0x000007fef6b80000 - 0x000007fef6b8f000 	C:\vtkBin\bin\vtkftgl.dll
0x000007fef68c0000 - 0x000007fef69dd000 	C:\Windows\system32\OPENGL32.dll
0x000007fef6890000 - 0x000007fef68bd000 	C:\Windows\system32\GLU32.dll
0x000007fef6790000 - 0x000007fef6881000 	C:\Windows\system32\DDRAW.dll
0x000007fef98a0000 - 0x000007fef98a8000 	C:\Windows\system32\DCIMAN32.dll
0x000007feeab30000 - 0x000007feeaba5000 	C:\vtkBin\bin\vtkfreetype.dll
0x0000000056830000 - 0x0000000056837000 	C:\vtkBin\bin\jawt.dll
0x000007fee9170000 - 0x000007fee91c1000 	C:\vtkBin\bin\vtkHybridJava.dll
0x000007fee8f70000 - 0x000007fee9163000 	C:\vtkBin\bin\vtkHybrid.dll
0x000007fee8f20000 - 0x000007fee8f61000 	C:\vtkBin\bin\vtkexoIIc.dll
0x000007fee8f00000 - 0x000007fee8f17000 	C:\Windows\system32\AVICAP32.dll
0x000007fee8ed0000 - 0x000007fee8ef5000 	C:\vtkBin\bin\vtkVolumeRenderingJava.dll
0x000007fee8aa0000 - 0x000007fee8ec1000 	C:\vtkBin\bin\vtkVolumeRendering.dll
0x000007fee8a40000 - 0x000007fee8a9c000 	C:\vtkBin\bin\vtkWidgetsJava.dll
0x000007fee88e0000 - 0x000007fee8a3e000 	C:\vtkBin\bin\vtkWidgets.dll
0x00000000567d0000 - 0x00000000567fa000 	C:\Program Files\Java\jdk1.8.0_92\jre\bin\dcpr.dll
0x0000000054570000 - 0x0000000056028000 	C:\Windows\system32\nvoglv64.DLL
0x000007fefd560000 - 0x000007fefd599000 	C:\Windows\system32\WINTRUST.dll
0x000007fefd600000 - 0x000007fefd76a000 	C:\Windows\system32\CRYPT32.dll
0x000007fefd440000 - 0x000007fefd44f000 	C:\Windows\system32\MSASN1.dll
0x000007fef9a80000 - 0x000007fef9aad000 	C:\Windows\system32\ntmarta.dll
0x000007fefdeb0000 - 0x000007fefdf00000 	C:\Windows\system32\WLDAP32.dll
0x000007fef3740000 - 0x000007fef3865000 	C:\Windows\system32\dbghelp.dll

VM Arguments:
jvm_args: -Dfile.encoding=UTF-8 
java_command: volume_ct.Main
java_class_path (initial): C:\vtkBin\bin\vtk.jar;C:\Program Files\NetBeans 8.0.2\java\modules\ext\beansbinding-1.2.1.jar;C:\Users\IMG_1\Desktop\project_vtk\volume_ct\build\classes
Launcher Type: SUN_STANDARD

Environment Variables:
CLASSPATH=C:\Users\IMG_1\Downloads\JavaCV\opencv\build\x86\vc10\lib;
PATH=C:\ProgramData\Oracle\Java\javapath;C:\Program Files\NVIDIA GPU Computing Toolkit\CUDA\v5.5\bin;C:\Program Files\NVIDIA GPU Computing Toolkit\CUDA\v5.5\libnvvp;C:\Program Files\Common Files\Microsoft Shared\Windows Live;C:\Program Files (x86)\Common Files\Microsoft Shared\Windows Live;C:\Program Files (x86)\NVIDIA Corporation\PhysX\Common;C:\Windows\system32;C:\Windows;C:\Windows\System32\Wbem;C:\Windows\System32\WindowsPowerShell\v1.0\;C:\Program Files (x86)\Microsoft SQL Server\90\Tools\binn\;C:\Program Files (x86)\Windows Live\Shared;C:\ProgramData\NVIDIA Corporation\NVIDIA GPU Computing SDK 4.2\C\common\bin;C:\Program Files\Microsoft\Web Platform Installer\;C:\Program Files (x86)\Microsoft ASP.NET\ASP.NET Web Pages\v1.0\;C:\Program Files\Microsoft SQL Server\110\Tools\Binn\;C:\Program Files (x86)\CMake\bin;C:\Program Files\MATLAB\R2013a\bin;C:\Program Files\Git\cmd;D:\laragon\bin\php\php-5.6.13;C:\ProgramData\ComposerSetup\bin;C:\lib\opencv\x64;C:\Program Files\ImageJ\plugins;C:\Program Files\ImageJ;C:\vtkBin\bin;C:\simpleitk;C:\Users\IMG_1\Downloads\JavaCV\opencv\build\common\tbb\ia32\vc10; C:\Users\IMG_1\Downloads\JavaCV\opencv\build\x86\vc10;C:\Users\IMG_1\Downloads\JavaCV\opencv\build\x64\vc10;C:\MinGW\bin;C:\MinGW\msys\1.0\bin;C:\Users\IMG_1\Desktop\vtk_bin07\bin\Debug;C:\Users\IMG_1\Desktop\vtk_12\bin\Release
USERNAME=IMG_1
OS=Windows_NT
PROCESSOR_IDENTIFIER=Intel64 Family 6 Model 42 Stepping 7, GenuineIntel



---------------  S Y S T E M  ---------------

OS: Windows 7 , 64 bit Build 7600 (6.1.7600.17206)

CPU:total 8 (4 cores per cpu, 2 threads per core) family 6 model 42 stepping 7, cmov, cx8, fxsr, mmx, sse, sse2, sse3, ssse3, sse4.1, sse4.2, popcnt, aes, clmul, ht, tsc, tscinvbit

Memory: 4k page, physical 8370488k(4071132k free), swap 16739068k(10983732k free)

vm_info: Java HotSpot(TM) 64-Bit Server VM (25.92-b14) for windows-amd64 JRE (1.8.0_92-b14), built on Mar 31 2016 21:03:04 by "java_re" with MS VC++ 10.0 (VS2010)

time: Mon Jul 04 15:32:19 2016
elapsed time: 25 seconds (0d 0h 0m 25s)

