#
# A fatal error has been detected by the Java Runtime Environment:
#
#  EXCEPTION_ACCESS_VIOLATION (0xc0000005) at pc=0x000007fee57224cb, pid=6748, tid=0x0000000000001bf0
#
# JRE version: Java(TM) SE Runtime Environment (8.0_92-b14) (build 1.8.0_92-b14)
# Java VM: Java HotSpot(TM) 64-Bit Server VM (25.92-b14 mixed mode windows-amd64 compressed oops)
# Problematic frame:
# C  [vtkRendering.dll+0x1424cb]
#
# Failed to write core dump. Minidumps are not enabled by default on client versions of Windows
#
# If you would like to submit a bug report, please visit:
#   http://bugreport.java.com/bugreport/crash.jsp
# The crash happened outside the Java Virtual Machine in native code.
# See problematic frame for where to report the bug.
#

---------------  T H R E A D  ---------------

Current thread (0x00000000022be800):  JavaThread "main" [_thread_in_native, id=7152, stack(0x00000000025e0000,0x00000000026e0000)]

siginfo: ExceptionCode=0xc0000005, reading address 0x0000000000000000

Registers:
RAX=0x000007fee57bff18, RBX=0x000000005b80c690, RCX=0x0000000000000000, RDX=0x0000000000000007
RSP=0x00000000026def40, RBP=0x000000005b80c690, RSI=0x000000005b7b2510, RDI=0x000000000000001c
R8 =0x0000000000000000, R9 =0x000000005b7b2510, R10=0x0000000000000002, R11=0x000000005a7c8198
R12=0x0000000000000000, R13=0x00000000579ac5c0, R14=0x00000000026df1c8, R15=0x00000000022be800
RIP=0x000007fee57224cb, EFLAGS=0x0000000000010202

Top of Stack: (sp=0x00000000026def40)
0x00000000026def40:   000000005b7d2aa0 0000000000000000
0x00000000026def50:   00000000026defd8 0000000057a34470
0x00000000026def60:   000000005b80c690 000007fee56a80f4
0x00000000026def70:   0000000000000007 000000005b7d2aa0
0x00000000026def80:   0000000057a34470 00000000026defd8
0x00000000026def90:   0000000000000000 000007fee55e2823
0x00000000026defa0:   000007fee578edd8 000000005b80c690
0x00000000026defb0:   0000000000000000 0000000058cd7c90
0x00000000026defc0:   4079f00000000000 00000000026df1c8
0x00000000026defd0:   0000000058cd7c90 000007fee56a2e80
0x00000000026defe0:   000000005790e530 00000000022be800
0x00000000026deff0:   00000000022be800 0000000000000000
0x00000000026df000:   00000000026df170 00000000022be800
0x00000000026df010:   4057800000000000 0000000000000000
0x00000000026df020:   4079f00000000000 0000000000000000
0x00000000026df030:   00000000026df1c8 000007fee56a30b1 

Instructions: (pc=0x000007fee57224cb)
0x000007fee57224ab:   cc cc cc cc cc 48 89 5c 24 08 57 48 83 ec 20 48
0x000007fee57224bb:   8b d9 48 8b 89 b0 01 00 00 8d 3c 95 00 00 00 00
0x000007fee57224cb:   48 8b 01 ff 90 e8 01 00 00 48 8b 8b b0 01 00 00
0x000007fee57224db:   48 8b 01 ff 90 08 05 00 00 48 8b 8b d0 02 00 00 


Register to memory mapping:

RAX=0x000007fee57bff18 is an unknown value
RBX=0x000000005b80c690 is an unknown value
RCX=0x0000000000000000 is an unknown value
RDX=0x0000000000000007 is an unknown value
RSP=0x00000000026def40 is pointing into the stack for thread: 0x00000000022be800
RBP=0x000000005b80c690 is an unknown value
RSI=0x000000005b7b2510 is an unknown value
RDI=0x000000000000001c is an unknown value
R8 =0x0000000000000000 is an unknown value
R9 =0x000000005b7b2510 is an unknown value
R10=0x0000000000000002 is an unknown value
R11=0x000000005a7c8198 is an unknown value
R12=0x0000000000000000 is an unknown value
R13={method} {0x00000000579ac5c8} 'Pick_4' '(DDDLvtk/vtkRenderer;)I' in 'vtk/vtkPropPicker'
R14=0x00000000026df1c8 is pointing into the stack for thread: 0x00000000022be800
R15=0x00000000022be800 is a thread


Stack: [0x00000000025e0000,0x00000000026e0000],  sp=0x00000000026def40,  free space=1019k
Native frames: (J=compiled Java code, j=interpreted, Vv=VM code, C=native code)
C  [vtkRendering.dll+0x1424cb]
C  [vtkRendering.dll+0xc80f4]
C  [vtkRendering.dll+0x2823]
C  [vtkRendering.dll+0xc2e80]
C  [vtkRendering.dll+0xc30b1]
C  [vtkRenderingJava.dll+0x1b04]
C  0x00000000029c7974

Java frames: (J=compiled Java code, j=interpreted, Vv=VM code)
j  vtk.vtkPropPicker.Pick_4(DDDLvtk/vtkRenderer;)I+0
j  vtk.vtkPropPicker.Pick(DDDLvtk/vtkRenderer;)I+7
j  volume_02.show_bone.<init>()V+193
j  volume_02.Main.<init>()V+13
j  volume_02.Volume_02.main([Ljava/lang/String;)V+4
v  ~StubRoutines::call_stub

---------------  P R O C E S S  ---------------

Java Threads: ( => current thread )
  0x000000005b7b8800 JavaThread "AWT-EventQueue-0" [_thread_blocked, id=5748, stack(0x000000005e250000,0x000000005e350000)]
  0x000000005b74e000 JavaThread "AWT-Windows" daemon [_thread_in_native, id=2168, stack(0x000000005c3e0000,0x000000005c4e0000)]
  0x000000005b74a800 JavaThread "AWT-Shutdown" [_thread_blocked, id=5572, stack(0x000000005c200000,0x000000005c300000)]
  0x000000005b749800 JavaThread "Java2D Disposer" daemon [_thread_blocked, id=4148, stack(0x000000005c000000,0x000000005c100000)]
  0x0000000058d7b800 JavaThread "Service Thread" daemon [_thread_blocked, id=4324, stack(0x000000005b390000,0x000000005b490000)]
  0x0000000058cfa000 JavaThread "C1 CompilerThread3" daemon [_thread_blocked, id=3856, stack(0x000000005b200000,0x000000005b300000)]
  0x0000000058ced000 JavaThread "C2 CompilerThread2" daemon [_thread_blocked, id=6968, stack(0x000000005ad50000,0x000000005ae50000)]
  0x0000000058ce8000 JavaThread "C2 CompilerThread1" daemon [_thread_blocked, id=716, stack(0x000000005b030000,0x000000005b130000)]
  0x0000000058ce1000 JavaThread "C2 CompilerThread0" daemon [_thread_blocked, id=6132, stack(0x000000005ae70000,0x000000005af70000)]
  0x0000000058cde800 JavaThread "Attach Listener" daemon [_thread_blocked, id=4804, stack(0x000000005aba0000,0x000000005aca0000)]
  0x0000000058cde000 JavaThread "Signal Dispatcher" daemon [_thread_blocked, id=3464, stack(0x0000000059e80000,0x0000000059f80000)]
  0x0000000057c25000 JavaThread "Finalizer" daemon [_thread_blocked, id=4600, stack(0x000000005a9b0000,0x000000005aab0000)]
  0x0000000057c1e800 JavaThread "Reference Handler" daemon [_thread_blocked, id=6592, stack(0x000000005a8a0000,0x000000005a9a0000)]
=>0x00000000022be800 JavaThread "main" [_thread_in_native, id=7152, stack(0x00000000025e0000,0x00000000026e0000)]

Other Threads:
  0x0000000058c82800 VMThread [stack: 0x0000000059c90000,0x0000000059d90000] [id=2060]
  0x0000000058dca800 WatcherThread [stack: 0x000000005b580000,0x000000005b680000] [id=3652]

VM state:not at safepoint (normal execution)

VM Mutex/Monitor currently owned by a thread: None

Heap:
 PSYoungGen      total 38400K, used 5991K [0x00000000d5700000, 0x00000000d8180000, 0x0000000100000000)
  eden space 33280K, 18% used [0x00000000d5700000,0x00000000d5cd9ff0,0x00000000d7780000)
  from space 5120K, 0% used [0x00000000d7c80000,0x00000000d7c80000,0x00000000d8180000)
  to   space 5120K, 0% used [0x00000000d7780000,0x00000000d7780000,0x00000000d7c80000)
 ParOldGen       total 87552K, used 0K [0x0000000080400000, 0x0000000085980000, 0x00000000d5700000)
  object space 87552K, 0% used [0x0000000080400000,0x0000000080400000,0x0000000085980000)
 Metaspace       used 8617K, capacity 8808K, committed 9088K, reserved 1056768K
  class space    used 1038K, capacity 1124K, committed 1152K, reserved 1048576K

Card table byte_map: [0x0000000011d70000,0x0000000012170000] byte_map_base: 0x000000001196e000

Marking Bits: (ParMarkBitMap*) 0x000000005a7d64f0
 Begin Bits: [0x0000000012e50000, 0x0000000014e40000)
 End Bits:   [0x0000000014e40000, 0x0000000016e30000)

Polling page: 0x0000000000140000

CodeCache: size=245760Kb used=1788Kb max_used=1788Kb free=243971Kb
 bounds [0x00000000029b0000, 0x0000000002c20000, 0x00000000119b0000]
 total_blobs=757 nmethods=348 adapters=323
 compilation: enabled

Compilation events (10 events):
Event: 3.803 Thread 0x0000000058cfa000  344       3       sun.misc.FDBigInteger::<init> (30 bytes)
Event: 3.803 Thread 0x0000000058cfa000 nmethod 344 0x0000000002b6d010 code [0x0000000002b6d180, 0x0000000002b6d388]
Event: 3.804 Thread 0x0000000058cfa000  345  s    3       java.util.Vector::elementAt (48 bytes)
Event: 3.805 Thread 0x0000000058cfa000 nmethod 345 0x0000000002b6bb10 code [0x0000000002b6bd20, 0x0000000002b6c868]
Event: 3.805 Thread 0x0000000058cfa000  346       3       sun.misc.MetaIndex::mayContain (51 bytes)
Event: 3.805 Thread 0x0000000058cfa000 nmethod 346 0x0000000002b6ea50 code [0x0000000002b6ec00, 0x0000000002b6f278]
Event: 3.805 Thread 0x0000000058cfa000  347       1       java.net.URL::getQuery (5 bytes)
Event: 3.805 Thread 0x0000000058cfa000 nmethod 347 0x0000000002b6b650 code [0x0000000002b6b7a0, 0x0000000002b6b8b0]
Event: 3.805 Thread 0x0000000058cfa000  348       1       java.nio.Buffer::position (5 bytes)
Event: 3.805 Thread 0x0000000058cfa000 nmethod 348 0x0000000002b6f510 code [0x0000000002b6f660, 0x0000000002b6f770]

GC Heap History (0 events):
No events

Deoptimization events (0 events):
No events

Internal exceptions (10 events):
Event: 0.049 Thread 0x00000000022be800 Exception <a 'java/lang/NoSuchMethodError': Method sun.misc.Unsafe.defineClass(Ljava/lang/String;[BII)Ljava/lang/Class; name or signature does not match> (0x00000000d5707cc0) thrown at [D:\re\workspace\8-2-build-windows-amd64-cygwin\jdk8u92\6642\hotspot\sr‹9s½WG©?
Event: 0.049 Thread 0x00000000022be800 Exception <a 'java/lang/NoSuchMethodError': Method sun.misc.Unsafe.prefetchRead(Ljava/lang/Object;J)V name or signature does not match> (0x00000000d5707fa8) thrown at [D:\re\workspace\8-2-build-windows-amd64-cygwin\jdk8u92\6642\hotspot\src\share\vm\prims\j_á(€Á¾?
Event: 0.120 Thread 0x00000000022be800 Exception <a 'java/security/PrivilegedActionException'> (0x00000000d57a3fb0) thrown at [D:\re\workspace\8-2-build-windows-amd64-cygwin\jdk8u92\6642\hotspot\src\share\vm\prims\jvm.cpp, line 1386]
Event: 0.120 Thread 0x00000000022be800 Exception <a 'java/security/PrivilegedActionException'> (0x00000000d57a41c0) thrown at [D:\re\workspace\8-2-build-windows-amd64-cygwin\jdk8u92\6642\hotspot\src\share\vm\prims\jvm.cpp, line 1386]
Event: 0.121 Thread 0x00000000022be800 Exception <a 'java/security/PrivilegedActionException'> (0x00000000d584e690) thrown at [D:\re\workspace\8-2-build-windows-amd64-cygwin\jdk8u92\6642\hotspot\src\share\vm\prims\jvm.cpp, line 1386]
Event: 0.121 Thread 0x00000000022be800 Exception <a 'java/security/PrivilegedActionException'> (0x00000000d584e8a0) thrown at [D:\re\workspace\8-2-build-windows-amd64-cygwin\jdk8u92\6642\hotspot\src\share\vm\prims\jvm.cpp, line 1386]
Event: 0.123 Thread 0x00000000022be800 Exception <a 'java/io/FileNotFoundException'> (0x00000000d5850cc8) thrown at [D:\re\workspace\8-2-build-windows-amd64-cygwin\jdk8u92\6642\hotspot\src\share\vm\prims\jni.cpp, line 709]
Event: 0.153 Thread 0x00000000022be800 Exception <a 'java/lang/NoSuchFieldError': method resolution failed> (0x00000000d591e698) thrown at [D:\re\workspace\8-2-build-windows-amd64-cygwin\jdk8u92\6642\hotspot\src\share\vm\prims\methodHandles.cpp, line 1146]
Event: 0.156 Thread 0x00000000022be800 Exception <a 'java/lang/NoSuchFieldError': method resolution failed> (0x00000000d592b9e8) thrown at [D:\re\workspace\8-2-build-windows-amd64-cygwin\jdk8u92\6642\hotspot\src\share\vm\prims\methodHandles.cpp, line 1146]
Event: 0.187 Thread 0x00000000022be800 Exception <a 'java/io/FileNotFoundException'> (0x00000000d59bff10) thrown at [D:\re\workspace\8-2-build-windows-amd64-cygwin\jdk8u92\6642\hotspot\src\share\vm\prims\jni.cpp, line 709]

Events (10 events):
Event: 3.803 loading class vtk/vtkRenderer
Event: 3.803 loading class vtk/vtkRenderer done
Event: 3.803 loading class vtk/vtkViewport
Event: 3.803 loading class vtk/vtkViewport done
Event: 3.804 loading class vtk/vtkPropPicker
Event: 3.804 loading class vtk/vtkPropPicker done
Event: 3.804 loading class vtk/vtkAbstractPropPicker
Event: 3.805 loading class vtk/vtkAbstractPropPicker done
Event: 3.805 loading class vtk/vtkAbstractPicker
Event: 3.805 loading class vtk/vtkAbstractPicker done


Dynamic libraries:
0x000000013f690000 - 0x000000013f6c7000 	C:\Program Files\Java\jdk1.8.0_92\bin\java.exe
0x0000000076d60000 - 0x0000000076f0c000 	C:\Windows\SYSTEM32\ntdll.dll
0x0000000076990000 - 0x0000000076aaf000 	C:\Windows\system32\kernel32.dll
0x000007fefd280000 - 0x000007fefd2ec000 	C:\Windows\system32\KERNELBASE.dll
0x000007fefeef0000 - 0x000007fefefcb000 	C:\Windows\system32\ADVAPI32.dll
0x000007fefefd0000 - 0x000007feff06f000 	C:\Windows\system32\msvcrt.dll
0x000007fefdd40000 - 0x000007fefdd5f000 	C:\Windows\SYSTEM32\sechost.dll
0x000007fefd990000 - 0x000007fefdabe000 	C:\Windows\system32\RPCRT4.dll
0x0000000076680000 - 0x000000007677a000 	C:\Windows\system32\USER32.dll
0x000007fefdbe0000 - 0x000007fefdc47000 	C:\Windows\system32\GDI32.dll
0x000007fefdbd0000 - 0x000007fefdbde000 	C:\Windows\system32\LPK.dll
0x000007fefd8c0000 - 0x000007fefd98a000 	C:\Windows\system32\USP10.dll
0x000007fefbc40000 - 0x000007fefbe34000 	C:\Windows\WinSxS\amd64_microsoft.windows.common-controls_6595b64144ccf1df_6.0.7600.16661_none_fa62ad231704eab7\COMCTL32.dll
0x000007fefe0e0000 - 0x000007fefe151000 	C:\Windows\system32\SHLWAPI.dll
0x000007fefdba0000 - 0x000007fefdbce000 	C:\Windows\system32\IMM32.DLL
0x000007fefdd60000 - 0x000007fefde69000 	C:\Windows\system32\MSCTF.dll
0x0000000066080000 - 0x0000000066152000 	C:\Program Files\Java\jdk1.8.0_92\jre\bin\msvcr100.dll
0x0000000059fc0000 - 0x000000005a856000 	C:\Program Files\Java\jdk1.8.0_92\jre\bin\server\jvm.dll
0x000007fef35a0000 - 0x000007fef35a9000 	C:\Windows\system32\WSOCK32.dll
0x000007fefdcf0000 - 0x000007fefdd3d000 	C:\Windows\system32\WS2_32.dll
0x000007fefe0d0000 - 0x000007fefe0d8000 	C:\Windows\system32\NSI.dll
0x000007fefa270000 - 0x000007fefa2ab000 	C:\Windows\system32\WINMM.dll
0x000007fefc2d0000 - 0x000007fefc2dc000 	C:\Windows\system32\VERSION.dll
0x0000000076f20000 - 0x0000000076f27000 	C:\Windows\system32\PSAPI.DLL
0x0000000070350000 - 0x000000007035f000 	C:\Program Files\Java\jdk1.8.0_92\jre\bin\verify.dll
0x000000006f6c0000 - 0x000000006f6e9000 	C:\Program Files\Java\jdk1.8.0_92\jre\bin\java.dll
0x0000000070050000 - 0x0000000070066000 	C:\Program Files\Java\jdk1.8.0_92\jre\bin\zip.dll
0x000007fefe160000 - 0x000007fefeee7000 	C:\Windows\system32\SHELL32.dll
0x000007fefd690000 - 0x000007fefd892000 	C:\Windows\system32\ole32.dll
0x000007fefd1d0000 - 0x000007fefd1df000 	C:\Windows\system32\profapi.dll
0x0000000065e20000 - 0x0000000065fb8000 	C:\Program Files\Java\jdk1.8.0_92\jre\bin\awt.dll
0x000007fefdac0000 - 0x000007fefdb97000 	C:\Windows\system32\OLEAUT32.dll
0x000007fefb0d0000 - 0x000007fefb0e8000 	C:\Windows\system32\DWMAPI.DLL
0x000007fefb8c0000 - 0x000007fefb916000 	C:\Windows\system32\uxtheme.dll
0x000007fefd0c0000 - 0x000007fefd0cf000 	C:\Windows\system32\CRYPTBASE.dll
0x000007feea4a0000 - 0x000007feea69f000 	C:\Windows\system32\d3d9.dll
0x000007fef8630000 - 0x000007fef8637000 	C:\Windows\system32\d3d8thk.dll
0x000007fee9370000 - 0x000007feea1e4000 	C:\Windows\system32\nvd3dumx.dll
0x000007fefbb30000 - 0x000007fefbb5c000 	C:\Windows\system32\powrprof.dll
0x000007fefdef0000 - 0x000007fefe0c7000 	C:\Windows\system32\SETUPAPI.dll
0x000007fefd560000 - 0x000007fefd596000 	C:\Windows\system32\CFGMGR32.dll
0x000007fefd3d0000 - 0x000007fefd3ea000 	C:\Windows\system32\DEVOBJ.dll
0x000007fee9210000 - 0x000007fee9368000 	C:\Program Files (x86)\NVIDIA Corporation\3D Vision\nvSCPAPI64.dll
0x000000006f670000 - 0x000000006f6b7000 	C:\Program Files\Java\jdk1.8.0_92\jre\bin\fontmanager.dll
0x000007fee8350000 - 0x000007fee83be000 	C:\vtkBin\bin\vtkCommonJava.dll
0x000007fee6b80000 - 0x000007fee6dc8000 	C:\vtkBin\bin\vtkCommon.dll
0x000007fee87c0000 - 0x000007fee8803000 	C:\vtkBin\bin\vtksys.dll
0x000000006a2e0000 - 0x000000006a378000 	C:\Windows\system32\MSVCP100.dll
0x000007fee7a10000 - 0x000007fee7ab0000 	C:\vtkBin\bin\vtkFilteringJava.dll
0x000007fee6880000 - 0x000007fee6b7c000 	C:\vtkBin\bin\vtkFiltering.dll
0x000007fee8760000 - 0x000007fee87b6000 	C:\vtkBin\bin\vtkIOJava.dll
0x000007fee6450000 - 0x000007fee6874000 	C:\vtkBin\bin\vtkIO.dll
0x000007feeef60000 - 0x000007feeef82000 	C:\vtkBin\bin\vtkDICOMParser.dll
0x000007fee7940000 - 0x000007fee7a06000 	C:\vtkBin\bin\vtkNetCDF.dll
0x000007fee6240000 - 0x000007fee644d000 	C:\vtkBin\bin\vtkhdf5.dll
0x000007fef3400000 - 0x000007fef3414000 	C:\vtkBin\bin\vtkzlib.dll
0x000007fef27b0000 - 0x000007fef27dd000 	C:\vtkBin\bin\vtkhdf5_hl.dll
0x000007fef3440000 - 0x000007fef3460000 	C:\vtkBin\bin\vtkNetCDF_cxx.dll
0x000007fee8c30000 - 0x000007fee8c48000 	C:\vtkBin\bin\LSDyna.dll
0x000007fee78b0000 - 0x000007fee793f000 	C:\vtkBin\bin\vtkmetaio.dll
0x000007fee8c00000 - 0x000007fee8c24000 	C:\vtkBin\bin\vtkpng.dll
0x000007fee8320000 - 0x000007fee8347000 	C:\vtkBin\bin\vtkjpeg.dll
0x000007fee8060000 - 0x000007fee80b1000 	C:\vtkBin\bin\vtktiff.dll
0x000007fee7ca0000 - 0x000007fee7cc3000 	C:\vtkBin\bin\vtkexpat.dll
0x000007fee8b40000 - 0x000007fee8b5f000 	C:\Windows\system32\AVIFIL32.dll
0x000007fee7840000 - 0x000007fee7858000 	C:\Windows\system32\MSACM32.dll
0x000007fee7c70000 - 0x000007fee7c99000 	C:\Windows\system32\MSVFW32.dll
0x000007fee7860000 - 0x000007fee78a7000 	C:\vtkBin\bin\vtkImagingJava.dll
0x000007fee5fb0000 - 0x000007fee6239000 	C:\vtkBin\bin\vtkImaging.dll
0x000007fee5f10000 - 0x000007fee5fa7000 	C:\vtkBin\bin\vtkGraphicsJava.dll
0x000007fee5a10000 - 0x000007fee5f02000 	C:\vtkBin\bin\vtkGraphics.dll
0x000007fee7c40000 - 0x000007fee7c70000 	C:\vtkBin\bin\vtkverdict.dll
0x000007fee5980000 - 0x000007fee5a09000 	C:\vtkBin\bin\vtkRenderingJava.dll
0x000007fee55e0000 - 0x000007fee597b000 	C:\vtkBin\bin\vtkRendering.dll
0x000007fef2450000 - 0x000007fef245f000 	C:\vtkBin\bin\vtkftgl.dll
0x000007fef8000000 - 0x000007fef811d000 	C:\Windows\system32\OPENGL32.dll
0x000007fef7fd0000 - 0x000007fef7ffd000 	C:\Windows\system32\GLU32.dll
0x000007fef7ed0000 - 0x000007fef7fc1000 	C:\Windows\system32\DDRAW.dll
0x000007fef7ec0000 - 0x000007fef7ec8000 	C:\Windows\system32\DCIMAN32.dll
0x000007fee5560000 - 0x000007fee55d5000 	C:\vtkBin\bin\vtkfreetype.dll
0x00000000703f0000 - 0x00000000703f7000 	C:\vtkBin\bin\jawt.dll
0x000007fef32d0000 - 0x000007fef33f5000 	C:\Windows\system32\dbghelp.dll

VM Arguments:
jvm_args: -Dfile.encoding=UTF-8 
java_command: volume_02.Volume_02
java_class_path (initial): C:\vtkBin\bin\vtk.jar;C:\Users\IMG_1\Desktop\project_vtk\volume_02\build\classes
Launcher Type: SUN_STANDARD

Environment Variables:
CLASSPATH=C:\Users\IMG_1\Downloads\JavaCV\opencv\build\x86\vc10\lib;
PATH=C:\ProgramData\Oracle\Java\javapath;C:\Program Files\NVIDIA GPU Computing Toolkit\CUDA\v5.5\bin;C:\Program Files\NVIDIA GPU Computing Toolkit\CUDA\v5.5\libnvvp;C:\Program Files\Common Files\Microsoft Shared\Windows Live;C:\Program Files (x86)\Common Files\Microsoft Shared\Windows Live;C:\Program Files (x86)\NVIDIA Corporation\PhysX\Common;C:\Windows\system32;C:\Windows;C:\Windows\System32\Wbem;C:\Windows\System32\WindowsPowerShell\v1.0\;C:\Program Files (x86)\Microsoft SQL Server\90\Tools\binn\;C:\Program Files (x86)\Windows Live\Shared;C:\ProgramData\NVIDIA Corporation\NVIDIA GPU Computing SDK 4.2\C\common\bin;C:\Program Files\Microsoft\Web Platform Installer\;C:\Program Files (x86)\Microsoft ASP.NET\ASP.NET Web Pages\v1.0\;C:\Program Files\Microsoft SQL Server\110\Tools\Binn\;C:\Program Files (x86)\CMake\bin;C:\Program Files\MATLAB\R2013a\bin;C:\Program Files\Git\cmd;D:\laragon\bin\php\php-5.6.13;C:\ProgramData\ComposerSetup\bin;C:\lib\opencv\x64;C:\Program Files\ImageJ\plugins;C:\Program Files\ImageJ;C:\vtkBin\bin;C:\simpleitk;C:\Users\IMG_1\Downloads\JavaCV\opencv\build\common\tbb\ia32\vc10; C:\Users\IMG_1\Downloads\JavaCV\opencv\build\x86\vc10;C:\Users\IMG_1\Downloads\JavaCV\opencv\build\x64\vc10;C:\MinGW\bin;C:\MinGW\msys\1.0\bin;C:\Users\IMG_1\Desktop\vtk_bin07\bin\Debug;C:\Users\IMG_1\Desktop\vtk_12\bin\Release
USERNAME=IMG_1
OS=Windows_NT
PROCESSOR_IDENTIFIER=Intel64 Family 6 Model 42 Stepping 7, GenuineIntel



---------------  S Y S T E M  ---------------

OS: Windows 7 , 64 bit Build 7600 (6.1.7600.17206)

CPU:total 8 (4 cores per cpu, 2 threads per core) family 6 model 42 stepping 7, cmov, cx8, fxsr, mmx, sse, sse2, sse3, ssse3, sse4.1, sse4.2, popcnt, aes, clmul, ht, tsc, tscinvbit

Memory: 4k page, physical 8370488k(5587716k free), swap 16739068k(12017096k free)

vm_info: Java HotSpot(TM) 64-Bit Server VM (25.92-b14) for windows-amd64 JRE (1.8.0_92-b14), built on Mar 31 2016 21:03:04 by "java_re" with MS VC++ 10.0 (VS2010)

time: Thu Jun 23 11:43:19 2016
elapsed time: 3 seconds (0d 0h 0m 3s)

