#
# A fatal error has been detected by the Java Runtime Environment:
#
#  EXCEPTION_ACCESS_VIOLATION (0xc0000005) at pc=0x000007fef0af91a9, pid=6076, tid=0x00000000000017dc
#
# JRE version: Java(TM) SE Runtime Environment (8.0_92-b14) (build 1.8.0_92-b14)
# Java VM: Java HotSpot(TM) 64-Bit Server VM (25.92-b14 mixed mode windows-amd64 compressed oops)
# Problematic frame:
# C  [vtkCommonJava.dll+0x91a9]
#
# Failed to write core dump. Minidumps are not enabled by default on client versions of Windows
#
# If you would like to submit a bug report, please visit:
#   http://bugreport.java.com/bugreport/crash.jsp
# The crash happened outside the Java Virtual Machine in native code.
# See problematic frame for where to report the bug.
#

---------------  T H R E A D  ---------------

Current thread (0x000000000238f000):  JavaThread "main" [_thread_in_native, id=6108, stack(0x0000000002620000,0x0000000002720000)]

siginfo: ExceptionCode=0xc0000005, writing address 0x000000005b2e8000

Registers:
RAX=0x000000005b2e7210, RBX=0x00000000000001be, RCX=0x000000000238f1f8, RDX=0x000000000271f0d8
RSP=0x000000000271f000, RBP=0x000000000271f0a8, RSI=0x00000000577f57e0, RDI=0x00000000000001be
R8 =0x0000000000000042, R9 =0x00000000d5cab7d0, R10=0x0000000000000000, R11=0x000000005dc98198
R12=0x0000000000000000, R13=0x0000000057a14448, R14=0x000000000271f0d8, R15=0x000000000238f000
RIP=0x000007fef0af91a9, EFLAGS=0x0000000000010246

Top of Stack: (sp=0x000000000271f000)
0x000000000271f000:   00000000000001be 00000000d5cb85e8
0x000000000271f010:   000000000271f0c0 000007fef0822ce9
0x000000000271f020:   00000000173c1518 0000000002a07974
0x000000000271f030:   0000000057a14448 00000000029f80c0
0x000000000271f040:   00000000029f80c0 00000000d5cab7d0
0x000000000271f050:   000000000271f050 00000000579f9e5c
0x000000000271f060:   000000000271f0d8 000000000271f068
0x000000000271f070:   0000000000000000 000000000271f0d8
0x000000000271f080:   0000000057a151c0 0000000000000000
0x000000000271f090:   0000000057a14448 0000000000000000
0x000000000271f0a0:   000000000271f0c8 000000000271f120
0x000000000271f0b0:   00000000029f8331 0000000000000000
0x000000000271f0c0:   0000000002a019b8 00000000000001be
0x000000000271f0d0:   00000000000001be 00000000d5cab7d0
0x000000000271f0e0:   000000000271f0e0 0000000057a144e3
0x000000000271f0f0:   000000000271f140 0000000057a151c0 

Instructions: (pc=0x000007fef0af91a9)
0x000007fef0af9189:   48 ff 25 f8 37 02 00 48 89 5c 24 08 57 48 83 ec
0x000007fef0af9199:   20 49 63 d9 49 63 f8 e8 3b fd 01 00 48 8b 40 38
0x000007fef0af91a9:   48 89 1c f8 48 8b 5c 24 30 48 83 c4 20 5f c3 cc
0x000007fef0af91b9:   cc cc cc cc cc cc cc 48 89 5c 24 08 57 48 83 ec 


Register to memory mapping:

RAX=0x000000005b2e7210 is an unknown value
RBX=0x00000000000001be is an unknown value
RCX=0x000000000238f1f8 is an unknown value
RDX=0x000000000271f0d8 is pointing into the stack for thread: 0x000000000238f000
RSP=0x000000000271f000 is pointing into the stack for thread: 0x000000000238f000
RBP=0x000000000271f0a8 is pointing into the stack for thread: 0x000000000238f000
RSI=0x00000000577f57e0 is pointing into metadata
RDI=0x00000000000001be is an unknown value
R8 =0x0000000000000042 is an unknown value
R9 =0x00000000d5cab7d0 is an oop
vtk.vtkIdList 
 - klass: 'vtk/vtkIdList'
R10=0x0000000000000000 is an unknown value
R11=0x000000005dc98198 is an unknown value
R12=0x0000000000000000 is an unknown value
R13={method} {0x0000000057a14450} 'SetId_7' '(II)V' in 'vtk/vtkIdList'
R14=0x000000000271f0d8 is pointing into the stack for thread: 0x000000000238f000
R15=0x000000000238f000 is a thread


Stack: [0x0000000002620000,0x0000000002720000],  sp=0x000000000271f000,  free space=1020k
Native frames: (J=compiled Java code, j=interpreted, Vv=VM code, C=native code)
C  [vtkCommonJava.dll+0x91a9]
C  0x0000000002a07974

Java frames: (J=compiled Java code, j=interpreted, Vv=VM code)
j  vtk.vtkIdList.SetId_7(II)V+0
j  vtk.vtkIdList.SetId(II)V+3
j  volume_02.test01.<init>()V+153
j  volume_02.Main.<init>()V+13
j  volume_02.Volume_02.main([Ljava/lang/String;)V+4
v  ~StubRoutines::call_stub

---------------  P R O C E S S  ---------------

Java Threads: ( => current thread )
  0x000000005b082800 JavaThread "AWT-EventQueue-0" [_thread_blocked, id=5232, stack(0x000000005d020000,0x000000005d120000)]
  0x000000005afd1800 JavaThread "AWT-Windows" daemon [_thread_in_native, id=5164, stack(0x000000005b980000,0x000000005ba80000)]
  0x000000005afce800 JavaThread "AWT-Shutdown" [_thread_blocked, id=5152, stack(0x000000005b770000,0x000000005b870000)]
  0x000000005afcd800 JavaThread "Java2D Disposer" daemon [_thread_blocked, id=308, stack(0x000000005a5a0000,0x000000005a6a0000)]
  0x0000000058e6d000 JavaThread "Service Thread" daemon [_thread_blocked, id=312, stack(0x000000005acd0000,0x000000005add0000)]
  0x0000000058dec800 JavaThread "C1 CompilerThread3" daemon [_thread_blocked, id=2284, stack(0x000000005ab40000,0x000000005ac40000)]
  0x0000000058de2000 JavaThread "C2 CompilerThread2" daemon [_thread_blocked, id=4892, stack(0x000000005a950000,0x000000005aa50000)]
  0x0000000058dd8800 JavaThread "C2 CompilerThread1" daemon [_thread_blocked, id=1596, stack(0x000000005a850000,0x000000005a950000)]
  0x0000000058dd3000 JavaThread "C2 CompilerThread0" daemon [_thread_blocked, id=5136, stack(0x000000005a6d0000,0x000000005a7d0000)]
  0x0000000058dd2000 JavaThread "Attach Listener" daemon [_thread_blocked, id=5132, stack(0x000000005a490000,0x000000005a590000)]
  0x0000000058dce000 JavaThread "Signal Dispatcher" daemon [_thread_blocked, id=5128, stack(0x000000005a100000,0x000000005a200000)]
  0x0000000058d75000 JavaThread "Finalizer" daemon [_thread_blocked, id=5148, stack(0x000000005a210000,0x000000005a310000)]
  0x0000000058d2c000 JavaThread "Reference Handler" daemon [_thread_blocked, id=5140, stack(0x0000000059f40000,0x000000005a040000)]
=>0x000000000238f000 JavaThread "main" [_thread_in_native, id=6108, stack(0x0000000002620000,0x0000000002720000)]

Other Threads:
  0x0000000058d24800 VMThread [stack: 0x0000000059e40000,0x0000000059f40000] [id=5124]
  0x0000000058ec6800 WatcherThread [stack: 0x000000005a390000,0x000000005a490000] [id=5160]

VM state:not at safepoint (normal execution)

VM Mutex/Monitor currently owned by a thread: None

Heap:
 PSYoungGen      total 38400K, used 5992K [0x00000000d5700000, 0x00000000d8180000, 0x0000000100000000)
  eden space 33280K, 18% used [0x00000000d5700000,0x00000000d5cda258,0x00000000d7780000)
  from space 5120K, 0% used [0x00000000d7c80000,0x00000000d7c80000,0x00000000d8180000)
  to   space 5120K, 0% used [0x00000000d7780000,0x00000000d7780000,0x00000000d7c80000)
 ParOldGen       total 87552K, used 0K [0x0000000080400000, 0x0000000085980000, 0x00000000d5700000)
  object space 87552K, 0% used [0x0000000080400000,0x0000000080400000,0x0000000085980000)
 Metaspace       used 8587K, capacity 8748K, committed 8832K, reserved 1056768K
  class space    used 1037K, capacity 1124K, committed 1152K, reserved 1048576K

Card table byte_map: [0x0000000011db0000,0x00000000121b0000] byte_map_base: 0x00000000119ae000

Marking Bits: (ParMarkBitMap*) 0x000000005dca64f0
 Begin Bits: [0x0000000012ed0000, 0x0000000014ec0000)
 End Bits:   [0x0000000014ec0000, 0x0000000016eb0000)

Polling page: 0x0000000000590000

CodeCache: size=245760Kb used=1808Kb max_used=1808Kb free=243951Kb
 bounds [0x00000000029f0000, 0x0000000002c60000, 0x00000000119f0000]
 total_blobs=772 nmethods=360 adapters=326
 compilation: enabled

Compilation events (10 events):
Event: 0.344 Thread 0x0000000058dec800 nmethod 346 0x0000000002bac790 code [0x0000000002bac8e0, 0x0000000002baca30]
Event: 0.344 Thread 0x0000000058dec800  347       3       java.lang.Long::hashCode (8 bytes)
Event: 0.344 Thread 0x0000000058dec800 nmethod 347 0x0000000002baca90 code [0x0000000002bacbe0, 0x0000000002bacdb0]
Event: 0.344 Thread 0x0000000058dec800  348       3       java.lang.Long::hashCode (8 bytes)
Event: 0.344 Thread 0x0000000058dec800 nmethod 348 0x0000000002bace50 code [0x0000000002bacfa0, 0x0000000002bad0f0]
Event: 0.344 Thread 0x0000000058dec800  349       3       java.lang.Long::equals (30 bytes)
Event: 0.344 Thread 0x0000000058dec800 nmethod 349 0x0000000002bad150 code [0x0000000002bad2c0, 0x0000000002bad770]
Event: 0.344 Thread 0x0000000058dec800  350       3       java.lang.Long::valueOf (36 bytes)
Event: 0.344 Thread 0x0000000058dec800 nmethod 350 0x0000000002bad850 code [0x0000000002bad9c0, 0x0000000002badd30]
Event: 0.344 Thread 0x0000000058dec800  351   !   3       vtk.vtkJavaMemoryManagerImpl::getJavaObject (230 bytes)

GC Heap History (0 events):
No events

Deoptimization events (0 events):
No events

Internal exceptions (10 events):
Event: 0.053 Thread 0x000000000238f000 Exception <a 'java/lang/NoSuchMethodError': Method sun.misc.Unsafe.defineClass(Ljava/lang/String;[BII)Ljava/lang/Class; name or signature does not match> (0x00000000d5707cc0) thrown at [D:\re\workspace\8-2-build-windows-amd64-cygwin\jdk8u92\6642\hotspot\srÂ–‹ﬁê´?
Event: 0.053 Thread 0x000000000238f000 Exception <a 'java/lang/NoSuchMethodError': Method sun.misc.Unsafe.prefetchRead(Ljava/lang/Object;J)V name or signature does not match> (0x00000000d5707fa8) thrown at [D:\re\workspace\8-2-build-windows-amd64-cygwin\jdk8u92\6642\hotspot\src\share\vm\prims\j‡ú Qø?
Event: 0.122 Thread 0x000000000238f000 Exception <a 'java/security/PrivilegedActionException'> (0x00000000d57a4e40) thrown at [D:\re\workspace\8-2-build-windows-amd64-cygwin\jdk8u92\6642\hotspot\src\share\vm\prims\jvm.cpp, line 1386]
Event: 0.122 Thread 0x000000000238f000 Exception <a 'java/security/PrivilegedActionException'> (0x00000000d57a5050) thrown at [D:\re\workspace\8-2-build-windows-amd64-cygwin\jdk8u92\6642\hotspot\src\share\vm\prims\jvm.cpp, line 1386]
Event: 0.123 Thread 0x000000000238f000 Exception <a 'java/security/PrivilegedActionException'> (0x00000000d584f540) thrown at [D:\re\workspace\8-2-build-windows-amd64-cygwin\jdk8u92\6642\hotspot\src\share\vm\prims\jvm.cpp, line 1386]
Event: 0.123 Thread 0x000000000238f000 Exception <a 'java/security/PrivilegedActionException'> (0x00000000d584f750) thrown at [D:\re\workspace\8-2-build-windows-amd64-cygwin\jdk8u92\6642\hotspot\src\share\vm\prims\jvm.cpp, line 1386]
Event: 0.125 Thread 0x000000000238f000 Exception <a 'java/io/FileNotFoundException'> (0x00000000d5851b78) thrown at [D:\re\workspace\8-2-build-windows-amd64-cygwin\jdk8u92\6642\hotspot\src\share\vm\prims\jni.cpp, line 709]
Event: 0.153 Thread 0x000000000238f000 Exception <a 'java/lang/NoSuchFieldError': method resolution failed> (0x00000000d591f550) thrown at [D:\re\workspace\8-2-build-windows-amd64-cygwin\jdk8u92\6642\hotspot\src\share\vm\prims\methodHandles.cpp, line 1146]
Event: 0.155 Thread 0x000000000238f000 Exception <a 'java/lang/NoSuchFieldError': method resolution failed> (0x00000000d592c8a0) thrown at [D:\re\workspace\8-2-build-windows-amd64-cygwin\jdk8u92\6642\hotspot\src\share\vm\prims\methodHandles.cpp, line 1146]
Event: 0.187 Thread 0x000000000238f000 Exception <a 'java/io/FileNotFoundException'> (0x00000000d59c0db8) thrown at [D:\re\workspace\8-2-build-windows-amd64-cygwin\jdk8u92\6642\hotspot\src\share\vm\prims\jni.cpp, line 709]

Events (10 events):
Event: 0.319 loading class vtk/vtkJavaGarbageCollector$2
Event: 0.319 loading class vtk/vtkJavaGarbageCollector$2 done
Event: 0.321 loading class vtk/vtkMarchingSquares
Event: 0.321 loading class vtk/vtkMarchingSquares done
Event: 0.321 loading class vtk/vtkPolyDataAlgorithm
Event: 0.321 loading class vtk/vtkPolyDataAlgorithm done
Event: 0.342 loading class vtk/vtkIdList
Event: 0.342 loading class vtk/vtkIdList done
Event: 0.343 loading class vtk/vtkPoints
Event: 0.343 loading class vtk/vtkPoints done


Dynamic libraries:
0x000000013f980000 - 0x000000013f9b7000 	C:\Program Files\Java\jdk1.8.0_92\bin\java.exe
0x0000000077780000 - 0x000000007792c000 	C:\Windows\SYSTEM32\ntdll.dll
0x0000000077410000 - 0x000000007752f000 	C:\Windows\system32\kernel32.dll
0x000007fefdeb0000 - 0x000007fefdf1c000 	C:\Windows\system32\KERNELBASE.dll
0x000007fefe230000 - 0x000007fefe30b000 	C:\Windows\system32\ADVAPI32.dll
0x000007fefe310000 - 0x000007fefe3af000 	C:\Windows\system32\msvcrt.dll
0x000007feff770000 - 0x000007feff78f000 	C:\Windows\SYSTEM32\sechost.dll
0x000007feff8f0000 - 0x000007feffa1e000 	C:\Windows\system32\RPCRT4.dll
0x0000000077680000 - 0x000000007777a000 	C:\Windows\system32\USER32.dll
0x000007feffa20000 - 0x000007feffa87000 	C:\Windows\system32\GDI32.dll
0x000007feff8b0000 - 0x000007feff8be000 	C:\Windows\system32\LPK.dll
0x000007fefe5c0000 - 0x000007fefe68a000 	C:\Windows\system32\USP10.dll
0x000007fefc660000 - 0x000007fefc854000 	C:\Windows\WinSxS\amd64_microsoft.windows.common-controls_6595b64144ccf1df_6.0.7600.16661_none_fa62ad231704eab7\COMCTL32.dll
0x000007fefdfd0000 - 0x000007fefe041000 	C:\Windows\system32\SHLWAPI.dll
0x000007fefda80000 - 0x000007fefdad7000 	C:\Windows\system32\apphelp.dll
0x000007fef1d40000 - 0x000007fef21a7000 	C:\Windows\AppPatch\AppPatch64\AcXtrnal.DLL
0x000007feff8c0000 - 0x000007feff8ee000 	C:\Windows\system32\IMM32.DLL
0x000007feff440000 - 0x000007feff549000 	C:\Windows\system32\MSCTF.dll
0x0000000060e70000 - 0x0000000060f42000 	C:\Program Files\Java\jdk1.8.0_92\jre\bin\msvcr100.dll
0x000000005d490000 - 0x000000005dd26000 	C:\Program Files\Java\jdk1.8.0_92\jre\bin\server\jvm.dll
0x000007fef2680000 - 0x000007fef2689000 	C:\Windows\system32\WSOCK32.dll
0x000007feff860000 - 0x000007feff8ad000 	C:\Windows\system32\WS2_32.dll
0x000007fefdfc0000 - 0x000007fefdfc8000 	C:\Windows\system32\NSI.dll
0x000007fefacf0000 - 0x000007fefad2b000 	C:\Windows\system32\WINMM.dll
0x000007fefccf0000 - 0x000007fefccfc000 	C:\Windows\system32\VERSION.dll
0x0000000077950000 - 0x0000000077957000 	C:\Windows\system32\PSAPI.DLL
0x000000006d320000 - 0x000000006d32f000 	C:\Program Files\Java\jdk1.8.0_92\jre\bin\verify.dll
0x0000000061000000 - 0x0000000061029000 	C:\Program Files\Java\jdk1.8.0_92\jre\bin\java.dll
0x0000000060fe0000 - 0x0000000060ff6000 	C:\Program Files\Java\jdk1.8.0_92\jre\bin\zip.dll
0x000007fefe690000 - 0x000007feff417000 	C:\Windows\system32\SHELL32.dll
0x000007fefe3b0000 - 0x000007fefe5b2000 	C:\Windows\system32\ole32.dll
0x000007fefdbf0000 - 0x000007fefdbff000 	C:\Windows\system32\profapi.dll
0x0000000060cd0000 - 0x0000000060e68000 	C:\Program Files\Java\jdk1.8.0_92\jre\bin\awt.dll
0x000007feff550000 - 0x000007feff627000 	C:\Windows\system32\OLEAUT32.dll
0x000007fefbaf0000 - 0x000007fefbb08000 	C:\Windows\system32\DWMAPI.DLL
0x000007fefc320000 - 0x000007fefc376000 	C:\Windows\system32\uxtheme.dll
0x000007fefdae0000 - 0x000007fefdaef000 	C:\Windows\system32\CRYPTBASE.dll
0x000007fef1b40000 - 0x000007fef1d3f000 	C:\Windows\system32\d3d9.dll
0x000007fef2690000 - 0x000007fef2697000 	C:\Windows\system32\d3d8thk.dll
0x000007fef0cc0000 - 0x000007fef1b34000 	C:\Windows\system32\nvd3dumx.dll
0x000007fefc530000 - 0x000007fefc55c000 	C:\Windows\system32\powrprof.dll
0x000007fefe050000 - 0x000007fefe227000 	C:\Windows\system32\SETUPAPI.dll
0x000007fefdf40000 - 0x000007fefdf76000 	C:\Windows\system32\CFGMGR32.dll
0x000007fefdf20000 - 0x000007fefdf3a000 	C:\Windows\system32\DEVOBJ.dll
0x000007fef0b60000 - 0x000007fef0cb8000 	C:\Program Files (x86)\NVIDIA Corporation\3D Vision\nvSCPAPI64.dll
0x0000000060f90000 - 0x0000000060fd7000 	C:\Program Files\Java\jdk1.8.0_92\jre\bin\fontmanager.dll
0x000007fef0af0000 - 0x000007fef0b5e000 	C:\vtkBin\bin\vtkCommonJava.dll
0x000007fef08a0000 - 0x000007fef0ae8000 	C:\vtkBin\bin\vtkCommon.dll
0x000007fef2500000 - 0x000007fef2543000 	C:\vtkBin\bin\vtksys.dll
0x000000006ac80000 - 0x000000006ad18000 	C:\Windows\system32\MSVCP100.dll
0x000007fef0800000 - 0x000007fef08a0000 	C:\vtkBin\bin\vtkFilteringJava.dll
0x000007fef0500000 - 0x000007fef07fc000 	C:\vtkBin\bin\vtkFiltering.dll
0x000007fef04a0000 - 0x000007fef04f6000 	C:\vtkBin\bin\vtkIOJava.dll
0x000007fef0070000 - 0x000007fef0494000 	C:\vtkBin\bin\vtkIO.dll
0x000007fef24d0000 - 0x000007fef24f2000 	C:\vtkBin\bin\vtkDICOMParser.dll
0x000007feeffa0000 - 0x000007fef0066000 	C:\vtkBin\bin\vtkNetCDF.dll
0x000007feefd90000 - 0x000007feeff9d000 	C:\vtkBin\bin\vtkhdf5.dll
0x000007feefd70000 - 0x000007feefd84000 	C:\vtkBin\bin\vtkzlib.dll
0x000007feefd40000 - 0x000007feefd6d000 	C:\vtkBin\bin\vtkhdf5_hl.dll
0x000007fef2590000 - 0x000007fef25b0000 	C:\vtkBin\bin\vtkNetCDF_cxx.dll
0x000007feefd20000 - 0x000007feefd38000 	C:\vtkBin\bin\LSDyna.dll
0x000007feefc90000 - 0x000007feefd1f000 	C:\vtkBin\bin\vtkmetaio.dll
0x000007feefc60000 - 0x000007feefc84000 	C:\vtkBin\bin\vtkpng.dll
0x000007feefc30000 - 0x000007feefc57000 	C:\vtkBin\bin\vtkjpeg.dll
0x000007feefbd0000 - 0x000007feefc21000 	C:\vtkBin\bin\vtktiff.dll
0x000007feefba0000 - 0x000007feefbc3000 	C:\vtkBin\bin\vtkexpat.dll
0x000007feefb80000 - 0x000007feefb9f000 	C:\Windows\system32\AVIFIL32.dll
0x000007feefb60000 - 0x000007feefb78000 	C:\Windows\system32\MSACM32.dll
0x000007feefb30000 - 0x000007feefb59000 	C:\Windows\system32\MSVFW32.dll
0x000007feefae0000 - 0x000007feefb27000 	C:\vtkBin\bin\vtkImagingJava.dll
0x000007feef850000 - 0x000007feefad9000 	C:\vtkBin\bin\vtkImaging.dll
0x000007feef7b0000 - 0x000007feef847000 	C:\vtkBin\bin\vtkGraphicsJava.dll
0x000007feef2b0000 - 0x000007feef7a2000 	C:\vtkBin\bin\vtkGraphics.dll
0x000007feef280000 - 0x000007feef2b0000 	C:\vtkBin\bin\vtkverdict.dll
0x000007feef1f0000 - 0x000007feef279000 	C:\vtkBin\bin\vtkRenderingJava.dll
0x000007feeee50000 - 0x000007feef1eb000 	C:\vtkBin\bin\vtkRendering.dll
0x000007fef26a0000 - 0x000007fef26af000 	C:\vtkBin\bin\vtkftgl.dll
0x000007fef8a70000 - 0x000007fef8b8d000 	C:\Windows\system32\OPENGL32.dll
0x000007fef8a40000 - 0x000007fef8a6d000 	C:\Windows\system32\GLU32.dll
0x000007fef8940000 - 0x000007fef8a31000 	C:\Windows\system32\DDRAW.dll
0x000007fef8930000 - 0x000007fef8938000 	C:\Windows\system32\DCIMAN32.dll
0x000007feeedd0000 - 0x000007feeee45000 	C:\vtkBin\bin\vtkfreetype.dll
0x000000006e140000 - 0x000000006e147000 	C:\vtkBin\bin\jawt.dll
0x000007fef3d30000 - 0x000007fef3e55000 	C:\Windows\system32\dbghelp.dll

VM Arguments:
jvm_args: -Dfile.encoding=UTF-8 
java_command: volume_02.Volume_02
java_class_path (initial): C:\vtkBin\bin\vtk.jar;C:\Users\IMG_1\Desktop\project_vtk\volume_02\build\classes
Launcher Type: SUN_STANDARD

Environment Variables:
CLASSPATH=C:\Users\IMG_1\Downloads\JavaCV\opencv\build\x86\vc10\lib;
PATH=C:\ProgramData\Oracle\Java\javapath;C:\Program Files\NVIDIA GPU Computing Toolkit\CUDA\v5.5\bin;C:\Program Files\NVIDIA GPU Computing Toolkit\CUDA\v5.5\libnvvp;C:\Program Files\Common Files\Microsoft Shared\Windows Live;C:\Program Files (x86)\Common Files\Microsoft Shared\Windows Live;C:\Program Files (x86)\NVIDIA Corporation\PhysX\Common;C:\Windows\system32;C:\Windows;C:\Windows\System32\Wbem;C:\Windows\System32\WindowsPowerShell\v1.0\;C:\Program Files (x86)\Microsoft SQL Server\90\Tools\binn\;C:\Program Files (x86)\Windows Live\Shared;C:\ProgramData\NVIDIA Corporation\NVIDIA GPU Computing SDK 4.2\C\common\bin;C:\Program Files\Microsoft\Web Platform Installer\;C:\Program Files (x86)\Microsoft ASP.NET\ASP.NET Web Pages\v1.0\;C:\Program Files\Microsoft SQL Server\110\Tools\Binn\;C:\Program Files (x86)\CMake\bin;C:\Program Files\MATLAB\R2013a\bin;C:\Program Files\Git\cmd;D:\laragon\bin\php\php-5.6.13;C:\ProgramData\ComposerSetup\bin;C:\lib\opencv\x64;C:\Program Files\ImageJ\plugins;C:\Program Files\ImageJ;C:\vtkBin\bin;C:\simpleitk;C:\Users\IMG_1\Downloads\JavaCV\opencv\build\common\tbb\ia32\vc10; C:\Users\IMG_1\Downloads\JavaCV\opencv\build\x86\vc10;C:\Users\IMG_1\Downloads\JavaCV\opencv\build\x64\vc10;C:\MinGW\bin;C:\MinGW\msys\1.0\bin;C:\Users\IMG_1\Desktop\vtk_bin07\bin\Debug;C:\Users\IMG_1\Desktop\vtk_12\bin\Release
USERNAME=IMG_1
OS=Windows_NT
PROCESSOR_IDENTIFIER=Intel64 Family 6 Model 42 Stepping 7, GenuineIntel



---------------  S Y S T E M  ---------------

OS: Windows 7 , 64 bit Build 7600 (6.1.7600.17206)

CPU:total 8 (4 cores per cpu, 2 threads per core) family 6 model 42 stepping 7, cmov, cx8, fxsr, mmx, sse, sse2, sse3, ssse3, sse4.1, sse4.2, popcnt, aes, clmul, ht, tsc, tscinvbit

Memory: 4k page, physical 8370488k(5704264k free), swap 16739068k(13623836k free)

vm_info: Java HotSpot(TM) 64-Bit Server VM (25.92-b14) for windows-amd64 JRE (1.8.0_92-b14), built on Mar 31 2016 21:03:04 by "java_re" with MS VC++ 10.0 (VS2010)

time: Wed Jun 15 09:28:49 2016
elapsed time: 0 seconds (0d 0h 0m 0s)

