#
# A fatal error has been detected by the Java Runtime Environment:
#
#  EXCEPTION_ACCESS_VIOLATION (0xc0000005) at pc=0x0000000000000000, pid=6028, tid=0x0000000000000e14
#
# JRE version: Java(TM) SE Runtime Environment (8.0_92-b14) (build 1.8.0_92-b14)
# Java VM: Java HotSpot(TM) 64-Bit Server VM (25.92-b14 mixed mode windows-amd64 compressed oops)
# Problematic frame:
# C  0x0000000000000000
#
# Failed to write core dump. Minidumps are not enabled by default on client versions of Windows
#
# If you would like to submit a bug report, please visit:
#   http://bugreport.java.com/bugreport/crash.jsp
# The crash happened outside the Java Virtual Machine in native code.
# See problematic frame for where to report the bug.
#

---------------  T H R E A D  ---------------

Current thread (0x000000001ab3b000):  JavaThread "AWT-EventQueue-0" [_thread_in_native, id=3604, stack(0x000000001c240000,0x000000001c340000)]

siginfo: ExceptionCode=0xc0000005, ExceptionInformation=0x0000000000000008 0x0000000000000000

Registers:
RAX=0x000000001afab430, RBX=0x00000000175bd088, RCX=0x000000001afab430, RDX=0x000000001afcfa00
RSP=0x000000001c33c938, RBP=0x000000001c33c9b8, RSI=0x0000000000000001, RDI=0x000000000284835d
R8 =0x0000000021931400, R9 =0x00000000d60687d8, R10=0x0000000000000010, R11=0x00000000572e8198
R12=0x0000000000000000, R13=0x00000000175bd088, R14=0x000000001c33c9e0, R15=0x000000001ab3b000
RIP=0x0000000000000000, EFLAGS=0x0000000000010206

Top of Stack: (sp=0x000000001c33c938)
0x000000001c33c938:   0000000002857994 00000000175bd088
0x000000001c33c948:   0000000000000001 000000001c0bfbd0
0x000000001c33c958:   0000000000000000 00000000175a9f80
0x000000001c33c968:   0000000000000000 000000001c33c988
0x000000001c33c978:   000000001c33c978 0000000000000000
0x000000001c33c988:   000000001c33c9e0 00000000175cd5b8
0x000000001c33c998:   0000000000000000 00000000175bd088
0x000000001c33c9a8:   0000000000000000 000000001c33c9d8
0x000000001c33c9b8:   000000001c33ca28 000000000284835d
0x000000001c33c9c8:   0000000000000000 00000000028519d8
0x000000001c33c9d8:   00000000d6480cc8 00000000d60687d8
0x000000001c33c9e8:   000000001c33c9e8 00000000175bd122
0x000000001c33c9f8:   000000001c33ca40 00000000175cd5b8
0x000000001c33ca08:   0000000000000000 00000000175bd130
0x000000001c33ca18:   000000001c33c9d8 000000001c33ca38
0x000000001c33ca28:   000000001c33ca88 000000000284835d 

Instructions: (pc=0x0000000000000000)
0xffffffffffffffe0:   


Register to memory mapping:

RAX=0x000000001afab430 is an unknown value
RBX={method} {0x00000000175bd090} 'SetMapper_16' '(Lvtk/vtkMapper;)V' in 'vtk/vtkActor'
RCX=0x000000001afab430 is an unknown value
RDX=0x000000001afcfa00 is an unknown value
RSP=0x000000001c33c938 is pointing into the stack for thread: 0x000000001ab3b000
RBP=0x000000001c33c9b8 is pointing into the stack for thread: 0x000000001ab3b000
RSI=0x0000000000000001 is an unknown value
RDI=0x000000000284835d is at code_begin+2301 in an Interpreter codelet
invoke return entry points  [0x0000000002847a60, 0x0000000002848440]  2528 bytes
R8 =0x0000000021931400 is an unknown value
R9 =0x00000000d60687d8 is an oop
vtk.vtkActor 
 - klass: 'vtk/vtkActor'
R10=0x0000000000000010 is an unknown value
R11=0x00000000572e8198 is an unknown value
R12=0x0000000000000000 is an unknown value
R13={method} {0x00000000175bd090} 'SetMapper_16' '(Lvtk/vtkMapper;)V' in 'vtk/vtkActor'
R14=0x000000001c33c9e0 is pointing into the stack for thread: 0x000000001ab3b000
R15=0x000000001ab3b000 is a thread


Stack: [0x000000001c240000,0x000000001c340000],  sp=0x000000001c33c938,  free space=1010k
Native frames: (J=compiled Java code, j=interpreted, Vv=VM code, C=native code)

Java frames: (J=compiled Java code, j=interpreted, Vv=VM code)
j  vtk.vtkActor.SetMapper_16(Lvtk/vtkMapper;)V+0
j  vtk.vtkActor.SetMapper(Lvtk/vtkMapper;)V+2
j  volume_ct.Main.jButton2ActionPerformed(Ljava/awt/event/ActionEvent;)V+119
j  volume_ct.Main.access$600(Lvolume_ct/Main;Ljava/awt/event/ActionEvent;)V+2
j  volume_ct.Main$7.actionPerformed(Ljava/awt/event/ActionEvent;)V+5
j  javax.swing.AbstractButton.fireActionPerformed(Ljava/awt/event/ActionEvent;)V+83
j  javax.swing.AbstractButton$Handler.actionPerformed(Ljava/awt/event/ActionEvent;)V+5
j  javax.swing.DefaultButtonModel.fireActionPerformed(Ljava/awt/event/ActionEvent;)V+34
j  javax.swing.DefaultButtonModel.setPressed(Z)V+117
j  javax.swing.plaf.basic.BasicButtonListener.mouseReleased(Ljava/awt/event/MouseEvent;)V+35
j  java.awt.Component.processMouseEvent(Ljava/awt/event/MouseEvent;)V+64
j  javax.swing.JComponent.processMouseEvent(Ljava/awt/event/MouseEvent;)V+23
j  java.awt.Component.processEvent(Ljava/awt/AWTEvent;)V+81
j  java.awt.Container.processEvent(Ljava/awt/AWTEvent;)V+18
J 1358 C1 java.awt.Component.dispatchEventImpl(Ljava/awt/AWTEvent;)V (883 bytes) @ 0x0000000002c679fc [0x0000000002c62500+0x54fc]
J 1429 C1 java.awt.Container.dispatchEventImpl(Ljava/awt/AWTEvent;)V (129 bytes) @ 0x0000000002cc1804 [0x0000000002cc16c0+0x144]
J 1269 C1 java.awt.Component.dispatchEvent(Ljava/awt/AWTEvent;)V (6 bytes) @ 0x0000000002c23e84 [0x0000000002c23d80+0x104]
j  java.awt.LightweightDispatcher.retargetMouseEvent(Ljava/awt/Component;ILjava/awt/event/MouseEvent;)V+327
j  java.awt.LightweightDispatcher.processMouseEvent(Ljava/awt/event/MouseEvent;)Z+155
j  java.awt.LightweightDispatcher.dispatchEvent(Ljava/awt/AWTEvent;)Z+50
J 1429 C1 java.awt.Container.dispatchEventImpl(Ljava/awt/AWTEvent;)V (129 bytes) @ 0x0000000002cc17a4 [0x0000000002cc16c0+0xe4]
j  java.awt.Window.dispatchEventImpl(Ljava/awt/AWTEvent;)V+19
J 1433 C1 java.awt.EventQueue.dispatchEventImpl(Ljava/awt/AWTEvent;Ljava/lang/Object;)V (149 bytes) @ 0x0000000002cc50fc [0x0000000002cc38c0+0x183c]
J 1431 C1 java.awt.EventQueue$3.run()Ljava/lang/Void; (60 bytes) @ 0x0000000002cc2ccc [0x0000000002cc2ac0+0x20c]
J 1430 C1 java.awt.EventQueue$3.run()Ljava/lang/Object; (5 bytes) @ 0x0000000002cc274c [0x0000000002cc26c0+0x8c]
v  ~StubRoutines::call_stub
J 1108  java.security.AccessController.doPrivileged(Ljava/security/PrivilegedAction;Ljava/security/AccessControlContext;)Ljava/lang/Object; (0 bytes) @ 0x0000000002bb1fe6 [0x0000000002bb1f80+0x66]
J 1427 C1 java.awt.EventQueue$4.run()Ljava/lang/Object; (5 bytes) @ 0x0000000002cc672c [0x0000000002cc6300+0x42c]
v  ~StubRoutines::call_stub
J 1108  java.security.AccessController.doPrivileged(Ljava/security/PrivilegedAction;Ljava/security/AccessControlContext;)Ljava/lang/Object; (0 bytes) @ 0x0000000002bb1fe6 [0x0000000002bb1f80+0x66]
J 1213 C1 java.awt.EventQueue.dispatchEvent(Ljava/awt/AWTEvent;)V (80 bytes) @ 0x0000000002bf36bc [0x0000000002bf2840+0xe7c]
J 1215 C1 java.awt.EventDispatchThread.pumpOneEventForFilters(I)V (295 bytes) @ 0x0000000002bf65b4 [0x0000000002bf4900+0x1cb4]
j  java.awt.EventDispatchThread.pumpEventsForFilter(ILjava/awt/Conditional;Ljava/awt/EventFilter;)V+35
j  java.awt.EventDispatchThread.pumpEventsForHierarchy(ILjava/awt/Conditional;Ljava/awt/Component;)V+11
j  java.awt.EventDispatchThread.pumpEvents(ILjava/awt/Conditional;)V+4
j  java.awt.EventDispatchThread.pumpEvents(Ljava/awt/Conditional;)V+3
j  java.awt.EventDispatchThread.run()V+9
v  ~StubRoutines::call_stub

---------------  P R O C E S S  ---------------

Java Threads: ( => current thread )
  0x0000000021813000 JavaThread "D3D Screen Updater" daemon [_thread_blocked, id=5408, stack(0x0000000020770000,0x0000000020870000)]
  0x000000001ac08800 JavaThread "TimerQueue" daemon [_thread_blocked, id=360, stack(0x000000001bdc0000,0x000000001bec0000)]
  0x00000000004be800 JavaThread "DestroyJavaVM" [_thread_blocked, id=5576, stack(0x0000000002470000,0x0000000002570000)]
=>0x000000001ab3b000 JavaThread "AWT-EventQueue-0" [_thread_in_native, id=3604, stack(0x000000001c240000,0x000000001c340000)]
  0x000000001aa8f000 JavaThread "AWT-Windows" daemon [_thread_in_native, id=1272, stack(0x000000001b750000,0x000000001b850000)]
  0x000000001aa8c000 JavaThread "AWT-Shutdown" [_thread_blocked, id=5100, stack(0x000000001b870000,0x000000001b970000)]
  0x000000001aa8b800 JavaThread "Java2D Disposer" daemon [_thread_blocked, id=1352, stack(0x000000001b5f0000,0x000000001b6f0000)]
  0x0000000018cdc000 JavaThread "Service Thread" daemon [_thread_blocked, id=5588, stack(0x000000001a890000,0x000000001a990000)]
  0x0000000018c6f800 JavaThread "C1 CompilerThread3" daemon [_thread_blocked, id=4584, stack(0x0000000019db0000,0x0000000019eb0000)]
  0x0000000018c4a800 JavaThread "C2 CompilerThread2" daemon [_thread_blocked, id=220, stack(0x000000001a720000,0x000000001a820000)]
  0x0000000018c45800 JavaThread "C2 CompilerThread1" daemon [_thread_blocked, id=5656, stack(0x0000000019b30000,0x0000000019c30000)]
  0x0000000018c40800 JavaThread "C2 CompilerThread0" daemon [_thread_blocked, id=6076, stack(0x000000001a4a0000,0x000000001a5a0000)]
  0x0000000018c3e800 JavaThread "Attach Listener" daemon [_thread_blocked, id=4740, stack(0x000000001a310000,0x000000001a410000)]
  0x0000000018c3d800 JavaThread "Signal Dispatcher" daemon [_thread_blocked, id=5648, stack(0x000000001a120000,0x000000001a220000)]
  0x0000000017b84000 JavaThread "Finalizer" daemon [_thread_blocked, id=5952, stack(0x0000000019fc0000,0x000000001a0c0000)]
  0x0000000017b7b000 JavaThread "Reference Handler" daemon [_thread_blocked, id=5740, stack(0x0000000019eb0000,0x0000000019fb0000)]

Other Threads:
  0x0000000017b71800 VMThread [stack: 0x0000000019c50000,0x0000000019d50000] [id=1760]
  0x0000000018cbf800 WatcherThread [stack: 0x000000001a5f0000,0x000000001a6f0000] [id=6016]

VM state:not at safepoint (normal execution)

VM Mutex/Monitor currently owned by a thread: None

Heap:
 PSYoungGen      total 38400K, used 14014K [0x00000000d5700000, 0x00000000d8180000, 0x0000000100000000)
  eden space 33280K, 42% used [0x00000000d5700000,0x00000000d64afae0,0x00000000d7780000)
  from space 5120K, 0% used [0x00000000d7c80000,0x00000000d7c80000,0x00000000d8180000)
  to   space 5120K, 0% used [0x00000000d7780000,0x00000000d7780000,0x00000000d7c80000)
 ParOldGen       total 87552K, used 0K [0x0000000080400000, 0x0000000085980000, 0x00000000d5700000)
  object space 87552K, 0% used [0x0000000080400000,0x0000000080400000,0x0000000085980000)
 Metaspace       used 14801K, capacity 15020K, committed 15360K, reserved 1062912K
  class space    used 1870K, capacity 1952K, committed 2048K, reserved 1048576K

Card table byte_map: [0x0000000011c00000,0x0000000012000000] byte_map_base: 0x00000000117fe000

Marking Bits: (ParMarkBitMap*) 0x00000000572f64f0
 Begin Bits: [0x0000000012db0000, 0x0000000014da0000)
 End Bits:   [0x0000000014da0000, 0x0000000016d90000)

Polling page: 0x00000000004c0000

CodeCache: size=245760Kb used=4734Kb max_used=4735Kb free=241025Kb
 bounds [0x0000000002840000, 0x0000000002cf0000, 0x0000000011840000]
 total_blobs=1992 nmethods=1470 adapters=435
 compilation: enabled

Compilation events (10 events):
Event: 4.402 Thread 0x0000000018c6f800 nmethod 1465 0x0000000002cd3f50 code [0x0000000002cd40a0, 0x0000000002cd41b0]
Event: 4.404 Thread 0x0000000018c6f800 1467       3       sun.util.locale.LocaleUtils::caseIgnoreMatch (73 bytes)
Event: 4.405 Thread 0x0000000018c6f800 nmethod 1467 0x0000000002cded90 code [0x0000000002cdefa0, 0x0000000002cdfbd8]
Event: 4.406 Thread 0x0000000018c4a800 nmethod 1466 0x0000000002cd5810 code [0x0000000002cd5960, 0x0000000002cd5b48]
Event: 4.408 Thread 0x0000000018c6f800 1468       3       java.util.Arrays::deepHashCode (275 bytes)
Event: 4.409 Thread 0x0000000018c6f800 nmethod 1468 0x0000000002ce1010 code [0x0000000002ce12e0, 0x0000000002ce2b38]
Event: 4.409 Thread 0x0000000018c6f800 1469       3       javax.swing.JComponent::isOpaque (6 bytes)
Event: 4.409 Thread 0x0000000018c6f800 nmethod 1469 0x0000000002ce0bd0 code [0x0000000002ce0d40, 0x0000000002ce0f50]
Event: 4.410 Thread 0x0000000018c6f800 1470       3       sun.awt.SunHints$Value::get (8 bytes)
Event: 4.410 Thread 0x0000000018c6f800 nmethod 1470 0x0000000002ce0790 code [0x0000000002ce0900, 0x0000000002ce0a90]

GC Heap History (0 events):
No events

Deoptimization events (6 events):
Event: 0.333 Thread 0x000000001ab3b000 Uncommon trap: reason=unstable_if action=reinterpret pc=0x0000000002a17838 method=java.util.HashMap.getNode(ILjava/lang/Object;)Ljava/util/HashMap$Node; @ 84
Event: 0.335 Thread 0x000000001ab3b000 Uncommon trap: reason=unstable_if action=reinterpret pc=0x0000000002a2a120 method=java.util.HashMap.getNode(ILjava/lang/Object;)Ljava/util/HashMap$Node; @ 84
Event: 0.367 Thread 0x000000001aa8f000 Uncommon trap: reason=unstable_if action=reinterpret pc=0x0000000002a59244 method=java.util.HashMap.putVal(ILjava/lang/Object;Ljava/lang/Object;ZZ)Ljava/lang/Object; @ 206
Event: 0.395 Thread 0x000000001ab3b000 Uncommon trap: reason=unstable_if action=reinterpret pc=0x0000000002a79a3c method=java.util.HashMap.putVal(ILjava/lang/Object;Ljava/lang/Object;ZZ)Ljava/lang/Object; @ 109
Event: 0.410 Thread 0x000000001ab3b000 Uncommon trap: reason=unstable_if action=reinterpret pc=0x0000000002a9316c method=java.io.BufferedInputStream.read()I @ 8
Event: 3.882 Thread 0x000000001ab3b000 Uncommon trap: reason=unstable_if action=reinterpret pc=0x0000000002b62480 method=java.awt.MultipleGradientPaintContext.indexIntoGradientsArrays(F)I @ 93

Internal exceptions (10 events):
Event: 0.243 Thread 0x00000000004be800 Exception <a 'java/lang/ClassNotFoundException': ToolBar> (0x00000000d5b90038) thrown at [D:\re\workspace\8-2-build-windows-amd64-cygwin\jdk8u92\6642\hotspot\src\share\vm\classfile\systemDictionary.cpp, line 210]
Event: 0.243 Thread 0x00000000004be800 Exception <a 'java/lang/ClassNotFoundException': ToggleButton> (0x00000000d5b905e8) thrown at [D:\re\workspace\8-2-build-windows-amd64-cygwin\jdk8u92\6642\hotspot\src\share\vm\classfile\systemDictionary.cpp, line 210]
Event: 0.243 Thread 0x00000000004be800 Exception <a 'java/lang/ClassNotFoundException': javax/swing/JToolBarSeparator> (0x00000000d5b90a48) thrown at [D:\re\workspace\8-2-build-windows-amd64-cygwin\jdk8u92\6642\hotspot\src\share\vm\classfile\systemDictionary.cpp, line 210]
Event: 0.243 Thread 0x00000000004be800 Exception <a 'java/lang/ClassNotFoundException': ToolBarSeparator> (0x00000000d5b90ee0) thrown at [D:\re\workspace\8-2-build-windows-amd64-cygwin\jdk8u92\6642\hotspot\src\share\vm\classfile\systemDictionary.cpp, line 210]
Event: 0.243 Thread 0x00000000004be800 Exception <a 'java/lang/ClassNotFoundException': ToolTip> (0x00000000d5b91620) thrown at [D:\re\workspace\8-2-build-windows-amd64-cygwin\jdk8u92\6642\hotspot\src\share\vm\classfile\systemDictionary.cpp, line 210]
Event: 0.243 Thread 0x00000000004be800 Exception <a 'java/lang/ClassNotFoundException': Tree> (0x00000000d5b92240) thrown at [D:\re\workspace\8-2-build-windows-amd64-cygwin\jdk8u92\6642\hotspot\src\share\vm\classfile\systemDictionary.cpp, line 210]
Event: 0.243 Thread 0x00000000004be800 Exception <a 'java/lang/ClassNotFoundException': Tree> (0x00000000d5b92980) thrown at [D:\re\workspace\8-2-build-windows-amd64-cygwin\jdk8u92\6642\hotspot\src\share\vm\classfile\systemDictionary.cpp, line 210]
Event: 0.243 Thread 0x00000000004be800 Exception <a 'java/lang/ClassNotFoundException': javax/swing/JTreeCell> (0x00000000d5b92d00) thrown at [D:\re\workspace\8-2-build-windows-amd64-cygwin\jdk8u92\6642\hotspot\src\share\vm\classfile\systemDictionary.cpp, line 210]
Event: 0.244 Thread 0x00000000004be800 Exception <a 'java/lang/ClassNotFoundException': TreeCell> (0x00000000d5b93188) thrown at [D:\re\workspace\8-2-build-windows-amd64-cygwin\jdk8u92\6642\hotspot\src\share\vm\classfile\systemDictionary.cpp, line 210]
Event: 0.244 Thread 0x00000000004be800 Exception <a 'java/lang/ClassNotFoundException': RootPane> (0x00000000d5b93be8) thrown at [D:\re\workspace\8-2-build-windows-amd64-cygwin\jdk8u92\6642\hotspot\src\share\vm\classfile\systemDictionary.cpp, line 210]

Events (10 events):
Event: 1.198 loading class java/awt/LightweightDispatcher$1 done
Event: 3.882 Thread 0x000000001ab3b000 Uncommon trap: trap_request=0xffffff65 fr.pc=0x0000000002b62480
Event: 3.882 Thread 0x000000001ab3b000 DEOPT PACKING pc=0x0000000002b62480 sp=0x000000001c33bba0
Event: 3.882 Thread 0x000000001ab3b000 DEOPT UNPACKING pc=0x000000000288582a sp=0x000000001c33bb40 mode 2
Event: 3.969 Thread 0x000000001ab3b000 DEOPT PACKING pc=0x0000000002be9894 sp=0x000000001c33b9f0
Event: 3.969 Thread 0x000000001ab3b000 DEOPT UNPACKING pc=0x000000000288747f sp=0x000000001c33b700 mode 0
Event: 3.972 Thread 0x000000001ab3b000 DEOPT PACKING pc=0x0000000002c18d5b sp=0x000000001c33c390
Event: 3.972 Thread 0x000000001ab3b000 DEOPT UNPACKING pc=0x000000000288747f sp=0x000000001c33c0e0 mode 0
Event: 4.118 Executing VM operation: EnableBiasedLocking
Event: 4.118 Executing VM operation: EnableBiasedLocking done


Dynamic libraries:
0x000000013fc40000 - 0x000000013fc77000 	C:\Program Files\Java\jdk1.8.0_92\bin\java.exe
0x0000000076f30000 - 0x00000000770dc000 	C:\Windows\SYSTEM32\ntdll.dll
0x0000000076850000 - 0x000000007696f000 	C:\Windows\system32\kernel32.dll
0x000007fefd450000 - 0x000007fefd4bc000 	C:\Windows\system32\KERNELBASE.dll
0x000007fefd790000 - 0x000007fefd86b000 	C:\Windows\system32\ADVAPI32.dll
0x000007fefde10000 - 0x000007fefdeaf000 	C:\Windows\system32\msvcrt.dll
0x000007fefd770000 - 0x000007fefd78f000 	C:\Windows\SYSTEM32\sechost.dll
0x000007fefdb50000 - 0x000007fefdc7e000 	C:\Windows\system32\RPCRT4.dll
0x0000000076cd0000 - 0x0000000076dca000 	C:\Windows\system32\USER32.dll
0x000007fefd8c0000 - 0x000007fefd927000 	C:\Windows\system32\GDI32.dll
0x000007fefd930000 - 0x000007fefd93e000 	C:\Windows\system32\LPK.dll
0x000007fefdc80000 - 0x000007fefdd4a000 	C:\Windows\system32\USP10.dll
0x000007fefbe10000 - 0x000007fefc004000 	C:\Windows\WinSxS\amd64_microsoft.windows.common-controls_6595b64144ccf1df_6.0.7600.16661_none_fa62ad231704eab7\COMCTL32.dll
0x000007fefefe0000 - 0x000007feff051000 	C:\Windows\system32\SHLWAPI.dll
0x000007fefe110000 - 0x000007fefe13e000 	C:\Windows\system32\IMM32.DLL
0x000007fefe140000 - 0x000007fefe249000 	C:\Windows\system32\MSCTF.dll
0x000000005fd00000 - 0x000000005fdd2000 	C:\Program Files\Java\jdk1.8.0_92\jre\bin\msvcr100.dll
0x0000000056ae0000 - 0x0000000057376000 	C:\Program Files\Java\jdk1.8.0_92\jre\bin\server\jvm.dll
0x000007fef6b90000 - 0x000007fef6b99000 	C:\Windows\system32\WSOCK32.dll
0x000007fefd870000 - 0x000007fefd8bd000 	C:\Windows\system32\WS2_32.dll
0x000007fefd940000 - 0x000007fefd948000 	C:\Windows\system32\NSI.dll
0x000007fefa450000 - 0x000007fefa48b000 	C:\Windows\system32\WINMM.dll
0x000007fefc4a0000 - 0x000007fefc4ac000 	C:\Windows\system32\VERSION.dll
0x00000000770f0000 - 0x00000000770f7000 	C:\Windows\system32\PSAPI.DLL
0x000000006efd0000 - 0x000000006efdf000 	C:\Program Files\Java\jdk1.8.0_92\jre\bin\verify.dll
0x0000000056ab0000 - 0x0000000056ad9000 	C:\Program Files\Java\jdk1.8.0_92\jre\bin\java.dll
0x0000000056a90000 - 0x0000000056aa6000 	C:\Program Files\Java\jdk1.8.0_92\jre\bin\zip.dll
0x000007fefe250000 - 0x000007fefefd7000 	C:\Windows\system32\SHELL32.dll
0x000007fefdf00000 - 0x000007fefe102000 	C:\Windows\system32\ole32.dll
0x000007fefd3a0000 - 0x000007fefd3af000 	C:\Windows\system32\profapi.dll
0x0000000056610000 - 0x00000000567a8000 	C:\Program Files\Java\jdk1.8.0_92\jre\bin\awt.dll
0x000007fefd9d0000 - 0x000007fefdaa7000 	C:\Windows\system32\OLEAUT32.dll
0x000007feee5c0000 - 0x000007feee62e000 	C:\vtkBin\bin\vtkCommonJava.dll
0x000007feea480000 - 0x000007feea6c8000 	C:\vtkBin\bin\vtkCommon.dll
0x000007feee650000 - 0x000007feee693000 	C:\vtkBin\bin\vtksys.dll
0x0000000067160000 - 0x00000000671f8000 	C:\Windows\system32\MSVCP100.dll
0x000007feee320000 - 0x000007feee3c0000 	C:\vtkBin\bin\vtkFilteringJava.dll
0x000007feea180000 - 0x000007feea47c000 	C:\vtkBin\bin\vtkFiltering.dll
0x000007feee560000 - 0x000007feee5b6000 	C:\vtkBin\bin\vtkIOJava.dll
0x000007fee9d50000 - 0x000007feea174000 	C:\vtkBin\bin\vtkIO.dll
0x000007feee530000 - 0x000007feee552000 	C:\vtkBin\bin\vtkDICOMParser.dll
0x000007feee250000 - 0x000007feee316000 	C:\vtkBin\bin\vtkNetCDF.dll
0x000007feea710000 - 0x000007feea91d000 	C:\vtkBin\bin\vtkhdf5.dll
0x000007feee630000 - 0x000007feee644000 	C:\vtkBin\bin\vtkzlib.dll
0x000007feead00000 - 0x000007feead2d000 	C:\vtkBin\bin\vtkhdf5_hl.dll
0x000007feeace0000 - 0x000007feead00000 	C:\vtkBin\bin\vtkNetCDF_cxx.dll
0x000007feeacc0000 - 0x000007feeacd8000 	C:\vtkBin\bin\LSDyna.dll
0x000007feeac30000 - 0x000007feeacbf000 	C:\vtkBin\bin\vtkmetaio.dll
0x000007feeac00000 - 0x000007feeac24000 	C:\vtkBin\bin\vtkpng.dll
0x000007feeabd0000 - 0x000007feeabf7000 	C:\vtkBin\bin\vtkjpeg.dll
0x000007feeab70000 - 0x000007feeabc1000 	C:\vtkBin\bin\vtktiff.dll
0x000007feeab40000 - 0x000007feeab63000 	C:\vtkBin\bin\vtkexpat.dll
0x000007feea6f0000 - 0x000007feea70f000 	C:\Windows\system32\AVIFIL32.dll
0x000007feefe20000 - 0x000007feefe38000 	C:\Windows\system32\MSACM32.dll
0x000007fee9d20000 - 0x000007fee9d49000 	C:\Windows\system32\MSVFW32.dll
0x000007fee9cd0000 - 0x000007fee9d17000 	C:\vtkBin\bin\vtkImagingJava.dll
0x000007fee9a40000 - 0x000007fee9cc9000 	C:\vtkBin\bin\vtkImaging.dll
0x000007fee99a0000 - 0x000007fee9a37000 	C:\vtkBin\bin\vtkGraphicsJava.dll
0x000007fee94a0000 - 0x000007fee9992000 	C:\vtkBin\bin\vtkGraphics.dll
0x000007fee9470000 - 0x000007fee94a0000 	C:\vtkBin\bin\vtkverdict.dll
0x000007fee93e0000 - 0x000007fee9469000 	C:\vtkBin\bin\vtkRenderingJava.dll
0x000007fee9040000 - 0x000007fee93db000 	C:\vtkBin\bin\vtkRendering.dll
0x000007fef8580000 - 0x000007fef858f000 	C:\vtkBin\bin\vtkftgl.dll
0x000007fef68c0000 - 0x000007fef69dd000 	C:\Windows\system32\OPENGL32.dll
0x000007fef6890000 - 0x000007fef68bd000 	C:\Windows\system32\GLU32.dll
0x000007fef6790000 - 0x000007fef6881000 	C:\Windows\system32\DDRAW.dll
0x000007fef98a0000 - 0x000007fef98a8000 	C:\Windows\system32\DCIMAN32.dll
0x000007feff060000 - 0x000007feff237000 	C:\Windows\system32\SETUPAPI.dll
0x000007fefd5a0000 - 0x000007fefd5d6000 	C:\Windows\system32\CFGMGR32.dll
0x000007fefd5e0000 - 0x000007fefd5fa000 	C:\Windows\system32\DEVOBJ.dll
0x000007fefb6f0000 - 0x000007fefb708000 	C:\Windows\system32\dwmapi.dll
0x000007fee8fc0000 - 0x000007fee9035000 	C:\vtkBin\bin\vtkfreetype.dll
0x000000006efc0000 - 0x000000006efc7000 	C:\vtkBin\bin\jawt.dll
0x000007fefbad0000 - 0x000007fefbb26000 	C:\Windows\system32\uxtheme.dll
0x000007fefd290000 - 0x000007fefd29f000 	C:\Windows\system32\CRYPTBASE.dll
0x0000000056a40000 - 0x0000000056a87000 	C:\Program Files\Java\jdk1.8.0_92\jre\bin\fontmanager.dll
0x000007fef11b0000 - 0x000007fef13af000 	C:\Windows\system32\d3d9.dll
0x000007fef6b70000 - 0x000007fef6b77000 	C:\Windows\system32\d3d8thk.dll
0x000007feee740000 - 0x000007feef5b4000 	C:\Windows\system32\nvd3dumx.dll
0x000007fefbd30000 - 0x000007fefbd5c000 	C:\Windows\system32\powrprof.dll
0x000007feefe40000 - 0x000007feeff98000 	C:\Program Files (x86)\NVIDIA Corporation\3D Vision\nvSCPAPI64.dll
0x0000000056a20000 - 0x0000000056a3a000 	C:\Program Files\Java\jdk1.8.0_92\jre\bin\net.dll
0x000007fefcbd0000 - 0x000007fefcc24000 	C:\Windows\system32\mswsock.dll
0x000007fefcbc0000 - 0x000007fefcbc7000 	C:\Windows\System32\wship6.dll
0x0000000056a00000 - 0x0000000056a11000 	C:\Program Files\Java\jdk1.8.0_92\jre\bin\nio.dll
0x0000000056900000 - 0x0000000056942000 	C:\Program Files\Java\jdk1.8.0_92\jre\bin\t2k.dll
0x000007fefdd50000 - 0x000007fefdde9000 	C:\Windows\system32\CLBCatQ.DLL
0x000007fefb580000 - 0x000007fefb6aa000 	C:\Windows\system32\WindowsCodecs.dll
0x000007fefd230000 - 0x000007fefd287000 	C:\Windows\system32\apphelp.dll
0x000007fef8a50000 - 0x000007fef8a85000 	C:\Windows\system32\EhStorShell.dll
0x000007fefbbb0000 - 0x000007fefbcdc000 	C:\Windows\system32\PROPSYS.dll
0x000007fef8990000 - 0x000007fef8a0e000 	C:\Windows\System32\cscui.dll
0x000007fef8a40000 - 0x000007fef8a4c000 	C:\Windows\System32\CSCDLL.dll
0x000007fef8b10000 - 0x000007fef8b1f000 	C:\Windows\system32\CSCAPI.dll
0x000007fef8910000 - 0x000007fef8990000 	C:\Windows\system32\ntshrui.dll
0x000007fefd100000 - 0x000007fefd123000 	C:\Windows\system32\srvcli.dll
0x000007fefb320000 - 0x000007fefb32b000 	C:\Windows\system32\slc.dll
0x000007fee8f60000 - 0x000007fee8fb1000 	C:\vtkBin\bin\vtkHybridJava.dll
0x000007fee8d60000 - 0x000007fee8f53000 	C:\vtkBin\bin\vtkHybrid.dll
0x000007fee8d10000 - 0x000007fee8d51000 	C:\vtkBin\bin\vtkexoIIc.dll
0x000007feea6d0000 - 0x000007feea6e7000 	C:\Windows\system32\AVICAP32.dll
0x000007fee8ce0000 - 0x000007fee8d05000 	C:\vtkBin\bin\vtkVolumeRenderingJava.dll
0x000007fee88b0000 - 0x000007fee8cd1000 	C:\vtkBin\bin\vtkVolumeRendering.dll
0x000007fee8850000 - 0x000007fee88ac000 	C:\vtkBin\bin\vtkWidgetsJava.dll
0x000007fee86f0000 - 0x000007fee884e000 	C:\vtkBin\bin\vtkWidgets.dll
0x00000000568d0000 - 0x00000000568fa000 	C:\Program Files\Java\jdk1.8.0_92\jre\bin\dcpr.dll
0x000000005a990000 - 0x000000005c448000 	C:\Windows\system32\nvoglv64.DLL
0x000007fefd560000 - 0x000007fefd599000 	C:\Windows\system32\WINTRUST.dll
0x000007fefd600000 - 0x000007fefd76a000 	C:\Windows\system32\CRYPT32.dll
0x000007fefd440000 - 0x000007fefd44f000 	C:\Windows\system32\MSASN1.dll
0x000007fef9a80000 - 0x000007fef9aad000 	C:\Windows\system32\ntmarta.dll
0x000007fefdeb0000 - 0x000007fefdf00000 	C:\Windows\system32\WLDAP32.dll
0x000007fef3740000 - 0x000007fef3865000 	C:\Windows\system32\dbghelp.dll

VM Arguments:
jvm_args: -Dfile.encoding=UTF-8 
java_command: volume_ct.Main
java_class_path (initial): C:\vtkBin\bin\vtk.jar;C:\Program Files\NetBeans 8.0.2\java\modules\ext\beansbinding-1.2.1.jar;C:\Users\IMG_1\Desktop\project_vtk\volume_ct\build\classes
Launcher Type: SUN_STANDARD

Environment Variables:
CLASSPATH=C:\Users\IMG_1\Downloads\JavaCV\opencv\build\x86\vc10\lib;
PATH=C:\ProgramData\Oracle\Java\javapath;C:\Program Files\NVIDIA GPU Computing Toolkit\CUDA\v5.5\bin;C:\Program Files\NVIDIA GPU Computing Toolkit\CUDA\v5.5\libnvvp;C:\Program Files\Common Files\Microsoft Shared\Windows Live;C:\Program Files (x86)\Common Files\Microsoft Shared\Windows Live;C:\Program Files (x86)\NVIDIA Corporation\PhysX\Common;C:\Windows\system32;C:\Windows;C:\Windows\System32\Wbem;C:\Windows\System32\WindowsPowerShell\v1.0\;C:\Program Files (x86)\Microsoft SQL Server\90\Tools\binn\;C:\Program Files (x86)\Windows Live\Shared;C:\ProgramData\NVIDIA Corporation\NVIDIA GPU Computing SDK 4.2\C\common\bin;C:\Program Files\Microsoft\Web Platform Installer\;C:\Program Files (x86)\Microsoft ASP.NET\ASP.NET Web Pages\v1.0\;C:\Program Files\Microsoft SQL Server\110\Tools\Binn\;C:\Program Files (x86)\CMake\bin;C:\Program Files\MATLAB\R2013a\bin;C:\Program Files\Git\cmd;D:\laragon\bin\php\php-5.6.13;C:\ProgramData\ComposerSetup\bin;C:\lib\opencv\x64;C:\Program Files\ImageJ\plugins;C:\Program Files\ImageJ;C:\vtkBin\bin;C:\simpleitk;C:\Users\IMG_1\Downloads\JavaCV\opencv\build\common\tbb\ia32\vc10; C:\Users\IMG_1\Downloads\JavaCV\opencv\build\x86\vc10;C:\Users\IMG_1\Downloads\JavaCV\opencv\build\x64\vc10;C:\MinGW\bin;C:\MinGW\msys\1.0\bin;C:\Users\IMG_1\Desktop\vtk_bin07\bin\Debug;C:\Users\IMG_1\Desktop\vtk_12\bin\Release
USERNAME=IMG_1
OS=Windows_NT
PROCESSOR_IDENTIFIER=Intel64 Family 6 Model 42 Stepping 7, GenuineIntel



---------------  S Y S T E M  ---------------

OS: Windows 7 , 64 bit Build 7600 (6.1.7600.17206)

CPU:total 8 (4 cores per cpu, 2 threads per core) family 6 model 42 stepping 7, cmov, cx8, fxsr, mmx, sse, sse2, sse3, ssse3, sse4.1, sse4.2, popcnt, aes, clmul, ht, tsc, tscinvbit

Memory: 4k page, physical 8370488k(5433596k free), swap 16739068k(11277048k free)

vm_info: Java HotSpot(TM) 64-Bit Server VM (25.92-b14) for windows-amd64 JRE (1.8.0_92-b14), built on Mar 31 2016 21:03:04 by "java_re" with MS VC++ 10.0 (VS2010)

time: Mon Jul 04 15:47:55 2016
elapsed time: 4 seconds (0d 0h 0m 4s)

