#
# A fatal error has been detected by the Java Runtime Environment:
#
#  EXCEPTION_ACCESS_VIOLATION (0xc0000005) at pc=0x000007fee6e45f76, pid=1968, tid=0x0000000000001610
#
# JRE version: Java(TM) SE Runtime Environment (8.0_92-b14) (build 1.8.0_92-b14)
# Java VM: Java HotSpot(TM) 64-Bit Server VM (25.92-b14 mixed mode windows-amd64 compressed oops)
# Problematic frame:
# C  [vtkRendering.dll+0x5f76]
#
# Failed to write core dump. Minidumps are not enabled by default on client versions of Windows
#
# If you would like to submit a bug report, please visit:
#   http://bugreport.java.com/bugreport/crash.jsp
# The crash happened outside the Java Virtual Machine in native code.
# See problematic frame for where to report the bug.
#

---------------  T H R E A D  ---------------

Current thread (0x000000005afba000):  JavaThread "AWT-EventQueue-0" [_thread_in_native, id=5648, stack(0x000000005c220000,0x000000005c320000)]

siginfo: ExceptionCode=0xc0000005, reading address 0x0000000000000158

Registers:
RAX=0x0000000000000000, RBX=0x000000005753b628, RCX=0x0000000000000000, RDX=0x000000005c31cdc0
RSP=0x000000005c31cd00, RBP=0x000000005c31cda0, RSI=0x00000000006b13e9, RDI=0x000000001179e000
R8 =0x0000000000000042, R9 =0x00000000d60769a8, R10=0x000000000000001a, R11=0x000000005d698198
R12=0x0000000000000000, R13=0x000000005753b628, R14=0x000000005c31cdc0, R15=0x000000005afba000
RIP=0x000007fee6e45f76, EFLAGS=0x0000000000010206

Top of Stack: (sp=0x000000005c31cd00)
0x000000005c31cd00:   000000005753b628 0000000002b20c7c
0x000000005c31cd10:   0000000000000000 00000000d5e14330
0x000000005c31cd20:   000000005753b628 00000000027f7974
0x000000005c31cd30:   000000005afba000 000000006e901f00
0x000000005c31cd40:   0000000000000001 00000000572f0b38
0x000000005c31cd50:   0000000000000012 0000001200000024
0x000000005c31cd60:   000000005c31cd60 0000000000000000
0x000000005c31cd70:   000000005c31cdc0 000000005e38d470
0x000000005c31cd80:   0000000000000000 000000005753b628
0x000000005c31cd90:   0000000000000000 000000005c31cdc0
0x000000005c31cda0:   000000005c31ce08 00000000027e7e50
0x000000005c31cdb0:   0000000000000000 00000000027f19b7
0x000000005c31cdc0:   00000000d60769a8 000000005c31cdc8
0x000000005c31cdd0:   000000005753b6c1 000000005c31ce28
0x000000005c31cde0:   000000005e38d470 0000000000000000
0x000000005c31cdf0:   000000005753b6e8 000000005c31cdc0 

Instructions: (pc=0x000007fee6e45f76)
0x000007fee6e45f56:   8b d7 48 8b 01 ff 90 78 03 00 00 48 8b 5c 24 30
0x000007fee6e45f66:   48 83 c4 20 5f c3 cc cc cc cc 40 53 48 83 ec 20
0x000007fee6e45f76:   48 83 b9 58 01 00 00 00 48 8b d9 75 78 48 8b 01
0x000007fee6e45f86:   48 89 74 24 30 48 89 7c 24 38 ff 90 c8 02 00 00 


Register to memory mapping:

RAX=0x0000000000000000 is an unknown value
RBX={method} {0x000000005753b630} 'GetProperty_10' '()J' in 'vtk/vtkActor'
RCX=0x0000000000000000 is an unknown value
RDX=0x000000005c31cdc0 is pointing into the stack for thread: 0x000000005afba000
RSP=0x000000005c31cd00 is pointing into the stack for thread: 0x000000005afba000
RBP=0x000000005c31cda0 is pointing into the stack for thread: 0x000000005afba000
RSI=0x00000000006b13e9 is an unknown value
RDI=0x000000001179e000 is an unknown value
R8 =0x0000000000000042 is an unknown value
R9 =0x00000000d60769a8 is an oop
vtk.vtkActor 
 - klass: 'vtk/vtkActor'
R10=0x000000000000001a is an unknown value
R11=0x000000005d698198 is an unknown value
R12=0x0000000000000000 is an unknown value
R13={method} {0x000000005753b630} 'GetProperty_10' '()J' in 'vtk/vtkActor'
R14=0x000000005c31cdc0 is pointing into the stack for thread: 0x000000005afba000
R15=0x000000005afba000 is a thread


Stack: [0x000000005c220000,0x000000005c320000],  sp=0x000000005c31cd00,  free space=1011k
Native frames: (J=compiled Java code, j=interpreted, Vv=VM code, C=native code)
C  [vtkRendering.dll+0x5f76]
C  0x00000000027f7974

Java frames: (J=compiled Java code, j=interpreted, Vv=VM code)
j  vtk.vtkActor.GetProperty_10()J+0
j  vtk.vtkActor.GetProperty()Lvtk/vtkProperty;+1
j  volume_ct.Main.jButton1ActionPerformed(Ljava/awt/event/ActionEvent;)V+3
j  volume_ct.Main.access$100(Lvolume_ct/Main;Ljava/awt/event/ActionEvent;)V+2
j  volume_ct.Main$2.actionPerformed(Ljava/awt/event/ActionEvent;)V+5
j  javax.swing.AbstractButton.fireActionPerformed(Ljava/awt/event/ActionEvent;)V+83
j  javax.swing.AbstractButton$Handler.actionPerformed(Ljava/awt/event/ActionEvent;)V+5
j  javax.swing.DefaultButtonModel.fireActionPerformed(Ljava/awt/event/ActionEvent;)V+34
j  javax.swing.DefaultButtonModel.setPressed(Z)V+117
j  javax.swing.plaf.basic.BasicButtonListener.mouseReleased(Ljava/awt/event/MouseEvent;)V+35
j  java.awt.Component.processMouseEvent(Ljava/awt/event/MouseEvent;)V+64
j  javax.swing.JComponent.processMouseEvent(Ljava/awt/event/MouseEvent;)V+23
j  java.awt.Component.processEvent(Ljava/awt/AWTEvent;)V+81
j  java.awt.Container.processEvent(Ljava/awt/AWTEvent;)V+18
j  java.awt.Component.dispatchEventImpl(Ljava/awt/AWTEvent;)V+589
j  java.awt.Container.dispatchEventImpl(Ljava/awt/AWTEvent;)V+42
j  java.awt.Component.dispatchEvent(Ljava/awt/AWTEvent;)V+2
j  java.awt.LightweightDispatcher.retargetMouseEvent(Ljava/awt/Component;ILjava/awt/event/MouseEvent;)V+327
j  java.awt.LightweightDispatcher.processMouseEvent(Ljava/awt/event/MouseEvent;)Z+155
j  java.awt.LightweightDispatcher.dispatchEvent(Ljava/awt/AWTEvent;)Z+50
j  java.awt.Container.dispatchEventImpl(Ljava/awt/AWTEvent;)V+12
j  java.awt.Window.dispatchEventImpl(Ljava/awt/AWTEvent;)V+19
j  java.awt.Component.dispatchEvent(Ljava/awt/AWTEvent;)V+2
j  java.awt.EventQueue.dispatchEventImpl(Ljava/awt/AWTEvent;Ljava/lang/Object;)V+41
j  java.awt.EventQueue.access$500(Ljava/awt/EventQueue;Ljava/awt/AWTEvent;Ljava/lang/Object;)V+3
j  java.awt.EventQueue$3.run()Ljava/lang/Void;+32
j  java.awt.EventQueue$3.run()Ljava/lang/Object;+1
v  ~StubRoutines::call_stub
J 978  java.security.AccessController.doPrivileged(Ljava/security/PrivilegedAction;Ljava/security/AccessControlContext;)Ljava/lang/Object; (0 bytes) @ 0x0000000002b09766 [0x0000000002b09700+0x66]
J 981 C1 java.security.ProtectionDomain$JavaSecurityAccessImpl.doIntersectionPrivilege(Ljava/security/PrivilegedAction;Ljava/security/AccessControlContext;Ljava/security/AccessControlContext;)Ljava/lang/Object; (22 bytes) @ 0x0000000002b0bc54 [0x0000000002b0b800+0x454]
j  java.security.ProtectionDomain$JavaSecurityAccessImpl.doIntersectionPrivilege(Ljava/security/PrivilegedAction;Ljava/security/AccessControlContext;)Ljava/lang/Object;+6
j  java.awt.EventQueue$4.run()Ljava/lang/Void;+11
j  java.awt.EventQueue$4.run()Ljava/lang/Object;+1
v  ~StubRoutines::call_stub
J 978  java.security.AccessController.doPrivileged(Ljava/security/PrivilegedAction;Ljava/security/AccessControlContext;)Ljava/lang/Object; (0 bytes) @ 0x0000000002b09766 [0x0000000002b09700+0x66]
J 1041 C1 java.awt.EventQueue.dispatchEvent(Ljava/awt/AWTEvent;)V (80 bytes) @ 0x0000000002b2a774 [0x0000000002b29940+0xe34]
J 1043 C1 java.awt.EventDispatchThread.pumpOneEventForFilters(I)V (295 bytes) @ 0x0000000002b2d9b4 [0x0000000002b2bd80+0x1c34]
j  java.awt.EventDispatchThread.pumpEventsForFilter(ILjava/awt/Conditional;Ljava/awt/EventFilter;)V+35
j  java.awt.EventDispatchThread.pumpEventsForHierarchy(ILjava/awt/Conditional;Ljava/awt/Component;)V+11
j  java.awt.EventDispatchThread.pumpEvents(ILjava/awt/Conditional;)V+4
j  java.awt.EventDispatchThread.pumpEvents(Ljava/awt/Conditional;)V+3
j  java.awt.EventDispatchThread.run()V+9
v  ~StubRoutines::call_stub

---------------  P R O C E S S  ---------------

Java Threads: ( => current thread )
  0x000000005b1f5000 JavaThread "D3D Screen Updater" daemon [_thread_blocked, id=6068, stack(0x0000000062b10000,0x0000000062c10000)]
  0x000000000233e800 JavaThread "DestroyJavaVM" [_thread_blocked, id=1784, stack(0x0000000002410000,0x0000000002510000)]
=>0x000000005afba000 JavaThread "AWT-EventQueue-0" [_thread_in_native, id=5648, stack(0x000000005c220000,0x000000005c320000)]
  0x000000005af1b000 JavaThread "AWT-Windows" daemon [_thread_in_native, id=4620, stack(0x000000005b840000,0x000000005b940000)]
  0x000000005af0c800 JavaThread "AWT-Shutdown" [_thread_blocked, id=4852, stack(0x000000005b6d0000,0x000000005b7d0000)]
  0x000000005af09000 JavaThread "Java2D Disposer" daemon [_thread_blocked, id=2108, stack(0x000000005ab70000,0x000000005ac70000)]
  0x0000000058d48000 JavaThread "Service Thread" daemon [_thread_blocked, id=5532, stack(0x000000005aa70000,0x000000005ab70000)]
  0x0000000058d03800 JavaThread "C1 CompilerThread3" daemon [_thread_blocked, id=5656, stack(0x000000005a4c0000,0x000000005a5c0000)]
  0x0000000058cdf000 JavaThread "C2 CompilerThread2" daemon [_thread_blocked, id=4960, stack(0x000000005a830000,0x000000005a930000)]
  0x0000000058cd1800 JavaThread "C2 CompilerThread1" daemon [_thread_blocked, id=4392, stack(0x000000005a6a0000,0x000000005a7a0000)]
  0x0000000058cca000 JavaThread "C2 CompilerThread0" daemon [_thread_blocked, id=5800, stack(0x000000005a3b0000,0x000000005a4b0000)]
  0x0000000058cc7800 JavaThread "Attach Listener" daemon [_thread_blocked, id=3548, stack(0x000000005a090000,0x000000005a190000)]
  0x0000000058cc6000 JavaThread "Signal Dispatcher" daemon [_thread_blocked, id=4880, stack(0x000000005a1d0000,0x000000005a2d0000)]
  0x0000000057aff000 JavaThread "Finalizer" daemon [_thread_blocked, id=5040, stack(0x0000000059ef0000,0x0000000059ff0000)]
  0x0000000057af6800 JavaThread "Reference Handler" daemon [_thread_blocked, id=1136, stack(0x0000000059c70000,0x0000000059d70000)]

Other Threads:
  0x0000000058c71000 VMThread [stack: 0x0000000059d70000,0x0000000059e70000] [id=4544]
  0x0000000058d4b000 WatcherThread [stack: 0x000000005ace0000,0x000000005ade0000] [id=732]

VM state:not at safepoint (normal execution)

VM Mutex/Monitor currently owned by a thread: None

Heap:
 PSYoungGen      total 38400K, used 12053K [0x00000000d5700000, 0x00000000d8180000, 0x0000000100000000)
  eden space 33280K, 36% used [0x00000000d5700000,0x00000000d62c5638,0x00000000d7780000)
  from space 5120K, 0% used [0x00000000d7c80000,0x00000000d7c80000,0x00000000d8180000)
  to   space 5120K, 0% used [0x00000000d7780000,0x00000000d7780000,0x00000000d7c80000)
 ParOldGen       total 87552K, used 0K [0x0000000080400000, 0x0000000085980000, 0x00000000d5700000)
  object space 87552K, 0% used [0x0000000080400000,0x0000000080400000,0x0000000085980000)
 Metaspace       used 14169K, capacity 14428K, committed 14592K, reserved 1062912K
  class space    used 1830K, capacity 1928K, committed 2048K, reserved 1048576K

Card table byte_map: [0x0000000011ba0000,0x0000000011fa0000] byte_map_base: 0x000000001179e000

Marking Bits: (ParMarkBitMap*) 0x000000005d6a64f0
 Begin Bits: [0x0000000012d30000, 0x0000000014d20000)
 End Bits:   [0x0000000014d20000, 0x0000000016d10000)

Polling page: 0x0000000000330000

CodeCache: size=245760Kb used=3454Kb max_used=3454Kb free=242305Kb
 bounds [0x00000000027e0000, 0x0000000002b50000, 0x00000000117e0000]
 total_blobs=1596 nmethods=1078 adapters=432
 compilation: enabled

Compilation events (10 events):
Event: 19.437 Thread 0x0000000058d03800 1074       1       sun.util.locale.StringTokenIterator::current (5 bytes)
Event: 19.437 Thread 0x0000000058d03800 nmethod 1074 0x0000000002b3d790 code [0x0000000002b3d8e0, 0x0000000002b3d9f0]
Event: 19.437 Thread 0x0000000058d03800 1075       1       sun.java2d.pipe.AlphaColorPipe::needTile (2 bytes)
Event: 19.437 Thread 0x0000000058d03800 nmethod 1075 0x0000000002b3d4d0 code [0x0000000002b3d620, 0x0000000002b3d730]
Event: 19.438 Thread 0x0000000058d03800 1076       3       java.awt.MultipleGradientPaintContext::interpolate (202 bytes)
Event: 19.438 Thread 0x0000000058d03800 nmethod 1076 0x0000000002b3cd90 code [0x0000000002b3cf80, 0x0000000002b3d370]
Event: 19.439 Thread 0x0000000058d03800 1077  s    3       sun.java2d.loops.RenderCache::get (100 bytes)
Event: 19.440 Thread 0x0000000058d03800 nmethod 1077 0x0000000002b409d0 code [0x0000000002b40b80, 0x0000000002b414a8]
Event: 19.440 Thread 0x0000000058d03800 1078       3       sun.java2d.SunGraphics2D::dispose (12 bytes)
Event: 19.440 Thread 0x0000000058d03800 nmethod 1078 0x0000000002b41850 code [0x0000000002b419c0, 0x0000000002b41be8]

GC Heap History (0 events):
No events

Deoptimization events (4 events):
Event: 0.357 Thread 0x000000005afba000 Uncommon trap: reason=unstable_if action=reinterpret pc=0x00000000029afe68 method=java.util.HashMap.getNode(ILjava/lang/Object;)Ljava/util/HashMap$Node; @ 84
Event: 0.357 Thread 0x000000005afba000 Uncommon trap: reason=unstable_if action=reinterpret pc=0x00000000029bfb8c method=java.util.HashMap.getNode(ILjava/lang/Object;)Ljava/util/HashMap$Node; @ 84
Event: 0.394 Thread 0x000000005afba000 Uncommon trap: reason=unstable_if action=reinterpret pc=0x00000000029fdfec method=java.util.HashMap.putVal(ILjava/lang/Object;Ljava/lang/Object;ZZ)Ljava/lang/Object; @ 109
Event: 0.406 Thread 0x000000005afba000 Uncommon trap: reason=unstable_if action=reinterpret pc=0x0000000002a0f81c method=java.io.BufferedInputStream.read()I @ 8

Internal exceptions (10 events):
Event: 0.252 Thread 0x000000000233e800 Exception <a 'java/lang/ClassNotFoundException': ToolBar> (0x00000000d5b70fe8) thrown at [D:\re\workspace\8-2-build-windows-amd64-cygwin\jdk8u92\6642\hotspot\src\share\vm\classfile\systemDictionary.cpp, line 210]
Event: 0.252 Thread 0x000000000233e800 Exception <a 'java/lang/ClassNotFoundException': ToggleButton> (0x00000000d5b71598) thrown at [D:\re\workspace\8-2-build-windows-amd64-cygwin\jdk8u92\6642\hotspot\src\share\vm\classfile\systemDictionary.cpp, line 210]
Event: 0.252 Thread 0x000000000233e800 Exception <a 'java/lang/ClassNotFoundException': javax/swing/JToolBarSeparator> (0x00000000d5b719f8) thrown at [D:\re\workspace\8-2-build-windows-amd64-cygwin\jdk8u92\6642\hotspot\src\share\vm\classfile\systemDictionary.cpp, line 210]
Event: 0.252 Thread 0x000000000233e800 Exception <a 'java/lang/ClassNotFoundException': ToolBarSeparator> (0x00000000d5b71e90) thrown at [D:\re\workspace\8-2-build-windows-amd64-cygwin\jdk8u92\6642\hotspot\src\share\vm\classfile\systemDictionary.cpp, line 210]
Event: 0.252 Thread 0x000000000233e800 Exception <a 'java/lang/ClassNotFoundException': ToolTip> (0x00000000d5b725d0) thrown at [D:\re\workspace\8-2-build-windows-amd64-cygwin\jdk8u92\6642\hotspot\src\share\vm\classfile\systemDictionary.cpp, line 210]
Event: 0.253 Thread 0x000000000233e800 Exception <a 'java/lang/ClassNotFoundException': Tree> (0x00000000d5b731f0) thrown at [D:\re\workspace\8-2-build-windows-amd64-cygwin\jdk8u92\6642\hotspot\src\share\vm\classfile\systemDictionary.cpp, line 210]
Event: 0.253 Thread 0x000000000233e800 Exception <a 'java/lang/ClassNotFoundException': Tree> (0x00000000d5b73930) thrown at [D:\re\workspace\8-2-build-windows-amd64-cygwin\jdk8u92\6642\hotspot\src\share\vm\classfile\systemDictionary.cpp, line 210]
Event: 0.253 Thread 0x000000000233e800 Exception <a 'java/lang/ClassNotFoundException': javax/swing/JTreeCell> (0x00000000d5b73cb0) thrown at [D:\re\workspace\8-2-build-windows-amd64-cygwin\jdk8u92\6642\hotspot\src\share\vm\classfile\systemDictionary.cpp, line 210]
Event: 0.253 Thread 0x000000000233e800 Exception <a 'java/lang/ClassNotFoundException': TreeCell> (0x00000000d5b74138) thrown at [D:\re\workspace\8-2-build-windows-amd64-cygwin\jdk8u92\6642\hotspot\src\share\vm\classfile\systemDictionary.cpp, line 210]
Event: 0.253 Thread 0x000000000233e800 Exception <a 'java/lang/ClassNotFoundException': RootPane> (0x00000000d5b74b98) thrown at [D:\re\workspace\8-2-build-windows-amd64-cygwin\jdk8u92\6642\hotspot\src\share\vm\classfile\systemDictionary.cpp, line 210]

Events (10 events):
Event: 17.390 loading class java/awt/Container$MouseEventTargetFilter
Event: 17.390 loading class java/awt/Container$EventTargetFilter
Event: 17.390 loading class java/awt/Container$EventTargetFilter done
Event: 17.390 loading class java/awt/Container$MouseEventTargetFilter done
Event: 17.390 loading class java/awt/LightweightDispatcher$1
Event: 17.390 loading class java/awt/LightweightDispatcher$1 done
Event: 17.470 loading class javax/swing/event/ChangeEvent
Event: 17.470 loading class javax/swing/event/ChangeEvent done
Event: 18.549 loading class java/awt/LightweightDispatcher$2
Event: 18.550 loading class java/awt/LightweightDispatcher$2 done


Dynamic libraries:
0x000000013f030000 - 0x000000013f067000 	C:\Program Files\Java\jdk1.8.0_92\bin\java.exe
0x0000000076f30000 - 0x00000000770dc000 	C:\Windows\SYSTEM32\ntdll.dll
0x0000000076850000 - 0x000000007696f000 	C:\Windows\system32\kernel32.dll
0x000007fefd450000 - 0x000007fefd4bc000 	C:\Windows\system32\KERNELBASE.dll
0x000007fefd790000 - 0x000007fefd86b000 	C:\Windows\system32\ADVAPI32.dll
0x000007fefde10000 - 0x000007fefdeaf000 	C:\Windows\system32\msvcrt.dll
0x000007fefd770000 - 0x000007fefd78f000 	C:\Windows\SYSTEM32\sechost.dll
0x000007fefdb50000 - 0x000007fefdc7e000 	C:\Windows\system32\RPCRT4.dll
0x0000000076cd0000 - 0x0000000076dca000 	C:\Windows\system32\USER32.dll
0x000007fefd8c0000 - 0x000007fefd927000 	C:\Windows\system32\GDI32.dll
0x000007fefd930000 - 0x000007fefd93e000 	C:\Windows\system32\LPK.dll
0x000007fefdc80000 - 0x000007fefdd4a000 	C:\Windows\system32\USP10.dll
0x000007fefbe10000 - 0x000007fefc004000 	C:\Windows\WinSxS\amd64_microsoft.windows.common-controls_6595b64144ccf1df_6.0.7600.16661_none_fa62ad231704eab7\COMCTL32.dll
0x000007fefefe0000 - 0x000007feff051000 	C:\Windows\system32\SHLWAPI.dll
0x000007fefe110000 - 0x000007fefe13e000 	C:\Windows\system32\IMM32.DLL
0x000007fefe140000 - 0x000007fefe249000 	C:\Windows\system32\MSCTF.dll
0x000000006ef90000 - 0x000000006f062000 	C:\Program Files\Java\jdk1.8.0_92\jre\bin\msvcr100.dll
0x000000005ce90000 - 0x000000005d726000 	C:\Program Files\Java\jdk1.8.0_92\jre\bin\server\jvm.dll
0x000007fef8580000 - 0x000007fef8589000 	C:\Windows\system32\WSOCK32.dll
0x000007fefd870000 - 0x000007fefd8bd000 	C:\Windows\system32\WS2_32.dll
0x000007fefd940000 - 0x000007fefd948000 	C:\Windows\system32\NSI.dll
0x000007fefa450000 - 0x000007fefa48b000 	C:\Windows\system32\WINMM.dll
0x000007fefc4a0000 - 0x000007fefc4ac000 	C:\Windows\system32\VERSION.dll
0x00000000770f0000 - 0x00000000770f7000 	C:\Windows\system32\PSAPI.DLL
0x000000006f280000 - 0x000000006f28f000 	C:\Program Files\Java\jdk1.8.0_92\jre\bin\verify.dll
0x000000006f200000 - 0x000000006f229000 	C:\Program Files\Java\jdk1.8.0_92\jre\bin\java.dll
0x000000006f260000 - 0x000000006f276000 	C:\Program Files\Java\jdk1.8.0_92\jre\bin\zip.dll
0x000007fefe250000 - 0x000007fefefd7000 	C:\Windows\system32\SHELL32.dll
0x000007fefdf00000 - 0x000007fefe102000 	C:\Windows\system32\ole32.dll
0x000007fefd3a0000 - 0x000007fefd3af000 	C:\Windows\system32\profapi.dll
0x000000006dc60000 - 0x000000006ddf8000 	C:\Program Files\Java\jdk1.8.0_92\jre\bin\awt.dll
0x000007fefd9d0000 - 0x000007fefdaa7000 	C:\Windows\system32\OLEAUT32.dll
0x000007fefbad0000 - 0x000007fefbb26000 	C:\Windows\system32\uxtheme.dll
0x000007fefb6f0000 - 0x000007fefb708000 	C:\Windows\system32\dwmapi.dll
0x000007fefd290000 - 0x000007fefd29f000 	C:\Windows\system32\CRYPTBASE.dll
0x000000006ec70000 - 0x000000006ecb7000 	C:\Program Files\Java\jdk1.8.0_92\jre\bin\fontmanager.dll
0x000007fef11b0000 - 0x000007fef13af000 	C:\Windows\system32\d3d9.dll
0x000007fef6b70000 - 0x000007fef6b77000 	C:\Windows\system32\d3d8thk.dll
0x000007feee740000 - 0x000007feef5b4000 	C:\Windows\system32\nvd3dumx.dll
0x000007fefbd30000 - 0x000007fefbd5c000 	C:\Windows\system32\powrprof.dll
0x000007feff060000 - 0x000007feff237000 	C:\Windows\system32\SETUPAPI.dll
0x000007fefd5a0000 - 0x000007fefd5d6000 	C:\Windows\system32\CFGMGR32.dll
0x000007fefd5e0000 - 0x000007fefd5fa000 	C:\Windows\system32\DEVOBJ.dll
0x000007feefe40000 - 0x000007feeff98000 	C:\Program Files (x86)\NVIDIA Corporation\3D Vision\nvSCPAPI64.dll
0x000000006f1e0000 - 0x000000006f1fa000 	C:\Program Files\Java\jdk1.8.0_92\jre\bin\net.dll
0x000007fefcbd0000 - 0x000007fefcc24000 	C:\Windows\system32\mswsock.dll
0x000007fefcbc0000 - 0x000007fefcbc7000 	C:\Windows\System32\wship6.dll
0x000000006ef70000 - 0x000000006ef81000 	C:\Program Files\Java\jdk1.8.0_92\jre\bin\nio.dll
0x000000006e480000 - 0x000000006e4c2000 	C:\Program Files\Java\jdk1.8.0_92\jre\bin\t2k.dll
0x000007feee250000 - 0x000007feee2be000 	C:\vtkBin\bin\vtkCommonJava.dll
0x000007fee8d10000 - 0x000007fee8f58000 	C:\vtkBin\bin\vtkCommon.dll
0x000007feee2e0000 - 0x000007feee323000 	C:\vtkBin\bin\vtksys.dll
0x0000000067160000 - 0x00000000671f8000 	C:\Windows\system32\MSVCP100.dll
0x000007fee9110000 - 0x000007fee91b0000 	C:\vtkBin\bin\vtkFilteringJava.dll
0x000007fee8a10000 - 0x000007fee8d0c000 	C:\vtkBin\bin\vtkFiltering.dll
0x000007fee90b0000 - 0x000007fee9106000 	C:\vtkBin\bin\vtkIOJava.dll
0x000007fee85e0000 - 0x000007fee8a04000 	C:\vtkBin\bin\vtkIO.dll
0x000007fee9080000 - 0x000007fee90a2000 	C:\vtkBin\bin\vtkDICOMParser.dll
0x000007fee8fb0000 - 0x000007fee9076000 	C:\vtkBin\bin\vtkNetCDF.dll
0x000007fee83d0000 - 0x000007fee85dd000 	C:\vtkBin\bin\vtkhdf5.dll
0x000007feee2c0000 - 0x000007feee2d4000 	C:\vtkBin\bin\vtkzlib.dll
0x000007fee8f80000 - 0x000007fee8fad000 	C:\vtkBin\bin\vtkhdf5_hl.dll
0x000007feefe00000 - 0x000007feefe20000 	C:\vtkBin\bin\vtkNetCDF_cxx.dll
0x000007fee8f60000 - 0x000007fee8f78000 	C:\vtkBin\bin\LSDyna.dll
0x000007fee82b0000 - 0x000007fee833f000 	C:\vtkBin\bin\vtkmetaio.dll
0x000007fee83a0000 - 0x000007fee83c4000 	C:\vtkBin\bin\vtkpng.dll
0x000007fee8370000 - 0x000007fee8397000 	C:\vtkBin\bin\vtkjpeg.dll
0x000007fee8250000 - 0x000007fee82a1000 	C:\vtkBin\bin\vtktiff.dll
0x000007fee8340000 - 0x000007fee8363000 	C:\vtkBin\bin\vtkexpat.dll
0x000007fee8210000 - 0x000007fee822f000 	C:\Windows\system32\AVIFIL32.dll
0x000007fee8230000 - 0x000007fee8248000 	C:\Windows\system32\MSACM32.dll
0x000007fee81b0000 - 0x000007fee81d9000 	C:\Windows\system32\MSVFW32.dll
0x000007fee8160000 - 0x000007fee81a7000 	C:\vtkBin\bin\vtkImagingJava.dll
0x000007fee7ed0000 - 0x000007fee8159000 	C:\vtkBin\bin\vtkImaging.dll
0x000007fee7e30000 - 0x000007fee7ec7000 	C:\vtkBin\bin\vtkGraphicsJava.dll
0x000007fee7930000 - 0x000007fee7e22000 	C:\vtkBin\bin\vtkGraphics.dll
0x000007fee81e0000 - 0x000007fee8210000 	C:\vtkBin\bin\vtkverdict.dll
0x000007fee7810000 - 0x000007fee7899000 	C:\vtkBin\bin\vtkRenderingJava.dll
0x000007fee6e40000 - 0x000007fee71db000 	C:\vtkBin\bin\vtkRendering.dll
0x000007fef2590000 - 0x000007fef259f000 	C:\vtkBin\bin\vtkftgl.dll
0x000007fef68c0000 - 0x000007fef69dd000 	C:\Windows\system32\OPENGL32.dll
0x000007fef6890000 - 0x000007fef68bd000 	C:\Windows\system32\GLU32.dll
0x000007fef6790000 - 0x000007fef6881000 	C:\Windows\system32\DDRAW.dll
0x000007fef98a0000 - 0x000007fef98a8000 	C:\Windows\system32\DCIMAN32.dll
0x000007fee78b0000 - 0x000007fee7925000 	C:\vtkBin\bin\vtkfreetype.dll
0x00000000700b0000 - 0x00000000700b7000 	C:\vtkBin\bin\jawt.dll
0x000007fee7750000 - 0x000007fee77a1000 	C:\vtkBin\bin\vtkHybridJava.dll
0x000007fee7380000 - 0x000007fee7573000 	C:\vtkBin\bin\vtkHybrid.dll
0x000007fee77c0000 - 0x000007fee7801000 	C:\vtkBin\bin\vtkexoIIc.dll
0x000007fee7730000 - 0x000007fee7747000 	C:\Windows\system32\AVICAP32.dll
0x000007fee7350000 - 0x000007fee7375000 	C:\vtkBin\bin\vtkVolumeRenderingJava.dll
0x000007fee6a10000 - 0x000007fee6e31000 	C:\vtkBin\bin\vtkVolumeRendering.dll
0x000007fee72f0000 - 0x000007fee734c000 	C:\vtkBin\bin\vtkWidgetsJava.dll
0x000007fee68b0000 - 0x000007fee6a0e000 	C:\vtkBin\bin\vtkWidgets.dll
0x000000006e420000 - 0x000000006e44a000 	C:\Program Files\Java\jdk1.8.0_92\jre\bin\dcpr.dll
0x0000000130030000 - 0x0000000131ae8000 	C:\Windows\system32\nvoglv64.DLL
0x000007fefd560000 - 0x000007fefd599000 	C:\Windows\system32\WINTRUST.dll
0x000007fefd600000 - 0x000007fefd76a000 	C:\Windows\system32\CRYPT32.dll
0x000007fefd440000 - 0x000007fefd44f000 	C:\Windows\system32\MSASN1.dll
0x000007fef9a80000 - 0x000007fef9aad000 	C:\Windows\system32\ntmarta.dll
0x000007fefdeb0000 - 0x000007fefdf00000 	C:\Windows\system32\WLDAP32.dll
0x000007fef3740000 - 0x000007fef3865000 	C:\Windows\system32\dbghelp.dll

VM Arguments:
jvm_args: -Dfile.encoding=UTF-8 
java_command: volume_ct.Main
java_class_path (initial): C:\vtkBin\bin\vtk.jar;C:\Program Files\NetBeans 8.0.2\java\modules\ext\beansbinding-1.2.1.jar;C:\Users\IMG_1\Desktop\project_vtk\volume_ct\build\classes
Launcher Type: SUN_STANDARD

Environment Variables:
CLASSPATH=C:\Users\IMG_1\Downloads\JavaCV\opencv\build\x86\vc10\lib;
PATH=C:\ProgramData\Oracle\Java\javapath;C:\Program Files\NVIDIA GPU Computing Toolkit\CUDA\v5.5\bin;C:\Program Files\NVIDIA GPU Computing Toolkit\CUDA\v5.5\libnvvp;C:\Program Files\Common Files\Microsoft Shared\Windows Live;C:\Program Files (x86)\Common Files\Microsoft Shared\Windows Live;C:\Program Files (x86)\NVIDIA Corporation\PhysX\Common;C:\Windows\system32;C:\Windows;C:\Windows\System32\Wbem;C:\Windows\System32\WindowsPowerShell\v1.0\;C:\Program Files (x86)\Microsoft SQL Server\90\Tools\binn\;C:\Program Files (x86)\Windows Live\Shared;C:\ProgramData\NVIDIA Corporation\NVIDIA GPU Computing SDK 4.2\C\common\bin;C:\Program Files\Microsoft\Web Platform Installer\;C:\Program Files (x86)\Microsoft ASP.NET\ASP.NET Web Pages\v1.0\;C:\Program Files\Microsoft SQL Server\110\Tools\Binn\;C:\Program Files (x86)\CMake\bin;C:\Program Files\MATLAB\R2013a\bin;C:\Program Files\Git\cmd;D:\laragon\bin\php\php-5.6.13;C:\ProgramData\ComposerSetup\bin;C:\lib\opencv\x64;C:\Program Files\ImageJ\plugins;C:\Program Files\ImageJ;C:\vtkBin\bin;C:\simpleitk;C:\Users\IMG_1\Downloads\JavaCV\opencv\build\common\tbb\ia32\vc10; C:\Users\IMG_1\Downloads\JavaCV\opencv\build\x86\vc10;C:\Users\IMG_1\Downloads\JavaCV\opencv\build\x64\vc10;C:\MinGW\bin;C:\MinGW\msys\1.0\bin;C:\Users\IMG_1\Desktop\vtk_bin07\bin\Debug;C:\Users\IMG_1\Desktop\vtk_12\bin\Release
USERNAME=IMG_1
OS=Windows_NT
PROCESSOR_IDENTIFIER=Intel64 Family 6 Model 42 Stepping 7, GenuineIntel



---------------  S Y S T E M  ---------------

OS: Windows 7 , 64 bit Build 7600 (6.1.7600.17206)

CPU:total 8 (4 cores per cpu, 2 threads per core) family 6 model 42 stepping 7, cmov, cx8, fxsr, mmx, sse, sse2, sse3, ssse3, sse4.1, sse4.2, popcnt, aes, clmul, ht, tsc, tscinvbit

Memory: 4k page, physical 8370488k(1217472k free), swap 16739068k(7452768k free)

vm_info: Java HotSpot(TM) 64-Bit Server VM (25.92-b14) for windows-amd64 JRE (1.8.0_92-b14), built on Mar 31 2016 21:03:04 by "java_re" with MS VC++ 10.0 (VS2010)

time: Mon Jul 04 13:49:10 2016
elapsed time: 19 seconds (0d 0h 0m 19s)

