#
# A fatal error has been detected by the Java Runtime Environment:
#
#  EXCEPTION_ACCESS_VIOLATION (0xc0000005) at pc=0x000007fee9574613, pid=5328, tid=0x000000000000167c
#
# JRE version: Java(TM) SE Runtime Environment (8.0_92-b14) (build 1.8.0_92-b14)
# Java VM: Java HotSpot(TM) 64-Bit Server VM (25.92-b14 mixed mode windows-amd64 compressed oops)
# Problematic frame:
# C  [vtkRenderingJava.dll+0x4613]
#
# Failed to write core dump. Minidumps are not enabled by default on client versions of Windows
#
# If you would like to submit a bug report, please visit:
#   http://bugreport.java.com/bugreport/crash.jsp
# The crash happened outside the Java Virtual Machine in native code.
# See problematic frame for where to report the bug.
#

---------------  T H R E A D  ---------------

Current thread (0x000000001ae40000):  JavaThread "AWT-EventQueue-0" [_thread_in_native, id=5756, stack(0x000000001a430000,0x000000001a530000)]

siginfo: ExceptionCode=0xc0000005, reading address 0xffffffffffffffff

Registers:
RAX=0x000000001b1a53f0, RBX=0x000000001788d178, RCX=0x000000001b1a53f0, RDX=0x000000001b2dd910
RSP=0x000000001a52c918, RBP=0x000000001a52c998, RSI=0x0000000000000118, RDI=0x0000000002ae835d
R8 =0x000007feea82ffff, R9 =0x00000000d6128f40, R10=0x0000000000000024, R11=0x00000000572e8198
R12=0x0000000000000000, R13=0x000000001788d178, R14=0x000000001a52c9c0, R15=0x000000001ae40000
RIP=0x000007fee9574613, EFLAGS=0x0000000000010202

Top of Stack: (sp=0x000000001a52c918)
0x000000001a52c918:   0000000002af7994 000000001788d178
0x000000001a52c928:   0000000000000118 000000001db7f148
0x000000001a52c938:   0000000000000000 000000001787a048
0x000000001a52c948:   0000000000000000 000000001a52c968
0x000000001a52c958:   000000001a52c958 0000000000000000
0x000000001a52c968:   000000001a52c9c0 000000001dba0698
0x000000001a52c978:   0000000000000000 000000001788d178
0x000000001a52c988:   0000000000000000 000000001a52c9b8
0x000000001a52c998:   000000001a52ca08 0000000002ae835d
0x000000001a52c9a8:   0000000000000000 0000000002af19d8
0x000000001a52c9b8:   00000000d65329a8 00000000d6128f40
0x000000001a52c9c8:   000000001a52c9c8 000000001788d212
0x000000001a52c9d8:   000000001a52ca20 000000001dba0698
0x000000001a52c9e8:   0000000000000000 000000001788d220
0x000000001a52c9f8:   000000001a52c9b8 000000001a52ca18
0x000000001a52ca08:   000000001a52ca68 0000000002ae835d 

Instructions: (pc=0x000007fee9574613)
0x000007fee95745f3:   48 8b d8 e8 39 18 02 00 48 8b d3 4c 8b 00 48 8b
0x000007fee9574603:   c8 48 8b 5c 24 30 48 8b 74 24 38 48 83 c4 20 5f
0x000007fee9574613:   49 ff a0 e8 02 00 00 cc cc cc cc cc cc 40 53 48
0x000007fee9574623:   83 ec 20 41 8b d8 e8 06 18 02 00 8b d3 4c 8b 08 


Register to memory mapping:

RAX=0x000000001b1a53f0 is an unknown value
RBX={method} {0x000000001788d180} 'SetMapper_16' '(Lvtk/vtkMapper;)V' in 'vtk/vtkActor'
RCX=0x000000001b1a53f0 is an unknown value
RDX=0x000000001b2dd910 is an unknown value
RSP=0x000000001a52c918 is pointing into the stack for thread: 0x000000001ae40000
RBP=0x000000001a52c998 is pointing into the stack for thread: 0x000000001ae40000
RSI=0x0000000000000118 is an unknown value
RDI=0x0000000002ae835d is at code_begin+2301 in an Interpreter codelet
invoke return entry points  [0x0000000002ae7a60, 0x0000000002ae8440]  2528 bytes
R8 =0x000007feea82ffff is an unknown value
R9 =0x00000000d6128f40 is an oop
vtk.vtkActor 
 - klass: 'vtk/vtkActor'
R10=0x0000000000000024 is an unknown value
R11=0x00000000572e8198 is an unknown value
R12=0x0000000000000000 is an unknown value
R13={method} {0x000000001788d180} 'SetMapper_16' '(Lvtk/vtkMapper;)V' in 'vtk/vtkActor'
R14=0x000000001a52c9c0 is pointing into the stack for thread: 0x000000001ae40000
R15=0x000000001ae40000 is a thread


Stack: [0x000000001a430000,0x000000001a530000],  sp=0x000000001a52c918,  free space=1010k
Native frames: (J=compiled Java code, j=interpreted, Vv=VM code, C=native code)
C  [vtkRenderingJava.dll+0x4613]
C  0x0000000002af7994

Java frames: (J=compiled Java code, j=interpreted, Vv=VM code)
j  vtk.vtkActor.SetMapper_16(Lvtk/vtkMapper;)V+0
j  vtk.vtkActor.SetMapper(Lvtk/vtkMapper;)V+2
j  volume_ct.Main.jButton2ActionPerformed(Ljava/awt/event/ActionEvent;)V+119
j  volume_ct.Main.access$600(Lvolume_ct/Main;Ljava/awt/event/ActionEvent;)V+2
j  volume_ct.Main$7.actionPerformed(Ljava/awt/event/ActionEvent;)V+5
j  javax.swing.AbstractButton.fireActionPerformed(Ljava/awt/event/ActionEvent;)V+83
j  javax.swing.AbstractButton$Handler.actionPerformed(Ljava/awt/event/ActionEvent;)V+5
j  javax.swing.DefaultButtonModel.fireActionPerformed(Ljava/awt/event/ActionEvent;)V+34
j  javax.swing.DefaultButtonModel.setPressed(Z)V+117
j  javax.swing.plaf.basic.BasicButtonListener.mouseReleased(Ljava/awt/event/MouseEvent;)V+35
j  java.awt.Component.processMouseEvent(Ljava/awt/event/MouseEvent;)V+64
j  javax.swing.JComponent.processMouseEvent(Ljava/awt/event/MouseEvent;)V+23
J 1322 C1 java.awt.Component.processEvent(Ljava/awt/AWTEvent;)V (220 bytes) @ 0x0000000002f231a4 [0x0000000002f22c80+0x524]
j  java.awt.Container.processEvent(Ljava/awt/AWTEvent;)V+18
J 1220 C1 java.awt.Component.dispatchEventImpl(Ljava/awt/AWTEvent;)V (883 bytes) @ 0x0000000002eb4c3c [0x0000000002eaf740+0x54fc]
J 1269 C1 java.awt.Container.dispatchEventImpl(Ljava/awt/AWTEvent;)V (129 bytes) @ 0x0000000002efa444 [0x0000000002efa300+0x144]
J 1445 C1 java.awt.Component.dispatchEvent(Ljava/awt/AWTEvent;)V (6 bytes) @ 0x0000000002f7ecc4 [0x0000000002f7ebc0+0x104]
j  java.awt.LightweightDispatcher.retargetMouseEvent(Ljava/awt/Component;ILjava/awt/event/MouseEvent;)V+327
J 1414 C1 java.awt.LightweightDispatcher.processMouseEvent(Ljava/awt/event/MouseEvent;)Z (286 bytes) @ 0x0000000002f712f4 [0x0000000002f6fbc0+0x1734]
J 1433 C1 java.awt.LightweightDispatcher.dispatchEvent(Ljava/awt/AWTEvent;)Z (73 bytes) @ 0x0000000002f7d37c [0x0000000002f7cf40+0x43c]
J 1269 C1 java.awt.Container.dispatchEventImpl(Ljava/awt/AWTEvent;)V (129 bytes) @ 0x0000000002efa3e4 [0x0000000002efa300+0xe4]
J 1386 C1 java.awt.Window.dispatchEventImpl(Ljava/awt/AWTEvent;)V (23 bytes) @ 0x0000000002f5c624 [0x0000000002f5c040+0x5e4]
J 1168 C1 java.awt.EventQueue.dispatchEventImpl(Ljava/awt/AWTEvent;Ljava/lang/Object;)V (149 bytes) @ 0x0000000002e8747c [0x0000000002e85c40+0x183c]
J 1166 C1 java.awt.EventQueue$3.run()Ljava/lang/Void; (60 bytes) @ 0x0000000002e8504c [0x0000000002e84e40+0x20c]
J 1165 C1 java.awt.EventQueue$3.run()Ljava/lang/Object; (5 bytes) @ 0x0000000002e84acc [0x0000000002e84a40+0x8c]
v  ~StubRoutines::call_stub
J 1063  java.security.AccessController.doPrivileged(Ljava/security/PrivilegedAction;Ljava/security/AccessControlContext;)Ljava/lang/Object; (0 bytes) @ 0x0000000002e436e6 [0x0000000002e43680+0x66]
J 1225 C1 java.awt.EventQueue$4.run()Ljava/lang/Object; (5 bytes) @ 0x0000000002edc7ac [0x0000000002edc380+0x42c]
v  ~StubRoutines::call_stub
J 1063  java.security.AccessController.doPrivileged(Ljava/security/PrivilegedAction;Ljava/security/AccessControlContext;)Ljava/lang/Object; (0 bytes) @ 0x0000000002e436e6 [0x0000000002e43680+0x66]
J 1102 C1 java.awt.EventQueue.dispatchEvent(Ljava/awt/AWTEvent;)V (80 bytes) @ 0x0000000002e5833c [0x0000000002e574c0+0xe7c]
J 1103 C1 java.awt.EventDispatchThread.pumpOneEventForFilters(I)V (295 bytes) @ 0x0000000002e5b234 [0x0000000002e59580+0x1cb4]
j  java.awt.EventDispatchThread.pumpEventsForFilter(ILjava/awt/Conditional;Ljava/awt/EventFilter;)V+35
j  java.awt.EventDispatchThread.pumpEventsForHierarchy(ILjava/awt/Conditional;Ljava/awt/Component;)V+11
j  java.awt.EventDispatchThread.pumpEvents(ILjava/awt/Conditional;)V+4
j  java.awt.EventDispatchThread.pumpEvents(Ljava/awt/Conditional;)V+3
j  java.awt.EventDispatchThread.run()V+9
v  ~StubRoutines::call_stub

---------------  P R O C E S S  ---------------

Java Threads: ( => current thread )
  0x000000001b319000 JavaThread "D3D Screen Updater" daemon [_thread_blocked, id=3744, stack(0x000000001be20000,0x000000001bf20000)]
  0x000000001af0c000 JavaThread "TimerQueue" daemon [_thread_blocked, id=5240, stack(0x000000001d950000,0x000000001da50000)]
  0x000000000241e800 JavaThread "DestroyJavaVM" [_thread_blocked, id=6096, stack(0x0000000002710000,0x0000000002810000)]
=>0x000000001ae40000 JavaThread "AWT-EventQueue-0" [_thread_in_native, id=5756, stack(0x000000001a430000,0x000000001a530000)]
  0x000000001ade4800 JavaThread "AWT-Windows" daemon [_thread_in_native, id=5592, stack(0x000000001b890000,0x000000001b990000)]
  0x000000001ade1000 JavaThread "AWT-Shutdown" [_thread_blocked, id=816, stack(0x000000001b780000,0x000000001b880000)]
  0x000000001ade0000 JavaThread "Java2D Disposer" daemon [_thread_blocked, id=2984, stack(0x000000001b560000,0x000000001b660000)]
  0x0000000018fab800 JavaThread "Service Thread" daemon [_thread_blocked, id=5256, stack(0x000000001a1f0000,0x000000001a2f0000)]
  0x0000000018f30000 JavaThread "C1 CompilerThread3" daemon [_thread_blocked, id=744, stack(0x000000001a630000,0x000000001a730000)]
  0x0000000018f1b000 JavaThread "C2 CompilerThread2" daemon [_thread_blocked, id=4768, stack(0x000000001aa10000,0x000000001ab10000)]
  0x0000000018f12000 JavaThread "C2 CompilerThread1" daemon [_thread_blocked, id=2304, stack(0x000000001a900000,0x000000001aa00000)]
  0x0000000018f0a800 JavaThread "C2 CompilerThread0" daemon [_thread_blocked, id=812, stack(0x000000001a780000,0x000000001a880000)]
  0x0000000018f08000 JavaThread "Attach Listener" daemon [_thread_blocked, id=4164, stack(0x000000001a530000,0x000000001a630000)]
  0x0000000018f06800 JavaThread "Signal Dispatcher" daemon [_thread_blocked, id=852, stack(0x0000000019e00000,0x0000000019f00000)]
  0x0000000017e4d800 JavaThread "Finalizer" daemon [_thread_blocked, id=3276, stack(0x000000001a320000,0x000000001a420000)]
  0x0000000017e46800 JavaThread "Reference Handler" daemon [_thread_blocked, id=5320, stack(0x000000001a0e0000,0x000000001a1e0000)]

Other Threads:
  0x0000000018eb1000 VMThread [stack: 0x0000000019f20000,0x000000001a020000] [id=5984]
  0x0000000018f86800 WatcherThread [stack: 0x000000001abe0000,0x000000001ace0000] [id=4672]

VM state:not at safepoint (normal execution)

VM Mutex/Monitor currently owned by a thread: None

Heap:
 PSYoungGen      total 38400K, used 14663K [0x00000000d5700000, 0x00000000d8180000, 0x0000000100000000)
  eden space 33280K, 44% used [0x00000000d5700000,0x00000000d6551d98,0x00000000d7780000)
  from space 5120K, 0% used [0x00000000d7c80000,0x00000000d7c80000,0x00000000d8180000)
  to   space 5120K, 0% used [0x00000000d7780000,0x00000000d7780000,0x00000000d7c80000)
 ParOldGen       total 87552K, used 0K [0x0000000080400000, 0x0000000085980000, 0x00000000d5700000)
  object space 87552K, 0% used [0x0000000080400000,0x0000000080400000,0x0000000085980000)
 Metaspace       used 14823K, capacity 15020K, committed 15360K, reserved 1062912K
  class space    used 1870K, capacity 1952K, committed 2048K, reserved 1048576K

Card table byte_map: [0x0000000011ea0000,0x00000000122a0000] byte_map_base: 0x0000000011a9e000

Marking Bits: (ParMarkBitMap*) 0x00000000572f64f0
 Begin Bits: [0x0000000013080000, 0x0000000015070000)
 End Bits:   [0x0000000015070000, 0x0000000017060000)

Polling page: 0x0000000000230000

CodeCache: size=245760Kb used=4892Kb max_used=4901Kb free=240867Kb
 bounds [0x0000000002ae0000, 0x0000000002fb0000, 0x0000000011ae0000]
 total_blobs=2018 nmethods=1496 adapters=435
 compilation: enabled

Compilation events (10 events):
Event: 17.349 Thread 0x0000000018f30000 1488       1       javax.swing.JPanel::getUIClassID (3 bytes)
Event: 17.349 Thread 0x0000000018f30000 nmethod 1488 0x0000000002fa82d0 code [0x0000000002fa8420, 0x0000000002fa8530]
Event: 17.351 Thread 0x0000000018f30000 1492       3       sun.java2d.pipe.RenderBuffer::clear (9 bytes)
Event: 17.351 Thread 0x0000000018f30000 nmethod 1492 0x0000000002fa8910 code [0x0000000002fa8a60, 0x0000000002fa8bb0]
Event: 17.352 Thread 0x0000000018f30000 1493       3       sun.java2d.pipe.AlphaColorPipe::renderPathTile (39 bytes)
Event: 17.352 Thread 0x0000000018f30000 nmethod 1493 0x0000000002fa8c10 code [0x0000000002fa8d80, 0x0000000002fa9188]
Event: 17.353 Thread 0x0000000018f0a800 1494       4       java.util.concurrent.ConcurrentHashMap::get (162 bytes)
Event: 17.358 Thread 0x0000000018f0a800 nmethod 1494 0x0000000002fac1d0 code [0x0000000002fac320, 0x0000000002fac5d8]
Event: 17.660 Thread 0x0000000018f30000 1495       3       java.lang.Class::arrayContentsEq (70 bytes)
Event: 17.660 Thread 0x0000000018f30000 nmethod 1495 0x0000000002faba90 code [0x0000000002fabc20, 0x0000000002fac050]

GC Heap History (0 events):
No events

Deoptimization events (5 events):
Event: 0.335 Thread 0x000000001ae40000 Uncommon trap: reason=unstable_if action=reinterpret pc=0x0000000002cb0db8 method=java.util.HashMap.getNode(ILjava/lang/Object;)Ljava/util/HashMap$Node; @ 84
Event: 0.372 Thread 0x000000001ade4800 Uncommon trap: reason=unstable_if action=reinterpret pc=0x0000000002ced404 method=java.util.HashMap.putVal(ILjava/lang/Object;Ljava/lang/Object;ZZ)Ljava/lang/Object; @ 206
Event: 0.398 Thread 0x000000001ae40000 Uncommon trap: reason=unstable_if action=reinterpret pc=0x0000000002d142c8 method=java.util.HashMap.putVal(ILjava/lang/Object;Ljava/lang/Object;ZZ)Ljava/lang/Object; @ 109
Event: 0.414 Thread 0x000000001ae40000 Uncommon trap: reason=unstable_if action=reinterpret pc=0x0000000002d292ac method=java.io.BufferedInputStream.read()I @ 8
Event: 10.441 Thread 0x000000001ae40000 Uncommon trap: reason=unstable_if action=reinterpret pc=0x0000000002e0f180 method=java.awt.MultipleGradientPaintContext.indexIntoGradientsArrays(F)I @ 93

Internal exceptions (10 events):
Event: 0.240 Thread 0x000000000241e800 Exception <a 'java/lang/ClassNotFoundException': ToolBar> (0x00000000d5b73d58) thrown at [D:\re\workspace\8-2-build-windows-amd64-cygwin\jdk8u92\6642\hotspot\src\share\vm\classfile\systemDictionary.cpp, line 210]
Event: 0.240 Thread 0x000000000241e800 Exception <a 'java/lang/ClassNotFoundException': ToggleButton> (0x00000000d5b74308) thrown at [D:\re\workspace\8-2-build-windows-amd64-cygwin\jdk8u92\6642\hotspot\src\share\vm\classfile\systemDictionary.cpp, line 210]
Event: 0.240 Thread 0x000000000241e800 Exception <a 'java/lang/ClassNotFoundException': javax/swing/JToolBarSeparator> (0x00000000d5b74768) thrown at [D:\re\workspace\8-2-build-windows-amd64-cygwin\jdk8u92\6642\hotspot\src\share\vm\classfile\systemDictionary.cpp, line 210]
Event: 0.240 Thread 0x000000000241e800 Exception <a 'java/lang/ClassNotFoundException': ToolBarSeparator> (0x00000000d5b74c00) thrown at [D:\re\workspace\8-2-build-windows-amd64-cygwin\jdk8u92\6642\hotspot\src\share\vm\classfile\systemDictionary.cpp, line 210]
Event: 0.240 Thread 0x000000000241e800 Exception <a 'java/lang/ClassNotFoundException': ToolTip> (0x00000000d5b75340) thrown at [D:\re\workspace\8-2-build-windows-amd64-cygwin\jdk8u92\6642\hotspot\src\share\vm\classfile\systemDictionary.cpp, line 210]
Event: 0.240 Thread 0x000000000241e800 Exception <a 'java/lang/ClassNotFoundException': Tree> (0x00000000d5b75f60) thrown at [D:\re\workspace\8-2-build-windows-amd64-cygwin\jdk8u92\6642\hotspot\src\share\vm\classfile\systemDictionary.cpp, line 210]
Event: 0.240 Thread 0x000000000241e800 Exception <a 'java/lang/ClassNotFoundException': Tree> (0x00000000d5b766a0) thrown at [D:\re\workspace\8-2-build-windows-amd64-cygwin\jdk8u92\6642\hotspot\src\share\vm\classfile\systemDictionary.cpp, line 210]
Event: 0.241 Thread 0x000000000241e800 Exception <a 'java/lang/ClassNotFoundException': javax/swing/JTreeCell> (0x00000000d5b76a20) thrown at [D:\re\workspace\8-2-build-windows-amd64-cygwin\jdk8u92\6642\hotspot\src\share\vm\classfile\systemDictionary.cpp, line 210]
Event: 0.241 Thread 0x000000000241e800 Exception <a 'java/lang/ClassNotFoundException': TreeCell> (0x00000000d5b76ea8) thrown at [D:\re\workspace\8-2-build-windows-amd64-cygwin\jdk8u92\6642\hotspot\src\share\vm\classfile\systemDictionary.cpp, line 210]
Event: 0.241 Thread 0x000000000241e800 Exception <a 'java/lang/ClassNotFoundException': RootPane> (0x00000000d5b77908) thrown at [D:\re\workspace\8-2-build-windows-amd64-cygwin\jdk8u92\6642\hotspot\src\share\vm\classfile\systemDictionary.cpp, line 210]

Events (10 events):
Event: 8.534 loading class java/awt/AWTEvent$2 done
Event: 8.534 loading class sun/reflect/UnsafeBooleanFieldAccessorImpl
Event: 8.534 loading class sun/reflect/UnsafeBooleanFieldAccessorImpl done
Event: 9.228 loading class java/awt/LightweightDispatcher$2
Event: 9.228 loading class java/awt/LightweightDispatcher$2 done
Event: 10.441 Thread 0x000000001ae40000 Uncommon trap: trap_request=0xffffff65 fr.pc=0x0000000002e0f180
Event: 10.441 Thread 0x000000001ae40000 DEOPT PACKING pc=0x0000000002e0f180 sp=0x000000001a52bbd0
Event: 10.441 Thread 0x000000001ae40000 DEOPT UNPACKING pc=0x0000000002b2582a sp=0x000000001a52bb70 mode 2
Event: 16.670 Thread 0x000000001ae40000 DEOPT PACKING pc=0x0000000002ea7f14 sp=0x000000001a52ba40
Event: 16.670 Thread 0x000000001ae40000 DEOPT UNPACKING pc=0x0000000002b2747f sp=0x000000001a52b750 mode 0


Dynamic libraries:
0x000000013f0a0000 - 0x000000013f0d7000 	C:\Program Files\Java\jdk1.8.0_92\bin\java.exe
0x0000000076f30000 - 0x00000000770dc000 	C:\Windows\SYSTEM32\ntdll.dll
0x0000000076850000 - 0x000000007696f000 	C:\Windows\system32\kernel32.dll
0x000007fefd450000 - 0x000007fefd4bc000 	C:\Windows\system32\KERNELBASE.dll
0x000007fefd790000 - 0x000007fefd86b000 	C:\Windows\system32\ADVAPI32.dll
0x000007fefde10000 - 0x000007fefdeaf000 	C:\Windows\system32\msvcrt.dll
0x000007fefd770000 - 0x000007fefd78f000 	C:\Windows\SYSTEM32\sechost.dll
0x000007fefdb50000 - 0x000007fefdc7e000 	C:\Windows\system32\RPCRT4.dll
0x0000000076cd0000 - 0x0000000076dca000 	C:\Windows\system32\USER32.dll
0x000007fefd8c0000 - 0x000007fefd927000 	C:\Windows\system32\GDI32.dll
0x000007fefd930000 - 0x000007fefd93e000 	C:\Windows\system32\LPK.dll
0x000007fefdc80000 - 0x000007fefdd4a000 	C:\Windows\system32\USP10.dll
0x000007fefbe10000 - 0x000007fefc004000 	C:\Windows\WinSxS\amd64_microsoft.windows.common-controls_6595b64144ccf1df_6.0.7600.16661_none_fa62ad231704eab7\COMCTL32.dll
0x000007fefefe0000 - 0x000007feff051000 	C:\Windows\system32\SHLWAPI.dll
0x000007fefe110000 - 0x000007fefe13e000 	C:\Windows\system32\IMM32.DLL
0x000007fefe140000 - 0x000007fefe249000 	C:\Windows\system32\MSCTF.dll
0x000000005fd00000 - 0x000000005fdd2000 	C:\Program Files\Java\jdk1.8.0_92\jre\bin\msvcr100.dll
0x0000000056ae0000 - 0x0000000057376000 	C:\Program Files\Java\jdk1.8.0_92\jre\bin\server\jvm.dll
0x000007fef6b90000 - 0x000007fef6b99000 	C:\Windows\system32\WSOCK32.dll
0x000007fefd870000 - 0x000007fefd8bd000 	C:\Windows\system32\WS2_32.dll
0x000007fefd940000 - 0x000007fefd948000 	C:\Windows\system32\NSI.dll
0x000007fefa450000 - 0x000007fefa48b000 	C:\Windows\system32\WINMM.dll
0x000007fefc4a0000 - 0x000007fefc4ac000 	C:\Windows\system32\VERSION.dll
0x00000000770f0000 - 0x00000000770f7000 	C:\Windows\system32\PSAPI.DLL
0x000000006eff0000 - 0x000000006efff000 	C:\Program Files\Java\jdk1.8.0_92\jre\bin\verify.dll
0x000000006efc0000 - 0x000000006efe9000 	C:\Program Files\Java\jdk1.8.0_92\jre\bin\java.dll
0x0000000056ac0000 - 0x0000000056ad6000 	C:\Program Files\Java\jdk1.8.0_92\jre\bin\zip.dll
0x000007fefe250000 - 0x000007fefefd7000 	C:\Windows\system32\SHELL32.dll
0x000007fefdf00000 - 0x000007fefe102000 	C:\Windows\system32\ole32.dll
0x000007fefd3a0000 - 0x000007fefd3af000 	C:\Windows\system32\profapi.dll
0x0000000056920000 - 0x0000000056ab8000 	C:\Program Files\Java\jdk1.8.0_92\jre\bin\awt.dll
0x000007fefd9d0000 - 0x000007fefdaa7000 	C:\Windows\system32\OLEAUT32.dll
0x000007fefbad0000 - 0x000007fefbb26000 	C:\Windows\system32\uxtheme.dll
0x000007fefb6f0000 - 0x000007fefb708000 	C:\Windows\system32\dwmapi.dll
0x000007fefd290000 - 0x000007fefd29f000 	C:\Windows\system32\CRYPTBASE.dll
0x00000000568d0000 - 0x0000000056917000 	C:\Program Files\Java\jdk1.8.0_92\jre\bin\fontmanager.dll
0x000007fef11b0000 - 0x000007fef13af000 	C:\Windows\system32\d3d9.dll
0x000007fef6b70000 - 0x000007fef6b77000 	C:\Windows\system32\d3d8thk.dll
0x000007feee740000 - 0x000007feef5b4000 	C:\Windows\system32\nvd3dumx.dll
0x000007fefbd30000 - 0x000007fefbd5c000 	C:\Windows\system32\powrprof.dll
0x000007feff060000 - 0x000007feff237000 	C:\Windows\system32\SETUPAPI.dll
0x000007fefd5a0000 - 0x000007fefd5d6000 	C:\Windows\system32\CFGMGR32.dll
0x000007fefd5e0000 - 0x000007fefd5fa000 	C:\Windows\system32\DEVOBJ.dll
0x000007feefe40000 - 0x000007feeff98000 	C:\Program Files (x86)\NVIDIA Corporation\3D Vision\nvSCPAPI64.dll
0x00000000568b0000 - 0x00000000568ca000 	C:\Program Files\Java\jdk1.8.0_92\jre\bin\net.dll
0x000007fefcbd0000 - 0x000007fefcc24000 	C:\Windows\system32\mswsock.dll
0x000007fefcbc0000 - 0x000007fefcbc7000 	C:\Windows\System32\wship6.dll
0x0000000056890000 - 0x00000000568a1000 	C:\Program Files\Java\jdk1.8.0_92\jre\bin\nio.dll
0x0000000056840000 - 0x0000000056882000 	C:\Program Files\Java\jdk1.8.0_92\jre\bin\t2k.dll
0x000007fefdd50000 - 0x000007fefdde9000 	C:\Windows\system32\CLBCatQ.DLL
0x000007fefb580000 - 0x000007fefb6aa000 	C:\Windows\system32\WindowsCodecs.dll
0x000007fefd230000 - 0x000007fefd287000 	C:\Windows\system32\apphelp.dll
0x000007fef8a50000 - 0x000007fef8a85000 	C:\Windows\system32\EhStorShell.dll
0x000007fefbbb0000 - 0x000007fefbcdc000 	C:\Windows\system32\PROPSYS.dll
0x000007fef8990000 - 0x000007fef8a0e000 	C:\Windows\System32\cscui.dll
0x000007fef8a40000 - 0x000007fef8a4c000 	C:\Windows\System32\CSCDLL.dll
0x000007fef8b10000 - 0x000007fef8b1f000 	C:\Windows\system32\CSCAPI.dll
0x000007fef8910000 - 0x000007fef8990000 	C:\Windows\system32\ntshrui.dll
0x000007fefd100000 - 0x000007fefd123000 	C:\Windows\system32\srvcli.dll
0x000007fefb320000 - 0x000007fefb32b000 	C:\Windows\system32\slc.dll
0x000007feee630000 - 0x000007feee69e000 	C:\vtkBin\bin\vtkCommonJava.dll
0x000007feea6d0000 - 0x000007feea918000 	C:\vtkBin\bin\vtkCommon.dll
0x000007feee5e0000 - 0x000007feee623000 	C:\vtkBin\bin\vtksys.dll
0x0000000067160000 - 0x00000000671f8000 	C:\Windows\system32\MSVCP100.dll
0x000007feee540000 - 0x000007feee5e0000 	C:\vtkBin\bin\vtkFilteringJava.dll
0x000007feea3d0000 - 0x000007feea6cc000 	C:\vtkBin\bin\vtkFiltering.dll
0x000007feee360000 - 0x000007feee3b6000 	C:\vtkBin\bin\vtkIOJava.dll
0x000007fee9fa0000 - 0x000007feea3c4000 	C:\vtkBin\bin\vtkIO.dll
0x000007feee330000 - 0x000007feee352000 	C:\vtkBin\bin\vtkDICOMParser.dll
0x000007feee260000 - 0x000007feee326000 	C:\vtkBin\bin\vtkNetCDF.dll
0x000007fee9d90000 - 0x000007fee9f9d000 	C:\vtkBin\bin\vtkhdf5.dll
0x000007feeb0a0000 - 0x000007feeb0b4000 	C:\vtkBin\bin\vtkzlib.dll
0x000007feeb070000 - 0x000007feeb09d000 	C:\vtkBin\bin\vtkhdf5_hl.dll
0x000007feeb050000 - 0x000007feeb070000 	C:\vtkBin\bin\vtkNetCDF_cxx.dll
0x000007feeb030000 - 0x000007feeb048000 	C:\vtkBin\bin\LSDyna.dll
0x000007feeafa0000 - 0x000007feeb02f000 	C:\vtkBin\bin\vtkmetaio.dll
0x000007feeaf70000 - 0x000007feeaf94000 	C:\vtkBin\bin\vtkpng.dll
0x000007feeaf40000 - 0x000007feeaf67000 	C:\vtkBin\bin\vtkjpeg.dll
0x000007feeaee0000 - 0x000007feeaf31000 	C:\vtkBin\bin\vtktiff.dll
0x000007feead00000 - 0x000007feead23000 	C:\vtkBin\bin\vtkexpat.dll
0x000007feeaec0000 - 0x000007feeaedf000 	C:\Windows\system32\AVIFIL32.dll
0x000007feefe20000 - 0x000007feefe38000 	C:\Windows\system32\MSACM32.dll
0x000007feeacd0000 - 0x000007feeacf9000 	C:\Windows\system32\MSVFW32.dll
0x000007feeac80000 - 0x000007feeacc7000 	C:\vtkBin\bin\vtkImagingJava.dll
0x000007fee9b00000 - 0x000007fee9d89000 	C:\vtkBin\bin\vtkImaging.dll
0x000007feeabe0000 - 0x000007feeac77000 	C:\vtkBin\bin\vtkGraphicsJava.dll
0x000007fee9600000 - 0x000007fee9af2000 	C:\vtkBin\bin\vtkGraphics.dll
0x000007feeabb0000 - 0x000007feeabe0000 	C:\vtkBin\bin\vtkverdict.dll
0x000007fee9570000 - 0x000007fee95f9000 	C:\vtkBin\bin\vtkRenderingJava.dll
0x000007fee91d0000 - 0x000007fee956b000 	C:\vtkBin\bin\vtkRendering.dll
0x000007fef6b80000 - 0x000007fef6b8f000 	C:\vtkBin\bin\vtkftgl.dll
0x000007fef68c0000 - 0x000007fef69dd000 	C:\Windows\system32\OPENGL32.dll
0x000007fef6890000 - 0x000007fef68bd000 	C:\Windows\system32\GLU32.dll
0x000007fef6790000 - 0x000007fef6881000 	C:\Windows\system32\DDRAW.dll
0x000007fef98a0000 - 0x000007fef98a8000 	C:\Windows\system32\DCIMAN32.dll
0x000007feeab30000 - 0x000007feeaba5000 	C:\vtkBin\bin\vtkfreetype.dll
0x0000000056830000 - 0x0000000056837000 	C:\vtkBin\bin\jawt.dll
0x000007fee9170000 - 0x000007fee91c1000 	C:\vtkBin\bin\vtkHybridJava.dll
0x000007fee8f70000 - 0x000007fee9163000 	C:\vtkBin\bin\vtkHybrid.dll
0x000007fee8f20000 - 0x000007fee8f61000 	C:\vtkBin\bin\vtkexoIIc.dll
0x000007fee8f00000 - 0x000007fee8f17000 	C:\Windows\system32\AVICAP32.dll
0x000007fee8ed0000 - 0x000007fee8ef5000 	C:\vtkBin\bin\vtkVolumeRenderingJava.dll
0x000007fee8aa0000 - 0x000007fee8ec1000 	C:\vtkBin\bin\vtkVolumeRendering.dll
0x000007fee8a40000 - 0x000007fee8a9c000 	C:\vtkBin\bin\vtkWidgetsJava.dll
0x000007fee88e0000 - 0x000007fee8a3e000 	C:\vtkBin\bin\vtkWidgets.dll
0x00000000567d0000 - 0x00000000567fa000 	C:\Program Files\Java\jdk1.8.0_92\jre\bin\dcpr.dll
0x0000000054790000 - 0x0000000056248000 	C:\Windows\system32\nvoglv64.DLL
0x000007fefd560000 - 0x000007fefd599000 	C:\Windows\system32\WINTRUST.dll
0x000007fefd600000 - 0x000007fefd76a000 	C:\Windows\system32\CRYPT32.dll
0x000007fefd440000 - 0x000007fefd44f000 	C:\Windows\system32\MSASN1.dll
0x000007fef9a80000 - 0x000007fef9aad000 	C:\Windows\system32\ntmarta.dll
0x000007fefdeb0000 - 0x000007fefdf00000 	C:\Windows\system32\WLDAP32.dll
0x000007fef3740000 - 0x000007fef3865000 	C:\Windows\system32\dbghelp.dll

VM Arguments:
jvm_args: -Dfile.encoding=UTF-8 
java_command: volume_ct.Main
java_class_path (initial): C:\vtkBin\bin\vtk.jar;C:\Program Files\NetBeans 8.0.2\java\modules\ext\beansbinding-1.2.1.jar;C:\Users\IMG_1\Desktop\project_vtk\volume_ct\build\classes
Launcher Type: SUN_STANDARD

Environment Variables:
CLASSPATH=C:\Users\IMG_1\Downloads\JavaCV\opencv\build\x86\vc10\lib;
PATH=C:\ProgramData\Oracle\Java\javapath;C:\Program Files\NVIDIA GPU Computing Toolkit\CUDA\v5.5\bin;C:\Program Files\NVIDIA GPU Computing Toolkit\CUDA\v5.5\libnvvp;C:\Program Files\Common Files\Microsoft Shared\Windows Live;C:\Program Files (x86)\Common Files\Microsoft Shared\Windows Live;C:\Program Files (x86)\NVIDIA Corporation\PhysX\Common;C:\Windows\system32;C:\Windows;C:\Windows\System32\Wbem;C:\Windows\System32\WindowsPowerShell\v1.0\;C:\Program Files (x86)\Microsoft SQL Server\90\Tools\binn\;C:\Program Files (x86)\Windows Live\Shared;C:\ProgramData\NVIDIA Corporation\NVIDIA GPU Computing SDK 4.2\C\common\bin;C:\Program Files\Microsoft\Web Platform Installer\;C:\Program Files (x86)\Microsoft ASP.NET\ASP.NET Web Pages\v1.0\;C:\Program Files\Microsoft SQL Server\110\Tools\Binn\;C:\Program Files (x86)\CMake\bin;C:\Program Files\MATLAB\R2013a\bin;C:\Program Files\Git\cmd;D:\laragon\bin\php\php-5.6.13;C:\ProgramData\ComposerSetup\bin;C:\lib\opencv\x64;C:\Program Files\ImageJ\plugins;C:\Program Files\ImageJ;C:\vtkBin\bin;C:\simpleitk;C:\Users\IMG_1\Downloads\JavaCV\opencv\build\common\tbb\ia32\vc10; C:\Users\IMG_1\Downloads\JavaCV\opencv\build\x86\vc10;C:\Users\IMG_1\Downloads\JavaCV\opencv\build\x64\vc10;C:\MinGW\bin;C:\MinGW\msys\1.0\bin;C:\Users\IMG_1\Desktop\vtk_bin07\bin\Debug;C:\Users\IMG_1\Desktop\vtk_12\bin\Release
USERNAME=IMG_1
OS=Windows_NT
PROCESSOR_IDENTIFIER=Intel64 Family 6 Model 42 Stepping 7, GenuineIntel



---------------  S Y S T E M  ---------------

OS: Windows 7 , 64 bit Build 7600 (6.1.7600.17206)

CPU:total 8 (4 cores per cpu, 2 threads per core) family 6 model 42 stepping 7, cmov, cx8, fxsr, mmx, sse, sse2, sse3, ssse3, sse4.1, sse4.2, popcnt, aes, clmul, ht, tsc, tscinvbit

Memory: 4k page, physical 8370488k(4336212k free), swap 16739068k(11281448k free)

vm_info: Java HotSpot(TM) 64-Bit Server VM (25.92-b14) for windows-amd64 JRE (1.8.0_92-b14), built on Mar 31 2016 21:03:04 by "java_re" with MS VC++ 10.0 (VS2010)

time: Mon Jul 04 15:36:00 2016
elapsed time: 17 seconds (0d 0h 0m 17s)

