#
# A fatal error has been detected by the Java Runtime Environment:
#
#  EXCEPTION_ACCESS_VIOLATION (0xc0000005) at pc=0x000007fee93f4613, pid=5092, tid=0x00000000000016cc
#
# JRE version: Java(TM) SE Runtime Environment (8.0_92-b14) (build 1.8.0_92-b14)
# Java VM: Java HotSpot(TM) 64-Bit Server VM (25.92-b14 mixed mode windows-amd64 compressed oops)
# Problematic frame:
# C  [vtkRenderingJava.dll+0x4613]
#
# Failed to write core dump. Minidumps are not enabled by default on client versions of Windows
#
# If you would like to submit a bug report, please visit:
#   http://bugreport.java.com/bugreport/crash.jsp
# The crash happened outside the Java Virtual Machine in native code.
# See problematic frame for where to report the bug.
#

---------------  T H R E A D  ---------------

Current thread (0x000000001abf3000):  JavaThread "AWT-EventQueue-0" [_thread_in_native, id=5836, stack(0x000000001c000000,0x000000001c100000)]

siginfo: ExceptionCode=0xc0000005, reading address 0xffffffffffffffff

Registers:
RAX=0x000000001b2bfd60, RBX=0x000000001770d178, RCX=0x000000001b2bfd60, RDX=0x000000001b054d20
RSP=0x000000001c0fca48, RBP=0x000000001c0fcac0, RSI=0x0000000000000001, RDI=0x00000000028c835d
R8 =0x0000000018e13860, R9 =0x00000000d6128f40, R10=0x0000000000000016, R11=0x00000000572e8198
R12=0x0000000000000000, R13=0x000000001770d178, R14=0x000000001c0fcae8, R15=0x000000001abf3000
RIP=0x000007fee93f4613, EFLAGS=0x0000000000010202

Top of Stack: (sp=0x000000001c0fca48)
0x000000001c0fca48:   00000000028d7994 000000001770d178
0x000000001c0fca58:   0000000000000001 0000000000000000
0x000000001c0fca68:   00000000176fa048 0000000000000000
0x000000001c0fca78:   000000001c0fca90 000000001c0fca80
0x000000001c0fca88:   0000000000000000 000000001c0fcae8
0x000000001c0fca98:   000000001db90698 0000000000000000
0x000000001c0fcaa8:   000000001770d178 0000000000000000
0x000000001c0fcab8:   000000001c0fcae0 000000001c0fcb30
0x000000001c0fcac8:   00000000028c835d 0000000000000000
0x000000001c0fcad8:   00000000028d19d8 00000000d6379298
0x000000001c0fcae8:   00000000d6128f40 000000001c0fcaf0
0x000000001c0fcaf8:   000000001770d212 000000001c0fcb48
0x000000001c0fcb08:   000000001db90698 0000000000000000
0x000000001c0fcb18:   000000001770d220 000000001c0fcae0
0x000000001c0fcb28:   000000001c0fcb40 000000001c0fcb90
0x000000001c0fcb38:   00000000028c835d 00000000d6379298 

Instructions: (pc=0x000007fee93f4613)
0x000007fee93f45f3:   48 8b d8 e8 39 18 02 00 48 8b d3 4c 8b 00 48 8b
0x000007fee93f4603:   c8 48 8b 5c 24 30 48 8b 74 24 38 48 83 c4 20 5f
0x000007fee93f4613:   49 ff a0 e8 02 00 00 cc cc cc cc cc cc 40 53 48
0x000007fee93f4623:   83 ec 20 41 8b d8 e8 06 18 02 00 8b d3 4c 8b 08 


Register to memory mapping:

RAX=0x000000001b2bfd60 is an unknown value
RBX={method} {0x000000001770d180} 'SetMapper_16' '(Lvtk/vtkMapper;)V' in 'vtk/vtkActor'
RCX=0x000000001b2bfd60 is an unknown value
RDX=0x000000001b054d20 is an unknown value
RSP=0x000000001c0fca48 is pointing into the stack for thread: 0x000000001abf3000
RBP=0x000000001c0fcac0 is pointing into the stack for thread: 0x000000001abf3000
RSI=0x0000000000000001 is an unknown value
RDI=0x00000000028c835d is at code_begin+2301 in an Interpreter codelet
invoke return entry points  [0x00000000028c7a60, 0x00000000028c8440]  2528 bytes
R8 =0x0000000018e13860 is an unknown value
R9 =0x00000000d6128f40 is an oop
vtk.vtkActor 
 - klass: 'vtk/vtkActor'
R10=0x0000000000000016 is an unknown value
R11=0x00000000572e8198 is an unknown value
R12=0x0000000000000000 is an unknown value
R13={method} {0x000000001770d180} 'SetMapper_16' '(Lvtk/vtkMapper;)V' in 'vtk/vtkActor'
R14=0x000000001c0fcae8 is pointing into the stack for thread: 0x000000001abf3000
R15=0x000000001abf3000 is a thread


Stack: [0x000000001c000000,0x000000001c100000],  sp=0x000000001c0fca48,  free space=1010k
Native frames: (J=compiled Java code, j=interpreted, Vv=VM code, C=native code)
C  [vtkRenderingJava.dll+0x4613]
C  0x00000000028d7994

Java frames: (J=compiled Java code, j=interpreted, Vv=VM code)
j  vtk.vtkActor.SetMapper_16(Lvtk/vtkMapper;)V+0
j  vtk.vtkActor.SetMapper(Lvtk/vtkMapper;)V+2
j  volume_ct.Main.jButton2ActionPerformed(Ljava/awt/event/ActionEvent;)V+119
j  volume_ct.Main.access$600(Lvolume_ct/Main;Ljava/awt/event/ActionEvent;)V+2
j  volume_ct.Main$7.actionPerformed(Ljava/awt/event/ActionEvent;)V+5
j  javax.swing.AbstractButton.fireActionPerformed(Ljava/awt/event/ActionEvent;)V+83
j  javax.swing.AbstractButton$Handler.actionPerformed(Ljava/awt/event/ActionEvent;)V+5
j  javax.swing.DefaultButtonModel.fireActionPerformed(Ljava/awt/event/ActionEvent;)V+34
j  javax.swing.DefaultButtonModel.setPressed(Z)V+117
j  javax.swing.plaf.basic.BasicButtonListener.mouseReleased(Ljava/awt/event/MouseEvent;)V+35
j  java.awt.Component.processMouseEvent(Ljava/awt/event/MouseEvent;)V+64
j  javax.swing.JComponent.processMouseEvent(Ljava/awt/event/MouseEvent;)V+23
j  java.awt.Component.processEvent(Ljava/awt/AWTEvent;)V+81
j  java.awt.Container.processEvent(Ljava/awt/AWTEvent;)V+18
j  java.awt.Component.dispatchEventImpl(Ljava/awt/AWTEvent;)V+589
j  java.awt.Container.dispatchEventImpl(Ljava/awt/AWTEvent;)V+42
j  java.awt.Component.dispatchEvent(Ljava/awt/AWTEvent;)V+2
j  java.awt.LightweightDispatcher.retargetMouseEvent(Ljava/awt/Component;ILjava/awt/event/MouseEvent;)V+327
j  java.awt.LightweightDispatcher.processMouseEvent(Ljava/awt/event/MouseEvent;)Z+155
j  java.awt.LightweightDispatcher.dispatchEvent(Ljava/awt/AWTEvent;)Z+50
j  java.awt.Container.dispatchEventImpl(Ljava/awt/AWTEvent;)V+12
j  java.awt.Window.dispatchEventImpl(Ljava/awt/AWTEvent;)V+19
j  java.awt.Component.dispatchEvent(Ljava/awt/AWTEvent;)V+2
j  java.awt.EventQueue.dispatchEventImpl(Ljava/awt/AWTEvent;Ljava/lang/Object;)V+41
j  java.awt.EventQueue.access$500(Ljava/awt/EventQueue;Ljava/awt/AWTEvent;Ljava/lang/Object;)V+3
j  java.awt.EventQueue$3.run()Ljava/lang/Void;+32
j  java.awt.EventQueue$3.run()Ljava/lang/Object;+1
v  ~StubRoutines::call_stub
j  java.security.AccessController.doPrivileged(Ljava/security/PrivilegedAction;Ljava/security/AccessControlContext;)Ljava/lang/Object;+0
J 1113 C1 java.security.ProtectionDomain$JavaSecurityAccessImpl.doIntersectionPrivilege(Ljava/security/PrivilegedAction;Ljava/security/AccessControlContext;Ljava/security/AccessControlContext;)Ljava/lang/Object; (22 bytes) @ 0x0000000002c3d7ac [0x0000000002c3d340+0x46c]
j  java.security.ProtectionDomain$JavaSecurityAccessImpl.doIntersectionPrivilege(Ljava/security/PrivilegedAction;Ljava/security/AccessControlContext;)Ljava/lang/Object;+6
j  java.awt.EventQueue$4.run()Ljava/lang/Void;+11
j  java.awt.EventQueue$4.run()Ljava/lang/Object;+1
v  ~StubRoutines::call_stub
j  java.security.AccessController.doPrivileged(Ljava/security/PrivilegedAction;Ljava/security/AccessControlContext;)Ljava/lang/Object;+0
J 1113 C1 java.security.ProtectionDomain$JavaSecurityAccessImpl.doIntersectionPrivilege(Ljava/security/PrivilegedAction;Ljava/security/AccessControlContext;Ljava/security/AccessControlContext;)Ljava/lang/Object; (22 bytes) @ 0x0000000002c3d7ac [0x0000000002c3d340+0x46c]
j  java.awt.EventQueue.dispatchEvent(Ljava/awt/AWTEvent;)V+73
j  java.awt.EventDispatchThread.pumpOneEventForFilters(I)V+245
j  java.awt.EventDispatchThread.pumpEventsForFilter(ILjava/awt/Conditional;Ljava/awt/EventFilter;)V+35
j  java.awt.EventDispatchThread.pumpEventsForHierarchy(ILjava/awt/Conditional;Ljava/awt/Component;)V+11
j  java.awt.EventDispatchThread.pumpEvents(ILjava/awt/Conditional;)V+4
j  java.awt.EventDispatchThread.pumpEvents(Ljava/awt/Conditional;)V+3
j  java.awt.EventDispatchThread.run()V+9
v  ~StubRoutines::call_stub

---------------  P R O C E S S  ---------------

Java Threads: ( => current thread )
  0x000000001ae7e800 JavaThread "D3D Screen Updater" daemon [_thread_blocked, id=2984, stack(0x000000001baa0000,0x000000001bba0000)]
  0x000000001ad08000 JavaThread "TimerQueue" daemon [_thread_blocked, id=1280, stack(0x000000001d950000,0x000000001da50000)]
  0x000000000238e800 JavaThread "DestroyJavaVM" [_thread_blocked, id=5984, stack(0x00000000024f0000,0x00000000025f0000)]
=>0x000000001abf3000 JavaThread "AWT-EventQueue-0" [_thread_in_native, id=5836, stack(0x000000001c000000,0x000000001c100000)]
  0x000000001ab88000 JavaThread "AWT-Windows" daemon [_thread_in_native, id=312, stack(0x000000001b550000,0x000000001b650000)]
  0x000000001ab84000 JavaThread "AWT-Shutdown" [_thread_blocked, id=2280, stack(0x000000001b320000,0x000000001b420000)]
  0x000000001ab83800 JavaThread "Java2D Disposer" daemon [_thread_blocked, id=5752, stack(0x000000001a610000,0x000000001a710000)]
  0x0000000018c0b800 JavaThread "Service Thread" daemon [_thread_blocked, id=1784, stack(0x000000001a9c0000,0x000000001aac0000)]
  0x0000000018ba0000 JavaThread "C1 CompilerThread3" daemon [_thread_blocked, id=3208, stack(0x000000001a720000,0x000000001a820000)]
  0x0000000018b7b000 JavaThread "C2 CompilerThread2" daemon [_thread_blocked, id=2108, stack(0x000000001a210000,0x000000001a310000)]
  0x0000000018b72000 JavaThread "C2 CompilerThread1" daemon [_thread_blocked, id=6116, stack(0x000000001a500000,0x000000001a600000)]
  0x0000000018b6a800 JavaThread "C2 CompilerThread0" daemon [_thread_blocked, id=1760, stack(0x000000001a380000,0x000000001a480000)]
  0x0000000018b68000 JavaThread "Attach Listener" daemon [_thread_blocked, id=6136, stack(0x0000000019fc0000,0x000000001a0c0000)]
  0x0000000018b66800 JavaThread "Signal Dispatcher" daemon [_thread_blocked, id=5980, stack(0x000000001a0e0000,0x000000001a1e0000)]
  0x0000000017ccd800 JavaThread "Finalizer" daemon [_thread_blocked, id=4752, stack(0x0000000019d30000,0x0000000019e30000)]
  0x0000000017cc6800 JavaThread "Reference Handler" daemon [_thread_blocked, id=4672, stack(0x0000000019e40000,0x0000000019f40000)]

Other Threads:
  0x0000000018b11000 VMThread [stack: 0x0000000019b70000,0x0000000019c70000] [id=5256]
  0x0000000018bee000 WatcherThread [stack: 0x000000001a8b0000,0x000000001a9b0000] [id=3620]

VM state:not at safepoint (normal execution)

VM Mutex/Monitor currently owned by a thread: None

Heap:
 PSYoungGen      total 38400K, used 13331K [0x00000000d5700000, 0x00000000d8180000, 0x0000000100000000)
  eden space 33280K, 40% used [0x00000000d5700000,0x00000000d6404d20,0x00000000d7780000)
  from space 5120K, 0% used [0x00000000d7c80000,0x00000000d7c80000,0x00000000d8180000)
  to   space 5120K, 0% used [0x00000000d7780000,0x00000000d7780000,0x00000000d7c80000)
 ParOldGen       total 87552K, used 0K [0x0000000080400000, 0x0000000085980000, 0x00000000d5700000)
  object space 87552K, 0% used [0x0000000080400000,0x0000000080400000,0x0000000085980000)
 Metaspace       used 14497K, capacity 14712K, committed 14848K, reserved 1062912K
  class space    used 1873K, capacity 1952K, committed 2048K, reserved 1048576K

Card table byte_map: [0x0000000011c80000,0x0000000012080000] byte_map_base: 0x000000001187e000

Marking Bits: (ParMarkBitMap*) 0x00000000572f64f0
 Begin Bits: [0x0000000012f00000, 0x0000000014ef0000)
 End Bits:   [0x0000000014ef0000, 0x0000000016ee0000)

Polling page: 0x0000000000340000

CodeCache: size=245760Kb used=3581Kb max_used=3581Kb free=242178Kb
 bounds [0x00000000028c0000, 0x0000000002c50000, 0x00000000118c0000]
 total_blobs=1640 nmethods=1119 adapters=435
 compilation: enabled

Compilation events (10 events):
Event: 8.924 Thread 0x0000000018ba0000 1114       3       java.security.ProtectionDomain$JavaSecurityAccessImpl::getCombinedACC (30 bytes)
Event: 8.924 Thread 0x0000000018ba0000 nmethod 1114 0x0000000002c3dd10 code [0x0000000002c3dea0, 0x0000000002c3e3b8]
Event: 9.089 Thread 0x0000000018ba0000 1115       3       java.lang.ClassLoader::getClassLoader (11 bytes)
Event: 9.090 Thread 0x0000000018ba0000 nmethod 1115 0x0000000002c3e550 code [0x0000000002c3e6a0, 0x0000000002c3e8d0]
Event: 9.091 Thread 0x0000000018ba0000 1116       3       java.util.concurrent.locks.AbstractQueuedSynchronizer$ConditionObject::signalAll (33 bytes)
Event: 9.091 Thread 0x0000000018ba0000 nmethod 1116 0x0000000002c3e990 code [0x0000000002c3eb20, 0x0000000002c3ee88]
Event: 9.091 Thread 0x0000000018ba0000 1117       3       java.util.concurrent.locks.ReentrantLock$Sync::isHeldExclusively (16 bytes)
Event: 9.091 Thread 0x0000000018ba0000 nmethod 1117 0x0000000002c3efd0 code [0x0000000002c3f120, 0x0000000002c3f370]
Event: 9.221 Thread 0x0000000018ba0000 1118   !   3       java.awt.Container::getMouseEventTargetImpl (255 bytes)
Event: 9.222 Thread 0x0000000018ba0000 nmethod 1118 0x0000000002c3f3d0 code [0x0000000002c3f640, 0x0000000002c40a88]

GC Heap History (0 events):
No events

Deoptimization events (6 events):
Event: 0.295 Thread 0x000000001abf3000 Uncommon trap: reason=unstable_if action=reinterpret pc=0x0000000002a91cb4 method=java.util.HashMap.getNode(ILjava/lang/Object;)Ljava/util/HashMap$Node; @ 84
Event: 0.296 Thread 0x000000001abf3000 Uncommon trap: reason=unstable_if action=reinterpret pc=0x0000000002aa3ea0 method=java.util.HashMap.getNode(ILjava/lang/Object;)Ljava/util/HashMap$Node; @ 84
Event: 0.335 Thread 0x000000001ab88000 Uncommon trap: reason=unstable_if action=reinterpret pc=0x0000000002aceac4 method=java.util.HashMap.putVal(ILjava/lang/Object;Ljava/lang/Object;ZZ)Ljava/lang/Object; @ 206
Event: 0.360 Thread 0x000000001abf3000 Uncommon trap: reason=unstable_if action=reinterpret pc=0x0000000002af4884 method=java.util.HashMap.putVal(ILjava/lang/Object;Ljava/lang/Object;ZZ)Ljava/lang/Object; @ 109
Event: 0.375 Thread 0x000000001abf3000 Uncommon trap: reason=unstable_if action=reinterpret pc=0x0000000002b0902c method=java.io.BufferedInputStream.read()I @ 8
Event: 8.820 Thread 0x000000001abf3000 Uncommon trap: reason=class_check action=maybe_recompile pc=0x0000000002a2f168 method=java.lang.String.equals(Ljava/lang/Object;)Z @ 8

Internal exceptions (10 events):
Event: 0.211 Thread 0x000000000238e800 Exception <a 'java/lang/ClassNotFoundException': ToolBar> (0x00000000d5b73d58) thrown at [D:\re\workspace\8-2-build-windows-amd64-cygwin\jdk8u92\6642\hotspot\src\share\vm\classfile\systemDictionary.cpp, line 210]
Event: 0.211 Thread 0x000000000238e800 Exception <a 'java/lang/ClassNotFoundException': ToggleButton> (0x00000000d5b74308) thrown at [D:\re\workspace\8-2-build-windows-amd64-cygwin\jdk8u92\6642\hotspot\src\share\vm\classfile\systemDictionary.cpp, line 210]
Event: 0.211 Thread 0x000000000238e800 Exception <a 'java/lang/ClassNotFoundException': javax/swing/JToolBarSeparator> (0x00000000d5b74768) thrown at [D:\re\workspace\8-2-build-windows-amd64-cygwin\jdk8u92\6642\hotspot\src\share\vm\classfile\systemDictionary.cpp, line 210]
Event: 0.211 Thread 0x000000000238e800 Exception <a 'java/lang/ClassNotFoundException': ToolBarSeparator> (0x00000000d5b74c00) thrown at [D:\re\workspace\8-2-build-windows-amd64-cygwin\jdk8u92\6642\hotspot\src\share\vm\classfile\systemDictionary.cpp, line 210]
Event: 0.211 Thread 0x000000000238e800 Exception <a 'java/lang/ClassNotFoundException': ToolTip> (0x00000000d5b75340) thrown at [D:\re\workspace\8-2-build-windows-amd64-cygwin\jdk8u92\6642\hotspot\src\share\vm\classfile\systemDictionary.cpp, line 210]
Event: 0.212 Thread 0x000000000238e800 Exception <a 'java/lang/ClassNotFoundException': Tree> (0x00000000d5b75f60) thrown at [D:\re\workspace\8-2-build-windows-amd64-cygwin\jdk8u92\6642\hotspot\src\share\vm\classfile\systemDictionary.cpp, line 210]
Event: 0.212 Thread 0x000000000238e800 Exception <a 'java/lang/ClassNotFoundException': Tree> (0x00000000d5b766a0) thrown at [D:\re\workspace\8-2-build-windows-amd64-cygwin\jdk8u92\6642\hotspot\src\share\vm\classfile\systemDictionary.cpp, line 210]
Event: 0.212 Thread 0x000000000238e800 Exception <a 'java/lang/ClassNotFoundException': javax/swing/JTreeCell> (0x00000000d5b76a20) thrown at [D:\re\workspace\8-2-build-windows-amd64-cygwin\jdk8u92\6642\hotspot\src\share\vm\classfile\systemDictionary.cpp, line 210]
Event: 0.212 Thread 0x000000000238e800 Exception <a 'java/lang/ClassNotFoundException': TreeCell> (0x00000000d5b76ea8) thrown at [D:\re\workspace\8-2-build-windows-amd64-cygwin\jdk8u92\6642\hotspot\src\share\vm\classfile\systemDictionary.cpp, line 210]
Event: 0.213 Thread 0x000000000238e800 Exception <a 'java/lang/ClassNotFoundException': RootPane> (0x00000000d5b77908) thrown at [D:\re\workspace\8-2-build-windows-amd64-cygwin\jdk8u92\6642\hotspot\src\share\vm\classfile\systemDictionary.cpp, line 210]

Events (10 events):
Event: 8.229 loading class java/awt/event/MouseWheelEvent done
Event: 8.229 loading class java/awt/AWTEvent$2
Event: 8.229 loading class java/awt/AWTEvent$2 done
Event: 8.229 loading class sun/reflect/UnsafeBooleanFieldAccessorImpl
Event: 8.230 loading class sun/reflect/UnsafeBooleanFieldAccessorImpl done
Event: 8.603 loading class java/awt/Scrollbar
Event: 8.604 loading class java/awt/Scrollbar done
Event: 8.820 Thread 0x000000001abf3000 Uncommon trap: trap_request=0xffffffde fr.pc=0x0000000002a2f168
Event: 8.820 Thread 0x000000001abf3000 DEOPT PACKING pc=0x0000000002a2f168 sp=0x000000001c0fca60
Event: 8.820 Thread 0x000000001abf3000 DEOPT UNPACKING pc=0x000000000290582a sp=0x000000001c0fc9f0 mode 2


Dynamic libraries:
0x000000013f700000 - 0x000000013f737000 	C:\Program Files\Java\jdk1.8.0_92\bin\java.exe
0x0000000076f30000 - 0x00000000770dc000 	C:\Windows\SYSTEM32\ntdll.dll
0x0000000076850000 - 0x000000007696f000 	C:\Windows\system32\kernel32.dll
0x000007fefd450000 - 0x000007fefd4bc000 	C:\Windows\system32\KERNELBASE.dll
0x000007fefd790000 - 0x000007fefd86b000 	C:\Windows\system32\ADVAPI32.dll
0x000007fefde10000 - 0x000007fefdeaf000 	C:\Windows\system32\msvcrt.dll
0x000007fefd770000 - 0x000007fefd78f000 	C:\Windows\SYSTEM32\sechost.dll
0x000007fefdb50000 - 0x000007fefdc7e000 	C:\Windows\system32\RPCRT4.dll
0x0000000076cd0000 - 0x0000000076dca000 	C:\Windows\system32\USER32.dll
0x000007fefd8c0000 - 0x000007fefd927000 	C:\Windows\system32\GDI32.dll
0x000007fefd930000 - 0x000007fefd93e000 	C:\Windows\system32\LPK.dll
0x000007fefdc80000 - 0x000007fefdd4a000 	C:\Windows\system32\USP10.dll
0x000007fefbe10000 - 0x000007fefc004000 	C:\Windows\WinSxS\amd64_microsoft.windows.common-controls_6595b64144ccf1df_6.0.7600.16661_none_fa62ad231704eab7\COMCTL32.dll
0x000007fefefe0000 - 0x000007feff051000 	C:\Windows\system32\SHLWAPI.dll
0x000007fefe110000 - 0x000007fefe13e000 	C:\Windows\system32\IMM32.DLL
0x000007fefe140000 - 0x000007fefe249000 	C:\Windows\system32\MSCTF.dll
0x000000005fd00000 - 0x000000005fdd2000 	C:\Program Files\Java\jdk1.8.0_92\jre\bin\msvcr100.dll
0x0000000056ae0000 - 0x0000000057376000 	C:\Program Files\Java\jdk1.8.0_92\jre\bin\server\jvm.dll
0x000007fef6b90000 - 0x000007fef6b99000 	C:\Windows\system32\WSOCK32.dll
0x000007fefd870000 - 0x000007fefd8bd000 	C:\Windows\system32\WS2_32.dll
0x000007fefd940000 - 0x000007fefd948000 	C:\Windows\system32\NSI.dll
0x000007fefa450000 - 0x000007fefa48b000 	C:\Windows\system32\WINMM.dll
0x000007fefc4a0000 - 0x000007fefc4ac000 	C:\Windows\system32\VERSION.dll
0x00000000770f0000 - 0x00000000770f7000 	C:\Windows\system32\PSAPI.DLL
0x000000006eff0000 - 0x000000006efff000 	C:\Program Files\Java\jdk1.8.0_92\jre\bin\verify.dll
0x000000006efc0000 - 0x000000006efe9000 	C:\Program Files\Java\jdk1.8.0_92\jre\bin\java.dll
0x0000000056ac0000 - 0x0000000056ad6000 	C:\Program Files\Java\jdk1.8.0_92\jre\bin\zip.dll
0x000007fefe250000 - 0x000007fefefd7000 	C:\Windows\system32\SHELL32.dll
0x000007fefdf00000 - 0x000007fefe102000 	C:\Windows\system32\ole32.dll
0x000007fefd3a0000 - 0x000007fefd3af000 	C:\Windows\system32\profapi.dll
0x0000000056920000 - 0x0000000056ab8000 	C:\Program Files\Java\jdk1.8.0_92\jre\bin\awt.dll
0x000007fefd9d0000 - 0x000007fefdaa7000 	C:\Windows\system32\OLEAUT32.dll
0x000007fefbad0000 - 0x000007fefbb26000 	C:\Windows\system32\uxtheme.dll
0x000007fefb6f0000 - 0x000007fefb708000 	C:\Windows\system32\dwmapi.dll
0x000007fefd290000 - 0x000007fefd29f000 	C:\Windows\system32\CRYPTBASE.dll
0x00000000568d0000 - 0x0000000056917000 	C:\Program Files\Java\jdk1.8.0_92\jre\bin\fontmanager.dll
0x000007fef11b0000 - 0x000007fef13af000 	C:\Windows\system32\d3d9.dll
0x000007fef6b70000 - 0x000007fef6b77000 	C:\Windows\system32\d3d8thk.dll
0x000007feee740000 - 0x000007feef5b4000 	C:\Windows\system32\nvd3dumx.dll
0x000007fefbd30000 - 0x000007fefbd5c000 	C:\Windows\system32\powrprof.dll
0x000007feff060000 - 0x000007feff237000 	C:\Windows\system32\SETUPAPI.dll
0x000007fefd5a0000 - 0x000007fefd5d6000 	C:\Windows\system32\CFGMGR32.dll
0x000007fefd5e0000 - 0x000007fefd5fa000 	C:\Windows\system32\DEVOBJ.dll
0x000007feefe40000 - 0x000007feeff98000 	C:\Program Files (x86)\NVIDIA Corporation\3D Vision\nvSCPAPI64.dll
0x00000000568b0000 - 0x00000000568ca000 	C:\Program Files\Java\jdk1.8.0_92\jre\bin\net.dll
0x000007fefcbd0000 - 0x000007fefcc24000 	C:\Windows\system32\mswsock.dll
0x000007fefcbc0000 - 0x000007fefcbc7000 	C:\Windows\System32\wship6.dll
0x0000000056890000 - 0x00000000568a1000 	C:\Program Files\Java\jdk1.8.0_92\jre\bin\nio.dll
0x0000000056840000 - 0x0000000056882000 	C:\Program Files\Java\jdk1.8.0_92\jre\bin\t2k.dll
0x000007fefdd50000 - 0x000007fefdde9000 	C:\Windows\system32\CLBCatQ.DLL
0x000007fefb580000 - 0x000007fefb6aa000 	C:\Windows\system32\WindowsCodecs.dll
0x000007fefd230000 - 0x000007fefd287000 	C:\Windows\system32\apphelp.dll
0x000007fef8a50000 - 0x000007fef8a85000 	C:\Windows\system32\EhStorShell.dll
0x000007fefbbb0000 - 0x000007fefbcdc000 	C:\Windows\system32\PROPSYS.dll
0x000007fef8990000 - 0x000007fef8a0e000 	C:\Windows\System32\cscui.dll
0x000007fef8a40000 - 0x000007fef8a4c000 	C:\Windows\System32\CSCDLL.dll
0x000007fef8b10000 - 0x000007fef8b1f000 	C:\Windows\system32\CSCAPI.dll
0x000007fef8910000 - 0x000007fef8990000 	C:\Windows\system32\ntshrui.dll
0x000007fefd100000 - 0x000007fefd123000 	C:\Windows\system32\srvcli.dll
0x000007fefb320000 - 0x000007fefb32b000 	C:\Windows\system32\slc.dll
0x000007feee5d0000 - 0x000007feee63e000 	C:\vtkBin\bin\vtkCommonJava.dll
0x000007feea6d0000 - 0x000007feea918000 	C:\vtkBin\bin\vtkCommon.dll
0x000007feee6d0000 - 0x000007feee713000 	C:\vtkBin\bin\vtksys.dll
0x0000000067160000 - 0x00000000671f8000 	C:\Windows\system32\MSVCP100.dll
0x000007feee530000 - 0x000007feee5d0000 	C:\vtkBin\bin\vtkFilteringJava.dll
0x000007feea3d0000 - 0x000007feea6cc000 	C:\vtkBin\bin\vtkFiltering.dll
0x000007feee360000 - 0x000007feee3b6000 	C:\vtkBin\bin\vtkIOJava.dll
0x000007fee9fa0000 - 0x000007feea3c4000 	C:\vtkBin\bin\vtkIO.dll
0x000007feee330000 - 0x000007feee352000 	C:\vtkBin\bin\vtkDICOMParser.dll
0x000007feee260000 - 0x000007feee326000 	C:\vtkBin\bin\vtkNetCDF.dll
0x000007fee9d90000 - 0x000007fee9f9d000 	C:\vtkBin\bin\vtkhdf5.dll
0x000007feead10000 - 0x000007feead24000 	C:\vtkBin\bin\vtkzlib.dll
0x000007feeace0000 - 0x000007feead0d000 	C:\vtkBin\bin\vtkhdf5_hl.dll
0x000007feeacc0000 - 0x000007feeace0000 	C:\vtkBin\bin\vtkNetCDF_cxx.dll
0x000007feeaca0000 - 0x000007feeacb8000 	C:\vtkBin\bin\LSDyna.dll
0x000007feeac10000 - 0x000007feeac9f000 	C:\vtkBin\bin\vtkmetaio.dll
0x000007feeabe0000 - 0x000007feeac04000 	C:\vtkBin\bin\vtkpng.dll
0x000007feeabb0000 - 0x000007feeabd7000 	C:\vtkBin\bin\vtkjpeg.dll
0x000007feeab50000 - 0x000007feeaba1000 	C:\vtkBin\bin\vtktiff.dll
0x000007fee9d60000 - 0x000007fee9d83000 	C:\vtkBin\bin\vtkexpat.dll
0x000007feeab30000 - 0x000007feeab4f000 	C:\Windows\system32\AVIFIL32.dll
0x000007feefe20000 - 0x000007feefe38000 	C:\Windows\system32\MSACM32.dll
0x000007fee9d30000 - 0x000007fee9d59000 	C:\Windows\system32\MSVFW32.dll
0x000007fee9ce0000 - 0x000007fee9d27000 	C:\vtkBin\bin\vtkImagingJava.dll
0x000007fee9a50000 - 0x000007fee9cd9000 	C:\vtkBin\bin\vtkImaging.dll
0x000007fee99b0000 - 0x000007fee9a47000 	C:\vtkBin\bin\vtkGraphicsJava.dll
0x000007fee94b0000 - 0x000007fee99a2000 	C:\vtkBin\bin\vtkGraphics.dll
0x000007fee9480000 - 0x000007fee94b0000 	C:\vtkBin\bin\vtkverdict.dll
0x000007fee93f0000 - 0x000007fee9479000 	C:\vtkBin\bin\vtkRenderingJava.dll
0x000007fee9050000 - 0x000007fee93eb000 	C:\vtkBin\bin\vtkRendering.dll
0x000007fef6b80000 - 0x000007fef6b8f000 	C:\vtkBin\bin\vtkftgl.dll
0x000007fef68c0000 - 0x000007fef69dd000 	C:\Windows\system32\OPENGL32.dll
0x000007fef6890000 - 0x000007fef68bd000 	C:\Windows\system32\GLU32.dll
0x000007fef6790000 - 0x000007fef6881000 	C:\Windows\system32\DDRAW.dll
0x000007fef98a0000 - 0x000007fef98a8000 	C:\Windows\system32\DCIMAN32.dll
0x000007fee8fd0000 - 0x000007fee9045000 	C:\vtkBin\bin\vtkfreetype.dll
0x0000000056830000 - 0x0000000056837000 	C:\vtkBin\bin\jawt.dll
0x000007fee8f70000 - 0x000007fee8fc1000 	C:\vtkBin\bin\vtkHybridJava.dll
0x000007fee8d70000 - 0x000007fee8f63000 	C:\vtkBin\bin\vtkHybrid.dll
0x000007fee8d20000 - 0x000007fee8d61000 	C:\vtkBin\bin\vtkexoIIc.dll
0x000007fee8d00000 - 0x000007fee8d17000 	C:\Windows\system32\AVICAP32.dll
0x000007fee8cd0000 - 0x000007fee8cf5000 	C:\vtkBin\bin\vtkVolumeRenderingJava.dll
0x000007fee88a0000 - 0x000007fee8cc1000 	C:\vtkBin\bin\vtkVolumeRendering.dll
0x000007fee8840000 - 0x000007fee889c000 	C:\vtkBin\bin\vtkWidgetsJava.dll
0x000007fee86e0000 - 0x000007fee883e000 	C:\vtkBin\bin\vtkWidgets.dll
0x0000000056800000 - 0x000000005682a000 	C:\Program Files\Java\jdk1.8.0_92\jre\bin\dcpr.dll
0x0000000054720000 - 0x00000000561d8000 	C:\Windows\system32\nvoglv64.DLL
0x000007fefd560000 - 0x000007fefd599000 	C:\Windows\system32\WINTRUST.dll
0x000007fefd600000 - 0x000007fefd76a000 	C:\Windows\system32\CRYPT32.dll
0x000007fefd440000 - 0x000007fefd44f000 	C:\Windows\system32\MSASN1.dll
0x000007fef9a80000 - 0x000007fef9aad000 	C:\Windows\system32\ntmarta.dll
0x000007fefdeb0000 - 0x000007fefdf00000 	C:\Windows\system32\WLDAP32.dll
0x000007fef3740000 - 0x000007fef3865000 	C:\Windows\system32\dbghelp.dll

VM Arguments:
jvm_args: -Dfile.encoding=UTF-8 
java_command: volume_ct.Main
java_class_path (initial): C:\vtkBin\bin\vtk.jar;C:\Program Files\NetBeans 8.0.2\java\modules\ext\beansbinding-1.2.1.jar;C:\Users\IMG_1\Desktop\project_vtk\volume_ct\build\classes
Launcher Type: SUN_STANDARD

Environment Variables:
CLASSPATH=C:\Users\IMG_1\Downloads\JavaCV\opencv\build\x86\vc10\lib;
PATH=C:\ProgramData\Oracle\Java\javapath;C:\Program Files\NVIDIA GPU Computing Toolkit\CUDA\v5.5\bin;C:\Program Files\NVIDIA GPU Computing Toolkit\CUDA\v5.5\libnvvp;C:\Program Files\Common Files\Microsoft Shared\Windows Live;C:\Program Files (x86)\Common Files\Microsoft Shared\Windows Live;C:\Program Files (x86)\NVIDIA Corporation\PhysX\Common;C:\Windows\system32;C:\Windows;C:\Windows\System32\Wbem;C:\Windows\System32\WindowsPowerShell\v1.0\;C:\Program Files (x86)\Microsoft SQL Server\90\Tools\binn\;C:\Program Files (x86)\Windows Live\Shared;C:\ProgramData\NVIDIA Corporation\NVIDIA GPU Computing SDK 4.2\C\common\bin;C:\Program Files\Microsoft\Web Platform Installer\;C:\Program Files (x86)\Microsoft ASP.NET\ASP.NET Web Pages\v1.0\;C:\Program Files\Microsoft SQL Server\110\Tools\Binn\;C:\Program Files (x86)\CMake\bin;C:\Program Files\MATLAB\R2013a\bin;C:\Program Files\Git\cmd;D:\laragon\bin\php\php-5.6.13;C:\ProgramData\ComposerSetup\bin;C:\lib\opencv\x64;C:\Program Files\ImageJ\plugins;C:\Program Files\ImageJ;C:\vtkBin\bin;C:\simpleitk;C:\Users\IMG_1\Downloads\JavaCV\opencv\build\common\tbb\ia32\vc10; C:\Users\IMG_1\Downloads\JavaCV\opencv\build\x86\vc10;C:\Users\IMG_1\Downloads\JavaCV\opencv\build\x64\vc10;C:\MinGW\bin;C:\MinGW\msys\1.0\bin;C:\Users\IMG_1\Desktop\vtk_bin07\bin\Debug;C:\Users\IMG_1\Desktop\vtk_12\bin\Release
USERNAME=IMG_1
OS=Windows_NT
PROCESSOR_IDENTIFIER=Intel64 Family 6 Model 42 Stepping 7, GenuineIntel



---------------  S Y S T E M  ---------------

OS: Windows 7 , 64 bit Build 7600 (6.1.7600.17206)

CPU:total 8 (4 cores per cpu, 2 threads per core) family 6 model 42 stepping 7, cmov, cx8, fxsr, mmx, sse, sse2, sse3, ssse3, sse4.1, sse4.2, popcnt, aes, clmul, ht, tsc, tscinvbit

Memory: 4k page, physical 8370488k(4032312k free), swap 16739068k(10938160k free)

vm_info: Java HotSpot(TM) 64-Bit Server VM (25.92-b14) for windows-amd64 JRE (1.8.0_92-b14), built on Mar 31 2016 21:03:04 by "java_re" with MS VC++ 10.0 (VS2010)

time: Mon Jul 04 15:33:25 2016
elapsed time: 9 seconds (0d 0h 0m 9s)

