#
# A fatal error has been detected by the Java Runtime Environment:
#
#  EXCEPTION_ACCESS_VIOLATION (0xc0000005) at pc=0x000007fee78145fe, pid=5052, tid=0x0000000000001320
#
# JRE version: Java(TM) SE Runtime Environment (8.0_92-b14) (build 1.8.0_92-b14)
# Java VM: Java HotSpot(TM) 64-Bit Server VM (25.92-b14 mixed mode windows-amd64 compressed oops)
# Problematic frame:
# C  [vtkRenderingJava.dll+0x45fe]
#
# Failed to write core dump. Minidumps are not enabled by default on client versions of Windows
#
# If you would like to submit a bug report, please visit:
#   http://bugreport.java.com/bugreport/crash.jsp
# The crash happened outside the Java Virtual Machine in native code.
# See problematic frame for where to report the bug.
#

---------------  T H R E A D  ---------------

Current thread (0x000000005ad4b800):  JavaThread "AWT-EventQueue-0" [_thread_in_native, id=4896, stack(0x000000005bfc0000,0x000000005c0c0000)]

siginfo: ExceptionCode=0xc0000005, reading address 0x0000000000000000

Registers:
RAX=0x0000000000000000, RBX=0x000000005adf1dc0, RCX=0x000000005ad4b9f8, RDX=0x000000005adf1dc0
RSP=0x000000005c0bcbc0, RBP=0x000000005c0bcc68, RSI=0x000000005ad4b9f8, RDI=0x000000005c0bcc90
R8 =0x0000000000000042, R9 =0x00000000d60762d8, R10=0x000000000000001c, R11=0x000000005d698198
R12=0x0000000000000000, R13=0x000000005774bdc0, R14=0x000000005c0bcc90, R15=0x000000005ad4b800
RIP=0x000007fee78145fe, EFLAGS=0x0000000000010246

Top of Stack: (sp=0x000000005c0bcbc0)
0x000000005c0bcbc0:   000000005adf1dc0 000000005cfbe390
0x000000005c0bcbd0:   0000000000000000 0000000057738bd8
0x000000005c0bcbe0:   0000000002888331 0000000002897974
0x000000005c0bcbf0:   000000005774bdc0 0000000057320480
0x000000005c0bcc00:   0000000057759618 000000005cfbbbc4
0x000000005c0bcc10:   00000000d630d678 00000000d630d748
0x000000005c0bcc20:   000000005c0bcc20 000000005c0bcc28
0x000000005c0bcc30:   0000000000000000 000000005c0bcc90
0x000000005c0bcc40:   000000005cbbde88 0000000000000000
0x000000005c0bcc50:   000000005774bdc0 0000000000000000
0x000000005c0bcc60:   000000005c0bcc88 000000005c0bccd8
0x000000005c0bcc70:   0000000002888331 0000000000000000
0x000000005c0bcc80:   00000000028919b8 00000000d630d748
0x000000005c0bcc90:   00000000d60762d8 000000005c0bcc98
0x000000005c0bcca0:   000000005774be5a 000000005c0bccf0
0x000000005c0bccb0:   000000005cbbde88 0000000000000000 

Instructions: (pc=0x000007fee78145fe)
0x000007fee78145de:   20 48 8b fa 49 8b d0 48 8b f1 e8 47 18 02 00 48
0x000007fee78145ee:   8b d7 48 8b ce 48 8b d8 e8 39 18 02 00 48 8b d3
0x000007fee78145fe:   4c 8b 00 48 8b c8 48 8b 5c 24 30 48 8b 74 24 38
0x000007fee781460e:   48 83 c4 20 5f 49 ff a0 e8 02 00 00 cc cc cc cc 


Register to memory mapping:

RAX=0x0000000000000000 is an unknown value
RBX=0x000000005adf1dc0 is an unknown value
RCX=0x000000005ad4b9f8 is an unknown value
RDX=0x000000005adf1dc0 is an unknown value
RSP=0x000000005c0bcbc0 is pointing into the stack for thread: 0x000000005ad4b800
RBP=0x000000005c0bcc68 is pointing into the stack for thread: 0x000000005ad4b800
RSI=0x000000005ad4b9f8 is an unknown value
RDI=0x000000005c0bcc90 is pointing into the stack for thread: 0x000000005ad4b800
R8 =0x0000000000000042 is an unknown value
R9 =0x00000000d60762d8 is an oop
vtk.vtkActor 
 - klass: 'vtk/vtkActor'
R10=0x000000000000001c is an unknown value
R11=0x000000005d698198 is an unknown value
R12=0x0000000000000000 is an unknown value
R13={method} {0x000000005774bdc8} 'SetMapper_16' '(Lvtk/vtkMapper;)V' in 'vtk/vtkActor'
R14=0x000000005c0bcc90 is pointing into the stack for thread: 0x000000005ad4b800
R15=0x000000005ad4b800 is a thread


Stack: [0x000000005bfc0000,0x000000005c0c0000],  sp=0x000000005c0bcbc0,  free space=1010k
Native frames: (J=compiled Java code, j=interpreted, Vv=VM code, C=native code)
C  [vtkRenderingJava.dll+0x45fe]
C  0x0000000002897974

Java frames: (J=compiled Java code, j=interpreted, Vv=VM code)
j  vtk.vtkActor.SetMapper_16(Lvtk/vtkMapper;)V+0
j  vtk.vtkActor.SetMapper(Lvtk/vtkMapper;)V+2
j  volume_ct.Main.jButton1ActionPerformed(Ljava/awt/event/ActionEvent;)V+20
j  volume_ct.Main.access$100(Lvolume_ct/Main;Ljava/awt/event/ActionEvent;)V+2
j  volume_ct.Main$2.actionPerformed(Ljava/awt/event/ActionEvent;)V+5
j  javax.swing.AbstractButton.fireActionPerformed(Ljava/awt/event/ActionEvent;)V+83
j  javax.swing.AbstractButton$Handler.actionPerformed(Ljava/awt/event/ActionEvent;)V+5
j  javax.swing.DefaultButtonModel.fireActionPerformed(Ljava/awt/event/ActionEvent;)V+34
j  javax.swing.DefaultButtonModel.setPressed(Z)V+117
j  javax.swing.plaf.basic.BasicButtonListener.mouseReleased(Ljava/awt/event/MouseEvent;)V+35
j  java.awt.Component.processMouseEvent(Ljava/awt/event/MouseEvent;)V+64
j  javax.swing.JComponent.processMouseEvent(Ljava/awt/event/MouseEvent;)V+23
j  java.awt.Component.processEvent(Ljava/awt/AWTEvent;)V+81
j  java.awt.Container.processEvent(Ljava/awt/AWTEvent;)V+18
J 1189 C1 java.awt.Component.dispatchEventImpl(Ljava/awt/AWTEvent;)V (883 bytes) @ 0x0000000002c36124 [0x0000000002c30dc0+0x5364]
j  java.awt.Container.dispatchEventImpl(Ljava/awt/AWTEvent;)V+42
j  java.awt.Component.dispatchEvent(Ljava/awt/AWTEvent;)V+2
j  java.awt.LightweightDispatcher.retargetMouseEvent(Ljava/awt/Component;ILjava/awt/event/MouseEvent;)V+327
j  java.awt.LightweightDispatcher.processMouseEvent(Ljava/awt/event/MouseEvent;)Z+155
j  java.awt.LightweightDispatcher.dispatchEvent(Ljava/awt/AWTEvent;)Z+50
j  java.awt.Container.dispatchEventImpl(Ljava/awt/AWTEvent;)V+12
j  java.awt.Window.dispatchEventImpl(Ljava/awt/AWTEvent;)V+19
J 1113 C1 java.awt.EventQueue.dispatchEventImpl(Ljava/awt/AWTEvent;Ljava/lang/Object;)V (149 bytes) @ 0x0000000002c0020c [0x0000000002bfea40+0x17cc]
J 1111 C1 java.awt.EventQueue$3.run()Ljava/lang/Void; (60 bytes) @ 0x0000000002bfd744 [0x0000000002bfd540+0x204]
J 1110 C1 java.awt.EventQueue$3.run()Ljava/lang/Object; (5 bytes) @ 0x0000000002bf97cc [0x0000000002bf9740+0x8c]
v  ~StubRoutines::call_stub
J 965  java.security.AccessController.doPrivileged(Ljava/security/PrivilegedAction;Ljava/security/AccessControlContext;)Ljava/lang/Object; (0 bytes) @ 0x0000000002ba02a6 [0x0000000002ba0240+0x66]
J 1201 C1 java.awt.EventQueue$4.run()Ljava/lang/Object; (5 bytes) @ 0x0000000002c3ecec [0x0000000002c3e8c0+0x42c]
v  ~StubRoutines::call_stub
J 965  java.security.AccessController.doPrivileged(Ljava/security/PrivilegedAction;Ljava/security/AccessControlContext;)Ljava/lang/Object; (0 bytes) @ 0x0000000002ba02a6 [0x0000000002ba0240+0x66]
J 992 C1 java.awt.EventQueue.dispatchEvent(Ljava/awt/AWTEvent;)V (80 bytes) @ 0x0000000002bb07f4 [0x0000000002baf9c0+0xe34]
J 999 C1 java.awt.EventDispatchThread.pumpOneEventForFilters(I)V (295 bytes) @ 0x0000000002bb84f4 [0x0000000002bb68c0+0x1c34]
j  java.awt.EventDispatchThread.pumpEventsForFilter(ILjava/awt/Conditional;Ljava/awt/EventFilter;)V+35
j  java.awt.EventDispatchThread.pumpEventsForHierarchy(ILjava/awt/Conditional;Ljava/awt/Component;)V+11
j  java.awt.EventDispatchThread.pumpEvents(ILjava/awt/Conditional;)V+4
j  java.awt.EventDispatchThread.pumpEvents(Ljava/awt/Conditional;)V+3
j  java.awt.EventDispatchThread.run()V+9
v  ~StubRoutines::call_stub

---------------  P R O C E S S  ---------------

Java Threads: ( => current thread )
  0x000000005902c000 JavaThread "TimerQueue" daemon [_thread_blocked, id=5404, stack(0x0000000063e80000,0x0000000063f80000)]
  0x000000005af7e800 JavaThread "D3D Screen Updater" daemon [_thread_blocked, id=1840, stack(0x0000000064170000,0x0000000064270000)]
  0x000000000221e800 JavaThread "DestroyJavaVM" [_thread_blocked, id=4752, stack(0x00000000024b0000,0x00000000025b0000)]
=>0x000000005ad4b800 JavaThread "AWT-EventQueue-0" [_thread_in_native, id=4896, stack(0x000000005bfc0000,0x000000005c0c0000)]
  0x000000005acaa800 JavaThread "AWT-Windows" daemon [_thread_in_native, id=4656, stack(0x0000000059f50000,0x000000005a050000)]
  0x000000005aca7800 JavaThread "AWT-Shutdown" [_thread_blocked, id=1136, stack(0x000000005b670000,0x000000005b770000)]
  0x000000005aca6000 JavaThread "Java2D Disposer" daemon [_thread_blocked, id=1272, stack(0x000000005b3f0000,0x000000005b4f0000)]
  0x0000000058e7c800 JavaThread "Service Thread" daemon [_thread_blocked, id=3884, stack(0x000000005aaa0000,0x000000005aba0000)]
  0x0000000058ddc000 JavaThread "C1 CompilerThread3" daemon [_thread_blocked, id=4372, stack(0x000000005a870000,0x000000005a970000)]
  0x0000000058ddb800 JavaThread "C2 CompilerThread2" daemon [_thread_blocked, id=3256, stack(0x000000005a440000,0x000000005a540000)]
  0x0000000058dd6800 JavaThread "C2 CompilerThread1" daemon [_thread_blocked, id=3572, stack(0x000000005a690000,0x000000005a790000)]
  0x0000000058dcf000 JavaThread "C2 CompilerThread0" daemon [_thread_blocked, id=5412, stack(0x000000005a560000,0x000000005a660000)]
  0x0000000058dcd000 JavaThread "Attach Listener" daemon [_thread_blocked, id=5288, stack(0x000000005a1a0000,0x000000005a2a0000)]
  0x0000000058dc0800 JavaThread "Signal Dispatcher" daemon [_thread_blocked, id=6120, stack(0x000000005a2c0000,0x000000005a3c0000)]
  0x0000000057d11800 JavaThread "Finalizer" daemon [_thread_blocked, id=648, stack(0x0000000059cf0000,0x0000000059df0000)]
  0x0000000057d0a800 JavaThread "Reference Handler" daemon [_thread_blocked, id=1720, stack(0x000000005a050000,0x000000005a150000)]

Other Threads:
  0x0000000058d72800 VMThread [stack: 0x0000000059e10000,0x0000000059f10000] [id=5436]
  0x0000000058ed8000 WatcherThread [stack: 0x000000005a9a0000,0x000000005aaa0000] [id=5592]

VM state:not at safepoint (normal execution)

VM Mutex/Monitor currently owned by a thread: None

Heap:
 PSYoungGen      total 38400K, used 13384K [0x00000000d5700000, 0x00000000d8180000, 0x0000000100000000)
  eden space 33280K, 40% used [0x00000000d5700000,0x00000000d6412150,0x00000000d7780000)
  from space 5120K, 0% used [0x00000000d7c80000,0x00000000d7c80000,0x00000000d8180000)
  to   space 5120K, 0% used [0x00000000d7780000,0x00000000d7780000,0x00000000d7c80000)
 ParOldGen       total 87552K, used 0K [0x0000000080400000, 0x0000000085980000, 0x00000000d5700000)
  object space 87552K, 0% used [0x0000000080400000,0x0000000080400000,0x0000000085980000)
 Metaspace       used 14576K, capacity 14784K, committed 15104K, reserved 1062912K
  class space    used 1873K, capacity 1960K, committed 2048K, reserved 1048576K

Card table byte_map: [0x0000000011c40000,0x0000000012040000] byte_map_base: 0x000000001183e000

Marking Bits: (ParMarkBitMap*) 0x000000005d6a64f0
 Begin Bits: [0x0000000012f40000, 0x0000000014f30000)
 End Bits:   [0x0000000014f30000, 0x0000000016f20000)

Polling page: 0x0000000001c60000

CodeCache: size=245760Kb used=4050Kb max_used=4050Kb free=241709Kb
 bounds [0x0000000002880000, 0x0000000002c80000, 0x0000000011880000]
 total_blobs=1763 nmethods=1235 adapters=441
 compilation: enabled

Compilation events (10 events):
Event: 11.591 Thread 0x0000000058ddc000 1231       3       sun.font.FontUtilities::isComplexCharCode (167 bytes)
Event: 11.591 Thread 0x0000000058ddc000 nmethod 1231 0x0000000002c74450 code [0x0000000002c745e0, 0x0000000002c74c90]
Event: 11.591 Thread 0x0000000058ddc000 1232       3       java.awt.font.TextLayout::<init> (180 bytes)
Event: 11.592 Thread 0x0000000058ddc000 nmethod 1232 0x0000000002c74d10 code [0x0000000002c74f40, 0x0000000002c75bd8]
Event: 11.592 Thread 0x0000000058ddc000 1233       3       java.awt.font.TextLayout::sameBaselineUpTo (2 bytes)
Event: 11.593 Thread 0x0000000058ddc000 nmethod 1233 0x0000000002c76210 code [0x0000000002c76360, 0x0000000002c76490]
Event: 11.593 Thread 0x0000000058ddc000 1234       1       sun.awt.Win32GraphicsConfig::getDevice (5 bytes)
Event: 11.593 Thread 0x0000000058ddc000 nmethod 1234 0x0000000002c76510 code [0x0000000002c76660, 0x0000000002c76770]
Event: 11.593 Thread 0x0000000058ddc000 1235       1       java.awt.geom.AffineTransform::getShearY (5 bytes)
Event: 11.593 Thread 0x0000000058ddc000 nmethod 1235 0x0000000002c767d0 code [0x0000000002c76920, 0x0000000002c76a30]

GC Heap History (0 events):
No events

Deoptimization events (8 events):
Event: 0.290 Thread 0x000000005ad4b800 Uncommon trap: reason=unstable_if action=reinterpret pc=0x0000000002a4f428 method=java.util.HashMap.getNode(ILjava/lang/Object;)Ljava/util/HashMap$Node; @ 84
Event: 0.290 Thread 0x000000005ad4b800 Uncommon trap: reason=unstable_if action=reinterpret pc=0x0000000002a5ff0c method=java.util.HashMap.getNode(ILjava/lang/Object;)Ljava/util/HashMap$Node; @ 84
Event: 0.327 Thread 0x000000005ad4b800 Uncommon trap: reason=unstable_if action=reinterpret pc=0x0000000002a96aac method=java.util.HashMap.putVal(ILjava/lang/Object;Ljava/lang/Object;ZZ)Ljava/lang/Object; @ 109
Event: 0.340 Thread 0x000000005ad4b800 Uncommon trap: reason=unstable_if action=reinterpret pc=0x0000000002aaf05c method=java.io.BufferedInputStream.read()I @ 8
Event: 10.393 Thread 0x000000005ad4b800 Uncommon trap: reason=class_check action=maybe_recompile pc=0x00000000029ef5d8 method=java.lang.String.equals(Ljava/lang/Object;)Z @ 8
Event: 10.393 Thread 0x000000005ad4b800 Uncommon trap: reason=class_check action=maybe_recompile pc=0x00000000029ef5d8 method=java.lang.String.equals(Ljava/lang/Object;)Z @ 8
Event: 10.396 Thread 0x000000005ad4b800 Uncommon trap: reason=unstable_if action=reinterpret pc=0x0000000002a99fd8 method=java.util.HashMap.putVal(ILjava/lang/Object;Ljava/lang/Object;ZZ)Ljava/lang/Object; @ 109
Event: 11.579 Thread 0x000000005ad4b800 Uncommon trap: reason=class_check action=maybe_recompile pc=0x00000000029ef5d8 method=java.lang.String.equals(Ljava/lang/Object;)Z @ 8

Internal exceptions (10 events):
Event: 0.199 Thread 0x000000000221e800 Exception <a 'java/lang/ClassNotFoundException': ToolBar> (0x00000000d5b70b48) thrown at [D:\re\workspace\8-2-build-windows-amd64-cygwin\jdk8u92\6642\hotspot\src\share\vm\classfile\systemDictionary.cpp, line 210]
Event: 0.199 Thread 0x000000000221e800 Exception <a 'java/lang/ClassNotFoundException': ToggleButton> (0x00000000d5b710f8) thrown at [D:\re\workspace\8-2-build-windows-amd64-cygwin\jdk8u92\6642\hotspot\src\share\vm\classfile\systemDictionary.cpp, line 210]
Event: 0.199 Thread 0x000000000221e800 Exception <a 'java/lang/ClassNotFoundException': javax/swing/JToolBarSeparator> (0x00000000d5b71558) thrown at [D:\re\workspace\8-2-build-windows-amd64-cygwin\jdk8u92\6642\hotspot\src\share\vm\classfile\systemDictionary.cpp, line 210]
Event: 0.199 Thread 0x000000000221e800 Exception <a 'java/lang/ClassNotFoundException': ToolBarSeparator> (0x00000000d5b719f0) thrown at [D:\re\workspace\8-2-build-windows-amd64-cygwin\jdk8u92\6642\hotspot\src\share\vm\classfile\systemDictionary.cpp, line 210]
Event: 0.200 Thread 0x000000000221e800 Exception <a 'java/lang/ClassNotFoundException': ToolTip> (0x00000000d5b72130) thrown at [D:\re\workspace\8-2-build-windows-amd64-cygwin\jdk8u92\6642\hotspot\src\share\vm\classfile\systemDictionary.cpp, line 210]
Event: 0.200 Thread 0x000000000221e800 Exception <a 'java/lang/ClassNotFoundException': Tree> (0x00000000d5b72d50) thrown at [D:\re\workspace\8-2-build-windows-amd64-cygwin\jdk8u92\6642\hotspot\src\share\vm\classfile\systemDictionary.cpp, line 210]
Event: 0.200 Thread 0x000000000221e800 Exception <a 'java/lang/ClassNotFoundException': Tree> (0x00000000d5b73490) thrown at [D:\re\workspace\8-2-build-windows-amd64-cygwin\jdk8u92\6642\hotspot\src\share\vm\classfile\systemDictionary.cpp, line 210]
Event: 0.200 Thread 0x000000000221e800 Exception <a 'java/lang/ClassNotFoundException': javax/swing/JTreeCell> (0x00000000d5b73810) thrown at [D:\re\workspace\8-2-build-windows-amd64-cygwin\jdk8u92\6642\hotspot\src\share\vm\classfile\systemDictionary.cpp, line 210]
Event: 0.200 Thread 0x000000000221e800 Exception <a 'java/lang/ClassNotFoundException': TreeCell> (0x00000000d5b73c98) thrown at [D:\re\workspace\8-2-build-windows-amd64-cygwin\jdk8u92\6642\hotspot\src\share\vm\classfile\systemDictionary.cpp, line 210]
Event: 0.201 Thread 0x000000000221e800 Exception <a 'java/lang/ClassNotFoundException': RootPane> (0x00000000d5b746f8) thrown at [D:\re\workspace\8-2-build-windows-amd64-cygwin\jdk8u92\6642\hotspot\src\share\vm\classfile\systemDictionary.cpp, line 210]

Events (10 events):
Event: 10.621 loading class javax/swing/TimerQueue$DelayedTimer done
Event: 11.044 loading class javax/swing/Autoscroller
Event: 11.048 loading class javax/swing/Autoscroller done
Event: 11.049 loading class javax/swing/plaf/basic/BasicPopupMenuUI$MouseGrabber$2
Event: 11.049 loading class javax/swing/plaf/basic/BasicPopupMenuUI$MouseGrabber$2 done
Event: 11.247 loading class javax/swing/Timer$1
Event: 11.248 loading class javax/swing/Timer$1 done
Event: 11.579 Thread 0x000000005ad4b800 Uncommon trap: trap_request=0xffffffde fr.pc=0x00000000029ef5d8
Event: 11.579 Thread 0x000000005ad4b800 DEOPT PACKING pc=0x00000000029ef5d8 sp=0x000000005c0bcb40
Event: 11.579 Thread 0x000000005ad4b800 DEOPT UNPACKING pc=0x00000000028c582a sp=0x000000005c0bcac0 mode 2


Dynamic libraries:
0x000000013f030000 - 0x000000013f067000 	C:\Program Files\Java\jdk1.8.0_92\bin\java.exe
0x0000000076f30000 - 0x00000000770dc000 	C:\Windows\SYSTEM32\ntdll.dll
0x0000000076850000 - 0x000000007696f000 	C:\Windows\system32\kernel32.dll
0x000007fefd450000 - 0x000007fefd4bc000 	C:\Windows\system32\KERNELBASE.dll
0x000007fefd790000 - 0x000007fefd86b000 	C:\Windows\system32\ADVAPI32.dll
0x000007fefde10000 - 0x000007fefdeaf000 	C:\Windows\system32\msvcrt.dll
0x000007fefd770000 - 0x000007fefd78f000 	C:\Windows\SYSTEM32\sechost.dll
0x000007fefdb50000 - 0x000007fefdc7e000 	C:\Windows\system32\RPCRT4.dll
0x0000000076cd0000 - 0x0000000076dca000 	C:\Windows\system32\USER32.dll
0x000007fefd8c0000 - 0x000007fefd927000 	C:\Windows\system32\GDI32.dll
0x000007fefd930000 - 0x000007fefd93e000 	C:\Windows\system32\LPK.dll
0x000007fefdc80000 - 0x000007fefdd4a000 	C:\Windows\system32\USP10.dll
0x000007fefbe10000 - 0x000007fefc004000 	C:\Windows\WinSxS\amd64_microsoft.windows.common-controls_6595b64144ccf1df_6.0.7600.16661_none_fa62ad231704eab7\COMCTL32.dll
0x000007fefefe0000 - 0x000007feff051000 	C:\Windows\system32\SHLWAPI.dll
0x000007fefe110000 - 0x000007fefe13e000 	C:\Windows\system32\IMM32.DLL
0x000007fefe140000 - 0x000007fefe249000 	C:\Windows\system32\MSCTF.dll
0x000000006ef90000 - 0x000000006f062000 	C:\Program Files\Java\jdk1.8.0_92\jre\bin\msvcr100.dll
0x000000005ce90000 - 0x000000005d726000 	C:\Program Files\Java\jdk1.8.0_92\jre\bin\server\jvm.dll
0x000007fef8580000 - 0x000007fef8589000 	C:\Windows\system32\WSOCK32.dll
0x000007fefd870000 - 0x000007fefd8bd000 	C:\Windows\system32\WS2_32.dll
0x000007fefd940000 - 0x000007fefd948000 	C:\Windows\system32\NSI.dll
0x000007fefa450000 - 0x000007fefa48b000 	C:\Windows\system32\WINMM.dll
0x000007fefc4a0000 - 0x000007fefc4ac000 	C:\Windows\system32\VERSION.dll
0x00000000770f0000 - 0x00000000770f7000 	C:\Windows\system32\PSAPI.DLL
0x000000006f280000 - 0x000000006f28f000 	C:\Program Files\Java\jdk1.8.0_92\jre\bin\verify.dll
0x000000006f200000 - 0x000000006f229000 	C:\Program Files\Java\jdk1.8.0_92\jre\bin\java.dll
0x000000006f260000 - 0x000000006f276000 	C:\Program Files\Java\jdk1.8.0_92\jre\bin\zip.dll
0x000007fefe250000 - 0x000007fefefd7000 	C:\Windows\system32\SHELL32.dll
0x000007fefdf00000 - 0x000007fefe102000 	C:\Windows\system32\ole32.dll
0x000007fefd3a0000 - 0x000007fefd3af000 	C:\Windows\system32\profapi.dll
0x000000006dc60000 - 0x000000006ddf8000 	C:\Program Files\Java\jdk1.8.0_92\jre\bin\awt.dll
0x000007fefd9d0000 - 0x000007fefdaa7000 	C:\Windows\system32\OLEAUT32.dll
0x000007fefbad0000 - 0x000007fefbb26000 	C:\Windows\system32\uxtheme.dll
0x000007fefb6f0000 - 0x000007fefb708000 	C:\Windows\system32\dwmapi.dll
0x000007fefd290000 - 0x000007fefd29f000 	C:\Windows\system32\CRYPTBASE.dll
0x000000006ec70000 - 0x000000006ecb7000 	C:\Program Files\Java\jdk1.8.0_92\jre\bin\fontmanager.dll
0x000007fef11b0000 - 0x000007fef13af000 	C:\Windows\system32\d3d9.dll
0x000007fef6b70000 - 0x000007fef6b77000 	C:\Windows\system32\d3d8thk.dll
0x000007feee740000 - 0x000007feef5b4000 	C:\Windows\system32\nvd3dumx.dll
0x000007fefbd30000 - 0x000007fefbd5c000 	C:\Windows\system32\powrprof.dll
0x000007feff060000 - 0x000007feff237000 	C:\Windows\system32\SETUPAPI.dll
0x000007fefd5a0000 - 0x000007fefd5d6000 	C:\Windows\system32\CFGMGR32.dll
0x000007fefd5e0000 - 0x000007fefd5fa000 	C:\Windows\system32\DEVOBJ.dll
0x000007feefe40000 - 0x000007feeff98000 	C:\Program Files (x86)\NVIDIA Corporation\3D Vision\nvSCPAPI64.dll
0x000000006f1e0000 - 0x000000006f1fa000 	C:\Program Files\Java\jdk1.8.0_92\jre\bin\net.dll
0x000007fefcbd0000 - 0x000007fefcc24000 	C:\Windows\system32\mswsock.dll
0x000007fefcbc0000 - 0x000007fefcbc7000 	C:\Windows\System32\wship6.dll
0x000000006ef70000 - 0x000000006ef81000 	C:\Program Files\Java\jdk1.8.0_92\jre\bin\nio.dll
0x000000006e480000 - 0x000000006e4c2000 	C:\Program Files\Java\jdk1.8.0_92\jre\bin\t2k.dll
0x000007feee250000 - 0x000007feee2be000 	C:\vtkBin\bin\vtkCommonJava.dll
0x000007fee8d10000 - 0x000007fee8f58000 	C:\vtkBin\bin\vtkCommon.dll
0x000007feee2e0000 - 0x000007feee323000 	C:\vtkBin\bin\vtksys.dll
0x0000000067160000 - 0x00000000671f8000 	C:\Windows\system32\MSVCP100.dll
0x000007fee9110000 - 0x000007fee91b0000 	C:\vtkBin\bin\vtkFilteringJava.dll
0x000007fee8a10000 - 0x000007fee8d0c000 	C:\vtkBin\bin\vtkFiltering.dll
0x000007fee90b0000 - 0x000007fee9106000 	C:\vtkBin\bin\vtkIOJava.dll
0x000007fee85e0000 - 0x000007fee8a04000 	C:\vtkBin\bin\vtkIO.dll
0x000007fee9080000 - 0x000007fee90a2000 	C:\vtkBin\bin\vtkDICOMParser.dll
0x000007fee8fb0000 - 0x000007fee9076000 	C:\vtkBin\bin\vtkNetCDF.dll
0x000007fee83d0000 - 0x000007fee85dd000 	C:\vtkBin\bin\vtkhdf5.dll
0x000007feee2c0000 - 0x000007feee2d4000 	C:\vtkBin\bin\vtkzlib.dll
0x000007fee8f80000 - 0x000007fee8fad000 	C:\vtkBin\bin\vtkhdf5_hl.dll
0x000007feefe00000 - 0x000007feefe20000 	C:\vtkBin\bin\vtkNetCDF_cxx.dll
0x000007fee8f60000 - 0x000007fee8f78000 	C:\vtkBin\bin\LSDyna.dll
0x000007fee82b0000 - 0x000007fee833f000 	C:\vtkBin\bin\vtkmetaio.dll
0x000007fee83a0000 - 0x000007fee83c4000 	C:\vtkBin\bin\vtkpng.dll
0x000007fee8370000 - 0x000007fee8397000 	C:\vtkBin\bin\vtkjpeg.dll
0x000007fee8250000 - 0x000007fee82a1000 	C:\vtkBin\bin\vtktiff.dll
0x000007fee8340000 - 0x000007fee8363000 	C:\vtkBin\bin\vtkexpat.dll
0x000007fee8210000 - 0x000007fee822f000 	C:\Windows\system32\AVIFIL32.dll
0x000007fee8230000 - 0x000007fee8248000 	C:\Windows\system32\MSACM32.dll
0x000007fee81b0000 - 0x000007fee81d9000 	C:\Windows\system32\MSVFW32.dll
0x000007fee8160000 - 0x000007fee81a7000 	C:\vtkBin\bin\vtkImagingJava.dll
0x000007fee7ed0000 - 0x000007fee8159000 	C:\vtkBin\bin\vtkImaging.dll
0x000007fee7e30000 - 0x000007fee7ec7000 	C:\vtkBin\bin\vtkGraphicsJava.dll
0x000007fee7930000 - 0x000007fee7e22000 	C:\vtkBin\bin\vtkGraphics.dll
0x000007fee81e0000 - 0x000007fee8210000 	C:\vtkBin\bin\vtkverdict.dll
0x000007fee7810000 - 0x000007fee7899000 	C:\vtkBin\bin\vtkRenderingJava.dll
0x000007fee6e40000 - 0x000007fee71db000 	C:\vtkBin\bin\vtkRendering.dll
0x000007fef2590000 - 0x000007fef259f000 	C:\vtkBin\bin\vtkftgl.dll
0x000007fef68c0000 - 0x000007fef69dd000 	C:\Windows\system32\OPENGL32.dll
0x000007fef6890000 - 0x000007fef68bd000 	C:\Windows\system32\GLU32.dll
0x000007fef6790000 - 0x000007fef6881000 	C:\Windows\system32\DDRAW.dll
0x000007fef98a0000 - 0x000007fef98a8000 	C:\Windows\system32\DCIMAN32.dll
0x000007fee78b0000 - 0x000007fee7925000 	C:\vtkBin\bin\vtkfreetype.dll
0x00000000700b0000 - 0x00000000700b7000 	C:\vtkBin\bin\jawt.dll
0x000007fee7750000 - 0x000007fee77a1000 	C:\vtkBin\bin\vtkHybridJava.dll
0x000007fee7380000 - 0x000007fee7573000 	C:\vtkBin\bin\vtkHybrid.dll
0x000007fee77c0000 - 0x000007fee7801000 	C:\vtkBin\bin\vtkexoIIc.dll
0x000007fee7730000 - 0x000007fee7747000 	C:\Windows\system32\AVICAP32.dll
0x000007fee7350000 - 0x000007fee7375000 	C:\vtkBin\bin\vtkVolumeRenderingJava.dll
0x000007fee6a10000 - 0x000007fee6e31000 	C:\vtkBin\bin\vtkVolumeRendering.dll
0x000007fee72f0000 - 0x000007fee734c000 	C:\vtkBin\bin\vtkWidgetsJava.dll
0x000007fee68b0000 - 0x000007fee6a0e000 	C:\vtkBin\bin\vtkWidgets.dll
0x000000006e450000 - 0x000000006e47a000 	C:\Program Files\Java\jdk1.8.0_92\jre\bin\dcpr.dll
0x0000000130030000 - 0x0000000131ae8000 	C:\Windows\system32\nvoglv64.DLL
0x000007fefd560000 - 0x000007fefd599000 	C:\Windows\system32\WINTRUST.dll
0x000007fefd600000 - 0x000007fefd76a000 	C:\Windows\system32\CRYPT32.dll
0x000007fefd440000 - 0x000007fefd44f000 	C:\Windows\system32\MSASN1.dll
0x000007fef9a80000 - 0x000007fef9aad000 	C:\Windows\system32\ntmarta.dll
0x000007fefdeb0000 - 0x000007fefdf00000 	C:\Windows\system32\WLDAP32.dll
0x000007fef3740000 - 0x000007fef3865000 	C:\Windows\system32\dbghelp.dll

VM Arguments:
jvm_args: -Dfile.encoding=UTF-8 
java_command: volume_ct.Main
java_class_path (initial): C:\vtkBin\bin\vtk.jar;C:\Program Files\NetBeans 8.0.2\java\modules\ext\beansbinding-1.2.1.jar;C:\Users\IMG_1\Desktop\project_vtk\volume_ct\build\classes
Launcher Type: SUN_STANDARD

Environment Variables:
CLASSPATH=C:\Users\IMG_1\Downloads\JavaCV\opencv\build\x86\vc10\lib;
PATH=C:\ProgramData\Oracle\Java\javapath;C:\Program Files\NVIDIA GPU Computing Toolkit\CUDA\v5.5\bin;C:\Program Files\NVIDIA GPU Computing Toolkit\CUDA\v5.5\libnvvp;C:\Program Files\Common Files\Microsoft Shared\Windows Live;C:\Program Files (x86)\Common Files\Microsoft Shared\Windows Live;C:\Program Files (x86)\NVIDIA Corporation\PhysX\Common;C:\Windows\system32;C:\Windows;C:\Windows\System32\Wbem;C:\Windows\System32\WindowsPowerShell\v1.0\;C:\Program Files (x86)\Microsoft SQL Server\90\Tools\binn\;C:\Program Files (x86)\Windows Live\Shared;C:\ProgramData\NVIDIA Corporation\NVIDIA GPU Computing SDK 4.2\C\common\bin;C:\Program Files\Microsoft\Web Platform Installer\;C:\Program Files (x86)\Microsoft ASP.NET\ASP.NET Web Pages\v1.0\;C:\Program Files\Microsoft SQL Server\110\Tools\Binn\;C:\Program Files (x86)\CMake\bin;C:\Program Files\MATLAB\R2013a\bin;C:\Program Files\Git\cmd;D:\laragon\bin\php\php-5.6.13;C:\ProgramData\ComposerSetup\bin;C:\lib\opencv\x64;C:\Program Files\ImageJ\plugins;C:\Program Files\ImageJ;C:\vtkBin\bin;C:\simpleitk;C:\Users\IMG_1\Downloads\JavaCV\opencv\build\common\tbb\ia32\vc10; C:\Users\IMG_1\Downloads\JavaCV\opencv\build\x86\vc10;C:\Users\IMG_1\Downloads\JavaCV\opencv\build\x64\vc10;C:\MinGW\bin;C:\MinGW\msys\1.0\bin;C:\Users\IMG_1\Desktop\vtk_bin07\bin\Debug;C:\Users\IMG_1\Desktop\vtk_12\bin\Release
USERNAME=IMG_1
OS=Windows_NT
PROCESSOR_IDENTIFIER=Intel64 Family 6 Model 42 Stepping 7, GenuineIntel



---------------  S Y S T E M  ---------------

OS: Windows 7 , 64 bit Build 7600 (6.1.7600.17206)

CPU:total 8 (4 cores per cpu, 2 threads per core) family 6 model 42 stepping 7, cmov, cx8, fxsr, mmx, sse, sse2, sse3, ssse3, sse4.1, sse4.2, popcnt, aes, clmul, ht, tsc, tscinvbit

Memory: 4k page, physical 8370488k(1438296k free), swap 16739068k(7736608k free)

vm_info: Java HotSpot(TM) 64-Bit Server VM (25.92-b14) for windows-amd64 JRE (1.8.0_92-b14), built on Mar 31 2016 21:03:04 by "java_re" with MS VC++ 10.0 (VS2010)

time: Mon Jul 04 13:52:22 2016
elapsed time: 11 seconds (0d 0h 0m 11s)

