#
# A fatal error has been detected by the Java Runtime Environment:
#
#  EXCEPTION_ACCESS_VIOLATION (0xc0000005) at pc=0x000007fee57624cb, pid=5752, tid=0x0000000000000fa8
#
# JRE version: Java(TM) SE Runtime Environment (8.0_92-b14) (build 1.8.0_92-b14)
# Java VM: Java HotSpot(TM) 64-Bit Server VM (25.92-b14 mixed mode windows-amd64 compressed oops)
# Problematic frame:
# C  [vtkRendering.dll+0x1424cb]
#
# Failed to write core dump. Minidumps are not enabled by default on client versions of Windows
#
# If you would like to submit a bug report, please visit:
#   http://bugreport.java.com/bugreport/crash.jsp
# The crash happened outside the Java Virtual Machine in native code.
# See problematic frame for where to report the bug.
#

---------------  T H R E A D  ---------------

Current thread (0x00000000021fe800):  JavaThread "main" [_thread_in_native, id=4008, stack(0x00000000025c0000,0x00000000026c0000)]

siginfo: ExceptionCode=0xc0000005, reading address 0x0000000000000000

Registers:
RAX=0x000007fee57fff18, RBX=0x000000005b918550, RCX=0x0000000000000000, RDX=0x0000000000000007
RSP=0x00000000026bf150, RBP=0x000000005b918550, RSI=0x000000005b86d850, RDI=0x000000000000001c
R8 =0x0000000000000000, R9 =0x000000005b86d850, R10=0x0000000000000002, R11=0x000000005a7c8198
R12=0x0000000000000000, R13=0x0000000057d0c5c0, R14=0x00000000026bf3d8, R15=0x00000000021fe800
RIP=0x000007fee57624cb, EFLAGS=0x0000000000010206

Top of Stack: (sp=0x00000000026bf150)
0x00000000026bf150:   000000005b881000 0000000000000000
0x00000000026bf160:   00000000026bf1e8 0000000057d94470
0x00000000026bf170:   000000005b918550 000007fee56e80f4
0x00000000026bf180:   0000000000000007 000000005b881000
0x00000000026bf190:   0000000057d94470 00000000026bf1e8
0x00000000026bf1a0:   0000000000000000 000007fee5622823
0x00000000026bf1b0:   000007fee57cedd8 000000005b918550
0x00000000026bf1c0:   0000000000000000 0000000058e0fdf0
0x00000000026bf1d0:   4079f00000000000 00000000026bf3d8
0x00000000026bf1e0:   0000000058e0fdf0 000007fee56e2e80
0x00000000026bf1f0:   0000000057c6e530 00000000021fe800
0x00000000026bf200:   00000000021fe800 0000000000000000
0x00000000026bf210:   00000000026bf380 00000000021fe800
0x00000000026bf220:   4057800000000000 0000000000000000
0x00000000026bf230:   4079f00000000000 0000000000000000
0x00000000026bf240:   00000000026bf3d8 000007fee56e30b1 

Instructions: (pc=0x000007fee57624cb)
0x000007fee57624ab:   cc cc cc cc cc 48 89 5c 24 08 57 48 83 ec 20 48
0x000007fee57624bb:   8b d9 48 8b 89 b0 01 00 00 8d 3c 95 00 00 00 00
0x000007fee57624cb:   48 8b 01 ff 90 e8 01 00 00 48 8b 8b b0 01 00 00
0x000007fee57624db:   48 8b 01 ff 90 08 05 00 00 48 8b 8b d0 02 00 00 


Register to memory mapping:

RAX=0x000007fee57fff18 is an unknown value
RBX=0x000000005b918550 is an unknown value
RCX=0x0000000000000000 is an unknown value
RDX=0x0000000000000007 is an unknown value
RSP=0x00000000026bf150 is pointing into the stack for thread: 0x00000000021fe800
RBP=0x000000005b918550 is an unknown value
RSI=0x000000005b86d850 is an unknown value
RDI=0x000000000000001c is an unknown value
R8 =0x0000000000000000 is an unknown value
R9 =0x000000005b86d850 is an unknown value
R10=0x0000000000000002 is an unknown value
R11=0x000000005a7c8198 is an unknown value
R12=0x0000000000000000 is an unknown value
R13={method} {0x0000000057d0c5c8} 'Pick_4' '(DDDLvtk/vtkRenderer;)I' in 'vtk/vtkPropPicker'
R14=0x00000000026bf3d8 is pointing into the stack for thread: 0x00000000021fe800
R15=0x00000000021fe800 is a thread


Stack: [0x00000000025c0000,0x00000000026c0000],  sp=0x00000000026bf150,  free space=1020k
Native frames: (J=compiled Java code, j=interpreted, Vv=VM code, C=native code)
C  [vtkRendering.dll+0x1424cb]
C  [vtkRendering.dll+0xc80f4]
C  [vtkRendering.dll+0x2823]
C  [vtkRendering.dll+0xc2e80]
C  [vtkRendering.dll+0xc30b1]
C  [vtkRenderingJava.dll+0x1b04]
C  0x00000000029a7974

Java frames: (J=compiled Java code, j=interpreted, Vv=VM code)
j  vtk.vtkPropPicker.Pick_4(DDDLvtk/vtkRenderer;)I+0
j  vtk.vtkPropPicker.Pick(DDDLvtk/vtkRenderer;)I+7
j  volume_02.show_bone.<init>()V+193
j  volume_02.Main.<init>()V+13
j  volume_02.Volume_02.main([Ljava/lang/String;)V+4
v  ~StubRoutines::call_stub

---------------  P R O C E S S  ---------------

Java Threads: ( => current thread )
  0x000000005b86f000 JavaThread "AWT-EventQueue-0" [_thread_blocked, id=5328, stack(0x000000005dec0000,0x000000005dfc0000)]
  0x000000005b7fe000 JavaThread "AWT-Windows" daemon [_thread_in_native, id=5112, stack(0x000000005c050000,0x000000005c150000)]
  0x000000005b7fa800 JavaThread "AWT-Shutdown" [_thread_blocked, id=4032, stack(0x000000005bf30000,0x000000005c030000)]
  0x000000005b7f0000 JavaThread "Java2D Disposer" daemon [_thread_blocked, id=4136, stack(0x000000005b2e0000,0x000000005b3e0000)]
  0x0000000058ebb800 JavaThread "Service Thread" daemon [_thread_blocked, id=6336, stack(0x000000005b430000,0x000000005b530000)]
  0x0000000058e38000 JavaThread "C1 CompilerThread3" daemon [_thread_blocked, id=6664, stack(0x000000005b090000,0x000000005b190000)]
  0x0000000058e2b000 JavaThread "C2 CompilerThread2" daemon [_thread_blocked, id=6192, stack(0x000000005b1a0000,0x000000005b2a0000)]
  0x0000000058e22000 JavaThread "C2 CompilerThread1" daemon [_thread_blocked, id=5320, stack(0x000000005af80000,0x000000005b080000)]
  0x0000000058e1a800 JavaThread "C2 CompilerThread0" daemon [_thread_blocked, id=7040, stack(0x000000005ae20000,0x000000005af20000)]
  0x0000000058e18000 JavaThread "Attach Listener" daemon [_thread_blocked, id=6508, stack(0x000000005a880000,0x000000005a980000)]
  0x0000000058e16800 JavaThread "Signal Dispatcher" daemon [_thread_blocked, id=1316, stack(0x000000005abf0000,0x000000005acf0000)]
  0x0000000057f7e800 JavaThread "Finalizer" daemon [_thread_blocked, id=6012, stack(0x0000000059d10000,0x0000000059e10000)]
  0x0000000057f77000 JavaThread "Reference Handler" daemon [_thread_blocked, id=6924, stack(0x000000005aa10000,0x000000005ab10000)]
=>0x00000000021fe800 JavaThread "main" [_thread_in_native, id=4008, stack(0x00000000025c0000,0x00000000026c0000)]

Other Threads:
  0x0000000058dc1800 VMThread [stack: 0x0000000059e20000,0x0000000059f20000] [id=728]
  0x0000000058e95800 WatcherThread [stack: 0x000000005b620000,0x000000005b720000] [id=6912]

VM state:not at safepoint (normal execution)

VM Mutex/Monitor currently owned by a thread: None

Heap:
 PSYoungGen      total 38400K, used 5991K [0x00000000d5700000, 0x00000000d8180000, 0x0000000100000000)
  eden space 33280K, 18% used [0x00000000d5700000,0x00000000d5cd9ff0,0x00000000d7780000)
  from space 5120K, 0% used [0x00000000d7c80000,0x00000000d7c80000,0x00000000d8180000)
  to   space 5120K, 0% used [0x00000000d7780000,0x00000000d7780000,0x00000000d7c80000)
 ParOldGen       total 87552K, used 0K [0x0000000080400000, 0x0000000085980000, 0x00000000d5700000)
  object space 87552K, 0% used [0x0000000080400000,0x0000000080400000,0x0000000085980000)
 Metaspace       used 8624K, capacity 8808K, committed 9088K, reserved 1056768K
  class space    used 1038K, capacity 1124K, committed 1152K, reserved 1048576K

Card table byte_map: [0x0000000011d50000,0x0000000012150000] byte_map_base: 0x000000001194e000

Marking Bits: (ParMarkBitMap*) 0x000000005a7d64f0
 Begin Bits: [0x00000000131b0000, 0x00000000151a0000)
 End Bits:   [0x00000000151a0000, 0x0000000017190000)

Polling page: 0x0000000000330000

CodeCache: size=245760Kb used=1778Kb max_used=1778Kb free=243982Kb
 bounds [0x0000000002990000, 0x0000000002c00000, 0x0000000011990000]
 total_blobs=753 nmethods=344 adapters=323
 compilation: enabled

Compilation events (10 events):
Event: 3.224 Thread 0x0000000058e38000  339       3       sun.misc.FDBigInteger::mult (64 bytes)
Event: 3.224 Thread 0x0000000058e38000 nmethod 339 0x0000000002b4a610 code [0x0000000002b4a780, 0x0000000002b4aa10]
Event: 3.224 Thread 0x0000000058e38000  340       3       sun.misc.FDBigInteger::<init> (30 bytes)
Event: 3.224 Thread 0x0000000058e38000 nmethod 340 0x0000000002b4a190 code [0x0000000002b4a300, 0x0000000002b4a508]
Event: 3.226 Thread 0x0000000058e38000  341  s    3       java.util.Vector::elementAt (48 bytes)
Event: 3.226 Thread 0x0000000058e38000 nmethod 341 0x0000000002b48c90 code [0x0000000002b48ea0, 0x0000000002b499e8]
Event: 3.226 Thread 0x0000000058e38000  342       3       sun.misc.MetaIndex::mayContain (51 bytes)
Event: 3.226 Thread 0x0000000058e38000 nmethod 342 0x0000000002b4bdd0 code [0x0000000002b4bf80, 0x0000000002b4c5f8]
Event: 3.226 Thread 0x0000000058e38000  343       1       java.net.URL::getQuery (5 bytes)
Event: 3.226 Thread 0x0000000058e38000 nmethod 343 0x0000000002b485d0 code [0x0000000002b48720, 0x0000000002b48830]

GC Heap History (0 events):
No events

Deoptimization events (0 events):
No events

Internal exceptions (10 events):
Event: 0.040 Thread 0x00000000021fe800 Exception <a 'java/lang/NoSuchMethodError': Method sun.misc.Unsafe.defineClass(Ljava/lang/String;[BII)Ljava/lang/Class; name or signature does not match> (0x00000000d5707cc0) thrown at [D:\re\workspace\8-2-build-windows-amd64-cygwin\jdk8u92\6642\hotspot\srl ©R¡‹¤?
Event: 0.040 Thread 0x00000000021fe800 Exception <a 'java/lang/NoSuchMethodError': Method sun.misc.Unsafe.prefetchRead(Ljava/lang/Object;J)V name or signature does not match> (0x00000000d5707fa8) thrown at [D:\re\workspace\8-2-build-windows-amd64-cygwin\jdk8u92\6642\hotspot\src\share\vm\prims\j…Ë ìU¹?
Event: 0.099 Thread 0x00000000021fe800 Exception <a 'java/security/PrivilegedActionException'> (0x00000000d57a3fb0) thrown at [D:\re\workspace\8-2-build-windows-amd64-cygwin\jdk8u92\6642\hotspot\src\share\vm\prims\jvm.cpp, line 1386]
Event: 0.099 Thread 0x00000000021fe800 Exception <a 'java/security/PrivilegedActionException'> (0x00000000d57a41c0) thrown at [D:\re\workspace\8-2-build-windows-amd64-cygwin\jdk8u92\6642\hotspot\src\share\vm\prims\jvm.cpp, line 1386]
Event: 0.099 Thread 0x00000000021fe800 Exception <a 'java/security/PrivilegedActionException'> (0x00000000d584e690) thrown at [D:\re\workspace\8-2-build-windows-amd64-cygwin\jdk8u92\6642\hotspot\src\share\vm\prims\jvm.cpp, line 1386]
Event: 0.099 Thread 0x00000000021fe800 Exception <a 'java/security/PrivilegedActionException'> (0x00000000d584e8a0) thrown at [D:\re\workspace\8-2-build-windows-amd64-cygwin\jdk8u92\6642\hotspot\src\share\vm\prims\jvm.cpp, line 1386]
Event: 0.101 Thread 0x00000000021fe800 Exception <a 'java/io/FileNotFoundException'> (0x00000000d5850cc8) thrown at [D:\re\workspace\8-2-build-windows-amd64-cygwin\jdk8u92\6642\hotspot\src\share\vm\prims\jni.cpp, line 709]
Event: 0.128 Thread 0x00000000021fe800 Exception <a 'java/lang/NoSuchFieldError': method resolution failed> (0x00000000d591e698) thrown at [D:\re\workspace\8-2-build-windows-amd64-cygwin\jdk8u92\6642\hotspot\src\share\vm\prims\methodHandles.cpp, line 1146]
Event: 0.129 Thread 0x00000000021fe800 Exception <a 'java/lang/NoSuchFieldError': method resolution failed> (0x00000000d592b9e8) thrown at [D:\re\workspace\8-2-build-windows-amd64-cygwin\jdk8u92\6642\hotspot\src\share\vm\prims\methodHandles.cpp, line 1146]
Event: 0.156 Thread 0x00000000021fe800 Exception <a 'java/io/FileNotFoundException'> (0x00000000d59bff10) thrown at [D:\re\workspace\8-2-build-windows-amd64-cygwin\jdk8u92\6642\hotspot\src\share\vm\prims\jni.cpp, line 709]

Events (10 events):
Event: 3.224 loading class vtk/vtkRenderer
Event: 3.224 loading class vtk/vtkRenderer done
Event: 3.224 loading class vtk/vtkViewport
Event: 3.224 loading class vtk/vtkViewport done
Event: 3.226 loading class vtk/vtkPropPicker
Event: 3.226 loading class vtk/vtkPropPicker done
Event: 3.226 loading class vtk/vtkAbstractPropPicker
Event: 3.226 loading class vtk/vtkAbstractPropPicker done
Event: 3.226 loading class vtk/vtkAbstractPicker
Event: 3.226 loading class vtk/vtkAbstractPicker done


Dynamic libraries:
0x000000013f330000 - 0x000000013f367000 	C:\Program Files\Java\jdk1.8.0_92\bin\java.exe
0x0000000076d60000 - 0x0000000076f0c000 	C:\Windows\SYSTEM32\ntdll.dll
0x0000000076990000 - 0x0000000076aaf000 	C:\Windows\system32\kernel32.dll
0x000007fefd280000 - 0x000007fefd2ec000 	C:\Windows\system32\KERNELBASE.dll
0x000007fefeef0000 - 0x000007fefefcb000 	C:\Windows\system32\ADVAPI32.dll
0x000007fefefd0000 - 0x000007feff06f000 	C:\Windows\system32\msvcrt.dll
0x000007fefdd40000 - 0x000007fefdd5f000 	C:\Windows\SYSTEM32\sechost.dll
0x000007fefd990000 - 0x000007fefdabe000 	C:\Windows\system32\RPCRT4.dll
0x0000000076680000 - 0x000000007677a000 	C:\Windows\system32\USER32.dll
0x000007fefdbe0000 - 0x000007fefdc47000 	C:\Windows\system32\GDI32.dll
0x000007fefdbd0000 - 0x000007fefdbde000 	C:\Windows\system32\LPK.dll
0x000007fefd8c0000 - 0x000007fefd98a000 	C:\Windows\system32\USP10.dll
0x000007fefbc40000 - 0x000007fefbe34000 	C:\Windows\WinSxS\amd64_microsoft.windows.common-controls_6595b64144ccf1df_6.0.7600.16661_none_fa62ad231704eab7\COMCTL32.dll
0x000007fefe0e0000 - 0x000007fefe151000 	C:\Windows\system32\SHLWAPI.dll
0x000007fefdba0000 - 0x000007fefdbce000 	C:\Windows\system32\IMM32.DLL
0x000007fefdd60000 - 0x000007fefde69000 	C:\Windows\system32\MSCTF.dll
0x000000006ce20000 - 0x000000006cef2000 	C:\Program Files\Java\jdk1.8.0_92\jre\bin\msvcr100.dll
0x0000000059fc0000 - 0x000000005a856000 	C:\Program Files\Java\jdk1.8.0_92\jre\bin\server\jvm.dll
0x000007fef35a0000 - 0x000007fef35a9000 	C:\Windows\system32\WSOCK32.dll
0x000007fefdcf0000 - 0x000007fefdd3d000 	C:\Windows\system32\WS2_32.dll
0x000007fefe0d0000 - 0x000007fefe0d8000 	C:\Windows\system32\NSI.dll
0x000007fefa270000 - 0x000007fefa2ab000 	C:\Windows\system32\WINMM.dll
0x000007fefc2d0000 - 0x000007fefc2dc000 	C:\Windows\system32\VERSION.dll
0x0000000076f20000 - 0x0000000076f27000 	C:\Windows\system32\PSAPI.DLL
0x0000000070350000 - 0x000000007035f000 	C:\Program Files\Java\jdk1.8.0_92\jre\bin\verify.dll
0x000000006f6c0000 - 0x000000006f6e9000 	C:\Program Files\Java\jdk1.8.0_92\jre\bin\java.dll
0x0000000070050000 - 0x0000000070066000 	C:\Program Files\Java\jdk1.8.0_92\jre\bin\zip.dll
0x000007fefe160000 - 0x000007fefeee7000 	C:\Windows\system32\SHELL32.dll
0x000007fefd690000 - 0x000007fefd892000 	C:\Windows\system32\ole32.dll
0x000007fefd1d0000 - 0x000007fefd1df000 	C:\Windows\system32\profapi.dll
0x0000000065e20000 - 0x0000000065fb8000 	C:\Program Files\Java\jdk1.8.0_92\jre\bin\awt.dll
0x000007fefdac0000 - 0x000007fefdb97000 	C:\Windows\system32\OLEAUT32.dll
0x000007fefb0d0000 - 0x000007fefb0e8000 	C:\Windows\system32\DWMAPI.DLL
0x000007fefb8c0000 - 0x000007fefb916000 	C:\Windows\system32\uxtheme.dll
0x000007fefd0c0000 - 0x000007fefd0cf000 	C:\Windows\system32\CRYPTBASE.dll
0x000007feea4a0000 - 0x000007feea69f000 	C:\Windows\system32\d3d9.dll
0x000007fef8630000 - 0x000007fef8637000 	C:\Windows\system32\d3d8thk.dll
0x000007fee9370000 - 0x000007feea1e4000 	C:\Windows\system32\nvd3dumx.dll
0x000007fefbb30000 - 0x000007fefbb5c000 	C:\Windows\system32\powrprof.dll
0x000007fefdef0000 - 0x000007fefe0c7000 	C:\Windows\system32\SETUPAPI.dll
0x000007fefd560000 - 0x000007fefd596000 	C:\Windows\system32\CFGMGR32.dll
0x000007fefd3d0000 - 0x000007fefd3ea000 	C:\Windows\system32\DEVOBJ.dll
0x000007fee9210000 - 0x000007fee9368000 	C:\Program Files (x86)\NVIDIA Corporation\3D Vision\nvSCPAPI64.dll
0x000000006f670000 - 0x000000006f6b7000 	C:\Program Files\Java\jdk1.8.0_92\jre\bin\fontmanager.dll
0x000007fee87a0000 - 0x000007fee880e000 	C:\vtkBin\bin\vtkCommonJava.dll
0x000007fee7860000 - 0x000007fee7aa8000 	C:\vtkBin\bin\vtkCommon.dll
0x000007fee8c00000 - 0x000007fee8c43000 	C:\vtkBin\bin\vtksys.dll
0x000000006a2e0000 - 0x000000006a378000 	C:\Windows\system32\MSVCP100.dll
0x000007fee8320000 - 0x000007fee83c0000 	C:\vtkBin\bin\vtkFilteringJava.dll
0x000007fee6ad0000 - 0x000007fee6dcc000 	C:\vtkBin\bin\vtkFiltering.dll
0x000007fee8740000 - 0x000007fee8796000 	C:\vtkBin\bin\vtkIOJava.dll
0x000007fee66a0000 - 0x000007fee6ac4000 	C:\vtkBin\bin\vtkIO.dll
0x000007fef27b0000 - 0x000007fef27d2000 	C:\vtkBin\bin\vtkDICOMParser.dll
0x000007fee65d0000 - 0x000007fee6696000 	C:\vtkBin\bin\vtkNetCDF.dll
0x000007fee63c0000 - 0x000007fee65cd000 	C:\vtkBin\bin\vtkhdf5.dll
0x000007fef3440000 - 0x000007fef3454000 	C:\vtkBin\bin\vtkzlib.dll
0x000007feeef60000 - 0x000007feeef8d000 	C:\vtkBin\bin\vtkhdf5_hl.dll
0x000007fef3400000 - 0x000007fef3420000 	C:\vtkBin\bin\vtkNetCDF_cxx.dll
0x000007fee8b40000 - 0x000007fee8b58000 	C:\vtkBin\bin\LSDyna.dll
0x000007fee7c40000 - 0x000007fee7ccf000 	C:\vtkBin\bin\vtkmetaio.dll
0x000007fee8090000 - 0x000007fee80b4000 	C:\vtkBin\bin\vtkpng.dll
0x000007fee8060000 - 0x000007fee8087000 	C:\vtkBin\bin\vtkjpeg.dll
0x000007fee6360000 - 0x000007fee63b1000 	C:\vtkBin\bin\vtktiff.dll
0x000007fee6330000 - 0x000007fee6353000 	C:\vtkBin\bin\vtkexpat.dll
0x000007fee8040000 - 0x000007fee805f000 	C:\Windows\system32\AVIFIL32.dll
0x000007fee7840000 - 0x000007fee7858000 	C:\Windows\system32\MSACM32.dll
0x000007fee6300000 - 0x000007fee6329000 	C:\Windows\system32\MSVFW32.dll
0x000007fee62b0000 - 0x000007fee62f7000 	C:\vtkBin\bin\vtkImagingJava.dll
0x000007fee6020000 - 0x000007fee62a9000 	C:\vtkBin\bin\vtkImaging.dll
0x000007fee5f80000 - 0x000007fee6017000 	C:\vtkBin\bin\vtkGraphicsJava.dll
0x000007fee5a80000 - 0x000007fee5f72000 	C:\vtkBin\bin\vtkGraphics.dll
0x000007fee5a50000 - 0x000007fee5a80000 	C:\vtkBin\bin\vtkverdict.dll
0x000007fee59c0000 - 0x000007fee5a49000 	C:\vtkBin\bin\vtkRenderingJava.dll
0x000007fee5620000 - 0x000007fee59bb000 	C:\vtkBin\bin\vtkRendering.dll
0x000007fef2500000 - 0x000007fef250f000 	C:\vtkBin\bin\vtkftgl.dll
0x000007fef8000000 - 0x000007fef811d000 	C:\Windows\system32\OPENGL32.dll
0x000007fef7fd0000 - 0x000007fef7ffd000 	C:\Windows\system32\GLU32.dll
0x000007fef7ed0000 - 0x000007fef7fc1000 	C:\Windows\system32\DDRAW.dll
0x000007fef7ec0000 - 0x000007fef7ec8000 	C:\Windows\system32\DCIMAN32.dll
0x000007fee55a0000 - 0x000007fee5615000 	C:\vtkBin\bin\vtkfreetype.dll
0x0000000070320000 - 0x0000000070327000 	C:\vtkBin\bin\jawt.dll
0x000007fef32d0000 - 0x000007fef33f5000 	C:\Windows\system32\dbghelp.dll

VM Arguments:
jvm_args: -Dfile.encoding=UTF-8 
java_command: volume_02.Volume_02
java_class_path (initial): C:\vtkBin\bin\vtk.jar;C:\Users\IMG_1\Desktop\project_vtk\volume_02\build\classes
Launcher Type: SUN_STANDARD

Environment Variables:
CLASSPATH=C:\Users\IMG_1\Downloads\JavaCV\opencv\build\x86\vc10\lib;
PATH=C:\ProgramData\Oracle\Java\javapath;C:\Program Files\NVIDIA GPU Computing Toolkit\CUDA\v5.5\bin;C:\Program Files\NVIDIA GPU Computing Toolkit\CUDA\v5.5\libnvvp;C:\Program Files\Common Files\Microsoft Shared\Windows Live;C:\Program Files (x86)\Common Files\Microsoft Shared\Windows Live;C:\Program Files (x86)\NVIDIA Corporation\PhysX\Common;C:\Windows\system32;C:\Windows;C:\Windows\System32\Wbem;C:\Windows\System32\WindowsPowerShell\v1.0\;C:\Program Files (x86)\Microsoft SQL Server\90\Tools\binn\;C:\Program Files (x86)\Windows Live\Shared;C:\ProgramData\NVIDIA Corporation\NVIDIA GPU Computing SDK 4.2\C\common\bin;C:\Program Files\Microsoft\Web Platform Installer\;C:\Program Files (x86)\Microsoft ASP.NET\ASP.NET Web Pages\v1.0\;C:\Program Files\Microsoft SQL Server\110\Tools\Binn\;C:\Program Files (x86)\CMake\bin;C:\Program Files\MATLAB\R2013a\bin;C:\Program Files\Git\cmd;D:\laragon\bin\php\php-5.6.13;C:\ProgramData\ComposerSetup\bin;C:\lib\opencv\x64;C:\Program Files\ImageJ\plugins;C:\Program Files\ImageJ;C:\vtkBin\bin;C:\simpleitk;C:\Users\IMG_1\Downloads\JavaCV\opencv\build\common\tbb\ia32\vc10; C:\Users\IMG_1\Downloads\JavaCV\opencv\build\x86\vc10;C:\Users\IMG_1\Downloads\JavaCV\opencv\build\x64\vc10;C:\MinGW\bin;C:\MinGW\msys\1.0\bin;C:\Users\IMG_1\Desktop\vtk_bin07\bin\Debug;C:\Users\IMG_1\Desktop\vtk_12\bin\Release
USERNAME=IMG_1
OS=Windows_NT
PROCESSOR_IDENTIFIER=Intel64 Family 6 Model 42 Stepping 7, GenuineIntel



---------------  S Y S T E M  ---------------

OS: Windows 7 , 64 bit Build 7600 (6.1.7600.17206)

CPU:total 8 (4 cores per cpu, 2 threads per core) family 6 model 42 stepping 7, cmov, cx8, fxsr, mmx, sse, sse2, sse3, ssse3, sse4.1, sse4.2, popcnt, aes, clmul, ht, tsc, tscinvbit

Memory: 4k page, physical 8370488k(5576772k free), swap 16739068k(12033188k free)

vm_info: Java HotSpot(TM) 64-Bit Server VM (25.92-b14) for windows-amd64 JRE (1.8.0_92-b14), built on Mar 31 2016 21:03:04 by "java_re" with MS VC++ 10.0 (VS2010)

time: Thu Jun 23 11:44:38 2016
elapsed time: 3 seconds (0d 0h 0m 3s)

