#
# A fatal error has been detected by the Java Runtime Environment:
#
#  EXCEPTION_ACCESS_VIOLATION (0xc0000005) at pc=0x000000001ab28bc8, pid=2152, tid=0x00000000000015e8
#
# JRE version: Java(TM) SE Runtime Environment (8.0_92-b14) (build 1.8.0_92-b14)
# Java VM: Java HotSpot(TM) 64-Bit Server VM (25.92-b14 mixed mode windows-amd64 compressed oops)
# Problematic frame:
# C  0x000000001ab28bc8
#
# Failed to write core dump. Minidumps are not enabled by default on client versions of Windows
#
# If you would like to submit a bug report, please visit:
#   http://bugreport.java.com/bugreport/crash.jsp
# The crash happened outside the Java Virtual Machine in native code.
# See problematic frame for where to report the bug.
#

---------------  T H R E A D  ---------------

Current thread (0x000000001ac2a800):  JavaThread "AWT-EventQueue-0" [_thread_in_native, id=5608, stack(0x000000001bfa0000,0x000000001c0a0000)]

siginfo: ExceptionCode=0xc0000005, ExceptionInformation=0x0000000000000008 0x000000001ab28bc8

Registers:
RAX=0x000000001ae8ef20, RBX=0x00000000178ed048, RCX=0x000000001ae8ef20, RDX=0x000000001b0626a0
RSP=0x000000001c09c798, RBP=0x000000001c09c818, RSI=0x0000000000000001, RDI=0x0000000002a9835d
R8 =0x000000001ab27d80, R9 =0x00000000d6128f68, R10=0x000000000000001c, R11=0x0000000057208198
R12=0x0000000000000000, R13=0x00000000178ed048, R14=0x000000001c09c840, R15=0x000000001ac2a800
RIP=0x000000001ab28bc8, EFLAGS=0x0000000000010206

Top of Stack: (sp=0x000000001c09c798)
0x000000001c09c798:   0000000002aa7994 00000000178ed048
0x000000001c09c7a8:   0000000000000001 000000001dd3e7d8
0x000000001c09c7b8:   0000000000000000 00000000178d9f18
0x000000001c09c7c8:   0000000000000000 000000001c09c7e8
0x000000001c09c7d8:   000000001c09c7d8 0000000000000000
0x000000001c09c7e8:   000000001c09c840 000000001dd3f988
0x000000001c09c7f8:   0000000000000000 00000000178ed048
0x000000001c09c808:   0000000000000000 000000001c09c838
0x000000001c09c818:   000000001c09c888 0000000002a9835d
0x000000001c09c828:   0000000000000000 0000000002aa19d8
0x000000001c09c838:   00000000d6440348 00000000d6128f68
0x000000001c09c848:   000000001c09c848 00000000178ed0e2
0x000000001c09c858:   000000001c09c8a0 000000001dd3f988
0x000000001c09c868:   0000000000000000 00000000178ed0f0
0x000000001c09c878:   000000001c09c838 000000001c09c898
0x000000001c09c888:   000000001c09c8e8 0000000002a9835d 

Instructions: (pc=0x000000001ab28bc8)
0x000000001ab28ba8:   02 00 00 00 00 00 00 00 c0 8b b2 1a 00 00 00 00
0x000000001ab28bb8:   00 00 00 00 00 00 00 00 c1 6b 00 00 00 00 00 00
0x000000001ab28bc8:   24 1f 00 00 00 00 00 00 00 00 00 00 00 00 00 00
0x000000001ab28bd8:   e8 8b b2 1a 00 00 00 00 00 00 00 00 00 00 00 00 


Register to memory mapping:

RAX=0x000000001ae8ef20 is an unknown value
RBX={method} {0x00000000178ed050} 'SetMapper_16' '(Lvtk/vtkMapper;)V' in 'vtk/vtkActor'
RCX=0x000000001ae8ef20 is an unknown value
RDX=0x000000001b0626a0 is an unknown value
RSP=0x000000001c09c798 is pointing into the stack for thread: 0x000000001ac2a800
RBP=0x000000001c09c818 is pointing into the stack for thread: 0x000000001ac2a800
RSI=0x0000000000000001 is an unknown value
RDI=0x0000000002a9835d is at code_begin+2301 in an Interpreter codelet
invoke return entry points  [0x0000000002a97a60, 0x0000000002a98440]  2528 bytes
R8 =0x000000001ab27d80 is an unknown value
R9 =0x00000000d6128f68 is an oop
vtk.vtkActor 
 - klass: 'vtk/vtkActor'
R10=0x000000000000001c is an unknown value
R11=0x0000000057208198 is an unknown value
R12=0x0000000000000000 is an unknown value
R13={method} {0x00000000178ed050} 'SetMapper_16' '(Lvtk/vtkMapper;)V' in 'vtk/vtkActor'
R14=0x000000001c09c840 is pointing into the stack for thread: 0x000000001ac2a800
R15=0x000000001ac2a800 is a thread


Stack: [0x000000001bfa0000,0x000000001c0a0000],  sp=0x000000001c09c798,  free space=1009k
Native frames: (J=compiled Java code, j=interpreted, Vv=VM code, C=native code)
C  0x000000001ab28bc8

Java frames: (J=compiled Java code, j=interpreted, Vv=VM code)
j  vtk.vtkActor.SetMapper_16(Lvtk/vtkMapper;)V+0
j  vtk.vtkActor.SetMapper(Lvtk/vtkMapper;)V+2
j  volume_ct.Main.jButton2ActionPerformed(Ljava/awt/event/ActionEvent;)V+119
j  volume_ct.Main.access$600(Lvolume_ct/Main;Ljava/awt/event/ActionEvent;)V+2
j  volume_ct.Main$7.actionPerformed(Ljava/awt/event/ActionEvent;)V+5
j  javax.swing.AbstractButton.fireActionPerformed(Ljava/awt/event/ActionEvent;)V+83
j  javax.swing.AbstractButton$Handler.actionPerformed(Ljava/awt/event/ActionEvent;)V+5
j  javax.swing.DefaultButtonModel.fireActionPerformed(Ljava/awt/event/ActionEvent;)V+34
j  javax.swing.DefaultButtonModel.setPressed(Z)V+117
j  javax.swing.plaf.basic.BasicButtonListener.mouseReleased(Ljava/awt/event/MouseEvent;)V+35
j  java.awt.Component.processMouseEvent(Ljava/awt/event/MouseEvent;)V+64
j  javax.swing.JComponent.processMouseEvent(Ljava/awt/event/MouseEvent;)V+23
j  java.awt.Component.processEvent(Ljava/awt/AWTEvent;)V+81
j  java.awt.Container.processEvent(Ljava/awt/AWTEvent;)V+18
j  java.awt.Component.dispatchEventImpl(Ljava/awt/AWTEvent;)V+589
j  java.awt.Container.dispatchEventImpl(Ljava/awt/AWTEvent;)V+42
J 1250 C1 java.awt.Component.dispatchEvent(Ljava/awt/AWTEvent;)V (6 bytes) @ 0x0000000002e73344 [0x0000000002e73240+0x104]
j  java.awt.LightweightDispatcher.retargetMouseEvent(Ljava/awt/Component;ILjava/awt/event/MouseEvent;)V+327
j  java.awt.LightweightDispatcher.processMouseEvent(Ljava/awt/event/MouseEvent;)Z+155
j  java.awt.LightweightDispatcher.dispatchEvent(Ljava/awt/AWTEvent;)Z+50
j  java.awt.Container.dispatchEventImpl(Ljava/awt/AWTEvent;)V+12
j  java.awt.Window.dispatchEventImpl(Ljava/awt/AWTEvent;)V+19
J 1250 C1 java.awt.Component.dispatchEvent(Ljava/awt/AWTEvent;)V (6 bytes) @ 0x0000000002e73344 [0x0000000002e73240+0x104]
j  java.awt.EventQueue.dispatchEventImpl(Ljava/awt/AWTEvent;Ljava/lang/Object;)V+41
j  java.awt.EventQueue.access$500(Ljava/awt/EventQueue;Ljava/awt/AWTEvent;Ljava/lang/Object;)V+3
j  java.awt.EventQueue$3.run()Ljava/lang/Void;+32
j  java.awt.EventQueue$3.run()Ljava/lang/Object;+1
v  ~StubRoutines::call_stub
J 1123  java.security.AccessController.doPrivileged(Ljava/security/PrivilegedAction;Ljava/security/AccessControlContext;)Ljava/lang/Object; (0 bytes) @ 0x0000000002e17ae6 [0x0000000002e17a80+0x66]
J 1125 C1 java.security.ProtectionDomain$JavaSecurityAccessImpl.doIntersectionPrivilege(Ljava/security/PrivilegedAction;Ljava/security/AccessControlContext;Ljava/security/AccessControlContext;)Ljava/lang/Object; (22 bytes) @ 0x0000000002e185ac [0x0000000002e18140+0x46c]
j  java.security.ProtectionDomain$JavaSecurityAccessImpl.doIntersectionPrivilege(Ljava/security/PrivilegedAction;Ljava/security/AccessControlContext;)Ljava/lang/Object;+6
j  java.awt.EventQueue$4.run()Ljava/lang/Void;+11
j  java.awt.EventQueue$4.run()Ljava/lang/Object;+1
v  ~StubRoutines::call_stub
J 1123  java.security.AccessController.doPrivileged(Ljava/security/PrivilegedAction;Ljava/security/AccessControlContext;)Ljava/lang/Object; (0 bytes) @ 0x0000000002e17ae6 [0x0000000002e17a80+0x66]
J 1206 C1 java.awt.EventQueue.dispatchEvent(Ljava/awt/AWTEvent;)V (80 bytes) @ 0x0000000002e4eb3c [0x0000000002e4dcc0+0xe7c]
J 1215 C1 java.awt.EventDispatchThread.pumpOneEventForFilters(I)V (295 bytes) @ 0x0000000002e58674 [0x0000000002e569c0+0x1cb4]
j  java.awt.EventDispatchThread.pumpEventsForFilter(ILjava/awt/Conditional;Ljava/awt/EventFilter;)V+35
j  java.awt.EventDispatchThread.pumpEventsForHierarchy(ILjava/awt/Conditional;Ljava/awt/Component;)V+11
j  java.awt.EventDispatchThread.pumpEvents(ILjava/awt/Conditional;)V+4
j  java.awt.EventDispatchThread.pumpEvents(Ljava/awt/Conditional;)V+3
j  java.awt.EventDispatchThread.run()V+9
v  ~StubRoutines::call_stub

---------------  P R O C E S S  ---------------

Java Threads: ( => current thread )
  0x000000001914a800 JavaThread "D3D Screen Updater" daemon [_thread_blocked, id=1428, stack(0x00000000326c0000,0x00000000327c0000)]
  0x000000001acb7000 JavaThread "TimerQueue" daemon [_thread_blocked, id=4324, stack(0x000000001db10000,0x000000001dc10000)]
  0x000000000240e800 JavaThread "DestroyJavaVM" [_thread_blocked, id=6032, stack(0x00000000026c0000,0x00000000027c0000)]
=>0x000000001ac2a800 JavaThread "AWT-EventQueue-0" [_thread_in_native, id=5608, stack(0x000000001bfa0000,0x000000001c0a0000)]
  0x000000001ab7a800 JavaThread "AWT-Windows" daemon [_thread_in_native, id=4440, stack(0x000000001b3f0000,0x000000001b4f0000)]
  0x000000001ab77800 JavaThread "AWT-Shutdown" [_thread_blocked, id=924, stack(0x000000001b5b0000,0x000000001b6b0000)]
  0x000000001ab77000 JavaThread "Java2D Disposer" daemon [_thread_blocked, id=2320, stack(0x000000001b2f0000,0x000000001b3f0000)]
  0x0000000018efb800 JavaThread "Service Thread" daemon [_thread_blocked, id=3400, stack(0x0000000012860000,0x0000000012960000)]
  0x0000000018e78000 JavaThread "C1 CompilerThread3" daemon [_thread_blocked, id=1952, stack(0x000000001a850000,0x000000001a950000)]
  0x0000000018e6b800 JavaThread "C2 CompilerThread2" daemon [_thread_blocked, id=2304, stack(0x000000001a6d0000,0x000000001a7d0000)]
  0x0000000018e62000 JavaThread "C2 CompilerThread1" daemon [_thread_blocked, id=5984, stack(0x000000001a170000,0x000000001a270000)]
  0x0000000018e5a800 JavaThread "C2 CompilerThread0" daemon [_thread_blocked, id=812, stack(0x0000000019df0000,0x0000000019ef0000)]
  0x0000000018e58000 JavaThread "Attach Listener" daemon [_thread_blocked, id=744, stack(0x000000001a580000,0x000000001a680000)]
  0x0000000018e56800 JavaThread "Signal Dispatcher" daemon [_thread_blocked, id=5020, stack(0x000000001a430000,0x000000001a530000)]
  0x0000000017ead000 JavaThread "Finalizer" daemon [_thread_blocked, id=4164, stack(0x000000001a290000,0x000000001a390000)]
  0x0000000017ea6800 JavaThread "Reference Handler" daemon [_thread_blocked, id=5068, stack(0x000000001a070000,0x000000001a170000)]

Other Threads:
  0x0000000018e01000 VMThread [stack: 0x0000000019ef0000,0x0000000019ff0000] [id=4672]
  0x0000000018ec6800 WatcherThread [stack: 0x000000001a990000,0x000000001aa90000] [id=4852]

VM state:not at safepoint (normal execution)

VM Mutex/Monitor currently owned by a thread: None

Heap:
 PSYoungGen      total 38400K, used 13998K [0x00000000d5700000, 0x00000000d8180000, 0x0000000100000000)
  eden space 33280K, 42% used [0x00000000d5700000,0x00000000d64ab858,0x00000000d7780000)
  from space 5120K, 0% used [0x00000000d7c80000,0x00000000d7c80000,0x00000000d8180000)
  to   space 5120K, 0% used [0x00000000d7780000,0x00000000d7780000,0x00000000d7c80000)
 ParOldGen       total 87552K, used 0K [0x0000000080400000, 0x0000000085980000, 0x00000000d5700000)
  object space 87552K, 0% used [0x0000000080400000,0x0000000080400000,0x0000000085980000)
 Metaspace       used 14610K, capacity 14832K, committed 15104K, reserved 1062912K
  class space    used 1871K, capacity 1952K, committed 2048K, reserved 1048576K

Card table byte_map: [0x0000000011e50000,0x0000000012250000] byte_map_base: 0x0000000011a4e000

Marking Bits: (ParMarkBitMap*) 0x00000000572164f0
 Begin Bits: [0x00000000130e0000, 0x00000000150d0000)
 End Bits:   [0x00000000150d0000, 0x00000000170c0000)

Polling page: 0x0000000000130000

CodeCache: size=245760Kb used=4076Kb max_used=4076Kb free=241683Kb
 bounds [0x0000000002a90000, 0x0000000002e90000, 0x0000000011a90000]
 total_blobs=1811 nmethods=1290 adapters=435
 compilation: enabled

Compilation events (10 events):
Event: 14.074 Thread 0x0000000018e78000 1285       1       javax.swing.plaf.nimbus.AbstractRegionPainter$PaintContext::access$200 (5 bytes)
Event: 14.074 Thread 0x0000000018e78000 nmethod 1285 0x0000000002e88a90 code [0x0000000002e88be0, 0x0000000002e88cd0]
Event: 14.074 Thread 0x0000000018e78000 1286   !   3       sun.dc.pr.Rasterizer::getAlpha (76 bytes)
Event: 14.075 Thread 0x0000000018e78000 nmethod 1286 0x0000000002e88d50 code [0x0000000002e88f80, 0x0000000002e89ba8]
Event: 14.075 Thread 0x0000000018e78000 1287       3       sun.dc.pr.PathFiller::writeAlpha (10 bytes)
Event: 14.075 Thread 0x0000000018e78000 nmethod 1287 0x0000000002e8a410 code [0x0000000002e8a580, 0x0000000002e8a708]
Event: 14.075 Thread 0x0000000018e78000 1288       3       sun.java2d.pipe.BufferedContext::setTransform (93 bytes)
Event: 14.077 Thread 0x0000000018e78000 nmethod 1288 0x0000000002e8a7d0 code [0x0000000002e8aa00, 0x0000000002e8bbe8]
Event: 14.309 Thread 0x0000000018e78000 1289       3       java.lang.Class::arrayContentsEq (70 bytes)
Event: 14.310 Thread 0x0000000018e78000 nmethod 1289 0x0000000002e8c450 code [0x0000000002e8c5e0, 0x0000000002e8ca10]

GC Heap History (0 events):
No events

Deoptimization events (5 events):
Event: 0.317 Thread 0x000000001ac2a800 Uncommon trap: reason=unstable_if action=reinterpret pc=0x0000000002c66fb4 method=java.util.HashMap.getNode(ILjava/lang/Object;)Ljava/util/HashMap$Node; @ 84
Event: 0.350 Thread 0x000000001ab7a800 Uncommon trap: reason=unstable_if action=reinterpret pc=0x0000000002ca1d84 method=java.util.HashMap.putVal(ILjava/lang/Object;Ljava/lang/Object;ZZ)Ljava/lang/Object; @ 206
Event: 0.378 Thread 0x000000001ac2a800 Uncommon trap: reason=unstable_if action=reinterpret pc=0x0000000002cc7e88 method=java.util.HashMap.putVal(ILjava/lang/Object;Ljava/lang/Object;ZZ)Ljava/lang/Object; @ 109
Event: 0.393 Thread 0x000000001ac2a800 Uncommon trap: reason=unstable_if action=reinterpret pc=0x0000000002cddfec method=java.io.BufferedInputStream.read()I @ 8
Event: 13.506 Thread 0x000000001ac2a800 Uncommon trap: reason=unstable_if action=reinterpret pc=0x0000000002dbedc0 method=java.awt.MultipleGradientPaintContext.indexIntoGradientsArrays(F)I @ 93

Internal exceptions (10 events):
Event: 0.219 Thread 0x000000000240e800 Exception <a 'java/lang/ClassNotFoundException': ToolBar> (0x00000000d5b73a50) thrown at [D:\re\workspace\8-2-build-windows-amd64-cygwin\jdk8u92\6642\hotspot\src\share\vm\classfile\systemDictionary.cpp, line 210]
Event: 0.219 Thread 0x000000000240e800 Exception <a 'java/lang/ClassNotFoundException': ToggleButton> (0x00000000d5b74000) thrown at [D:\re\workspace\8-2-build-windows-amd64-cygwin\jdk8u92\6642\hotspot\src\share\vm\classfile\systemDictionary.cpp, line 210]
Event: 0.219 Thread 0x000000000240e800 Exception <a 'java/lang/ClassNotFoundException': javax/swing/JToolBarSeparator> (0x00000000d5b74460) thrown at [D:\re\workspace\8-2-build-windows-amd64-cygwin\jdk8u92\6642\hotspot\src\share\vm\classfile\systemDictionary.cpp, line 210]
Event: 0.219 Thread 0x000000000240e800 Exception <a 'java/lang/ClassNotFoundException': ToolBarSeparator> (0x00000000d5b748f8) thrown at [D:\re\workspace\8-2-build-windows-amd64-cygwin\jdk8u92\6642\hotspot\src\share\vm\classfile\systemDictionary.cpp, line 210]
Event: 0.219 Thread 0x000000000240e800 Exception <a 'java/lang/ClassNotFoundException': ToolTip> (0x00000000d5b75038) thrown at [D:\re\workspace\8-2-build-windows-amd64-cygwin\jdk8u92\6642\hotspot\src\share\vm\classfile\systemDictionary.cpp, line 210]
Event: 0.219 Thread 0x000000000240e800 Exception <a 'java/lang/ClassNotFoundException': Tree> (0x00000000d5b75c58) thrown at [D:\re\workspace\8-2-build-windows-amd64-cygwin\jdk8u92\6642\hotspot\src\share\vm\classfile\systemDictionary.cpp, line 210]
Event: 0.219 Thread 0x000000000240e800 Exception <a 'java/lang/ClassNotFoundException': Tree> (0x00000000d5b76398) thrown at [D:\re\workspace\8-2-build-windows-amd64-cygwin\jdk8u92\6642\hotspot\src\share\vm\classfile\systemDictionary.cpp, line 210]
Event: 0.219 Thread 0x000000000240e800 Exception <a 'java/lang/ClassNotFoundException': javax/swing/JTreeCell> (0x00000000d5b76718) thrown at [D:\re\workspace\8-2-build-windows-amd64-cygwin\jdk8u92\6642\hotspot\src\share\vm\classfile\systemDictionary.cpp, line 210]
Event: 0.219 Thread 0x000000000240e800 Exception <a 'java/lang/ClassNotFoundException': TreeCell> (0x00000000d5b76ba0) thrown at [D:\re\workspace\8-2-build-windows-amd64-cygwin\jdk8u92\6642\hotspot\src\share\vm\classfile\systemDictionary.cpp, line 210]
Event: 0.220 Thread 0x000000000240e800 Exception <a 'java/lang/ClassNotFoundException': RootPane> (0x00000000d5b77600) thrown at [D:\re\workspace\8-2-build-windows-amd64-cygwin\jdk8u92\6642\hotspot\src\share\vm\classfile\systemDictionary.cpp, line 210]

Events (10 events):
Event: 9.503 loading class java/awt/Container$EventTargetFilter
Event: 9.503 loading class java/awt/Container$EventTargetFilter done
Event: 9.503 loading class java/awt/Container$MouseEventTargetFilter done
Event: 9.503 loading class java/awt/LightweightDispatcher$1
Event: 9.503 loading class java/awt/LightweightDispatcher$1 done
Event: 9.674 loading class java/awt/LightweightDispatcher$2
Event: 9.674 loading class java/awt/LightweightDispatcher$2 done
Event: 13.506 Thread 0x000000001ac2a800 Uncommon trap: trap_request=0xffffff65 fr.pc=0x0000000002dbedc0
Event: 13.506 Thread 0x000000001ac2a800 DEOPT PACKING pc=0x0000000002dbedc0 sp=0x000000001c09ba60
Event: 13.506 Thread 0x000000001ac2a800 DEOPT UNPACKING pc=0x0000000002ad582a sp=0x000000001c09ba00 mode 2


Dynamic libraries:
0x000000013fa20000 - 0x000000013fa57000 	C:\Program Files\Java\jdk1.8.0_92\bin\java.exe
0x0000000076f30000 - 0x00000000770dc000 	C:\Windows\SYSTEM32\ntdll.dll
0x0000000076850000 - 0x000000007696f000 	C:\Windows\system32\kernel32.dll
0x000007fefd450000 - 0x000007fefd4bc000 	C:\Windows\system32\KERNELBASE.dll
0x000007fefd790000 - 0x000007fefd86b000 	C:\Windows\system32\ADVAPI32.dll
0x000007fefde10000 - 0x000007fefdeaf000 	C:\Windows\system32\msvcrt.dll
0x000007fefd770000 - 0x000007fefd78f000 	C:\Windows\SYSTEM32\sechost.dll
0x000007fefdb50000 - 0x000007fefdc7e000 	C:\Windows\system32\RPCRT4.dll
0x0000000076cd0000 - 0x0000000076dca000 	C:\Windows\system32\USER32.dll
0x000007fefd8c0000 - 0x000007fefd927000 	C:\Windows\system32\GDI32.dll
0x000007fefd930000 - 0x000007fefd93e000 	C:\Windows\system32\LPK.dll
0x000007fefdc80000 - 0x000007fefdd4a000 	C:\Windows\system32\USP10.dll
0x000007fefbe10000 - 0x000007fefc004000 	C:\Windows\WinSxS\amd64_microsoft.windows.common-controls_6595b64144ccf1df_6.0.7600.16661_none_fa62ad231704eab7\COMCTL32.dll
0x000007fefefe0000 - 0x000007feff051000 	C:\Windows\system32\SHLWAPI.dll
0x000007fefe110000 - 0x000007fefe13e000 	C:\Windows\system32\IMM32.DLL
0x000007fefe140000 - 0x000007fefe249000 	C:\Windows\system32\MSCTF.dll
0x00000000572a0000 - 0x0000000057372000 	C:\Program Files\Java\jdk1.8.0_92\jre\bin\msvcr100.dll
0x0000000056a00000 - 0x0000000057296000 	C:\Program Files\Java\jdk1.8.0_92\jre\bin\server\jvm.dll
0x000007fef6b90000 - 0x000007fef6b99000 	C:\Windows\system32\WSOCK32.dll
0x000007fefd870000 - 0x000007fefd8bd000 	C:\Windows\system32\WS2_32.dll
0x000007fefd940000 - 0x000007fefd948000 	C:\Windows\system32\NSI.dll
0x000007fefa450000 - 0x000007fefa48b000 	C:\Windows\system32\WINMM.dll
0x000007fefc4a0000 - 0x000007fefc4ac000 	C:\Windows\system32\VERSION.dll
0x00000000770f0000 - 0x00000000770f7000 	C:\Windows\system32\PSAPI.DLL
0x000000006efe0000 - 0x000000006efef000 	C:\Program Files\Java\jdk1.8.0_92\jre\bin\verify.dll
0x000000005fdb0000 - 0x000000005fdd9000 	C:\Program Files\Java\jdk1.8.0_92\jre\bin\java.dll
0x000000006efc0000 - 0x000000006efd6000 	C:\Program Files\Java\jdk1.8.0_92\jre\bin\zip.dll
0x000007fefe250000 - 0x000007fefefd7000 	C:\Windows\system32\SHELL32.dll
0x000007fefdf00000 - 0x000007fefe102000 	C:\Windows\system32\ole32.dll
0x000007fefd3a0000 - 0x000007fefd3af000 	C:\Windows\system32\profapi.dll
0x00000000567b0000 - 0x0000000056948000 	C:\Program Files\Java\jdk1.8.0_92\jre\bin\awt.dll
0x000007fefd9d0000 - 0x000007fefdaa7000 	C:\Windows\system32\OLEAUT32.dll
0x000007fefbad0000 - 0x000007fefbb26000 	C:\Windows\system32\uxtheme.dll
0x000007fefb6f0000 - 0x000007fefb708000 	C:\Windows\system32\dwmapi.dll
0x000007fefd290000 - 0x000007fefd29f000 	C:\Windows\system32\CRYPTBASE.dll
0x000000005fd60000 - 0x000000005fda7000 	C:\Program Files\Java\jdk1.8.0_92\jre\bin\fontmanager.dll
0x000007fef11b0000 - 0x000007fef13af000 	C:\Windows\system32\d3d9.dll
0x000007fef6b70000 - 0x000007fef6b77000 	C:\Windows\system32\d3d8thk.dll
0x000007feee740000 - 0x000007feef5b4000 	C:\Windows\system32\nvd3dumx.dll
0x000007fefbd30000 - 0x000007fefbd5c000 	C:\Windows\system32\powrprof.dll
0x000007feff060000 - 0x000007feff237000 	C:\Windows\system32\SETUPAPI.dll
0x000007fefd5a0000 - 0x000007fefd5d6000 	C:\Windows\system32\CFGMGR32.dll
0x000007fefd5e0000 - 0x000007fefd5fa000 	C:\Windows\system32\DEVOBJ.dll
0x000007feefe40000 - 0x000007feeff98000 	C:\Program Files (x86)\NVIDIA Corporation\3D Vision\nvSCPAPI64.dll
0x000000005fd40000 - 0x000000005fd5a000 	C:\Program Files\Java\jdk1.8.0_92\jre\bin\net.dll
0x000007fefcbd0000 - 0x000007fefcc24000 	C:\Windows\system32\mswsock.dll
0x000007fefcbc0000 - 0x000007fefcbc7000 	C:\Windows\System32\wship6.dll
0x000000005fd20000 - 0x000000005fd31000 	C:\Program Files\Java\jdk1.8.0_92\jre\bin\nio.dll
0x0000000056760000 - 0x00000000567a2000 	C:\Program Files\Java\jdk1.8.0_92\jre\bin\t2k.dll
0x000007fefdd50000 - 0x000007fefdde9000 	C:\Windows\system32\CLBCatQ.DLL
0x000007fefb580000 - 0x000007fefb6aa000 	C:\Windows\system32\WindowsCodecs.dll
0x000007fefd230000 - 0x000007fefd287000 	C:\Windows\system32\apphelp.dll
0x000007fef8a50000 - 0x000007fef8a85000 	C:\Windows\system32\EhStorShell.dll
0x000007fefbbb0000 - 0x000007fefbcdc000 	C:\Windows\system32\PROPSYS.dll
0x000007fef8990000 - 0x000007fef8a0e000 	C:\Windows\System32\cscui.dll
0x000007fef8a40000 - 0x000007fef8a4c000 	C:\Windows\System32\CSCDLL.dll
0x000007fef8b10000 - 0x000007fef8b1f000 	C:\Windows\system32\CSCAPI.dll
0x000007fef8910000 - 0x000007fef8990000 	C:\Windows\system32\ntshrui.dll
0x000007fefd100000 - 0x000007fefd123000 	C:\Windows\system32\srvcli.dll
0x000007fefb320000 - 0x000007fefb32b000 	C:\Windows\system32\slc.dll
0x000007feee5c0000 - 0x000007feee62e000 	C:\vtkBin\bin\vtkCommonJava.dll
0x000007feea480000 - 0x000007feea6c8000 	C:\vtkBin\bin\vtkCommon.dll
0x000007feee650000 - 0x000007feee693000 	C:\vtkBin\bin\vtksys.dll
0x0000000067160000 - 0x00000000671f8000 	C:\Windows\system32\MSVCP100.dll
0x000007feee320000 - 0x000007feee3c0000 	C:\vtkBin\bin\vtkFilteringJava.dll
0x000007feea180000 - 0x000007feea47c000 	C:\vtkBin\bin\vtkFiltering.dll
0x000007feee560000 - 0x000007feee5b6000 	C:\vtkBin\bin\vtkIOJava.dll
0x000007fee9d50000 - 0x000007feea174000 	C:\vtkBin\bin\vtkIO.dll
0x000007feee530000 - 0x000007feee552000 	C:\vtkBin\bin\vtkDICOMParser.dll
0x000007feee250000 - 0x000007feee316000 	C:\vtkBin\bin\vtkNetCDF.dll
0x000007feea710000 - 0x000007feea91d000 	C:\vtkBin\bin\vtkhdf5.dll
0x000007feee630000 - 0x000007feee644000 	C:\vtkBin\bin\vtkzlib.dll
0x000007feead00000 - 0x000007feead2d000 	C:\vtkBin\bin\vtkhdf5_hl.dll
0x000007feeace0000 - 0x000007feead00000 	C:\vtkBin\bin\vtkNetCDF_cxx.dll
0x000007feeacc0000 - 0x000007feeacd8000 	C:\vtkBin\bin\LSDyna.dll
0x000007feeac30000 - 0x000007feeacbf000 	C:\vtkBin\bin\vtkmetaio.dll
0x000007feeac00000 - 0x000007feeac24000 	C:\vtkBin\bin\vtkpng.dll
0x000007feeabd0000 - 0x000007feeabf7000 	C:\vtkBin\bin\vtkjpeg.dll
0x000007feeab70000 - 0x000007feeabc1000 	C:\vtkBin\bin\vtktiff.dll
0x000007feeab40000 - 0x000007feeab63000 	C:\vtkBin\bin\vtkexpat.dll
0x000007feea6f0000 - 0x000007feea70f000 	C:\Windows\system32\AVIFIL32.dll
0x000007feefe20000 - 0x000007feefe38000 	C:\Windows\system32\MSACM32.dll
0x000007fee9d20000 - 0x000007fee9d49000 	C:\Windows\system32\MSVFW32.dll
0x000007fee9cd0000 - 0x000007fee9d17000 	C:\vtkBin\bin\vtkImagingJava.dll
0x000007fee9a40000 - 0x000007fee9cc9000 	C:\vtkBin\bin\vtkImaging.dll
0x000007fee99a0000 - 0x000007fee9a37000 	C:\vtkBin\bin\vtkGraphicsJava.dll
0x000007fee94a0000 - 0x000007fee9992000 	C:\vtkBin\bin\vtkGraphics.dll
0x000007fee9470000 - 0x000007fee94a0000 	C:\vtkBin\bin\vtkverdict.dll
0x000007fee93e0000 - 0x000007fee9469000 	C:\vtkBin\bin\vtkRenderingJava.dll
0x000007fee9040000 - 0x000007fee93db000 	C:\vtkBin\bin\vtkRendering.dll
0x000007fef8580000 - 0x000007fef858f000 	C:\vtkBin\bin\vtkftgl.dll
0x000007fef68c0000 - 0x000007fef69dd000 	C:\Windows\system32\OPENGL32.dll
0x000007fef6890000 - 0x000007fef68bd000 	C:\Windows\system32\GLU32.dll
0x000007fef6790000 - 0x000007fef6881000 	C:\Windows\system32\DDRAW.dll
0x000007fef98a0000 - 0x000007fef98a8000 	C:\Windows\system32\DCIMAN32.dll
0x000007fee8fc0000 - 0x000007fee9035000 	C:\vtkBin\bin\vtkfreetype.dll
0x000000005fd10000 - 0x000000005fd17000 	C:\vtkBin\bin\jawt.dll
0x000007fee8f00000 - 0x000007fee8f51000 	C:\vtkBin\bin\vtkHybridJava.dll
0x000007fee8d00000 - 0x000007fee8ef3000 	C:\vtkBin\bin\vtkHybrid.dll
0x000007fee8f70000 - 0x000007fee8fb1000 	C:\vtkBin\bin\vtkexoIIc.dll
0x000007fee8ce0000 - 0x000007fee8cf7000 	C:\Windows\system32\AVICAP32.dll
0x000007fee8cb0000 - 0x000007fee8cd5000 	C:\vtkBin\bin\vtkVolumeRenderingJava.dll
0x000007fee8880000 - 0x000007fee8ca1000 	C:\vtkBin\bin\vtkVolumeRendering.dll
0x000007fee8820000 - 0x000007fee887c000 	C:\vtkBin\bin\vtkWidgetsJava.dll
0x000007fee86c0000 - 0x000007fee881e000 	C:\vtkBin\bin\vtkWidgets.dll
0x0000000056700000 - 0x000000005672a000 	C:\Program Files\Java\jdk1.8.0_92\jre\bin\dcpr.dll
0x00000000544f0000 - 0x0000000055fa8000 	C:\Windows\system32\nvoglv64.DLL
0x000007fefd560000 - 0x000007fefd599000 	C:\Windows\system32\WINTRUST.dll
0x000007fefd600000 - 0x000007fefd76a000 	C:\Windows\system32\CRYPT32.dll
0x000007fefd440000 - 0x000007fefd44f000 	C:\Windows\system32\MSASN1.dll
0x000007fef9a80000 - 0x000007fef9aad000 	C:\Windows\system32\ntmarta.dll
0x000007fefdeb0000 - 0x000007fefdf00000 	C:\Windows\system32\WLDAP32.dll
0x000007fef3740000 - 0x000007fef3865000 	C:\Windows\system32\dbghelp.dll

VM Arguments:
jvm_args: -Dfile.encoding=UTF-8 
java_command: volume_ct.Main
java_class_path (initial): C:\vtkBin\bin\vtk.jar;C:\Program Files\NetBeans 8.0.2\java\modules\ext\beansbinding-1.2.1.jar;C:\Users\IMG_1\Desktop\project_vtk\volume_ct\build\classes
Launcher Type: SUN_STANDARD

Environment Variables:
CLASSPATH=C:\Users\IMG_1\Downloads\JavaCV\opencv\build\x86\vc10\lib;
PATH=C:\ProgramData\Oracle\Java\javapath;C:\Program Files\NVIDIA GPU Computing Toolkit\CUDA\v5.5\bin;C:\Program Files\NVIDIA GPU Computing Toolkit\CUDA\v5.5\libnvvp;C:\Program Files\Common Files\Microsoft Shared\Windows Live;C:\Program Files (x86)\Common Files\Microsoft Shared\Windows Live;C:\Program Files (x86)\NVIDIA Corporation\PhysX\Common;C:\Windows\system32;C:\Windows;C:\Windows\System32\Wbem;C:\Windows\System32\WindowsPowerShell\v1.0\;C:\Program Files (x86)\Microsoft SQL Server\90\Tools\binn\;C:\Program Files (x86)\Windows Live\Shared;C:\ProgramData\NVIDIA Corporation\NVIDIA GPU Computing SDK 4.2\C\common\bin;C:\Program Files\Microsoft\Web Platform Installer\;C:\Program Files (x86)\Microsoft ASP.NET\ASP.NET Web Pages\v1.0\;C:\Program Files\Microsoft SQL Server\110\Tools\Binn\;C:\Program Files (x86)\CMake\bin;C:\Program Files\MATLAB\R2013a\bin;C:\Program Files\Git\cmd;D:\laragon\bin\php\php-5.6.13;C:\ProgramData\ComposerSetup\bin;C:\lib\opencv\x64;C:\Program Files\ImageJ\plugins;C:\Program Files\ImageJ;C:\vtkBin\bin;C:\simpleitk;C:\Users\IMG_1\Downloads\JavaCV\opencv\build\common\tbb\ia32\vc10; C:\Users\IMG_1\Downloads\JavaCV\opencv\build\x86\vc10;C:\Users\IMG_1\Downloads\JavaCV\opencv\build\x64\vc10;C:\MinGW\bin;C:\MinGW\msys\1.0\bin;C:\Users\IMG_1\Desktop\vtk_bin07\bin\Debug;C:\Users\IMG_1\Desktop\vtk_12\bin\Release
USERNAME=IMG_1
OS=Windows_NT
PROCESSOR_IDENTIFIER=Intel64 Family 6 Model 42 Stepping 7, GenuineIntel



---------------  S Y S T E M  ---------------

OS: Windows 7 , 64 bit Build 7600 (6.1.7600.17206)

CPU:total 8 (4 cores per cpu, 2 threads per core) family 6 model 42 stepping 7, cmov, cx8, fxsr, mmx, sse, sse2, sse3, ssse3, sse4.1, sse4.2, popcnt, aes, clmul, ht, tsc, tscinvbit

Memory: 4k page, physical 8370488k(4303040k free), swap 16739068k(11218620k free)

vm_info: Java HotSpot(TM) 64-Bit Server VM (25.92-b14) for windows-amd64 JRE (1.8.0_92-b14), built on Mar 31 2016 21:03:04 by "java_re" with MS VC++ 10.0 (VS2010)

time: Mon Jul 04 15:44:53 2016
elapsed time: 14 seconds (0d 0h 0m 14s)

