#
# A fatal error has been detected by the Java Runtime Environment:
#
#  EXCEPTION_ACCESS_VIOLATION (0xc0000005) at pc=0x000007fee7814613, pid=4892, tid=0x0000000000000768
#
# JRE version: Java(TM) SE Runtime Environment (8.0_92-b14) (build 1.8.0_92-b14)
# Java VM: Java HotSpot(TM) 64-Bit Server VM (25.92-b14 mixed mode windows-amd64 compressed oops)
# Problematic frame:
# C  [vtkRenderingJava.dll+0x4613]
#
# Failed to write core dump. Minidumps are not enabled by default on client versions of Windows
#
# If you would like to submit a bug report, please visit:
#   http://bugreport.java.com/bugreport/crash.jsp
# The crash happened outside the Java Virtual Machine in native code.
# See problematic frame for where to report the bug.
#

---------------  T H R E A D  ---------------

Current thread (0x000000005af1e000):  JavaThread "AWT-EventQueue-0" [_thread_in_native, id=1896, stack(0x000000005c020000,0x000000005c120000)]

siginfo: ExceptionCode=0xc0000005, reading address 0x0000000064e6d0f8

Registers:
RAX=0x000000005adcea60, RBX=0x00000000575ebdc0, RCX=0x000000005adcea60, RDX=0x000000005b3ba510
RSP=0x000000005c11c9b8, RBP=0x000000005c11ca38, RSI=0x00000000571c0480, RDI=0x00000000029c8331
R8 =0x0000000064e6ce10, R9 =0x00000000d6076390, R10=0x000000000000002e, R11=0x000000005d698198
R12=0x0000000000000000, R13=0x00000000575ebdc0, R14=0x000000005c11ca60, R15=0x000000005af1e000
RIP=0x000007fee7814613, EFLAGS=0x0000000000010202

Top of Stack: (sp=0x000000005c11c9b8)
0x000000005c11c9b8:   00000000029d7974 00000000575ebdc0
0x000000005c11c9c8:   00000000571c0480 0000000000000000
0x000000005c11c9d8:   00000000029d19b8 00000000d650f820
0x000000005c11c9e8:   00000000d650f8f0 000000005c11c9f0
0x000000005c11c9f8:   000000005c11c9f8 0000000000000000
0x000000005c11ca08:   000000005c11ca60 000000005e22de88
0x000000005c11ca18:   0000000000000000 00000000575ebdc0
0x000000005c11ca28:   0000000000000000 000000005c11ca58
0x000000005c11ca38:   000000005c11caa8 00000000029c8331
0x000000005c11ca48:   0000000000000000 00000000029d19b8
0x000000005c11ca58:   00000000d650f8f0 00000000d6076390
0x000000005c11ca68:   000000005c11ca68 00000000575ebe5a
0x000000005c11ca78:   000000005c11cac0 000000005e22de88
0x000000005c11ca88:   0000000000000000 00000000575ebe68
0x000000005c11ca98:   000000005c11ca58 000000005c11cab8
0x000000005c11caa8:   000000005c11cb08 00000000029c8331 

Instructions: (pc=0x000007fee7814613)
0x000007fee78145f3:   48 8b d8 e8 39 18 02 00 48 8b d3 4c 8b 00 48 8b
0x000007fee7814603:   c8 48 8b 5c 24 30 48 8b 74 24 38 48 83 c4 20 5f
0x000007fee7814613:   49 ff a0 e8 02 00 00 cc cc cc cc cc cc 40 53 48
0x000007fee7814623:   83 ec 20 41 8b d8 e8 06 18 02 00 8b d3 4c 8b 08 


Register to memory mapping:

RAX=0x000000005adcea60 is an unknown value
RBX={method} {0x00000000575ebdc8} 'SetMapper_16' '(Lvtk/vtkMapper;)V' in 'vtk/vtkActor'
RCX=0x000000005adcea60 is an unknown value
RDX=0x000000005b3ba510 is an unknown value
RSP=0x000000005c11c9b8 is pointing into the stack for thread: 0x000000005af1e000
RBP=0x000000005c11ca38 is pointing into the stack for thread: 0x000000005af1e000
RSI={method} {0x00000000571c0488} '<init>' '()V' in 'java/lang/Object'
RDI=0x00000000029c8331 is at code_begin+2289 in an Interpreter codelet
invoke return entry points  [0x00000000029c7a40, 0x00000000029c8420]  2528 bytes
R8 =0x0000000064e6ce10 is an unknown value
R9 =0x00000000d6076390 is an oop
vtk.vtkActor 
 - klass: 'vtk/vtkActor'
R10=0x000000000000002e is an unknown value
R11=0x000000005d698198 is an unknown value
R12=0x0000000000000000 is an unknown value
R13={method} {0x00000000575ebdc8} 'SetMapper_16' '(Lvtk/vtkMapper;)V' in 'vtk/vtkActor'
R14=0x000000005c11ca60 is pointing into the stack for thread: 0x000000005af1e000
R15=0x000000005af1e000 is a thread


Stack: [0x000000005c020000,0x000000005c120000],  sp=0x000000005c11c9b8,  free space=1010k
Native frames: (J=compiled Java code, j=interpreted, Vv=VM code, C=native code)
C  [vtkRenderingJava.dll+0x4613]
C  0x00000000029d7974

Java frames: (J=compiled Java code, j=interpreted, Vv=VM code)
j  vtk.vtkActor.SetMapper_16(Lvtk/vtkMapper;)V+0
j  vtk.vtkActor.SetMapper(Lvtk/vtkMapper;)V+2
j  volume_ct.Main.jButton1ActionPerformed(Ljava/awt/event/ActionEvent;)V+20
j  volume_ct.Main.access$100(Lvolume_ct/Main;Ljava/awt/event/ActionEvent;)V+2
j  volume_ct.Main$2.actionPerformed(Ljava/awt/event/ActionEvent;)V+5
j  javax.swing.AbstractButton.fireActionPerformed(Ljava/awt/event/ActionEvent;)V+83
j  javax.swing.AbstractButton$Handler.actionPerformed(Ljava/awt/event/ActionEvent;)V+5
j  javax.swing.DefaultButtonModel.fireActionPerformed(Ljava/awt/event/ActionEvent;)V+34
j  javax.swing.DefaultButtonModel.setPressed(Z)V+117
j  javax.swing.plaf.basic.BasicButtonListener.mouseReleased(Ljava/awt/event/MouseEvent;)V+35
j  java.awt.Component.processMouseEvent(Ljava/awt/event/MouseEvent;)V+64
j  javax.swing.JComponent.processMouseEvent(Ljava/awt/event/MouseEvent;)V+23
J 1302 C1 java.awt.Component.processEvent(Ljava/awt/AWTEvent;)V (220 bytes) @ 0x0000000002de35c4 [0x0000000002de30c0+0x504]
j  java.awt.Container.processEvent(Ljava/awt/AWTEvent;)V+18
J 1220 C1 java.awt.Component.dispatchEventImpl(Ljava/awt/AWTEvent;)V (883 bytes) @ 0x0000000002d85464 [0x0000000002d80100+0x5364]
J 1461 C1 java.awt.Container.dispatchEventImpl(Ljava/awt/AWTEvent;)V (129 bytes) @ 0x0000000002e5ae04 [0x0000000002e5acc0+0x144]
J 1139 C1 java.awt.Component.dispatchEvent(Ljava/awt/AWTEvent;)V (6 bytes) @ 0x0000000002d49afc [0x0000000002d49a00+0xfc]
j  java.awt.LightweightDispatcher.retargetMouseEvent(Ljava/awt/Component;ILjava/awt/event/MouseEvent;)V+327
j  java.awt.LightweightDispatcher.processMouseEvent(Ljava/awt/event/MouseEvent;)Z+155
j  java.awt.LightweightDispatcher.dispatchEvent(Ljava/awt/AWTEvent;)Z+50
J 1461 C1 java.awt.Container.dispatchEventImpl(Ljava/awt/AWTEvent;)V (129 bytes) @ 0x0000000002e5ada4 [0x0000000002e5acc0+0xe4]
j  java.awt.Window.dispatchEventImpl(Ljava/awt/AWTEvent;)V+19
J 1165 C1 java.awt.EventQueue.dispatchEventImpl(Ljava/awt/AWTEvent;Ljava/lang/Object;)V (149 bytes) @ 0x0000000002d5dfcc [0x0000000002d5c800+0x17cc]
J 1163 C1 java.awt.EventQueue$3.run()Ljava/lang/Void; (60 bytes) @ 0x0000000002d5bc04 [0x0000000002d5ba00+0x204]
J 1162 C1 java.awt.EventQueue$3.run()Ljava/lang/Object; (5 bytes) @ 0x0000000002d5b68c [0x0000000002d5b600+0x8c]
v  ~StubRoutines::call_stub
J 967  java.security.AccessController.doPrivileged(Ljava/security/PrivilegedAction;Ljava/security/AccessControlContext;)Ljava/lang/Object; (0 bytes) @ 0x0000000002ce6b66 [0x0000000002ce6b00+0x66]
J 1242 C1 java.awt.EventQueue$4.run()Ljava/lang/Object; (5 bytes) @ 0x0000000002db476c [0x0000000002db4340+0x42c]
v  ~StubRoutines::call_stub
J 967  java.security.AccessController.doPrivileged(Ljava/security/PrivilegedAction;Ljava/security/AccessControlContext;)Ljava/lang/Object; (0 bytes) @ 0x0000000002ce6b66 [0x0000000002ce6b00+0x66]
J 1013 C1 java.awt.EventQueue.dispatchEvent(Ljava/awt/AWTEvent;)V (80 bytes) @ 0x0000000002cff8f4 [0x0000000002cfeac0+0xe34]
J 1016 C1 java.awt.EventDispatchThread.pumpOneEventForFilters(I)V (295 bytes) @ 0x0000000002d039b4 [0x0000000002d01d80+0x1c34]
j  java.awt.EventDispatchThread.pumpEventsForFilter(ILjava/awt/Conditional;Ljava/awt/EventFilter;)V+35
j  java.awt.EventDispatchThread.pumpEventsForHierarchy(ILjava/awt/Conditional;Ljava/awt/Component;)V+11
j  java.awt.EventDispatchThread.pumpEvents(ILjava/awt/Conditional;)V+4
j  java.awt.EventDispatchThread.pumpEvents(Ljava/awt/Conditional;)V+3
j  java.awt.EventDispatchThread.run()V+9
v  ~StubRoutines::call_stub

---------------  P R O C E S S  ---------------

Java Threads: ( => current thread )
  0x000000005b11d000 JavaThread "TimerQueue" daemon [_thread_blocked, id=5988, stack(0x000000006ee50000,0x000000006ef50000)]
  0x000000005b3e7800 JavaThread "D3D Screen Updater" daemon [_thread_blocked, id=816, stack(0x0000000063ef0000,0x0000000063ff0000)]
  0x00000000021be800 JavaThread "DestroyJavaVM" [_thread_blocked, id=1432, stack(0x00000000025f0000,0x00000000026f0000)]
=>0x000000005af1e000 JavaThread "AWT-EventQueue-0" [_thread_in_native, id=1896, stack(0x000000005c020000,0x000000005c120000)]
  0x000000005ae82000 JavaThread "AWT-Windows" daemon [_thread_in_native, id=3380, stack(0x000000005a8d0000,0x000000005a9d0000)]
  0x0000000058eaf800 JavaThread "AWT-Shutdown" [_thread_blocked, id=3860, stack(0x000000005ab00000,0x000000005ac00000)]
  0x0000000058eaf000 JavaThread "Java2D Disposer" daemon [_thread_blocked, id=6032, stack(0x000000005b5c0000,0x000000005b6c0000)]
  0x0000000058cd7000 JavaThread "Service Thread" daemon [_thread_blocked, id=5052, stack(0x000000005aa00000,0x000000005ab00000)]
  0x0000000058c8d800 JavaThread "C1 CompilerThread3" daemon [_thread_blocked, id=1876, stack(0x000000005a780000,0x000000005a880000)]
  0x0000000058c89000 JavaThread "C2 CompilerThread2" daemon [_thread_blocked, id=5984, stack(0x000000005a5b0000,0x000000005a6b0000)]
  0x0000000058c7f800 JavaThread "C2 CompilerThread1" daemon [_thread_blocked, id=5012, stack(0x0000000059b70000,0x0000000059c70000)]
  0x0000000058c6a800 JavaThread "C2 CompilerThread0" daemon [_thread_blocked, id=3872, stack(0x000000005a3f0000,0x000000005a4f0000)]
  0x0000000058c68000 JavaThread "Attach Listener" daemon [_thread_blocked, id=5924, stack(0x000000005a2a0000,0x000000005a3a0000)]
  0x0000000058c66800 JavaThread "Signal Dispatcher" daemon [_thread_blocked, id=4804, stack(0x000000005a030000,0x000000005a130000)]
  0x0000000057bad800 JavaThread "Finalizer" daemon [_thread_blocked, id=5300, stack(0x000000005a130000,0x000000005a230000)]
  0x0000000057ba6800 JavaThread "Reference Handler" daemon [_thread_blocked, id=4452, stack(0x0000000059ea0000,0x0000000059fa0000)]

Other Threads:
  0x0000000058c11000 VMThread [stack: 0x0000000059cb0000,0x0000000059db0000] [id=5128]
  0x0000000058cda800 WatcherThread [stack: 0x000000005ac50000,0x000000005ad50000] [id=5764]

VM state:not at safepoint (normal execution)

VM Mutex/Monitor currently owned by a thread: None

Heap:
 PSYoungGen      total 38400K, used 14717K [0x00000000d5700000, 0x00000000d8180000, 0x0000000100000000)
  eden space 33280K, 44% used [0x00000000d5700000,0x00000000d655f408,0x00000000d7780000)
  from space 5120K, 0% used [0x00000000d7c80000,0x00000000d7c80000,0x00000000d8180000)
  to   space 5120K, 0% used [0x00000000d7780000,0x00000000d7780000,0x00000000d7c80000)
 ParOldGen       total 87552K, used 0K [0x0000000080400000, 0x0000000085980000, 0x00000000d5700000)
  object space 87552K, 0% used [0x0000000080400000,0x0000000080400000,0x0000000085980000)
 Metaspace       used 15224K, capacity 15488K, committed 15616K, reserved 1062912K
  class space    used 1932K, capacity 2024K, committed 2048K, reserved 1048576K

Card table byte_map: [0x0000000011d80000,0x0000000012180000] byte_map_base: 0x000000001197e000

Marking Bits: (ParMarkBitMap*) 0x000000005d6a64f0
 Begin Bits: [0x0000000012de0000, 0x0000000014dd0000)
 End Bits:   [0x0000000014dd0000, 0x0000000016dc0000)

Polling page: 0x0000000000340000

CodeCache: size=245760Kb used=4760Kb max_used=4760Kb free=240999Kb
 bounds [0x00000000029c0000, 0x0000000002e70000, 0x00000000119c0000]
 total_blobs=2019 nmethods=1482 adapters=450
 compilation: enabled

Compilation events (10 events):
Event: 60.506 Thread 0x0000000058c8d800 1479       3       java.awt.font.TextLine::firstVisualChunk (36 bytes)
Event: 60.506 Thread 0x0000000058c8d800 nmethod 1479 0x0000000002e64150 code [0x0000000002e642c0, 0x0000000002e64590]
Event: 60.506 Thread 0x0000000058c8d800 1480       3       sun.font.TextLabelFactory::createExtended (204 bytes)
Event: 60.508 Thread 0x0000000058c8d800 nmethod 1480 0x0000000002e64710 code [0x0000000002e649c0, 0x0000000002e65d78]
Event: 60.508 Thread 0x0000000058c8d800 1481       3       java.awt.font.TextLine::expandArray (20 bytes)
Event: 60.508 Thread 0x0000000058c8d800 nmethod 1481 0x0000000002e66850 code [0x0000000002e669c0, 0x0000000002e66c28]
Event: 60.508 Thread 0x0000000058c8d800 1482       3       sun.font.StandardGlyphVector::getLogicalBounds (84 bytes)
Event: 60.509 Thread 0x0000000058c8d800 nmethod 1482 0x0000000002e66d10 code [0x0000000002e66f40, 0x0000000002e67848]
Event: 60.509 Thread 0x0000000058c8d800 1474       3       java.awt.geom.Point2D$Float::<init> (15 bytes)
Event: 60.509 Thread 0x0000000058c8d800 nmethod 1474 0x0000000002e67ed0 code [0x0000000002e68040, 0x0000000002e68250]

GC Heap History (0 events):
No events

Deoptimization events (10 events):
Event: 0.321 Thread 0x000000005af1e000 Uncommon trap: reason=unstable_if action=reinterpret pc=0x0000000002bd88a8 method=java.util.HashMap.putVal(ILjava/lang/Object;Ljava/lang/Object;ZZ)Ljava/lang/Object; @ 109
Event: 0.334 Thread 0x000000005af1e000 Uncommon trap: reason=unstable_if action=reinterpret pc=0x0000000002bf315c method=java.io.BufferedInputStream.read()I @ 8
Event: 51.677 Thread 0x000000005af1e000 Uncommon trap: reason=class_check action=maybe_recompile pc=0x0000000002b33258 method=java.lang.String.equals(Ljava/lang/Object;)Z @ 8
Event: 51.677 Thread 0x000000005af1e000 Uncommon trap: reason=class_check action=maybe_recompile pc=0x0000000002b33258 method=java.lang.String.equals(Ljava/lang/Object;)Z @ 8
Event: 51.688 Thread 0x000000005af1e000 Uncommon trap: reason=unstable_if action=reinterpret pc=0x0000000002bdee98 method=java.util.HashMap.putVal(ILjava/lang/Object;Ljava/lang/Object;ZZ)Ljava/lang/Object; @ 109
Event: 52.678 Thread 0x000000005af1e000 Uncommon trap: reason=class_check action=maybe_recompile pc=0x0000000002b33258 method=java.lang.String.equals(Ljava/lang/Object;)Z @ 8
Event: 52.678 Thread 0x000000005af1e000 Uncommon trap: reason=class_check action=maybe_recompile pc=0x0000000002b33258 method=java.lang.String.equals(Ljava/lang/Object;)Z @ 8
Event: 60.092 Thread 0x000000005af1e000 Uncommon trap: reason=unstable_if action=reinterpret pc=0x0000000002be8f8c method=java.lang.String.<init>([CII)V @ 18
Event: 60.257 Thread 0x000000005af1e000 Uncommon trap: reason=unstable_if action=reinterpret pc=0x0000000002c7d150 method=sun.font.CMap.getControlCodeGlyph(IZ)I @ 3
Event: 60.257 Thread 0x000000005af1e000 Uncommon trap: reason=unstable_if action=reinterpret pc=0x0000000002c70888 method=sun.font.FileFontStrike.getGlyphMetrics(IZ)Ljava/awt/geom/Point2D$Float; @ 11

Internal exceptions (10 events):
Event: 0.193 Thread 0x00000000021be800 Exception <a 'java/lang/ClassNotFoundException': ToolBar> (0x00000000d5b70b48) thrown at [D:\re\workspace\8-2-build-windows-amd64-cygwin\jdk8u92\6642\hotspot\src\share\vm\classfile\systemDictionary.cpp, line 210]
Event: 0.193 Thread 0x00000000021be800 Exception <a 'java/lang/ClassNotFoundException': ToggleButton> (0x00000000d5b710f8) thrown at [D:\re\workspace\8-2-build-windows-amd64-cygwin\jdk8u92\6642\hotspot\src\share\vm\classfile\systemDictionary.cpp, line 210]
Event: 0.193 Thread 0x00000000021be800 Exception <a 'java/lang/ClassNotFoundException': javax/swing/JToolBarSeparator> (0x00000000d5b71558) thrown at [D:\re\workspace\8-2-build-windows-amd64-cygwin\jdk8u92\6642\hotspot\src\share\vm\classfile\systemDictionary.cpp, line 210]
Event: 0.193 Thread 0x00000000021be800 Exception <a 'java/lang/ClassNotFoundException': ToolBarSeparator> (0x00000000d5b719f0) thrown at [D:\re\workspace\8-2-build-windows-amd64-cygwin\jdk8u92\6642\hotspot\src\share\vm\classfile\systemDictionary.cpp, line 210]
Event: 0.193 Thread 0x00000000021be800 Exception <a 'java/lang/ClassNotFoundException': ToolTip> (0x00000000d5b72130) thrown at [D:\re\workspace\8-2-build-windows-amd64-cygwin\jdk8u92\6642\hotspot\src\share\vm\classfile\systemDictionary.cpp, line 210]
Event: 0.193 Thread 0x00000000021be800 Exception <a 'java/lang/ClassNotFoundException': Tree> (0x00000000d5b72d50) thrown at [D:\re\workspace\8-2-build-windows-amd64-cygwin\jdk8u92\6642\hotspot\src\share\vm\classfile\systemDictionary.cpp, line 210]
Event: 0.193 Thread 0x00000000021be800 Exception <a 'java/lang/ClassNotFoundException': Tree> (0x00000000d5b73490) thrown at [D:\re\workspace\8-2-build-windows-amd64-cygwin\jdk8u92\6642\hotspot\src\share\vm\classfile\systemDictionary.cpp, line 210]
Event: 0.193 Thread 0x00000000021be800 Exception <a 'java/lang/ClassNotFoundException': javax/swing/JTreeCell> (0x00000000d5b73810) thrown at [D:\re\workspace\8-2-build-windows-amd64-cygwin\jdk8u92\6642\hotspot\src\share\vm\classfile\systemDictionary.cpp, line 210]
Event: 0.194 Thread 0x00000000021be800 Exception <a 'java/lang/ClassNotFoundException': TreeCell> (0x00000000d5b73c98) thrown at [D:\re\workspace\8-2-build-windows-amd64-cygwin\jdk8u92\6642\hotspot\src\share\vm\classfile\systemDictionary.cpp, line 210]
Event: 0.194 Thread 0x00000000021be800 Exception <a 'java/lang/ClassNotFoundException': RootPane> (0x00000000d5b746f8) thrown at [D:\re\workspace\8-2-build-windows-amd64-cygwin\jdk8u92\6642\hotspot\src\share\vm\classfile\systemDictionary.cpp, line 210]

Events (10 events):
Event: 60.258 loading class javax/swing/text/AbstractDocument$UndoRedoDocumentEvent
Event: 60.259 loading class javax/swing/text/AbstractDocument$UndoRedoDocumentEvent done
Event: 60.259 loading class javax/swing/event/CaretListener
Event: 60.259 loading class javax/swing/event/CaretListener done
Event: 60.259 loading class javax/swing/text/DefaultCaret$1
Event: 60.259 loading class javax/swing/text/DefaultCaret$1 done
Event: 60.260 loading class javax/swing/event/UndoableEditEvent
Event: 60.260 loading class javax/swing/event/UndoableEditEvent done
Event: 60.260 loading class javax/swing/event/UndoableEditListener
Event: 60.260 loading class javax/swing/event/UndoableEditListener done


Dynamic libraries:
0x000000013f030000 - 0x000000013f067000 	C:\Program Files\Java\jdk1.8.0_92\bin\java.exe
0x0000000076f30000 - 0x00000000770dc000 	C:\Windows\SYSTEM32\ntdll.dll
0x0000000076850000 - 0x000000007696f000 	C:\Windows\system32\kernel32.dll
0x000007fefd450000 - 0x000007fefd4bc000 	C:\Windows\system32\KERNELBASE.dll
0x000007fefd790000 - 0x000007fefd86b000 	C:\Windows\system32\ADVAPI32.dll
0x000007fefde10000 - 0x000007fefdeaf000 	C:\Windows\system32\msvcrt.dll
0x000007fefd770000 - 0x000007fefd78f000 	C:\Windows\SYSTEM32\sechost.dll
0x000007fefdb50000 - 0x000007fefdc7e000 	C:\Windows\system32\RPCRT4.dll
0x0000000076cd0000 - 0x0000000076dca000 	C:\Windows\system32\USER32.dll
0x000007fefd8c0000 - 0x000007fefd927000 	C:\Windows\system32\GDI32.dll
0x000007fefd930000 - 0x000007fefd93e000 	C:\Windows\system32\LPK.dll
0x000007fefdc80000 - 0x000007fefdd4a000 	C:\Windows\system32\USP10.dll
0x000007fefbe10000 - 0x000007fefc004000 	C:\Windows\WinSxS\amd64_microsoft.windows.common-controls_6595b64144ccf1df_6.0.7600.16661_none_fa62ad231704eab7\COMCTL32.dll
0x000007fefefe0000 - 0x000007feff051000 	C:\Windows\system32\SHLWAPI.dll
0x000007fefe110000 - 0x000007fefe13e000 	C:\Windows\system32\IMM32.DLL
0x000007fefe140000 - 0x000007fefe249000 	C:\Windows\system32\MSCTF.dll
0x000000006ef90000 - 0x000000006f062000 	C:\Program Files\Java\jdk1.8.0_92\jre\bin\msvcr100.dll
0x000000005ce90000 - 0x000000005d726000 	C:\Program Files\Java\jdk1.8.0_92\jre\bin\server\jvm.dll
0x000007fef8580000 - 0x000007fef8589000 	C:\Windows\system32\WSOCK32.dll
0x000007fefd870000 - 0x000007fefd8bd000 	C:\Windows\system32\WS2_32.dll
0x000007fefd940000 - 0x000007fefd948000 	C:\Windows\system32\NSI.dll
0x000007fefa450000 - 0x000007fefa48b000 	C:\Windows\system32\WINMM.dll
0x000007fefc4a0000 - 0x000007fefc4ac000 	C:\Windows\system32\VERSION.dll
0x00000000770f0000 - 0x00000000770f7000 	C:\Windows\system32\PSAPI.DLL
0x000000006f280000 - 0x000000006f28f000 	C:\Program Files\Java\jdk1.8.0_92\jre\bin\verify.dll
0x000000006f200000 - 0x000000006f229000 	C:\Program Files\Java\jdk1.8.0_92\jre\bin\java.dll
0x000000006f260000 - 0x000000006f276000 	C:\Program Files\Java\jdk1.8.0_92\jre\bin\zip.dll
0x000007fefe250000 - 0x000007fefefd7000 	C:\Windows\system32\SHELL32.dll
0x000007fefdf00000 - 0x000007fefe102000 	C:\Windows\system32\ole32.dll
0x000007fefd3a0000 - 0x000007fefd3af000 	C:\Windows\system32\profapi.dll
0x000000006dc60000 - 0x000000006ddf8000 	C:\Program Files\Java\jdk1.8.0_92\jre\bin\awt.dll
0x000007fefd9d0000 - 0x000007fefdaa7000 	C:\Windows\system32\OLEAUT32.dll
0x000007fefbad0000 - 0x000007fefbb26000 	C:\Windows\system32\uxtheme.dll
0x000007fefb6f0000 - 0x000007fefb708000 	C:\Windows\system32\dwmapi.dll
0x000007fefd290000 - 0x000007fefd29f000 	C:\Windows\system32\CRYPTBASE.dll
0x000000006ec70000 - 0x000000006ecb7000 	C:\Program Files\Java\jdk1.8.0_92\jre\bin\fontmanager.dll
0x000007fef11b0000 - 0x000007fef13af000 	C:\Windows\system32\d3d9.dll
0x000007fef6b70000 - 0x000007fef6b77000 	C:\Windows\system32\d3d8thk.dll
0x000007feee740000 - 0x000007feef5b4000 	C:\Windows\system32\nvd3dumx.dll
0x000007fefbd30000 - 0x000007fefbd5c000 	C:\Windows\system32\powrprof.dll
0x000007feff060000 - 0x000007feff237000 	C:\Windows\system32\SETUPAPI.dll
0x000007fefd5a0000 - 0x000007fefd5d6000 	C:\Windows\system32\CFGMGR32.dll
0x000007fefd5e0000 - 0x000007fefd5fa000 	C:\Windows\system32\DEVOBJ.dll
0x000007feefe40000 - 0x000007feeff98000 	C:\Program Files (x86)\NVIDIA Corporation\3D Vision\nvSCPAPI64.dll
0x000000006f1e0000 - 0x000000006f1fa000 	C:\Program Files\Java\jdk1.8.0_92\jre\bin\net.dll
0x000007fefcbd0000 - 0x000007fefcc24000 	C:\Windows\system32\mswsock.dll
0x000007fefcbc0000 - 0x000007fefcbc7000 	C:\Windows\System32\wship6.dll
0x000000006ef70000 - 0x000000006ef81000 	C:\Program Files\Java\jdk1.8.0_92\jre\bin\nio.dll
0x000000006e480000 - 0x000000006e4c2000 	C:\Program Files\Java\jdk1.8.0_92\jre\bin\t2k.dll
0x000007feee250000 - 0x000007feee2be000 	C:\vtkBin\bin\vtkCommonJava.dll
0x000007fee8d10000 - 0x000007fee8f58000 	C:\vtkBin\bin\vtkCommon.dll
0x000007feee2e0000 - 0x000007feee323000 	C:\vtkBin\bin\vtksys.dll
0x0000000067160000 - 0x00000000671f8000 	C:\Windows\system32\MSVCP100.dll
0x000007fee9110000 - 0x000007fee91b0000 	C:\vtkBin\bin\vtkFilteringJava.dll
0x000007fee8a10000 - 0x000007fee8d0c000 	C:\vtkBin\bin\vtkFiltering.dll
0x000007fee90b0000 - 0x000007fee9106000 	C:\vtkBin\bin\vtkIOJava.dll
0x000007fee85e0000 - 0x000007fee8a04000 	C:\vtkBin\bin\vtkIO.dll
0x000007fee9080000 - 0x000007fee90a2000 	C:\vtkBin\bin\vtkDICOMParser.dll
0x000007fee8fb0000 - 0x000007fee9076000 	C:\vtkBin\bin\vtkNetCDF.dll
0x000007fee83d0000 - 0x000007fee85dd000 	C:\vtkBin\bin\vtkhdf5.dll
0x000007feee2c0000 - 0x000007feee2d4000 	C:\vtkBin\bin\vtkzlib.dll
0x000007fee8f80000 - 0x000007fee8fad000 	C:\vtkBin\bin\vtkhdf5_hl.dll
0x000007feefe00000 - 0x000007feefe20000 	C:\vtkBin\bin\vtkNetCDF_cxx.dll
0x000007fee8f60000 - 0x000007fee8f78000 	C:\vtkBin\bin\LSDyna.dll
0x000007fee82b0000 - 0x000007fee833f000 	C:\vtkBin\bin\vtkmetaio.dll
0x000007fee83a0000 - 0x000007fee83c4000 	C:\vtkBin\bin\vtkpng.dll
0x000007fee8370000 - 0x000007fee8397000 	C:\vtkBin\bin\vtkjpeg.dll
0x000007fee8250000 - 0x000007fee82a1000 	C:\vtkBin\bin\vtktiff.dll
0x000007fee8340000 - 0x000007fee8363000 	C:\vtkBin\bin\vtkexpat.dll
0x000007fee8210000 - 0x000007fee822f000 	C:\Windows\system32\AVIFIL32.dll
0x000007fee8230000 - 0x000007fee8248000 	C:\Windows\system32\MSACM32.dll
0x000007fee81b0000 - 0x000007fee81d9000 	C:\Windows\system32\MSVFW32.dll
0x000007fee8160000 - 0x000007fee81a7000 	C:\vtkBin\bin\vtkImagingJava.dll
0x000007fee7ed0000 - 0x000007fee8159000 	C:\vtkBin\bin\vtkImaging.dll
0x000007fee7e30000 - 0x000007fee7ec7000 	C:\vtkBin\bin\vtkGraphicsJava.dll
0x000007fee7930000 - 0x000007fee7e22000 	C:\vtkBin\bin\vtkGraphics.dll
0x000007fee81e0000 - 0x000007fee8210000 	C:\vtkBin\bin\vtkverdict.dll
0x000007fee7810000 - 0x000007fee7899000 	C:\vtkBin\bin\vtkRenderingJava.dll
0x000007fee6e40000 - 0x000007fee71db000 	C:\vtkBin\bin\vtkRendering.dll
0x000007fef2590000 - 0x000007fef259f000 	C:\vtkBin\bin\vtkftgl.dll
0x000007fef68c0000 - 0x000007fef69dd000 	C:\Windows\system32\OPENGL32.dll
0x000007fef6890000 - 0x000007fef68bd000 	C:\Windows\system32\GLU32.dll
0x000007fef6790000 - 0x000007fef6881000 	C:\Windows\system32\DDRAW.dll
0x000007fef98a0000 - 0x000007fef98a8000 	C:\Windows\system32\DCIMAN32.dll
0x000007fee78b0000 - 0x000007fee7925000 	C:\vtkBin\bin\vtkfreetype.dll
0x00000000700b0000 - 0x00000000700b7000 	C:\vtkBin\bin\jawt.dll
0x000007fee7750000 - 0x000007fee77a1000 	C:\vtkBin\bin\vtkHybridJava.dll
0x000007fee7380000 - 0x000007fee7573000 	C:\vtkBin\bin\vtkHybrid.dll
0x000007fee77c0000 - 0x000007fee7801000 	C:\vtkBin\bin\vtkexoIIc.dll
0x000007fee7730000 - 0x000007fee7747000 	C:\Windows\system32\AVICAP32.dll
0x000007fee7350000 - 0x000007fee7375000 	C:\vtkBin\bin\vtkVolumeRenderingJava.dll
0x000007fee6a10000 - 0x000007fee6e31000 	C:\vtkBin\bin\vtkVolumeRendering.dll
0x000007fee72f0000 - 0x000007fee734c000 	C:\vtkBin\bin\vtkWidgetsJava.dll
0x000007fee68b0000 - 0x000007fee6a0e000 	C:\vtkBin\bin\vtkWidgets.dll
0x000000006e450000 - 0x000000006e47a000 	C:\Program Files\Java\jdk1.8.0_92\jre\bin\dcpr.dll
0x0000000131010000 - 0x0000000132ac8000 	C:\Windows\system32\nvoglv64.DLL
0x000007fefd560000 - 0x000007fefd599000 	C:\Windows\system32\WINTRUST.dll
0x000007fefd600000 - 0x000007fefd76a000 	C:\Windows\system32\CRYPT32.dll
0x000007fefd440000 - 0x000007fefd44f000 	C:\Windows\system32\MSASN1.dll
0x000007fef9a80000 - 0x000007fef9aad000 	C:\Windows\system32\ntmarta.dll
0x000007fefdeb0000 - 0x000007fefdf00000 	C:\Windows\system32\WLDAP32.dll
0x000007fef3740000 - 0x000007fef3865000 	C:\Windows\system32\dbghelp.dll

VM Arguments:
jvm_args: -Dfile.encoding=UTF-8 
java_command: volume_ct.Main
java_class_path (initial): C:\vtkBin\bin\vtk.jar;C:\Program Files\NetBeans 8.0.2\java\modules\ext\beansbinding-1.2.1.jar;C:\Users\IMG_1\Desktop\project_vtk\volume_ct\build\classes
Launcher Type: SUN_STANDARD

Environment Variables:
CLASSPATH=C:\Users\IMG_1\Downloads\JavaCV\opencv\build\x86\vc10\lib;
PATH=C:\ProgramData\Oracle\Java\javapath;C:\Program Files\NVIDIA GPU Computing Toolkit\CUDA\v5.5\bin;C:\Program Files\NVIDIA GPU Computing Toolkit\CUDA\v5.5\libnvvp;C:\Program Files\Common Files\Microsoft Shared\Windows Live;C:\Program Files (x86)\Common Files\Microsoft Shared\Windows Live;C:\Program Files (x86)\NVIDIA Corporation\PhysX\Common;C:\Windows\system32;C:\Windows;C:\Windows\System32\Wbem;C:\Windows\System32\WindowsPowerShell\v1.0\;C:\Program Files (x86)\Microsoft SQL Server\90\Tools\binn\;C:\Program Files (x86)\Windows Live\Shared;C:\ProgramData\NVIDIA Corporation\NVIDIA GPU Computing SDK 4.2\C\common\bin;C:\Program Files\Microsoft\Web Platform Installer\;C:\Program Files (x86)\Microsoft ASP.NET\ASP.NET Web Pages\v1.0\;C:\Program Files\Microsoft SQL Server\110\Tools\Binn\;C:\Program Files (x86)\CMake\bin;C:\Program Files\MATLAB\R2013a\bin;C:\Program Files\Git\cmd;D:\laragon\bin\php\php-5.6.13;C:\ProgramData\ComposerSetup\bin;C:\lib\opencv\x64;C:\Program Files\ImageJ\plugins;C:\Program Files\ImageJ;C:\vtkBin\bin;C:\simpleitk;C:\Users\IMG_1\Downloads\JavaCV\opencv\build\common\tbb\ia32\vc10; C:\Users\IMG_1\Downloads\JavaCV\opencv\build\x86\vc10;C:\Users\IMG_1\Downloads\JavaCV\opencv\build\x64\vc10;C:\MinGW\bin;C:\MinGW\msys\1.0\bin;C:\Users\IMG_1\Desktop\vtk_bin07\bin\Debug;C:\Users\IMG_1\Desktop\vtk_12\bin\Release
USERNAME=IMG_1
OS=Windows_NT
PROCESSOR_IDENTIFIER=Intel64 Family 6 Model 42 Stepping 7, GenuineIntel



---------------  S Y S T E M  ---------------

OS: Windows 7 , 64 bit Build 7600 (6.1.7600.17206)

CPU:total 8 (4 cores per cpu, 2 threads per core) family 6 model 42 stepping 7, cmov, cx8, fxsr, mmx, sse, sse2, sse3, ssse3, sse4.1, sse4.2, popcnt, aes, clmul, ht, tsc, tscinvbit

Memory: 4k page, physical 8370488k(727836k free), swap 16739068k(6078304k free)

vm_info: Java HotSpot(TM) 64-Bit Server VM (25.92-b14) for windows-amd64 JRE (1.8.0_92-b14), built on Mar 31 2016 21:03:04 by "java_re" with MS VC++ 10.0 (VS2010)

time: Mon Jul 04 14:10:11 2016
elapsed time: 60 seconds (0d 0h 1m 0s)

