#
# A fatal error has been detected by the Java Runtime Environment:
#
#  EXCEPTION_ACCESS_VIOLATION (0xc0000005) at pc=0x000007fee9604613, pid=3048, tid=0x000000000000105c
#
# JRE version: Java(TM) SE Runtime Environment (8.0_92-b14) (build 1.8.0_92-b14)
# Java VM: Java HotSpot(TM) 64-Bit Server VM (25.92-b14 mixed mode windows-amd64 compressed oops)
# Problematic frame:
# C  [vtkRenderingJava.dll+0x4613]
#
# Failed to write core dump. Minidumps are not enabled by default on client versions of Windows
#
# If you would like to submit a bug report, please visit:
#   http://bugreport.java.com/bugreport/crash.jsp
# The crash happened outside the Java Virtual Machine in native code.
# See problematic frame for where to report the bug.
#

---------------  T H R E A D  ---------------

Current thread (0x000000001ae5c800):  JavaThread "AWT-EventQueue-0" [_thread_in_native, id=4188, stack(0x000000001c1c0000,0x000000001c2c0000)]

siginfo: ExceptionCode=0xc0000005, reading address 0xffffffffffffffff

Registers:
RAX=0x0000000018e45320, RBX=0x000000001781d120, RCX=0x0000000018e45320, RDX=0x000000003399bad0
RSP=0x000000001c2bc898, RBP=0x000000001c2bc918, RSI=0x00000000173f0480, RDI=0x000000000290835d
R8 =0x000000001b2bfe20, R9 =0x00000000d6128fc8, R10=0x000000000000001e, R11=0x0000000057878198
R12=0x0000000000000000, R13=0x000000001781d120, R14=0x000000001c2bc940, R15=0x000000001ae5c800
RIP=0x000007fee9604613, EFLAGS=0x0000000000010206

Top of Stack: (sp=0x000000001c2bc898)
0x000000001c2bc898:   0000000002917994 000000001781d120
0x000000001c2bc8a8:   00000000173f0480 000000001c2bc8f8
0x000000001c2bc8b8:   000000001de3f148 0000000000000000
0x000000001c2bc8c8:   000000001780a008 0000000000000000
0x000000001c2bc8d8:   000000001c2bc8d8 0000000000000000
0x000000001c2bc8e8:   000000001c2bc940 000000001de60698
0x000000001c2bc8f8:   0000000000000000 000000001781d120
0x000000001c2bc908:   0000000000000000 000000001c2bc938
0x000000001c2bc918:   000000001c2bc988 000000000290835d
0x000000001c2bc928:   0000000000000000 00000000029119d8
0x000000001c2bc938:   00000000d6433198 00000000d6128fc8
0x000000001c2bc948:   000000001c2bc948 000000001781d1ba
0x000000001c2bc958:   000000001c2bc9a0 000000001de60698
0x000000001c2bc968:   0000000000000000 000000001781d1c8
0x000000001c2bc978:   000000001c2bc938 000000001c2bc998
0x000000001c2bc988:   000000001c2bc9e8 000000000290835d 

Instructions: (pc=0x000007fee9604613)
0x000007fee96045f3:   48 8b d8 e8 39 18 02 00 48 8b d3 4c 8b 00 48 8b
0x000007fee9604603:   c8 48 8b 5c 24 30 48 8b 74 24 38 48 83 c4 20 5f
0x000007fee9604613:   49 ff a0 e8 02 00 00 cc cc cc cc cc cc 40 53 48
0x000007fee9604623:   83 ec 20 41 8b d8 e8 06 18 02 00 8b d3 4c 8b 08 


Register to memory mapping:

RAX=0x0000000018e45320 is an unknown value
RBX={method} {0x000000001781d128} 'SetMapper_16' '(Lvtk/vtkMapper;)V' in 'vtk/vtkActor'
RCX=0x0000000018e45320 is an unknown value
RDX=0x000000003399bad0 is an unknown value
RSP=0x000000001c2bc898 is pointing into the stack for thread: 0x000000001ae5c800
RBP=0x000000001c2bc918 is pointing into the stack for thread: 0x000000001ae5c800
RSI={method} {0x00000000173f0488} '<init>' '()V' in 'java/lang/Object'
RDI=0x000000000290835d is at code_begin+2301 in an Interpreter codelet
invoke return entry points  [0x0000000002907a60, 0x0000000002908440]  2528 bytes
R8 =0x000000001b2bfe20 is an unknown value
R9 =0x00000000d6128fc8 is an oop
vtk.vtkActor 
 - klass: 'vtk/vtkActor'
R10=0x000000000000001e is an unknown value
R11=0x0000000057878198 is an unknown value
R12=0x0000000000000000 is an unknown value
R13={method} {0x000000001781d128} 'SetMapper_16' '(Lvtk/vtkMapper;)V' in 'vtk/vtkActor'
R14=0x000000001c2bc940 is pointing into the stack for thread: 0x000000001ae5c800
R15=0x000000001ae5c800 is a thread


Stack: [0x000000001c1c0000,0x000000001c2c0000],  sp=0x000000001c2bc898,  free space=1010k
Native frames: (J=compiled Java code, j=interpreted, Vv=VM code, C=native code)
C  [vtkRenderingJava.dll+0x4613]
C  0x0000000002917994

Java frames: (J=compiled Java code, j=interpreted, Vv=VM code)
j  vtk.vtkActor.SetMapper_16(Lvtk/vtkMapper;)V+0
j  vtk.vtkActor.SetMapper(Lvtk/vtkMapper;)V+2
j  volume_ct.Main.jButton1ActionPerformed(Ljava/awt/event/ActionEvent;)V+26
j  volume_ct.Main.access$100(Lvolume_ct/Main;Ljava/awt/event/ActionEvent;)V+2
j  volume_ct.Main$2.actionPerformed(Ljava/awt/event/ActionEvent;)V+5
j  javax.swing.AbstractButton.fireActionPerformed(Ljava/awt/event/ActionEvent;)V+83
j  javax.swing.AbstractButton$Handler.actionPerformed(Ljava/awt/event/ActionEvent;)V+5
j  javax.swing.DefaultButtonModel.fireActionPerformed(Ljava/awt/event/ActionEvent;)V+34
j  javax.swing.DefaultButtonModel.setPressed(Z)V+117
j  javax.swing.plaf.basic.BasicButtonListener.mouseReleased(Ljava/awt/event/MouseEvent;)V+35
j  java.awt.Component.processMouseEvent(Ljava/awt/event/MouseEvent;)V+64
j  javax.swing.JComponent.processMouseEvent(Ljava/awt/event/MouseEvent;)V+23
j  java.awt.Component.processEvent(Ljava/awt/AWTEvent;)V+81
j  java.awt.Container.processEvent(Ljava/awt/AWTEvent;)V+18
J 1248 C1 java.awt.Component.dispatchEventImpl(Ljava/awt/AWTEvent;)V (883 bytes) @ 0x0000000002ce747c [0x0000000002ce1f80+0x54fc]
J 1317 C1 java.awt.Container.dispatchEventImpl(Ljava/awt/AWTEvent;)V (129 bytes) @ 0x0000000002d36ac4 [0x0000000002d36980+0x144]
J 1318 C1 java.awt.Component.dispatchEvent(Ljava/awt/AWTEvent;)V (6 bytes) @ 0x0000000002d37a84 [0x0000000002d37980+0x104]
j  java.awt.LightweightDispatcher.retargetMouseEvent(Ljava/awt/Component;ILjava/awt/event/MouseEvent;)V+327
j  java.awt.LightweightDispatcher.processMouseEvent(Ljava/awt/event/MouseEvent;)Z+155
j  java.awt.LightweightDispatcher.dispatchEvent(Ljava/awt/AWTEvent;)Z+50
J 1317 C1 java.awt.Container.dispatchEventImpl(Ljava/awt/AWTEvent;)V (129 bytes) @ 0x0000000002d36a64 [0x0000000002d36980+0xe4]
j  java.awt.Window.dispatchEventImpl(Ljava/awt/AWTEvent;)V+19
J 1187 C1 java.awt.EventQueue.dispatchEventImpl(Ljava/awt/AWTEvent;Ljava/lang/Object;)V (149 bytes) @ 0x0000000002cb73bc [0x0000000002cb5b80+0x183c]
J 1185 C1 java.awt.EventQueue$3.run()Ljava/lang/Void; (60 bytes) @ 0x0000000002cb4f8c [0x0000000002cb4d80+0x20c]
J 1184 C1 java.awt.EventQueue$3.run()Ljava/lang/Object; (5 bytes) @ 0x0000000002cb4a0c [0x0000000002cb4980+0x8c]
v  ~StubRoutines::call_stub
J 1070  java.security.AccessController.doPrivileged(Ljava/security/PrivilegedAction;Ljava/security/AccessControlContext;)Ljava/lang/Object; (0 bytes) @ 0x0000000002c68b26 [0x0000000002c68ac0+0x66]
J 1281 C1 java.awt.EventQueue$4.run()Ljava/lang/Object; (5 bytes) @ 0x0000000002cf956c [0x0000000002cf9140+0x42c]
v  ~StubRoutines::call_stub
J 1070  java.security.AccessController.doPrivileged(Ljava/security/PrivilegedAction;Ljava/security/AccessControlContext;)Ljava/lang/Object; (0 bytes) @ 0x0000000002c68b26 [0x0000000002c68ac0+0x66]
J 1141 C1 java.awt.EventQueue.dispatchEvent(Ljava/awt/AWTEvent;)V (80 bytes) @ 0x0000000002c9573c [0x0000000002c948c0+0xe7c]
J 1143 C1 java.awt.EventDispatchThread.pumpOneEventForFilters(I)V (295 bytes) @ 0x0000000002c98a34 [0x0000000002c96d80+0x1cb4]
j  java.awt.EventDispatchThread.pumpEventsForFilter(ILjava/awt/Conditional;Ljava/awt/EventFilter;)V+35
j  java.awt.EventDispatchThread.pumpEventsForHierarchy(ILjava/awt/Conditional;Ljava/awt/Component;)V+11
j  java.awt.EventDispatchThread.pumpEvents(ILjava/awt/Conditional;)V+4
j  java.awt.EventDispatchThread.pumpEvents(Ljava/awt/Conditional;)V+3
j  java.awt.EventDispatchThread.run()V+9
v  ~StubRoutines::call_stub

---------------  P R O C E S S  ---------------

Java Threads: ( => current thread )
  0x0000000018f63800 JavaThread "D3D Screen Updater" daemon [_thread_blocked, id=5816, stack(0x000000001daf0000,0x000000001dbf0000)]
  0x000000001aed5800 JavaThread "TimerQueue" daemon [_thread_blocked, id=4392, stack(0x000000001dc10000,0x000000001dd10000)]
  0x000000000047e800 JavaThread "DestroyJavaVM" [_thread_blocked, id=5000, stack(0x0000000002530000,0x0000000002630000)]
=>0x000000001ae5c800 JavaThread "AWT-EventQueue-0" [_thread_in_native, id=4188, stack(0x000000001c1c0000,0x000000001c2c0000)]
  0x000000001adae000 JavaThread "AWT-Windows" daemon [_thread_in_native, id=5464, stack(0x000000001b4e0000,0x000000001b5e0000)]
  0x000000001adaa000 JavaThread "AWT-Shutdown" [_thread_blocked, id=3584, stack(0x000000001b830000,0x000000001b930000)]
  0x000000001ada9000 JavaThread "Java2D Disposer" daemon [_thread_blocked, id=5448, stack(0x000000001b600000,0x000000001b700000)]
  0x0000000018e27800 JavaThread "Service Thread" daemon [_thread_blocked, id=5940, stack(0x000000001a730000,0x000000001a830000)]
  0x0000000018da2000 JavaThread "C1 CompilerThread3" daemon [_thread_blocked, id=5240, stack(0x000000001aa50000,0x000000001ab50000)]
  0x0000000018d99000 JavaThread "C2 CompilerThread2" daemon [_thread_blocked, id=1968, stack(0x000000001a870000,0x000000001a970000)]
  0x0000000018d94000 JavaThread "C2 CompilerThread1" daemon [_thread_blocked, id=3256, stack(0x000000001a590000,0x000000001a690000)]
  0x0000000018d8c800 JavaThread "C2 CompilerThread0" daemon [_thread_blocked, id=6128, stack(0x000000001a180000,0x000000001a280000)]
  0x0000000018d8a000 JavaThread "Attach Listener" daemon [_thread_blocked, id=1240, stack(0x000000001a450000,0x000000001a550000)]
  0x0000000018d88800 JavaThread "Signal Dispatcher" daemon [_thread_blocked, id=5112, stack(0x000000001a2d0000,0x000000001a3d0000)]
  0x0000000017ddf000 JavaThread "Finalizer" daemon [_thread_blocked, id=4424, stack(0x000000001a020000,0x000000001a120000)]
  0x0000000017dd6800 JavaThread "Reference Handler" daemon [_thread_blocked, id=4684, stack(0x0000000019ef0000,0x0000000019ff0000)]

Other Threads:
  0x0000000018d31000 VMThread [stack: 0x0000000019cf0000,0x0000000019df0000] [id=5292]
  0x0000000018e8c800 WatcherThread [stack: 0x000000001abb0000,0x000000001acb0000] [id=6060]

VM state:not at safepoint (normal execution)

VM Mutex/Monitor currently owned by a thread: None

Heap:
 PSYoungGen      total 38400K, used 14011K [0x00000000d5700000, 0x00000000d8180000, 0x0000000100000000)
  eden space 33280K, 42% used [0x00000000d5700000,0x00000000d64aecb8,0x00000000d7780000)
  from space 5120K, 0% used [0x00000000d7c80000,0x00000000d7c80000,0x00000000d8180000)
  to   space 5120K, 0% used [0x00000000d7780000,0x00000000d7780000,0x00000000d7c80000)
 ParOldGen       total 87552K, used 0K [0x0000000080400000, 0x0000000085980000, 0x00000000d5700000)
  object space 87552K, 0% used [0x0000000080400000,0x0000000080400000,0x0000000085980000)
 Metaspace       used 14886K, capacity 15116K, committed 15360K, reserved 1062912K
  class space    used 1902K, capacity 1984K, committed 2048K, reserved 1048576K

Card table byte_map: [0x0000000011cc0000,0x00000000120c0000] byte_map_base: 0x00000000118be000

Marking Bits: (ParMarkBitMap*) 0x00000000578864f0
 Begin Bits: [0x0000000013010000, 0x0000000015000000)
 End Bits:   [0x0000000015000000, 0x0000000016ff0000)

Polling page: 0x00000000001c0000

CodeCache: size=245760Kb used=4392Kb max_used=4392Kb free=241367Kb
 bounds [0x0000000002900000, 0x0000000002d50000, 0x0000000011900000]
 total_blobs=1871 nmethods=1340 adapters=444
 compilation: enabled

Compilation events (10 events):
Event: 12.945 Thread 0x0000000018da2000 1336       3       java.awt.Component::getBounds (5 bytes)
Event: 12.946 Thread 0x0000000018da2000 nmethod 1336 0x0000000002d4abd0 code [0x0000000002d4ad60, 0x0000000002d4b190]
Event: 12.946 Thread 0x0000000018da2000 1337       3       java.awt.Component::bounds (24 bytes)
Event: 12.946 Thread 0x0000000018da2000 nmethod 1337 0x0000000002d4b390 code [0x0000000002d4b500, 0x0000000002d4b850]
Event: 13.193 Thread 0x0000000018da2000 1338       3       java.lang.ClassLoader::getClassLoader (11 bytes)
Event: 13.193 Thread 0x0000000018da2000 nmethod 1338 0x0000000002d4ba10 code [0x0000000002d4bb60, 0x0000000002d4bd90]
Event: 13.295 Thread 0x0000000018da2000 1339       3       java.awt.event.InvocationEvent::<init> (13 bytes)
Event: 13.295 Thread 0x0000000018da2000 nmethod 1339 0x0000000002d4be50 code [0x0000000002d4bfc0, 0x0000000002d4c168]
Event: 13.295 Thread 0x0000000018da2000 1340       3       java.awt.event.InvocationEvent::<init> (52 bytes)
Event: 13.296 Thread 0x0000000018da2000 nmethod 1340 0x0000000002d4c210 code [0x0000000002d4c380, 0x0000000002d4c5e8]

GC Heap History (0 events):
No events

Deoptimization events (8 events):
Event: 0.278 Thread 0x000000001ae5c800 Uncommon trap: reason=unstable_if action=reinterpret pc=0x0000000002ad7474 method=java.util.HashMap.getNode(ILjava/lang/Object;)Ljava/util/HashMap$Node; @ 84
Event: 0.311 Thread 0x000000001adae000 Uncommon trap: reason=unstable_if action=reinterpret pc=0x0000000002b12444 method=java.util.HashMap.putVal(ILjava/lang/Object;Ljava/lang/Object;ZZ)Ljava/lang/Object; @ 206
Event: 0.337 Thread 0x000000001ae5c800 Uncommon trap: reason=unstable_if action=reinterpret pc=0x0000000002ae8a60 method=java.util.HashMap.getNode(ILjava/lang/Object;)Ljava/util/HashMap$Node; @ 84
Event: 0.337 Thread 0x000000001ae5c800 Uncommon trap: reason=unstable_if action=reinterpret pc=0x0000000002b386c8 method=java.util.HashMap.putVal(ILjava/lang/Object;Ljava/lang/Object;ZZ)Ljava/lang/Object; @ 109
Event: 0.353 Thread 0x000000001ae5c800 Uncommon trap: reason=unstable_if action=reinterpret pc=0x0000000002b4e8ec method=java.io.BufferedInputStream.read()I @ 8
Event: 12.164 Thread 0x000000001ae5c800 Uncommon trap: reason=class_check action=maybe_recompile pc=0x0000000002a734e8 method=java.lang.String.equals(Ljava/lang/Object;)Z @ 8
Event: 12.164 Thread 0x000000001ae5c800 Uncommon trap: reason=class_check action=maybe_recompile pc=0x0000000002a734e8 method=java.lang.String.equals(Ljava/lang/Object;)Z @ 8
Event: 12.928 Thread 0x000000001ae5c800 Uncommon trap: reason=class_check action=maybe_recompile pc=0x0000000002a734e8 method=java.lang.String.equals(Ljava/lang/Object;)Z @ 8

Internal exceptions (10 events):
Event: 0.194 Thread 0x000000000047e800 Exception <a 'java/lang/ClassNotFoundException': ToolBar> (0x00000000d5b73de0) thrown at [D:\re\workspace\8-2-build-windows-amd64-cygwin\jdk8u92\6642\hotspot\src\share\vm\classfile\systemDictionary.cpp, line 210]
Event: 0.194 Thread 0x000000000047e800 Exception <a 'java/lang/ClassNotFoundException': ToggleButton> (0x00000000d5b74390) thrown at [D:\re\workspace\8-2-build-windows-amd64-cygwin\jdk8u92\6642\hotspot\src\share\vm\classfile\systemDictionary.cpp, line 210]
Event: 0.194 Thread 0x000000000047e800 Exception <a 'java/lang/ClassNotFoundException': javax/swing/JToolBarSeparator> (0x00000000d5b747f0) thrown at [D:\re\workspace\8-2-build-windows-amd64-cygwin\jdk8u92\6642\hotspot\src\share\vm\classfile\systemDictionary.cpp, line 210]
Event: 0.194 Thread 0x000000000047e800 Exception <a 'java/lang/ClassNotFoundException': ToolBarSeparator> (0x00000000d5b74c88) thrown at [D:\re\workspace\8-2-build-windows-amd64-cygwin\jdk8u92\6642\hotspot\src\share\vm\classfile\systemDictionary.cpp, line 210]
Event: 0.194 Thread 0x000000000047e800 Exception <a 'java/lang/ClassNotFoundException': ToolTip> (0x00000000d5b753c8) thrown at [D:\re\workspace\8-2-build-windows-amd64-cygwin\jdk8u92\6642\hotspot\src\share\vm\classfile\systemDictionary.cpp, line 210]
Event: 0.195 Thread 0x000000000047e800 Exception <a 'java/lang/ClassNotFoundException': Tree> (0x00000000d5b75fe8) thrown at [D:\re\workspace\8-2-build-windows-amd64-cygwin\jdk8u92\6642\hotspot\src\share\vm\classfile\systemDictionary.cpp, line 210]
Event: 0.195 Thread 0x000000000047e800 Exception <a 'java/lang/ClassNotFoundException': Tree> (0x00000000d5b76728) thrown at [D:\re\workspace\8-2-build-windows-amd64-cygwin\jdk8u92\6642\hotspot\src\share\vm\classfile\systemDictionary.cpp, line 210]
Event: 0.195 Thread 0x000000000047e800 Exception <a 'java/lang/ClassNotFoundException': javax/swing/JTreeCell> (0x00000000d5b76aa8) thrown at [D:\re\workspace\8-2-build-windows-amd64-cygwin\jdk8u92\6642\hotspot\src\share\vm\classfile\systemDictionary.cpp, line 210]
Event: 0.195 Thread 0x000000000047e800 Exception <a 'java/lang/ClassNotFoundException': TreeCell> (0x00000000d5b76f30) thrown at [D:\re\workspace\8-2-build-windows-amd64-cygwin\jdk8u92\6642\hotspot\src\share\vm\classfile\systemDictionary.cpp, line 210]
Event: 0.195 Thread 0x000000000047e800 Exception <a 'java/lang/ClassNotFoundException': RootPane> (0x00000000d5b77990) thrown at [D:\re\workspace\8-2-build-windows-amd64-cygwin\jdk8u92\6642\hotspot\src\share\vm\classfile\systemDictionary.cpp, line 210]

Events (10 events):
Event: 12.321 loading class javax/swing/TimerQueue$DelayedTimer done
Event: 12.672 loading class javax/swing/Autoscroller
Event: 12.672 loading class javax/swing/Autoscroller done
Event: 12.672 loading class javax/swing/event/ListDataEvent
Event: 12.672 loading class javax/swing/event/ListDataEvent done
Event: 12.675 loading class javax/swing/plaf/basic/BasicPopupMenuUI$MouseGrabber$2
Event: 12.675 loading class javax/swing/plaf/basic/BasicPopupMenuUI$MouseGrabber$2 done
Event: 12.928 Thread 0x000000001ae5c800 Uncommon trap: trap_request=0xffffffde fr.pc=0x0000000002a734e8
Event: 12.928 Thread 0x000000001ae5c800 DEOPT PACKING pc=0x0000000002a734e8 sp=0x000000001c2bc7f0
Event: 12.928 Thread 0x000000001ae5c800 DEOPT UNPACKING pc=0x000000000294582a sp=0x000000001c2bc770 mode 2


Dynamic libraries:
0x000000013fee0000 - 0x000000013ff17000 	C:\Program Files\Java\jdk1.8.0_92\bin\java.exe
0x0000000076f30000 - 0x00000000770dc000 	C:\Windows\SYSTEM32\ntdll.dll
0x0000000076850000 - 0x000000007696f000 	C:\Windows\system32\kernel32.dll
0x000007fefd450000 - 0x000007fefd4bc000 	C:\Windows\system32\KERNELBASE.dll
0x000007fefd790000 - 0x000007fefd86b000 	C:\Windows\system32\ADVAPI32.dll
0x000007fefde10000 - 0x000007fefdeaf000 	C:\Windows\system32\msvcrt.dll
0x000007fefd770000 - 0x000007fefd78f000 	C:\Windows\SYSTEM32\sechost.dll
0x000007fefdb50000 - 0x000007fefdc7e000 	C:\Windows\system32\RPCRT4.dll
0x0000000076cd0000 - 0x0000000076dca000 	C:\Windows\system32\USER32.dll
0x000007fefd8c0000 - 0x000007fefd927000 	C:\Windows\system32\GDI32.dll
0x000007fefd930000 - 0x000007fefd93e000 	C:\Windows\system32\LPK.dll
0x000007fefdc80000 - 0x000007fefdd4a000 	C:\Windows\system32\USP10.dll
0x000007fefbe10000 - 0x000007fefc004000 	C:\Windows\WinSxS\amd64_microsoft.windows.common-controls_6595b64144ccf1df_6.0.7600.16661_none_fa62ad231704eab7\COMCTL32.dll
0x000007fefefe0000 - 0x000007feff051000 	C:\Windows\system32\SHLWAPI.dll
0x000007fefe110000 - 0x000007fefe13e000 	C:\Windows\system32\IMM32.DLL
0x000007fefe140000 - 0x000007fefe249000 	C:\Windows\system32\MSCTF.dll
0x000000005fd00000 - 0x000000005fdd2000 	C:\Program Files\Java\jdk1.8.0_92\jre\bin\msvcr100.dll
0x0000000057070000 - 0x0000000057906000 	C:\Program Files\Java\jdk1.8.0_92\jre\bin\server\jvm.dll
0x000007fef6b90000 - 0x000007fef6b99000 	C:\Windows\system32\WSOCK32.dll
0x000007fefd870000 - 0x000007fefd8bd000 	C:\Windows\system32\WS2_32.dll
0x000007fefd940000 - 0x000007fefd948000 	C:\Windows\system32\NSI.dll
0x000007fefa450000 - 0x000007fefa48b000 	C:\Windows\system32\WINMM.dll
0x000007fefc4a0000 - 0x000007fefc4ac000 	C:\Windows\system32\VERSION.dll
0x00000000770f0000 - 0x00000000770f7000 	C:\Windows\system32\PSAPI.DLL
0x000000006eff0000 - 0x000000006efff000 	C:\Program Files\Java\jdk1.8.0_92\jre\bin\verify.dll
0x000000006efc0000 - 0x000000006efe9000 	C:\Program Files\Java\jdk1.8.0_92\jre\bin\java.dll
0x0000000057050000 - 0x0000000057066000 	C:\Program Files\Java\jdk1.8.0_92\jre\bin\zip.dll
0x000007fefe250000 - 0x000007fefefd7000 	C:\Windows\system32\SHELL32.dll
0x000007fefdf00000 - 0x000007fefe102000 	C:\Windows\system32\ole32.dll
0x000007fefd3a0000 - 0x000007fefd3af000 	C:\Windows\system32\profapi.dll
0x0000000056eb0000 - 0x0000000057048000 	C:\Program Files\Java\jdk1.8.0_92\jre\bin\awt.dll
0x000007fefd9d0000 - 0x000007fefdaa7000 	C:\Windows\system32\OLEAUT32.dll
0x000007fefbad0000 - 0x000007fefbb26000 	C:\Windows\system32\uxtheme.dll
0x000007fefb6f0000 - 0x000007fefb708000 	C:\Windows\system32\dwmapi.dll
0x000007fefd290000 - 0x000007fefd29f000 	C:\Windows\system32\CRYPTBASE.dll
0x0000000056e60000 - 0x0000000056ea7000 	C:\Program Files\Java\jdk1.8.0_92\jre\bin\fontmanager.dll
0x000007fef11b0000 - 0x000007fef13af000 	C:\Windows\system32\d3d9.dll
0x000007fef6b70000 - 0x000007fef6b77000 	C:\Windows\system32\d3d8thk.dll
0x000007feee740000 - 0x000007feef5b4000 	C:\Windows\system32\nvd3dumx.dll
0x000007fefbd30000 - 0x000007fefbd5c000 	C:\Windows\system32\powrprof.dll
0x000007feff060000 - 0x000007feff237000 	C:\Windows\system32\SETUPAPI.dll
0x000007fefd5a0000 - 0x000007fefd5d6000 	C:\Windows\system32\CFGMGR32.dll
0x000007fefd5e0000 - 0x000007fefd5fa000 	C:\Windows\system32\DEVOBJ.dll
0x000007feefe40000 - 0x000007feeff98000 	C:\Program Files (x86)\NVIDIA Corporation\3D Vision\nvSCPAPI64.dll
0x0000000056e40000 - 0x0000000056e5a000 	C:\Program Files\Java\jdk1.8.0_92\jre\bin\net.dll
0x000007fefcbd0000 - 0x000007fefcc24000 	C:\Windows\system32\mswsock.dll
0x000007fefcbc0000 - 0x000007fefcbc7000 	C:\Windows\System32\wship6.dll
0x0000000056e20000 - 0x0000000056e31000 	C:\Program Files\Java\jdk1.8.0_92\jre\bin\nio.dll
0x0000000056dd0000 - 0x0000000056e12000 	C:\Program Files\Java\jdk1.8.0_92\jre\bin\t2k.dll
0x000007fefdd50000 - 0x000007fefdde9000 	C:\Windows\system32\CLBCatQ.DLL
0x000007fefb580000 - 0x000007fefb6aa000 	C:\Windows\system32\WindowsCodecs.dll
0x000007fefd230000 - 0x000007fefd287000 	C:\Windows\system32\apphelp.dll
0x000007fef8a50000 - 0x000007fef8a85000 	C:\Windows\system32\EhStorShell.dll
0x000007fefbbb0000 - 0x000007fefbcdc000 	C:\Windows\system32\PROPSYS.dll
0x000007fef8990000 - 0x000007fef8a0e000 	C:\Windows\System32\cscui.dll
0x000007fef8a40000 - 0x000007fef8a4c000 	C:\Windows\System32\CSCDLL.dll
0x000007fef8b10000 - 0x000007fef8b1f000 	C:\Windows\system32\CSCAPI.dll
0x000007fef8910000 - 0x000007fef8990000 	C:\Windows\system32\ntshrui.dll
0x000007fefd100000 - 0x000007fefd123000 	C:\Windows\system32\srvcli.dll
0x000007fefb320000 - 0x000007fefb32b000 	C:\Windows\system32\slc.dll
0x000007feee630000 - 0x000007feee69e000 	C:\vtkBin\bin\vtkCommonJava.dll
0x000007feea8e0000 - 0x000007feeab28000 	C:\vtkBin\bin\vtkCommon.dll
0x000007feee5e0000 - 0x000007feee623000 	C:\vtkBin\bin\vtksys.dll
0x0000000067160000 - 0x00000000671f8000 	C:\Windows\system32\MSVCP100.dll
0x000007feee540000 - 0x000007feee5e0000 	C:\vtkBin\bin\vtkFilteringJava.dll
0x000007feea5e0000 - 0x000007feea8dc000 	C:\vtkBin\bin\vtkFiltering.dll
0x000007feee360000 - 0x000007feee3b6000 	C:\vtkBin\bin\vtkIOJava.dll
0x000007feea1b0000 - 0x000007feea5d4000 	C:\vtkBin\bin\vtkIO.dll
0x000007feee330000 - 0x000007feee352000 	C:\vtkBin\bin\vtkDICOMParser.dll
0x000007feee260000 - 0x000007feee326000 	C:\vtkBin\bin\vtkNetCDF.dll
0x000007fee9fa0000 - 0x000007feea1ad000 	C:\vtkBin\bin\vtkhdf5.dll
0x000007feeb0a0000 - 0x000007feeb0b4000 	C:\vtkBin\bin\vtkzlib.dll
0x000007feeb070000 - 0x000007feeb09d000 	C:\vtkBin\bin\vtkhdf5_hl.dll
0x000007feeb050000 - 0x000007feeb070000 	C:\vtkBin\bin\vtkNetCDF_cxx.dll
0x000007feeb030000 - 0x000007feeb048000 	C:\vtkBin\bin\LSDyna.dll
0x000007feeafa0000 - 0x000007feeb02f000 	C:\vtkBin\bin\vtkmetaio.dll
0x000007feeaf70000 - 0x000007feeaf94000 	C:\vtkBin\bin\vtkpng.dll
0x000007feeaf40000 - 0x000007feeaf67000 	C:\vtkBin\bin\vtkjpeg.dll
0x000007feeaee0000 - 0x000007feeaf31000 	C:\vtkBin\bin\vtktiff.dll
0x000007fee9f70000 - 0x000007fee9f93000 	C:\vtkBin\bin\vtkexpat.dll
0x000007feeaec0000 - 0x000007feeaedf000 	C:\Windows\system32\AVIFIL32.dll
0x000007feefe20000 - 0x000007feefe38000 	C:\Windows\system32\MSACM32.dll
0x000007fee9f40000 - 0x000007fee9f69000 	C:\Windows\system32\MSVFW32.dll
0x000007fee9ef0000 - 0x000007fee9f37000 	C:\vtkBin\bin\vtkImagingJava.dll
0x000007fee9c60000 - 0x000007fee9ee9000 	C:\vtkBin\bin\vtkImaging.dll
0x000007fee9bc0000 - 0x000007fee9c57000 	C:\vtkBin\bin\vtkGraphicsJava.dll
0x000007fee96c0000 - 0x000007fee9bb2000 	C:\vtkBin\bin\vtkGraphics.dll
0x000007fee9690000 - 0x000007fee96c0000 	C:\vtkBin\bin\vtkverdict.dll
0x000007fee9600000 - 0x000007fee9689000 	C:\vtkBin\bin\vtkRenderingJava.dll
0x000007fee9260000 - 0x000007fee95fb000 	C:\vtkBin\bin\vtkRendering.dll
0x000007fef8580000 - 0x000007fef858f000 	C:\vtkBin\bin\vtkftgl.dll
0x000007fef68c0000 - 0x000007fef69dd000 	C:\Windows\system32\OPENGL32.dll
0x000007fef6890000 - 0x000007fef68bd000 	C:\Windows\system32\GLU32.dll
0x000007fef6790000 - 0x000007fef6881000 	C:\Windows\system32\DDRAW.dll
0x000007fef98a0000 - 0x000007fef98a8000 	C:\Windows\system32\DCIMAN32.dll
0x000007fee91e0000 - 0x000007fee9255000 	C:\vtkBin\bin\vtkfreetype.dll
0x0000000056dc0000 - 0x0000000056dc7000 	C:\vtkBin\bin\jawt.dll
0x000007fee9180000 - 0x000007fee91d1000 	C:\vtkBin\bin\vtkHybridJava.dll
0x000007fee8f80000 - 0x000007fee9173000 	C:\vtkBin\bin\vtkHybrid.dll
0x000007fee8f30000 - 0x000007fee8f71000 	C:\vtkBin\bin\vtkexoIIc.dll
0x000007fee8f10000 - 0x000007fee8f27000 	C:\Windows\system32\AVICAP32.dll
0x000007fee8ee0000 - 0x000007fee8f05000 	C:\vtkBin\bin\vtkVolumeRenderingJava.dll
0x000007fee8ab0000 - 0x000007fee8ed1000 	C:\vtkBin\bin\vtkVolumeRendering.dll
0x000007fee8a50000 - 0x000007fee8aac000 	C:\vtkBin\bin\vtkWidgetsJava.dll
0x000007fee88f0000 - 0x000007fee8a4e000 	C:\vtkBin\bin\vtkWidgets.dll
0x0000000056d90000 - 0x0000000056dba000 	C:\Program Files\Java\jdk1.8.0_92\jre\bin\dcpr.dll
0x0000000054600000 - 0x00000000560b8000 	C:\Windows\system32\nvoglv64.DLL
0x000007fefd560000 - 0x000007fefd599000 	C:\Windows\system32\WINTRUST.dll
0x000007fefd600000 - 0x000007fefd76a000 	C:\Windows\system32\CRYPT32.dll
0x000007fefd440000 - 0x000007fefd44f000 	C:\Windows\system32\MSASN1.dll
0x000007fef9a80000 - 0x000007fef9aad000 	C:\Windows\system32\ntmarta.dll
0x000007fefdeb0000 - 0x000007fefdf00000 	C:\Windows\system32\WLDAP32.dll
0x000007fef3740000 - 0x000007fef3865000 	C:\Windows\system32\dbghelp.dll

VM Arguments:
jvm_args: -Dfile.encoding=UTF-8 
java_command: volume_ct.Main
java_class_path (initial): C:\vtkBin\bin\vtk.jar;C:\Program Files\NetBeans 8.0.2\java\modules\ext\beansbinding-1.2.1.jar;C:\Users\IMG_1\Desktop\project_vtk\volume_ct\build\classes
Launcher Type: SUN_STANDARD

Environment Variables:
CLASSPATH=C:\Users\IMG_1\Downloads\JavaCV\opencv\build\x86\vc10\lib;
PATH=C:\ProgramData\Oracle\Java\javapath;C:\Program Files\NVIDIA GPU Computing Toolkit\CUDA\v5.5\bin;C:\Program Files\NVIDIA GPU Computing Toolkit\CUDA\v5.5\libnvvp;C:\Program Files\Common Files\Microsoft Shared\Windows Live;C:\Program Files (x86)\Common Files\Microsoft Shared\Windows Live;C:\Program Files (x86)\NVIDIA Corporation\PhysX\Common;C:\Windows\system32;C:\Windows;C:\Windows\System32\Wbem;C:\Windows\System32\WindowsPowerShell\v1.0\;C:\Program Files (x86)\Microsoft SQL Server\90\Tools\binn\;C:\Program Files (x86)\Windows Live\Shared;C:\ProgramData\NVIDIA Corporation\NVIDIA GPU Computing SDK 4.2\C\common\bin;C:\Program Files\Microsoft\Web Platform Installer\;C:\Program Files (x86)\Microsoft ASP.NET\ASP.NET Web Pages\v1.0\;C:\Program Files\Microsoft SQL Server\110\Tools\Binn\;C:\Program Files (x86)\CMake\bin;C:\Program Files\MATLAB\R2013a\bin;C:\Program Files\Git\cmd;D:\laragon\bin\php\php-5.6.13;C:\ProgramData\ComposerSetup\bin;C:\lib\opencv\x64;C:\Program Files\ImageJ\plugins;C:\Program Files\ImageJ;C:\vtkBin\bin;C:\simpleitk;C:\Users\IMG_1\Downloads\JavaCV\opencv\build\common\tbb\ia32\vc10; C:\Users\IMG_1\Downloads\JavaCV\opencv\build\x86\vc10;C:\Users\IMG_1\Downloads\JavaCV\opencv\build\x64\vc10;C:\MinGW\bin;C:\MinGW\msys\1.0\bin;C:\Users\IMG_1\Desktop\vtk_bin07\bin\Debug;C:\Users\IMG_1\Desktop\vtk_12\bin\Release
USERNAME=IMG_1
OS=Windows_NT
PROCESSOR_IDENTIFIER=Intel64 Family 6 Model 42 Stepping 7, GenuineIntel



---------------  S Y S T E M  ---------------

OS: Windows 7 , 64 bit Build 7600 (6.1.7600.17206)

CPU:total 8 (4 cores per cpu, 2 threads per core) family 6 model 42 stepping 7, cmov, cx8, fxsr, mmx, sse, sse2, sse3, ssse3, sse4.1, sse4.2, popcnt, aes, clmul, ht, tsc, tscinvbit

Memory: 4k page, physical 8370488k(4036928k free), swap 16739068k(10940124k free)

vm_info: Java HotSpot(TM) 64-Bit Server VM (25.92-b14) for windows-amd64 JRE (1.8.0_92-b14), built on Mar 31 2016 21:03:04 by "java_re" with MS VC++ 10.0 (VS2010)

time: Mon Jul 04 15:22:14 2016
elapsed time: 13 seconds (0d 0h 0m 13s)

