#
# A fatal error has been detected by the Java Runtime Environment:
#
#  EXCEPTION_ACCESS_VIOLATION (0xc0000005) at pc=0x0000000000000000, pid=5272, tid=0x0000000000000474
#
# JRE version: Java(TM) SE Runtime Environment (8.0_92-b14) (build 1.8.0_92-b14)
# Java VM: Java HotSpot(TM) 64-Bit Server VM (25.92-b14 mixed mode windows-amd64 compressed oops)
# Problematic frame:
# C  0x0000000000000000
#
# Failed to write core dump. Minidumps are not enabled by default on client versions of Windows
#
# If you would like to submit a bug report, please visit:
#   http://bugreport.java.com/bugreport/crash.jsp
# The crash happened outside the Java Virtual Machine in native code.
# See problematic frame for where to report the bug.
#

---------------  T H R E A D  ---------------

Current thread (0x000000001acd3000):  JavaThread "AWT-EventQueue-0" [_thread_in_native, id=1140, stack(0x000000001c410000,0x000000001c510000)]

siginfo: ExceptionCode=0xc0000005, ExceptionInformation=0x0000000000000008 0x0000000000000000

Registers:
RAX=0x000000001b070010, RBX=0x00000000175fd120, RCX=0x000000001b070010, RDX=0x000000001b1508e0
RSP=0x000000001c50c788, RBP=0x000000001c50c800, RSI=0x0000000000000001, RDI=0x000000000275835d
R8 =0x0000000022000a10, R9 =0x00000000d60689a8, R10=0x000000000000000c, R11=0x00000000572e8198
R12=0x0000000000000000, R13=0x00000000175fd120, R14=0x000000001c50c828, R15=0x000000001acd3000
RIP=0x0000000000000000, EFLAGS=0x0000000000010202

Top of Stack: (sp=0x000000001c50c788)
0x000000001c50c788:   0000000002767994 00000000175fd120
0x000000001c50c798:   0000000000000001 0000000000000000
0x000000001c50c7a8:   00000000175ea008 0000000000000000
0x000000001c50c7b8:   000000001c50c7d0 000000001c50c7c0
0x000000001c50c7c8:   0000000000000000 000000001c50c828
0x000000001c50c7d8:   000000001760d6c0 0000000000000000
0x000000001c50c7e8:   00000000175fd120 0000000000000000
0x000000001c50c7f8:   000000001c50c820 000000001c50c870
0x000000001c50c808:   000000000275835d 0000000000000000
0x000000001c50c818:   00000000027619d8 00000000d635eb30
0x000000001c50c828:   00000000d60689a8 000000001c50c830
0x000000001c50c838:   00000000175fd1ba 000000001c50c888
0x000000001c50c848:   000000001760d6c0 0000000000000000
0x000000001c50c858:   00000000175fd1c8 000000001c50c820
0x000000001c50c868:   000000001c50c880 000000001c50c8d0
0x000000001c50c878:   000000000275835d 00000000d635eb30 

Instructions: (pc=0x0000000000000000)
0xffffffffffffffe0:   


Register to memory mapping:

RAX=0x000000001b070010 is an unknown value
RBX={method} {0x00000000175fd128} 'SetMapper_16' '(Lvtk/vtkMapper;)V' in 'vtk/vtkActor'
RCX=0x000000001b070010 is an unknown value
RDX=0x000000001b1508e0 is an unknown value
RSP=0x000000001c50c788 is pointing into the stack for thread: 0x000000001acd3000
RBP=0x000000001c50c800 is pointing into the stack for thread: 0x000000001acd3000
RSI=0x0000000000000001 is an unknown value
RDI=0x000000000275835d is at code_begin+2301 in an Interpreter codelet
invoke return entry points  [0x0000000002757a60, 0x0000000002758440]  2528 bytes
R8 =0x0000000022000a10 is an unknown value
R9 =0x00000000d60689a8 is an oop
vtk.vtkActor 
 - klass: 'vtk/vtkActor'
R10=0x000000000000000c is an unknown value
R11=0x00000000572e8198 is an unknown value
R12=0x0000000000000000 is an unknown value
R13={method} {0x00000000175fd128} 'SetMapper_16' '(Lvtk/vtkMapper;)V' in 'vtk/vtkActor'
R14=0x000000001c50c828 is pointing into the stack for thread: 0x000000001acd3000
R15=0x000000001acd3000 is a thread


Stack: [0x000000001c410000,0x000000001c510000],  sp=0x000000001c50c788,  free space=1009k
Native frames: (J=compiled Java code, j=interpreted, Vv=VM code, C=native code)

Java frames: (J=compiled Java code, j=interpreted, Vv=VM code)
j  vtk.vtkActor.SetMapper_16(Lvtk/vtkMapper;)V+0
j  vtk.vtkActor.SetMapper(Lvtk/vtkMapper;)V+2
j  volume_ct.Main.jButton2ActionPerformed(Ljava/awt/event/ActionEvent;)V+119
j  volume_ct.Main.access$600(Lvolume_ct/Main;Ljava/awt/event/ActionEvent;)V+2
j  volume_ct.Main$7.actionPerformed(Ljava/awt/event/ActionEvent;)V+5
j  javax.swing.AbstractButton.fireActionPerformed(Ljava/awt/event/ActionEvent;)V+83
j  javax.swing.AbstractButton$Handler.actionPerformed(Ljava/awt/event/ActionEvent;)V+5
j  javax.swing.DefaultButtonModel.fireActionPerformed(Ljava/awt/event/ActionEvent;)V+34
j  javax.swing.DefaultButtonModel.setPressed(Z)V+117
j  javax.swing.plaf.basic.BasicButtonListener.mouseReleased(Ljava/awt/event/MouseEvent;)V+35
j  java.awt.Component.processMouseEvent(Ljava/awt/event/MouseEvent;)V+64
j  javax.swing.JComponent.processMouseEvent(Ljava/awt/event/MouseEvent;)V+23
j  java.awt.Component.processEvent(Ljava/awt/AWTEvent;)V+81
j  java.awt.Container.processEvent(Ljava/awt/AWTEvent;)V+18
j  java.awt.Component.dispatchEventImpl(Ljava/awt/AWTEvent;)V+589
j  java.awt.Container.dispatchEventImpl(Ljava/awt/AWTEvent;)V+42
j  java.awt.Component.dispatchEvent(Ljava/awt/AWTEvent;)V+2
j  java.awt.LightweightDispatcher.retargetMouseEvent(Ljava/awt/Component;ILjava/awt/event/MouseEvent;)V+327
j  java.awt.LightweightDispatcher.processMouseEvent(Ljava/awt/event/MouseEvent;)Z+155
j  java.awt.LightweightDispatcher.dispatchEvent(Ljava/awt/AWTEvent;)Z+50
j  java.awt.Container.dispatchEventImpl(Ljava/awt/AWTEvent;)V+12
j  java.awt.Window.dispatchEventImpl(Ljava/awt/AWTEvent;)V+19
j  java.awt.Component.dispatchEvent(Ljava/awt/AWTEvent;)V+2
j  java.awt.EventQueue.dispatchEventImpl(Ljava/awt/AWTEvent;Ljava/lang/Object;)V+41
j  java.awt.EventQueue.access$500(Ljava/awt/EventQueue;Ljava/awt/AWTEvent;Ljava/lang/Object;)V+3
j  java.awt.EventQueue$3.run()Ljava/lang/Void;+32
j  java.awt.EventQueue$3.run()Ljava/lang/Object;+1
v  ~StubRoutines::call_stub
J 1084  java.security.AccessController.doPrivileged(Ljava/security/PrivilegedAction;Ljava/security/AccessControlContext;)Ljava/lang/Object; (0 bytes) @ 0x0000000002abb3e6 [0x0000000002abb380+0x66]
J 1085 C1 java.security.ProtectionDomain$JavaSecurityAccessImpl.doIntersectionPrivilege(Ljava/security/PrivilegedAction;Ljava/security/AccessControlContext;Ljava/security/AccessControlContext;)Ljava/lang/Object; (22 bytes) @ 0x0000000002abc92c [0x0000000002abc4c0+0x46c]
j  java.security.ProtectionDomain$JavaSecurityAccessImpl.doIntersectionPrivilege(Ljava/security/PrivilegedAction;Ljava/security/AccessControlContext;)Ljava/lang/Object;+6
j  java.awt.EventQueue$4.run()Ljava/lang/Void;+11
j  java.awt.EventQueue$4.run()Ljava/lang/Object;+1
v  ~StubRoutines::call_stub
J 1084  java.security.AccessController.doPrivileged(Ljava/security/PrivilegedAction;Ljava/security/AccessControlContext;)Ljava/lang/Object; (0 bytes) @ 0x0000000002abb3e6 [0x0000000002abb380+0x66]
J 1167 C1 java.awt.EventQueue.dispatchEvent(Ljava/awt/AWTEvent;)V (80 bytes) @ 0x0000000002aee33c [0x0000000002aed4c0+0xe7c]
J 1169 C1 java.awt.EventDispatchThread.pumpOneEventForFilters(I)V (295 bytes) @ 0x0000000002af1634 [0x0000000002aef980+0x1cb4]
j  java.awt.EventDispatchThread.pumpEventsForFilter(ILjava/awt/Conditional;Ljava/awt/EventFilter;)V+35
j  java.awt.EventDispatchThread.pumpEventsForHierarchy(ILjava/awt/Conditional;Ljava/awt/Component;)V+11
j  java.awt.EventDispatchThread.pumpEvents(ILjava/awt/Conditional;)V+4
j  java.awt.EventDispatchThread.pumpEvents(Ljava/awt/Conditional;)V+3
j  java.awt.EventDispatchThread.run()V+9
v  ~StubRoutines::call_stub

---------------  P R O C E S S  ---------------

Java Threads: ( => current thread )
  0x0000000021d85000 JavaThread "D3D Screen Updater" daemon [_thread_blocked, id=1524, stack(0x0000000020700000,0x0000000020800000)]
  0x000000001b02f000 JavaThread "TimerQueue" daemon [_thread_blocked, id=6028, stack(0x000000001ddc0000,0x000000001dec0000)]
  0x00000000002ee800 JavaThread "DestroyJavaVM" [_thread_blocked, id=5608, stack(0x00000000022a0000,0x00000000023a0000)]
=>0x000000001acd3000 JavaThread "AWT-EventQueue-0" [_thread_in_native, id=1140, stack(0x000000001c410000,0x000000001c510000)]
  0x000000001ac22800 JavaThread "AWT-Windows" daemon [_thread_in_native, id=4424, stack(0x000000001b9a0000,0x000000001baa0000)]
  0x0000000018fbd000 JavaThread "AWT-Shutdown" [_thread_blocked, id=2108, stack(0x000000001b7a0000,0x000000001b8a0000)]
  0x0000000018fbc000 JavaThread "Java2D Disposer" daemon [_thread_blocked, id=1932, stack(0x000000001b690000,0x000000001b790000)]
  0x0000000018d1a800 JavaThread "Service Thread" daemon [_thread_blocked, id=5020, stack(0x000000001a8d0000,0x000000001a9d0000)]
  0x0000000018caf000 JavaThread "C1 CompilerThread3" daemon [_thread_blocked, id=6104, stack(0x000000001a7d0000,0x000000001a8d0000)]
  0x0000000017bcd000 JavaThread "C2 CompilerThread2" daemon [_thread_blocked, id=1532, stack(0x000000001a5f0000,0x000000001a6f0000)]
  0x0000000017bcc000 JavaThread "C2 CompilerThread1" daemon [_thread_blocked, id=1824, stack(0x000000001a470000,0x000000001a570000)]
  0x0000000018c82800 JavaThread "C2 CompilerThread0" daemon [_thread_blocked, id=6016, stack(0x0000000019b90000,0x0000000019c90000)]
  0x0000000018c80000 JavaThread "Attach Listener" daemon [_thread_blocked, id=3100, stack(0x000000001a2a0000,0x000000001a3a0000)]
  0x0000000018c7f000 JavaThread "Signal Dispatcher" daemon [_thread_blocked, id=4544, stack(0x0000000019f10000,0x000000001a010000)]
  0x0000000017bc1000 JavaThread "Finalizer" daemon [_thread_blocked, id=4740, stack(0x000000001a020000,0x000000001a120000)]
  0x0000000017bba800 JavaThread "Reference Handler" daemon [_thread_blocked, id=1464, stack(0x0000000019e10000,0x0000000019f10000)]

Other Threads:
  0x0000000018c21000 VMThread [stack: 0x0000000019cd0000,0x0000000019dd0000] [id=5172]
  0x0000000018cff800 WatcherThread [stack: 0x000000001aa20000,0x000000001ab20000] [id=3016]

VM state:not at safepoint (normal execution)

VM Mutex/Monitor currently owned by a thread: None

Heap:
 PSYoungGen      total 38400K, used 13326K [0x00000000d5700000, 0x00000000d8180000, 0x0000000100000000)
  eden space 33280K, 40% used [0x00000000d5700000,0x00000000d6403a10,0x00000000d7780000)
  from space 5120K, 0% used [0x00000000d7c80000,0x00000000d7c80000,0x00000000d8180000)
  to   space 5120K, 0% used [0x00000000d7780000,0x00000000d7780000,0x00000000d7c80000)
 ParOldGen       total 87552K, used 0K [0x0000000080400000, 0x0000000085980000, 0x00000000d5700000)
  object space 87552K, 0% used [0x0000000080400000,0x0000000080400000,0x0000000085980000)
 Metaspace       used 14569K, capacity 14764K, committed 15104K, reserved 1062912K
  class space    used 1870K, capacity 1952K, committed 2048K, reserved 1048576K

Card table byte_map: [0x0000000011b10000,0x0000000011f10000] byte_map_base: 0x000000001170e000

Marking Bits: (ParMarkBitMap*) 0x00000000572f64f0
 Begin Bits: [0x0000000012df0000, 0x0000000014de0000)
 End Bits:   [0x0000000014de0000, 0x0000000016dd0000)

Polling page: 0x0000000000240000

CodeCache: size=245760Kb used=3887Kb max_used=3887Kb free=241872Kb
 bounds [0x0000000002750000, 0x0000000002b20000, 0x0000000011750000]
 total_blobs=1749 nmethods=1227 adapters=435
 compilation: enabled

Compilation events (10 events):
Event: 3.450 Thread 0x0000000018caf000 1223 %     3       javax.swing.plaf.nimbus.InnerShadowEffect::applyEffect @ 491 (604 bytes)
Event: 3.451 Thread 0x0000000017bcd000 1226       4       sun.java2d.SunGraphics2D::invalidatePipe (41 bytes)
Event: 3.452 Thread 0x0000000017bcd000 nmethod 1226 0x0000000002b19f10 code [0x0000000002b1a040, 0x0000000002b1a0d8]
Event: 3.454 Thread 0x0000000018caf000 nmethod 1223% 0x0000000002b1a150 code [0x0000000002b1a540, 0x0000000002b1c698]
Event: 3.454 Thread 0x0000000018caf000 1227       3       java.awt.Container::getComponentCount (5 bytes)
Event: 3.454 Thread 0x0000000018caf000 nmethod 1227 0x0000000002b199d0 code [0x0000000002b19b40, 0x0000000002b19e28]
Event: 3.454 Thread 0x0000000018caf000 1224       3       sun.java2d.pipe.DrawImage::scaleImage (472 bytes)
Event: 3.456 Thread 0x0000000018caf000 nmethod 1224 0x0000000002b17ad0 code [0x0000000002b17d40, 0x0000000002b19018]
Event: 3.456 Thread 0x0000000018caf000 1225       3       sun.java2d.pipe.DrawImage::transformImage (124 bytes)
Event: 3.457 Thread 0x0000000018caf000 nmethod 1225 0x0000000002b1e510 code [0x0000000002b1e6e0, 0x0000000002b1ece8]

GC Heap History (0 events):
No events

Deoptimization events (5 events):
Event: 0.319 Thread 0x000000001acd3000 Uncommon trap: reason=unstable_if action=reinterpret pc=0x000000000292a8b4 method=java.util.HashMap.getNode(ILjava/lang/Object;)Ljava/util/HashMap$Node; @ 84
Event: 0.320 Thread 0x000000001acd3000 Uncommon trap: reason=unstable_if action=reinterpret pc=0x0000000002940960 method=java.util.HashMap.getNode(ILjava/lang/Object;)Ljava/util/HashMap$Node; @ 84
Event: 0.352 Thread 0x000000001ac22800 Uncommon trap: reason=unstable_if action=reinterpret pc=0x000000000296b0c4 method=java.util.HashMap.putVal(ILjava/lang/Object;Ljava/lang/Object;ZZ)Ljava/lang/Object; @ 206
Event: 0.379 Thread 0x000000001acd3000 Uncommon trap: reason=unstable_if action=reinterpret pc=0x0000000002990dc4 method=java.util.HashMap.putVal(ILjava/lang/Object;Ljava/lang/Object;ZZ)Ljava/lang/Object; @ 109
Event: 0.395 Thread 0x000000001acd3000 Uncommon trap: reason=unstable_if action=reinterpret pc=0x00000000029a71ec method=java.io.BufferedInputStream.read()I @ 8

Internal exceptions (10 events):
Event: 0.237 Thread 0x00000000002ee800 Exception <a 'java/lang/ClassNotFoundException': ToolBar> (0x00000000d5b90038) thrown at [D:\re\workspace\8-2-build-windows-amd64-cygwin\jdk8u92\6642\hotspot\src\share\vm\classfile\systemDictionary.cpp, line 210]
Event: 0.237 Thread 0x00000000002ee800 Exception <a 'java/lang/ClassNotFoundException': ToggleButton> (0x00000000d5b905e8) thrown at [D:\re\workspace\8-2-build-windows-amd64-cygwin\jdk8u92\6642\hotspot\src\share\vm\classfile\systemDictionary.cpp, line 210]
Event: 0.237 Thread 0x00000000002ee800 Exception <a 'java/lang/ClassNotFoundException': javax/swing/JToolBarSeparator> (0x00000000d5b90a48) thrown at [D:\re\workspace\8-2-build-windows-amd64-cygwin\jdk8u92\6642\hotspot\src\share\vm\classfile\systemDictionary.cpp, line 210]
Event: 0.237 Thread 0x00000000002ee800 Exception <a 'java/lang/ClassNotFoundException': ToolBarSeparator> (0x00000000d5b90ee0) thrown at [D:\re\workspace\8-2-build-windows-amd64-cygwin\jdk8u92\6642\hotspot\src\share\vm\classfile\systemDictionary.cpp, line 210]
Event: 0.237 Thread 0x00000000002ee800 Exception <a 'java/lang/ClassNotFoundException': ToolTip> (0x00000000d5b91620) thrown at [D:\re\workspace\8-2-build-windows-amd64-cygwin\jdk8u92\6642\hotspot\src\share\vm\classfile\systemDictionary.cpp, line 210]
Event: 0.238 Thread 0x00000000002ee800 Exception <a 'java/lang/ClassNotFoundException': Tree> (0x00000000d5b92240) thrown at [D:\re\workspace\8-2-build-windows-amd64-cygwin\jdk8u92\6642\hotspot\src\share\vm\classfile\systemDictionary.cpp, line 210]
Event: 0.238 Thread 0x00000000002ee800 Exception <a 'java/lang/ClassNotFoundException': Tree> (0x00000000d5b92980) thrown at [D:\re\workspace\8-2-build-windows-amd64-cygwin\jdk8u92\6642\hotspot\src\share\vm\classfile\systemDictionary.cpp, line 210]
Event: 0.238 Thread 0x00000000002ee800 Exception <a 'java/lang/ClassNotFoundException': javax/swing/JTreeCell> (0x00000000d5b92d00) thrown at [D:\re\workspace\8-2-build-windows-amd64-cygwin\jdk8u92\6642\hotspot\src\share\vm\classfile\systemDictionary.cpp, line 210]
Event: 0.238 Thread 0x00000000002ee800 Exception <a 'java/lang/ClassNotFoundException': TreeCell> (0x00000000d5b93188) thrown at [D:\re\workspace\8-2-build-windows-amd64-cygwin\jdk8u92\6642\hotspot\src\share\vm\classfile\systemDictionary.cpp, line 210]
Event: 0.238 Thread 0x00000000002ee800 Exception <a 'java/lang/ClassNotFoundException': RootPane> (0x00000000d5b93be8) thrown at [D:\re\workspace\8-2-build-windows-amd64-cygwin\jdk8u92\6642\hotspot\src\share\vm\classfile\systemDictionary.cpp, line 210]

Events (10 events):
Event: 0.727 Thread 0x000000001acd3000 DEOPT PACKING pc=0x0000000002a92e6f sp=0x000000001c50c220
Event: 0.727 Thread 0x000000001acd3000 DEOPT UNPACKING pc=0x000000000279747f sp=0x000000001c50bf20 mode 0
Event: 0.727 Thread 0x000000001acd3000 DEOPT PACKING pc=0x0000000002a92e6f sp=0x000000001c50c220
Event: 0.727 Thread 0x000000001acd3000 DEOPT UNPACKING pc=0x000000000279747f sp=0x000000001c50bf20 mode 0
Event: 1.320 loading class java/awt/Container$MouseEventTargetFilter
Event: 1.320 loading class java/awt/Container$EventTargetFilter
Event: 1.320 loading class java/awt/Container$EventTargetFilter done
Event: 1.320 loading class java/awt/Container$MouseEventTargetFilter done
Event: 1.321 loading class java/awt/LightweightDispatcher$1
Event: 1.321 loading class java/awt/LightweightDispatcher$1 done


Dynamic libraries:
0x000000013fc40000 - 0x000000013fc77000 	C:\Program Files\Java\jdk1.8.0_92\bin\java.exe
0x0000000076f30000 - 0x00000000770dc000 	C:\Windows\SYSTEM32\ntdll.dll
0x0000000076850000 - 0x000000007696f000 	C:\Windows\system32\kernel32.dll
0x000007fefd450000 - 0x000007fefd4bc000 	C:\Windows\system32\KERNELBASE.dll
0x000007fefd790000 - 0x000007fefd86b000 	C:\Windows\system32\ADVAPI32.dll
0x000007fefde10000 - 0x000007fefdeaf000 	C:\Windows\system32\msvcrt.dll
0x000007fefd770000 - 0x000007fefd78f000 	C:\Windows\SYSTEM32\sechost.dll
0x000007fefdb50000 - 0x000007fefdc7e000 	C:\Windows\system32\RPCRT4.dll
0x0000000076cd0000 - 0x0000000076dca000 	C:\Windows\system32\USER32.dll
0x000007fefd8c0000 - 0x000007fefd927000 	C:\Windows\system32\GDI32.dll
0x000007fefd930000 - 0x000007fefd93e000 	C:\Windows\system32\LPK.dll
0x000007fefdc80000 - 0x000007fefdd4a000 	C:\Windows\system32\USP10.dll
0x000007fefbe10000 - 0x000007fefc004000 	C:\Windows\WinSxS\amd64_microsoft.windows.common-controls_6595b64144ccf1df_6.0.7600.16661_none_fa62ad231704eab7\COMCTL32.dll
0x000007fefefe0000 - 0x000007feff051000 	C:\Windows\system32\SHLWAPI.dll
0x000007fefe110000 - 0x000007fefe13e000 	C:\Windows\system32\IMM32.DLL
0x000007fefe140000 - 0x000007fefe249000 	C:\Windows\system32\MSCTF.dll
0x000000005fd00000 - 0x000000005fdd2000 	C:\Program Files\Java\jdk1.8.0_92\jre\bin\msvcr100.dll
0x0000000056ae0000 - 0x0000000057376000 	C:\Program Files\Java\jdk1.8.0_92\jre\bin\server\jvm.dll
0x000007fef6b90000 - 0x000007fef6b99000 	C:\Windows\system32\WSOCK32.dll
0x000007fefd870000 - 0x000007fefd8bd000 	C:\Windows\system32\WS2_32.dll
0x000007fefd940000 - 0x000007fefd948000 	C:\Windows\system32\NSI.dll
0x000007fefa450000 - 0x000007fefa48b000 	C:\Windows\system32\WINMM.dll
0x000007fefc4a0000 - 0x000007fefc4ac000 	C:\Windows\system32\VERSION.dll
0x00000000770f0000 - 0x00000000770f7000 	C:\Windows\system32\PSAPI.DLL
0x000000006efd0000 - 0x000000006efdf000 	C:\Program Files\Java\jdk1.8.0_92\jre\bin\verify.dll
0x0000000056ab0000 - 0x0000000056ad9000 	C:\Program Files\Java\jdk1.8.0_92\jre\bin\java.dll
0x0000000056a90000 - 0x0000000056aa6000 	C:\Program Files\Java\jdk1.8.0_92\jre\bin\zip.dll
0x000007fefe250000 - 0x000007fefefd7000 	C:\Windows\system32\SHELL32.dll
0x000007fefdf00000 - 0x000007fefe102000 	C:\Windows\system32\ole32.dll
0x000007fefd3a0000 - 0x000007fefd3af000 	C:\Windows\system32\profapi.dll
0x0000000056610000 - 0x00000000567a8000 	C:\Program Files\Java\jdk1.8.0_92\jre\bin\awt.dll
0x000007fefd9d0000 - 0x000007fefdaa7000 	C:\Windows\system32\OLEAUT32.dll
0x000007feee5c0000 - 0x000007feee62e000 	C:\vtkBin\bin\vtkCommonJava.dll
0x000007feea480000 - 0x000007feea6c8000 	C:\vtkBin\bin\vtkCommon.dll
0x000007feee650000 - 0x000007feee693000 	C:\vtkBin\bin\vtksys.dll
0x0000000067160000 - 0x00000000671f8000 	C:\Windows\system32\MSVCP100.dll
0x000007feee320000 - 0x000007feee3c0000 	C:\vtkBin\bin\vtkFilteringJava.dll
0x000007feea180000 - 0x000007feea47c000 	C:\vtkBin\bin\vtkFiltering.dll
0x000007feee560000 - 0x000007feee5b6000 	C:\vtkBin\bin\vtkIOJava.dll
0x000007fee9d50000 - 0x000007feea174000 	C:\vtkBin\bin\vtkIO.dll
0x000007feee530000 - 0x000007feee552000 	C:\vtkBin\bin\vtkDICOMParser.dll
0x000007feee250000 - 0x000007feee316000 	C:\vtkBin\bin\vtkNetCDF.dll
0x000007feea710000 - 0x000007feea91d000 	C:\vtkBin\bin\vtkhdf5.dll
0x000007feee630000 - 0x000007feee644000 	C:\vtkBin\bin\vtkzlib.dll
0x000007feead00000 - 0x000007feead2d000 	C:\vtkBin\bin\vtkhdf5_hl.dll
0x000007feeace0000 - 0x000007feead00000 	C:\vtkBin\bin\vtkNetCDF_cxx.dll
0x000007feeacc0000 - 0x000007feeacd8000 	C:\vtkBin\bin\LSDyna.dll
0x000007feeac30000 - 0x000007feeacbf000 	C:\vtkBin\bin\vtkmetaio.dll
0x000007feeac00000 - 0x000007feeac24000 	C:\vtkBin\bin\vtkpng.dll
0x000007feeabd0000 - 0x000007feeabf7000 	C:\vtkBin\bin\vtkjpeg.dll
0x000007feeab70000 - 0x000007feeabc1000 	C:\vtkBin\bin\vtktiff.dll
0x000007feeab40000 - 0x000007feeab63000 	C:\vtkBin\bin\vtkexpat.dll
0x000007feea6f0000 - 0x000007feea70f000 	C:\Windows\system32\AVIFIL32.dll
0x000007feefe20000 - 0x000007feefe38000 	C:\Windows\system32\MSACM32.dll
0x000007fee9d20000 - 0x000007fee9d49000 	C:\Windows\system32\MSVFW32.dll
0x000007fee9cd0000 - 0x000007fee9d17000 	C:\vtkBin\bin\vtkImagingJava.dll
0x000007fee9a40000 - 0x000007fee9cc9000 	C:\vtkBin\bin\vtkImaging.dll
0x000007fee99a0000 - 0x000007fee9a37000 	C:\vtkBin\bin\vtkGraphicsJava.dll
0x000007fee94a0000 - 0x000007fee9992000 	C:\vtkBin\bin\vtkGraphics.dll
0x000007fee9470000 - 0x000007fee94a0000 	C:\vtkBin\bin\vtkverdict.dll
0x000007fee93e0000 - 0x000007fee9469000 	C:\vtkBin\bin\vtkRenderingJava.dll
0x000007fee9040000 - 0x000007fee93db000 	C:\vtkBin\bin\vtkRendering.dll
0x000007fef8580000 - 0x000007fef858f000 	C:\vtkBin\bin\vtkftgl.dll
0x000007fef68c0000 - 0x000007fef69dd000 	C:\Windows\system32\OPENGL32.dll
0x000007fef6890000 - 0x000007fef68bd000 	C:\Windows\system32\GLU32.dll
0x000007fef6790000 - 0x000007fef6881000 	C:\Windows\system32\DDRAW.dll
0x000007fef98a0000 - 0x000007fef98a8000 	C:\Windows\system32\DCIMAN32.dll
0x000007feff060000 - 0x000007feff237000 	C:\Windows\system32\SETUPAPI.dll
0x000007fefd5a0000 - 0x000007fefd5d6000 	C:\Windows\system32\CFGMGR32.dll
0x000007fefd5e0000 - 0x000007fefd5fa000 	C:\Windows\system32\DEVOBJ.dll
0x000007fefb6f0000 - 0x000007fefb708000 	C:\Windows\system32\dwmapi.dll
0x000007fee8fc0000 - 0x000007fee9035000 	C:\vtkBin\bin\vtkfreetype.dll
0x000000006efc0000 - 0x000000006efc7000 	C:\vtkBin\bin\jawt.dll
0x000007fefbad0000 - 0x000007fefbb26000 	C:\Windows\system32\uxtheme.dll
0x000007fefd290000 - 0x000007fefd29f000 	C:\Windows\system32\CRYPTBASE.dll
0x0000000056a40000 - 0x0000000056a87000 	C:\Program Files\Java\jdk1.8.0_92\jre\bin\fontmanager.dll
0x000007fef11b0000 - 0x000007fef13af000 	C:\Windows\system32\d3d9.dll
0x000007fef6b70000 - 0x000007fef6b77000 	C:\Windows\system32\d3d8thk.dll
0x000007feee740000 - 0x000007feef5b4000 	C:\Windows\system32\nvd3dumx.dll
0x000007fefbd30000 - 0x000007fefbd5c000 	C:\Windows\system32\powrprof.dll
0x000007feefe40000 - 0x000007feeff98000 	C:\Program Files (x86)\NVIDIA Corporation\3D Vision\nvSCPAPI64.dll
0x0000000056a20000 - 0x0000000056a3a000 	C:\Program Files\Java\jdk1.8.0_92\jre\bin\net.dll
0x000007fefcbd0000 - 0x000007fefcc24000 	C:\Windows\system32\mswsock.dll
0x000007fefcbc0000 - 0x000007fefcbc7000 	C:\Windows\System32\wship6.dll
0x0000000056a00000 - 0x0000000056a11000 	C:\Program Files\Java\jdk1.8.0_92\jre\bin\nio.dll
0x0000000056900000 - 0x0000000056942000 	C:\Program Files\Java\jdk1.8.0_92\jre\bin\t2k.dll
0x000007fefdd50000 - 0x000007fefdde9000 	C:\Windows\system32\CLBCatQ.DLL
0x000007fefb580000 - 0x000007fefb6aa000 	C:\Windows\system32\WindowsCodecs.dll
0x000007fefd230000 - 0x000007fefd287000 	C:\Windows\system32\apphelp.dll
0x000007fef8a50000 - 0x000007fef8a85000 	C:\Windows\system32\EhStorShell.dll
0x000007fefbbb0000 - 0x000007fefbcdc000 	C:\Windows\system32\PROPSYS.dll
0x000007fef8990000 - 0x000007fef8a0e000 	C:\Windows\System32\cscui.dll
0x000007fef8a40000 - 0x000007fef8a4c000 	C:\Windows\System32\CSCDLL.dll
0x000007fef8b10000 - 0x000007fef8b1f000 	C:\Windows\system32\CSCAPI.dll
0x000007fef8910000 - 0x000007fef8990000 	C:\Windows\system32\ntshrui.dll
0x000007fefd100000 - 0x000007fefd123000 	C:\Windows\system32\srvcli.dll
0x000007fefb320000 - 0x000007fefb32b000 	C:\Windows\system32\slc.dll
0x000007fee8f60000 - 0x000007fee8fb1000 	C:\vtkBin\bin\vtkHybridJava.dll
0x000007fee8d60000 - 0x000007fee8f53000 	C:\vtkBin\bin\vtkHybrid.dll
0x000007fee8d10000 - 0x000007fee8d51000 	C:\vtkBin\bin\vtkexoIIc.dll
0x000007feea6d0000 - 0x000007feea6e7000 	C:\Windows\system32\AVICAP32.dll
0x000007fee8ce0000 - 0x000007fee8d05000 	C:\vtkBin\bin\vtkVolumeRenderingJava.dll
0x000007fee88b0000 - 0x000007fee8cd1000 	C:\vtkBin\bin\vtkVolumeRendering.dll
0x000007fee8850000 - 0x000007fee88ac000 	C:\vtkBin\bin\vtkWidgetsJava.dll
0x000007fee86f0000 - 0x000007fee884e000 	C:\vtkBin\bin\vtkWidgets.dll
0x00000000568d0000 - 0x00000000568fa000 	C:\Program Files\Java\jdk1.8.0_92\jre\bin\dcpr.dll
0x000000005a990000 - 0x000000005c448000 	C:\Windows\system32\nvoglv64.DLL
0x000007fefd560000 - 0x000007fefd599000 	C:\Windows\system32\WINTRUST.dll
0x000007fefd600000 - 0x000007fefd76a000 	C:\Windows\system32\CRYPT32.dll
0x000007fefd440000 - 0x000007fefd44f000 	C:\Windows\system32\MSASN1.dll
0x000007fef9a80000 - 0x000007fef9aad000 	C:\Windows\system32\ntmarta.dll
0x000007fefdeb0000 - 0x000007fefdf00000 	C:\Windows\system32\WLDAP32.dll
0x000007fef3740000 - 0x000007fef3865000 	C:\Windows\system32\dbghelp.dll

VM Arguments:
jvm_args: -Dfile.encoding=UTF-8 
java_command: volume_ct.Main
java_class_path (initial): C:\vtkBin\bin\vtk.jar;C:\Program Files\NetBeans 8.0.2\java\modules\ext\beansbinding-1.2.1.jar;C:\Users\IMG_1\Desktop\project_vtk\volume_ct\build\classes
Launcher Type: SUN_STANDARD

Environment Variables:
CLASSPATH=C:\Users\IMG_1\Downloads\JavaCV\opencv\build\x86\vc10\lib;
PATH=C:\ProgramData\Oracle\Java\javapath;C:\Program Files\NVIDIA GPU Computing Toolkit\CUDA\v5.5\bin;C:\Program Files\NVIDIA GPU Computing Toolkit\CUDA\v5.5\libnvvp;C:\Program Files\Common Files\Microsoft Shared\Windows Live;C:\Program Files (x86)\Common Files\Microsoft Shared\Windows Live;C:\Program Files (x86)\NVIDIA Corporation\PhysX\Common;C:\Windows\system32;C:\Windows;C:\Windows\System32\Wbem;C:\Windows\System32\WindowsPowerShell\v1.0\;C:\Program Files (x86)\Microsoft SQL Server\90\Tools\binn\;C:\Program Files (x86)\Windows Live\Shared;C:\ProgramData\NVIDIA Corporation\NVIDIA GPU Computing SDK 4.2\C\common\bin;C:\Program Files\Microsoft\Web Platform Installer\;C:\Program Files (x86)\Microsoft ASP.NET\ASP.NET Web Pages\v1.0\;C:\Program Files\Microsoft SQL Server\110\Tools\Binn\;C:\Program Files (x86)\CMake\bin;C:\Program Files\MATLAB\R2013a\bin;C:\Program Files\Git\cmd;D:\laragon\bin\php\php-5.6.13;C:\ProgramData\ComposerSetup\bin;C:\lib\opencv\x64;C:\Program Files\ImageJ\plugins;C:\Program Files\ImageJ;C:\vtkBin\bin;C:\simpleitk;C:\Users\IMG_1\Downloads\JavaCV\opencv\build\common\tbb\ia32\vc10; C:\Users\IMG_1\Downloads\JavaCV\opencv\build\x86\vc10;C:\Users\IMG_1\Downloads\JavaCV\opencv\build\x64\vc10;C:\MinGW\bin;C:\MinGW\msys\1.0\bin;C:\Users\IMG_1\Desktop\vtk_bin07\bin\Debug;C:\Users\IMG_1\Desktop\vtk_12\bin\Release
USERNAME=IMG_1
OS=Windows_NT
PROCESSOR_IDENTIFIER=Intel64 Family 6 Model 42 Stepping 7, GenuineIntel



---------------  S Y S T E M  ---------------

OS: Windows 7 , 64 bit Build 7600 (6.1.7600.17206)

CPU:total 8 (4 cores per cpu, 2 threads per core) family 6 model 42 stepping 7, cmov, cx8, fxsr, mmx, sse, sse2, sse3, ssse3, sse4.1, sse4.2, popcnt, aes, clmul, ht, tsc, tscinvbit

Memory: 4k page, physical 8370488k(5405424k free), swap 16739068k(11252404k free)

vm_info: Java HotSpot(TM) 64-Bit Server VM (25.92-b14) for windows-amd64 JRE (1.8.0_92-b14), built on Mar 31 2016 21:03:04 by "java_re" with MS VC++ 10.0 (VS2010)

time: Mon Jul 04 15:53:00 2016
elapsed time: 3 seconds (0d 0h 0m 3s)

