#
# A fatal error has been detected by the Java Runtime Environment:
#
#  EXCEPTION_ACCESS_VIOLATION (0xc0000005) at pc=0x000007fee95f4613, pid=3356, tid=0x0000000000001788
#
# JRE version: Java(TM) SE Runtime Environment (8.0_92-b14) (build 1.8.0_92-b14)
# Java VM: Java HotSpot(TM) 64-Bit Server VM (25.92-b14 mixed mode windows-amd64 compressed oops)
# Problematic frame:
# C  [vtkRenderingJava.dll+0x4613]
#
# Failed to write core dump. Minidumps are not enabled by default on client versions of Windows
#
# If you would like to submit a bug report, please visit:
#   http://bugreport.java.com/bugreport/crash.jsp
# The crash happened outside the Java Virtual Machine in native code.
# See problematic frame for where to report the bug.
#

---------------  T H R E A D  ---------------

Current thread (0x000000001aa18800):  JavaThread "AWT-EventQueue-0" [_thread_in_native, id=6024, stack(0x000000001b650000,0x000000001b750000)]

siginfo: ExceptionCode=0xc0000005, reading address 0xffffffffffffffff

Registers:
RAX=0x00000000334f0c60, RBX=0x000000001741d120, RCX=0x00000000334f0c60, RDX=0x000000001ac8fb10
RSP=0x000000001b74cae8, RBP=0x000000001b74cb68, RSI=0x0000000016ff0480, RDI=0x00000000027e835d
R8 =0x000000001ab13d40, R9 =0x00000000d6128f88, R10=0x0000000000000028, R11=0x0000000057798198
R12=0x0000000000000000, R13=0x000000001741d120, R14=0x000000001b74cb90, R15=0x000000001aa18800
RIP=0x000007fee95f4613, EFLAGS=0x0000000000010202

Top of Stack: (sp=0x000000001b74cae8)
0x000000001b74cae8:   00000000027f7994 000000001741d120
0x000000001b74caf8:   0000000016ff0480 000000001b74cb48
0x000000001b74cb08:   000000001da9f148 0000000000000000
0x000000001b74cb18:   000000001740a008 0000000000000000
0x000000001b74cb28:   000000001b74cb28 0000000000000000
0x000000001b74cb38:   000000001b74cb90 000000001dab0698
0x000000001b74cb48:   0000000000000000 000000001741d120
0x000000001b74cb58:   0000000000000000 000000001b74cb88
0x000000001b74cb68:   000000001b74cbd8 00000000027e835d
0x000000001b74cb78:   0000000000000000 00000000027f19d8
0x000000001b74cb88:   00000000d6507fc8 00000000d6128f88
0x000000001b74cb98:   000000001b74cb98 000000001741d1ba
0x000000001b74cba8:   000000001b74cbf0 000000001dab0698
0x000000001b74cbb8:   0000000000000000 000000001741d1c8
0x000000001b74cbc8:   000000001b74cb88 000000001b74cbe8
0x000000001b74cbd8:   000000001b74cc38 00000000027e835d 

Instructions: (pc=0x000007fee95f4613)
0x000007fee95f45f3:   48 8b d8 e8 39 18 02 00 48 8b d3 4c 8b 00 48 8b
0x000007fee95f4603:   c8 48 8b 5c 24 30 48 8b 74 24 38 48 83 c4 20 5f
0x000007fee95f4613:   49 ff a0 e8 02 00 00 cc cc cc cc cc cc 40 53 48
0x000007fee95f4623:   83 ec 20 41 8b d8 e8 06 18 02 00 8b d3 4c 8b 08 


Register to memory mapping:

RAX=0x00000000334f0c60 is an unknown value
RBX={method} {0x000000001741d128} 'SetMapper_16' '(Lvtk/vtkMapper;)V' in 'vtk/vtkActor'
RCX=0x00000000334f0c60 is an unknown value
RDX=0x000000001ac8fb10 is an unknown value
RSP=0x000000001b74cae8 is pointing into the stack for thread: 0x000000001aa18800
RBP=0x000000001b74cb68 is pointing into the stack for thread: 0x000000001aa18800
RSI={method} {0x0000000016ff0488} '<init>' '()V' in 'java/lang/Object'
RDI=0x00000000027e835d is at code_begin+2301 in an Interpreter codelet
invoke return entry points  [0x00000000027e7a60, 0x00000000027e8440]  2528 bytes
R8 =0x000000001ab13d40 is an unknown value
R9 =0x00000000d6128f88 is an oop
vtk.vtkActor 
 - klass: 'vtk/vtkActor'
R10=0x0000000000000028 is an unknown value
R11=0x0000000057798198 is an unknown value
R12=0x0000000000000000 is an unknown value
R13={method} {0x000000001741d128} 'SetMapper_16' '(Lvtk/vtkMapper;)V' in 'vtk/vtkActor'
R14=0x000000001b74cb90 is pointing into the stack for thread: 0x000000001aa18800
R15=0x000000001aa18800 is a thread


Stack: [0x000000001b650000,0x000000001b750000],  sp=0x000000001b74cae8,  free space=1010k
Native frames: (J=compiled Java code, j=interpreted, Vv=VM code, C=native code)
C  [vtkRenderingJava.dll+0x4613]
C  0x00000000027f7994

Java frames: (J=compiled Java code, j=interpreted, Vv=VM code)
j  vtk.vtkActor.SetMapper_16(Lvtk/vtkMapper;)V+0
j  vtk.vtkActor.SetMapper(Lvtk/vtkMapper;)V+2
j  volume_ct.Main.jButton1ActionPerformed(Ljava/awt/event/ActionEvent;)V+26
j  volume_ct.Main.access$100(Lvolume_ct/Main;Ljava/awt/event/ActionEvent;)V+2
j  volume_ct.Main$2.actionPerformed(Ljava/awt/event/ActionEvent;)V+5
j  javax.swing.AbstractButton.fireActionPerformed(Ljava/awt/event/ActionEvent;)V+83
j  javax.swing.AbstractButton$Handler.actionPerformed(Ljava/awt/event/ActionEvent;)V+5
j  javax.swing.DefaultButtonModel.fireActionPerformed(Ljava/awt/event/ActionEvent;)V+34
j  javax.swing.DefaultButtonModel.setPressed(Z)V+117
j  javax.swing.plaf.basic.BasicButtonListener.mouseReleased(Ljava/awt/event/MouseEvent;)V+35
j  java.awt.Component.processMouseEvent(Ljava/awt/event/MouseEvent;)V+64
j  javax.swing.JComponent.processMouseEvent(Ljava/awt/event/MouseEvent;)V+23
J 1330 C1 java.awt.Component.processEvent(Ljava/awt/AWTEvent;)V (220 bytes) @ 0x0000000002c291e4 [0x0000000002c28cc0+0x524]
j  java.awt.Container.processEvent(Ljava/awt/AWTEvent;)V+18
J 1292 C1 java.awt.Component.dispatchEventImpl(Ljava/awt/AWTEvent;)V (883 bytes) @ 0x0000000002be56fc [0x0000000002be0200+0x54fc]
J 1410 C1 java.awt.Container.dispatchEventImpl(Ljava/awt/AWTEvent;)V (129 bytes) @ 0x0000000002c5ec84 [0x0000000002c5eb40+0x144]
J 1226 C1 java.awt.Component.dispatchEvent(Ljava/awt/AWTEvent;)V (6 bytes) @ 0x0000000002ba6744 [0x0000000002ba6640+0x104]
j  java.awt.LightweightDispatcher.retargetMouseEvent(Ljava/awt/Component;ILjava/awt/event/MouseEvent;)V+327
J 1456 C1 java.awt.LightweightDispatcher.processMouseEvent(Ljava/awt/event/MouseEvent;)Z (286 bytes) @ 0x0000000002c82ab4 [0x0000000002c81380+0x1734]
j  java.awt.LightweightDispatcher.dispatchEvent(Ljava/awt/AWTEvent;)Z+50
J 1410 C1 java.awt.Container.dispatchEventImpl(Ljava/awt/AWTEvent;)V (129 bytes) @ 0x0000000002c5ec24 [0x0000000002c5eb40+0xe4]
J 1453 C1 java.awt.Window.dispatchEventImpl(Ljava/awt/AWTEvent;)V (23 bytes) @ 0x0000000002c7a2e4 [0x0000000002c79d00+0x5e4]
J 1241 C1 java.awt.EventQueue.dispatchEventImpl(Ljava/awt/AWTEvent;Ljava/lang/Object;)V (149 bytes) @ 0x0000000002bb18bc [0x0000000002bb0080+0x183c]
J 1239 C1 java.awt.EventQueue$3.run()Ljava/lang/Void; (60 bytes) @ 0x0000000002baf48c [0x0000000002baf280+0x20c]
J 1238 C1 java.awt.EventQueue$3.run()Ljava/lang/Object; (5 bytes) @ 0x0000000002baef0c [0x0000000002baee80+0x8c]
v  ~StubRoutines::call_stub
J 1081  java.security.AccessController.doPrivileged(Ljava/security/PrivilegedAction;Ljava/security/AccessControlContext;)Ljava/lang/Object; (0 bytes) @ 0x0000000002b49f66 [0x0000000002b49f00+0x66]
J 1307 C1 java.awt.EventQueue$4.run()Ljava/lang/Object; (5 bytes) @ 0x0000000002bf35ac [0x0000000002bf3180+0x42c]
v  ~StubRoutines::call_stub
J 1081  java.security.AccessController.doPrivileged(Ljava/security/PrivilegedAction;Ljava/security/AccessControlContext;)Ljava/lang/Object; (0 bytes) @ 0x0000000002b49f66 [0x0000000002b49f00+0x66]
J 1159 C1 java.awt.EventQueue.dispatchEvent(Ljava/awt/AWTEvent;)V (80 bytes) @ 0x0000000002b7befc [0x0000000002b7b080+0xe7c]
J 1166 C1 java.awt.EventDispatchThread.pumpOneEventForFilters(I)V (295 bytes) @ 0x0000000002b81eb4 [0x0000000002b80200+0x1cb4]
j  java.awt.EventDispatchThread.pumpEventsForFilter(ILjava/awt/Conditional;Ljava/awt/EventFilter;)V+35
j  java.awt.EventDispatchThread.pumpEventsForHierarchy(ILjava/awt/Conditional;Ljava/awt/Component;)V+11
j  java.awt.EventDispatchThread.pumpEvents(ILjava/awt/Conditional;)V+4
j  java.awt.EventDispatchThread.pumpEvents(Ljava/awt/Conditional;)V+3
j  java.awt.EventDispatchThread.run()V+9
v  ~StubRoutines::call_stub

---------------  P R O C E S S  ---------------

Java Threads: ( => current thread )
  0x0000000018db2800 JavaThread "D3D Screen Updater" daemon [_thread_blocked, id=5352, stack(0x000000001dc80000,0x000000001dd80000)]
  0x000000001ab1e800 JavaThread "TimerQueue" daemon [_thread_blocked, id=6088, stack(0x000000001d750000,0x000000001d850000)]
  0x00000000000fe800 JavaThread "DestroyJavaVM" [_thread_blocked, id=740, stack(0x0000000002410000,0x0000000002510000)]
=>0x000000001aa18800 JavaThread "AWT-EventQueue-0" [_thread_in_native, id=6024, stack(0x000000001b650000,0x000000001b750000)]
  0x000000001a9c0800 JavaThread "AWT-Windows" daemon [_thread_in_native, id=3776, stack(0x000000001b510000,0x000000001b610000)]
  0x000000001a9bd800 JavaThread "AWT-Shutdown" [_thread_blocked, id=1060, stack(0x000000001b3b0000,0x000000001b4b0000)]
  0x000000001a9bd000 JavaThread "Java2D Disposer" daemon [_thread_blocked, id=2240, stack(0x000000001b200000,0x000000001b300000)]
  0x0000000018c49800 JavaThread "Service Thread" daemon [_thread_blocked, id=2144, stack(0x0000000019ff0000,0x000000001a0f0000)]
  0x0000000018bdd800 JavaThread "C1 CompilerThread3" daemon [_thread_blocked, id=6032, stack(0x000000001a660000,0x000000001a760000)]
  0x0000000018bb9000 JavaThread "C2 CompilerThread2" daemon [_thread_blocked, id=3016, stack(0x000000001a520000,0x000000001a620000)]
  0x0000000018bb4000 JavaThread "C2 CompilerThread1" daemon [_thread_blocked, id=4692, stack(0x000000001a3f0000,0x000000001a4f0000)]
  0x0000000018bac800 JavaThread "C2 CompilerThread0" daemon [_thread_blocked, id=4448, stack(0x000000001a260000,0x000000001a360000)]
  0x0000000018baa000 JavaThread "Attach Listener" daemon [_thread_blocked, id=4860, stack(0x000000001a130000,0x000000001a230000)]
  0x0000000018ba9000 JavaThread "Signal Dispatcher" daemon [_thread_blocked, id=1524, stack(0x0000000019ad0000,0x0000000019bd0000)]
  0x00000000179df800 JavaThread "Finalizer" daemon [_thread_blocked, id=4036, stack(0x0000000019e40000,0x0000000019f40000)]
  0x00000000179d9000 JavaThread "Reference Handler" daemon [_thread_blocked, id=2032, stack(0x0000000019d20000,0x0000000019e20000)]

Other Threads:
  0x0000000018b52800 VMThread [stack: 0x0000000019bd0000,0x0000000019cd0000] [id=5816]
  0x0000000018c2e800 WatcherThread [stack: 0x000000001a7c0000,0x000000001a8c0000] [id=4544]

VM state:not at safepoint (normal execution)

VM Mutex/Monitor currently owned by a thread: None

Heap:
 PSYoungGen      total 38400K, used 14684K [0x00000000d5700000, 0x00000000d8180000, 0x0000000100000000)
  eden space 33280K, 44% used [0x00000000d5700000,0x00000000d6557268,0x00000000d7780000)
  from space 5120K, 0% used [0x00000000d7c80000,0x00000000d7c80000,0x00000000d8180000)
  to   space 5120K, 0% used [0x00000000d7780000,0x00000000d7780000,0x00000000d7c80000)
 ParOldGen       total 87552K, used 0K [0x0000000080400000, 0x0000000085980000, 0x00000000d5700000)
  object space 87552K, 0% used [0x0000000080400000,0x0000000080400000,0x0000000085980000)
 Metaspace       used 14861K, capacity 15080K, committed 15360K, reserved 1062912K
  class space    used 1872K, capacity 1952K, committed 2048K, reserved 1048576K

Card table byte_map: [0x0000000011ba0000,0x0000000011fa0000] byte_map_base: 0x000000001179e000

Marking Bits: (ParMarkBitMap*) 0x00000000577a64f0
 Begin Bits: [0x0000000012c10000, 0x0000000014c00000)
 End Bits:   [0x0000000014c00000, 0x0000000016bf0000)

Polling page: 0x0000000000240000

CodeCache: size=245760Kb used=4854Kb max_used=4867Kb free=240905Kb
 bounds [0x00000000027e0000, 0x0000000002cb0000, 0x00000000117e0000]
 total_blobs=2012 nmethods=1490 adapters=435
 compilation: enabled

Compilation events (10 events):
Event: 36.930 Thread 0x0000000018bdd800 nmethod 1485 0x0000000002c978d0 code [0x0000000002c981a0, 0x0000000002c9d248]
Event: 36.930 Thread 0x0000000018bdd800 1487       3       sun.java2d.pipe.Region::getInstanceXYWH (16 bytes)
Event: 36.930 Thread 0x0000000018bdd800 nmethod 1487 0x0000000002c956d0 code [0x0000000002c95860, 0x0000000002c95cf0]
Event: 36.930 Thread 0x0000000018bdd800 1486       1       java.awt.image.BufferedImage::getRaster (5 bytes)
Event: 36.930 Thread 0x0000000018bdd800 nmethod 1486 0x0000000002c95410 code [0x0000000002c95560, 0x0000000002c95670]
Event: 36.930 Thread 0x0000000018bdd800 1489       1       javax.swing.AbstractButton::getVerticalAlignment (5 bytes)
Event: 36.930 Thread 0x0000000018bac800 nmethod 1471% 0x0000000002ca2dd0 code [0x0000000002ca2f40, 0x0000000002ca3af8]
Event: 36.930 Thread 0x0000000018bdd800 nmethod 1489 0x0000000002c95150 code [0x0000000002c952a0, 0x0000000002c953b0]
Event: 37.211 Thread 0x0000000018bdd800 1490       3       java.lang.ClassLoader::getClassLoader (11 bytes)
Event: 37.211 Thread 0x0000000018bdd800 nmethod 1490 0x0000000002c94d10 code [0x0000000002c94e60, 0x0000000002c95090]

GC Heap History (0 events):
No events

Deoptimization events (6 events):
Event: 0.288 Thread 0x000000001aa18800 Uncommon trap: reason=unstable_if action=reinterpret pc=0x00000000029b17b4 method=java.util.HashMap.getNode(ILjava/lang/Object;)Ljava/util/HashMap$Node; @ 84
Event: 0.321 Thread 0x000000001a9c0800 Uncommon trap: reason=unstable_if action=reinterpret pc=0x00000000029ec104 method=java.util.HashMap.putVal(ILjava/lang/Object;Ljava/lang/Object;ZZ)Ljava/lang/Object; @ 206
Event: 0.348 Thread 0x000000001aa18800 Uncommon trap: reason=unstable_if action=reinterpret pc=0x00000000029c2b60 method=java.util.HashMap.getNode(ILjava/lang/Object;)Ljava/util/HashMap$Node; @ 84
Event: 0.348 Thread 0x000000001aa18800 Uncommon trap: reason=unstable_if action=reinterpret pc=0x0000000002a12988 method=java.util.HashMap.putVal(ILjava/lang/Object;Ljava/lang/Object;ZZ)Ljava/lang/Object; @ 109
Event: 0.364 Thread 0x000000001aa18800 Uncommon trap: reason=unstable_if action=reinterpret pc=0x0000000002a27cac method=java.io.BufferedInputStream.read()I @ 8
Event: 28.696 Thread 0x000000001aa18800 Uncommon trap: reason=unstable_if action=reinterpret pc=0x0000000002b16140 method=java.awt.MultipleGradientPaintContext.indexIntoGradientsArrays(F)I @ 93

Internal exceptions (10 events):
Event: 0.197 Thread 0x00000000000fe800 Exception <a 'java/lang/ClassNotFoundException': ToolBar> (0x00000000d5b73de0) thrown at [D:\re\workspace\8-2-build-windows-amd64-cygwin\jdk8u92\6642\hotspot\src\share\vm\classfile\systemDictionary.cpp, line 210]
Event: 0.197 Thread 0x00000000000fe800 Exception <a 'java/lang/ClassNotFoundException': ToggleButton> (0x00000000d5b74390) thrown at [D:\re\workspace\8-2-build-windows-amd64-cygwin\jdk8u92\6642\hotspot\src\share\vm\classfile\systemDictionary.cpp, line 210]
Event: 0.197 Thread 0x00000000000fe800 Exception <a 'java/lang/ClassNotFoundException': javax/swing/JToolBarSeparator> (0x00000000d5b747f0) thrown at [D:\re\workspace\8-2-build-windows-amd64-cygwin\jdk8u92\6642\hotspot\src\share\vm\classfile\systemDictionary.cpp, line 210]
Event: 0.197 Thread 0x00000000000fe800 Exception <a 'java/lang/ClassNotFoundException': ToolBarSeparator> (0x00000000d5b74c88) thrown at [D:\re\workspace\8-2-build-windows-amd64-cygwin\jdk8u92\6642\hotspot\src\share\vm\classfile\systemDictionary.cpp, line 210]
Event: 0.197 Thread 0x00000000000fe800 Exception <a 'java/lang/ClassNotFoundException': ToolTip> (0x00000000d5b753c8) thrown at [D:\re\workspace\8-2-build-windows-amd64-cygwin\jdk8u92\6642\hotspot\src\share\vm\classfile\systemDictionary.cpp, line 210]
Event: 0.198 Thread 0x00000000000fe800 Exception <a 'java/lang/ClassNotFoundException': Tree> (0x00000000d5b75fe8) thrown at [D:\re\workspace\8-2-build-windows-amd64-cygwin\jdk8u92\6642\hotspot\src\share\vm\classfile\systemDictionary.cpp, line 210]
Event: 0.198 Thread 0x00000000000fe800 Exception <a 'java/lang/ClassNotFoundException': Tree> (0x00000000d5b76728) thrown at [D:\re\workspace\8-2-build-windows-amd64-cygwin\jdk8u92\6642\hotspot\src\share\vm\classfile\systemDictionary.cpp, line 210]
Event: 0.198 Thread 0x00000000000fe800 Exception <a 'java/lang/ClassNotFoundException': javax/swing/JTreeCell> (0x00000000d5b76aa8) thrown at [D:\re\workspace\8-2-build-windows-amd64-cygwin\jdk8u92\6642\hotspot\src\share\vm\classfile\systemDictionary.cpp, line 210]
Event: 0.198 Thread 0x00000000000fe800 Exception <a 'java/lang/ClassNotFoundException': TreeCell> (0x00000000d5b76f30) thrown at [D:\re\workspace\8-2-build-windows-amd64-cygwin\jdk8u92\6642\hotspot\src\share\vm\classfile\systemDictionary.cpp, line 210]
Event: 0.198 Thread 0x00000000000fe800 Exception <a 'java/lang/ClassNotFoundException': RootPane> (0x00000000d5b77990) thrown at [D:\re\workspace\8-2-build-windows-amd64-cygwin\jdk8u92\6642\hotspot\src\share\vm\classfile\systemDictionary.cpp, line 210]

Events (10 events):
Event: 28.370 loading class java/awt/Scrollbar done
Event: 28.696 Thread 0x000000001aa18800 Uncommon trap: trap_request=0xffffff65 fr.pc=0x0000000002b16140
Event: 28.696 Thread 0x000000001aa18800 DEOPT PACKING pc=0x0000000002b16140 sp=0x000000001b74bdb0
Event: 28.696 Thread 0x000000001aa18800 DEOPT UNPACKING pc=0x000000000282582a sp=0x000000001b74bd50 mode 2
Event: 30.697 loading class volume_ct/Source_02
Event: 30.697 loading class volume_ct/Source_02 done
Event: 31.489 loading class java/awt/LightweightDispatcher$2
Event: 31.490 loading class java/awt/LightweightDispatcher$2 done
Event: 36.789 Thread 0x000000001aa18800 DEOPT PACKING pc=0x0000000002b62654 sp=0x000000001b74bc50
Event: 36.789 Thread 0x000000001aa18800 DEOPT UNPACKING pc=0x000000000282747f sp=0x000000001b74b960 mode 0


Dynamic libraries:
0x000000013fa20000 - 0x000000013fa57000 	C:\Program Files\Java\jdk1.8.0_92\bin\java.exe
0x0000000076f30000 - 0x00000000770dc000 	C:\Windows\SYSTEM32\ntdll.dll
0x0000000076850000 - 0x000000007696f000 	C:\Windows\system32\kernel32.dll
0x000007fefd450000 - 0x000007fefd4bc000 	C:\Windows\system32\KERNELBASE.dll
0x000007fefd790000 - 0x000007fefd86b000 	C:\Windows\system32\ADVAPI32.dll
0x000007fefde10000 - 0x000007fefdeaf000 	C:\Windows\system32\msvcrt.dll
0x000007fefd770000 - 0x000007fefd78f000 	C:\Windows\SYSTEM32\sechost.dll
0x000007fefdb50000 - 0x000007fefdc7e000 	C:\Windows\system32\RPCRT4.dll
0x0000000076cd0000 - 0x0000000076dca000 	C:\Windows\system32\USER32.dll
0x000007fefd8c0000 - 0x000007fefd927000 	C:\Windows\system32\GDI32.dll
0x000007fefd930000 - 0x000007fefd93e000 	C:\Windows\system32\LPK.dll
0x000007fefdc80000 - 0x000007fefdd4a000 	C:\Windows\system32\USP10.dll
0x000007fefbe10000 - 0x000007fefc004000 	C:\Windows\WinSxS\amd64_microsoft.windows.common-controls_6595b64144ccf1df_6.0.7600.16661_none_fa62ad231704eab7\COMCTL32.dll
0x000007fefefe0000 - 0x000007feff051000 	C:\Windows\system32\SHLWAPI.dll
0x000007fefe110000 - 0x000007fefe13e000 	C:\Windows\system32\IMM32.DLL
0x000007fefe140000 - 0x000007fefe249000 	C:\Windows\system32\MSCTF.dll
0x0000000057830000 - 0x0000000057902000 	C:\Program Files\Java\jdk1.8.0_92\jre\bin\msvcr100.dll
0x0000000056f90000 - 0x0000000057826000 	C:\Program Files\Java\jdk1.8.0_92\jre\bin\server\jvm.dll
0x000007fef6b90000 - 0x000007fef6b99000 	C:\Windows\system32\WSOCK32.dll
0x000007fefd870000 - 0x000007fefd8bd000 	C:\Windows\system32\WS2_32.dll
0x000007fefd940000 - 0x000007fefd948000 	C:\Windows\system32\NSI.dll
0x000007fefa450000 - 0x000007fefa48b000 	C:\Windows\system32\WINMM.dll
0x000007fefc4a0000 - 0x000007fefc4ac000 	C:\Windows\system32\VERSION.dll
0x00000000770f0000 - 0x00000000770f7000 	C:\Windows\system32\PSAPI.DLL
0x000000006efe0000 - 0x000000006efef000 	C:\Program Files\Java\jdk1.8.0_92\jre\bin\verify.dll
0x000000005fdb0000 - 0x000000005fdd9000 	C:\Program Files\Java\jdk1.8.0_92\jre\bin\java.dll
0x000000006efc0000 - 0x000000006efd6000 	C:\Program Files\Java\jdk1.8.0_92\jre\bin\zip.dll
0x000007fefe250000 - 0x000007fefefd7000 	C:\Windows\system32\SHELL32.dll
0x000007fefdf00000 - 0x000007fefe102000 	C:\Windows\system32\ole32.dll
0x000007fefd3a0000 - 0x000007fefd3af000 	C:\Windows\system32\profapi.dll
0x0000000056df0000 - 0x0000000056f88000 	C:\Program Files\Java\jdk1.8.0_92\jre\bin\awt.dll
0x000007fefd9d0000 - 0x000007fefdaa7000 	C:\Windows\system32\OLEAUT32.dll
0x000007fefbad0000 - 0x000007fefbb26000 	C:\Windows\system32\uxtheme.dll
0x000007fefb6f0000 - 0x000007fefb708000 	C:\Windows\system32\dwmapi.dll
0x000007fefd290000 - 0x000007fefd29f000 	C:\Windows\system32\CRYPTBASE.dll
0x000000005fd60000 - 0x000000005fda7000 	C:\Program Files\Java\jdk1.8.0_92\jre\bin\fontmanager.dll
0x000007fef11b0000 - 0x000007fef13af000 	C:\Windows\system32\d3d9.dll
0x000007fef6b70000 - 0x000007fef6b77000 	C:\Windows\system32\d3d8thk.dll
0x000007feee740000 - 0x000007feef5b4000 	C:\Windows\system32\nvd3dumx.dll
0x000007fefbd30000 - 0x000007fefbd5c000 	C:\Windows\system32\powrprof.dll
0x000007feff060000 - 0x000007feff237000 	C:\Windows\system32\SETUPAPI.dll
0x000007fefd5a0000 - 0x000007fefd5d6000 	C:\Windows\system32\CFGMGR32.dll
0x000007fefd5e0000 - 0x000007fefd5fa000 	C:\Windows\system32\DEVOBJ.dll
0x000007feefe40000 - 0x000007feeff98000 	C:\Program Files (x86)\NVIDIA Corporation\3D Vision\nvSCPAPI64.dll
0x000000005fd40000 - 0x000000005fd5a000 	C:\Program Files\Java\jdk1.8.0_92\jre\bin\net.dll
0x000007fefcbd0000 - 0x000007fefcc24000 	C:\Windows\system32\mswsock.dll
0x000007fefcbc0000 - 0x000007fefcbc7000 	C:\Windows\System32\wship6.dll
0x000000005fd20000 - 0x000000005fd31000 	C:\Program Files\Java\jdk1.8.0_92\jre\bin\nio.dll
0x0000000056da0000 - 0x0000000056de2000 	C:\Program Files\Java\jdk1.8.0_92\jre\bin\t2k.dll
0x000007fefdd50000 - 0x000007fefdde9000 	C:\Windows\system32\CLBCatQ.DLL
0x000007fefb580000 - 0x000007fefb6aa000 	C:\Windows\system32\WindowsCodecs.dll
0x000007fefd230000 - 0x000007fefd287000 	C:\Windows\system32\apphelp.dll
0x000007fef8a50000 - 0x000007fef8a85000 	C:\Windows\system32\EhStorShell.dll
0x000007fefbbb0000 - 0x000007fefbcdc000 	C:\Windows\system32\PROPSYS.dll
0x000007fef8990000 - 0x000007fef8a0e000 	C:\Windows\System32\cscui.dll
0x000007fef8a40000 - 0x000007fef8a4c000 	C:\Windows\System32\CSCDLL.dll
0x000007fef8b10000 - 0x000007fef8b1f000 	C:\Windows\system32\CSCAPI.dll
0x000007fef8910000 - 0x000007fef8990000 	C:\Windows\system32\ntshrui.dll
0x000007fefd100000 - 0x000007fefd123000 	C:\Windows\system32\srvcli.dll
0x000007fefb320000 - 0x000007fefb32b000 	C:\Windows\system32\slc.dll
0x000007feee5c0000 - 0x000007feee62e000 	C:\vtkBin\bin\vtkCommonJava.dll
0x000007feea690000 - 0x000007feea8d8000 	C:\vtkBin\bin\vtkCommon.dll
0x000007feee650000 - 0x000007feee693000 	C:\vtkBin\bin\vtksys.dll
0x0000000067160000 - 0x00000000671f8000 	C:\Windows\system32\MSVCP100.dll
0x000007feee320000 - 0x000007feee3c0000 	C:\vtkBin\bin\vtkFilteringJava.dll
0x000007feea390000 - 0x000007feea68c000 	C:\vtkBin\bin\vtkFiltering.dll
0x000007feee560000 - 0x000007feee5b6000 	C:\vtkBin\bin\vtkIOJava.dll
0x000007fee9f60000 - 0x000007feea384000 	C:\vtkBin\bin\vtkIO.dll
0x000007feee530000 - 0x000007feee552000 	C:\vtkBin\bin\vtkDICOMParser.dll
0x000007feee250000 - 0x000007feee316000 	C:\vtkBin\bin\vtkNetCDF.dll
0x000007feea920000 - 0x000007feeab2d000 	C:\vtkBin\bin\vtkhdf5.dll
0x000007feee630000 - 0x000007feee644000 	C:\vtkBin\bin\vtkzlib.dll
0x000007feeb090000 - 0x000007feeb0bd000 	C:\vtkBin\bin\vtkhdf5_hl.dll
0x000007feeb070000 - 0x000007feeb090000 	C:\vtkBin\bin\vtkNetCDF_cxx.dll
0x000007feeb050000 - 0x000007feeb068000 	C:\vtkBin\bin\LSDyna.dll
0x000007feeafc0000 - 0x000007feeb04f000 	C:\vtkBin\bin\vtkmetaio.dll
0x000007feeaf90000 - 0x000007feeafb4000 	C:\vtkBin\bin\vtkpng.dll
0x000007feeaf60000 - 0x000007feeaf87000 	C:\vtkBin\bin\vtkjpeg.dll
0x000007feeaf00000 - 0x000007feeaf51000 	C:\vtkBin\bin\vtktiff.dll
0x000007feeaed0000 - 0x000007feeaef3000 	C:\vtkBin\bin\vtkexpat.dll
0x000007feea900000 - 0x000007feea91f000 	C:\Windows\system32\AVIFIL32.dll
0x000007feefe20000 - 0x000007feefe38000 	C:\Windows\system32\MSACM32.dll
0x000007fee9f30000 - 0x000007fee9f59000 	C:\Windows\system32\MSVFW32.dll
0x000007fee9ee0000 - 0x000007fee9f27000 	C:\vtkBin\bin\vtkImagingJava.dll
0x000007fee9c50000 - 0x000007fee9ed9000 	C:\vtkBin\bin\vtkImaging.dll
0x000007fee9bb0000 - 0x000007fee9c47000 	C:\vtkBin\bin\vtkGraphicsJava.dll
0x000007fee96b0000 - 0x000007fee9ba2000 	C:\vtkBin\bin\vtkGraphics.dll
0x000007fee9680000 - 0x000007fee96b0000 	C:\vtkBin\bin\vtkverdict.dll
0x000007fee95f0000 - 0x000007fee9679000 	C:\vtkBin\bin\vtkRenderingJava.dll
0x000007fee9250000 - 0x000007fee95eb000 	C:\vtkBin\bin\vtkRendering.dll
0x000007fef3450000 - 0x000007fef345f000 	C:\vtkBin\bin\vtkftgl.dll
0x000007fef68c0000 - 0x000007fef69dd000 	C:\Windows\system32\OPENGL32.dll
0x000007fef6890000 - 0x000007fef68bd000 	C:\Windows\system32\GLU32.dll
0x000007fef6790000 - 0x000007fef6881000 	C:\Windows\system32\DDRAW.dll
0x000007fef98a0000 - 0x000007fef98a8000 	C:\Windows\system32\DCIMAN32.dll
0x000007fee91d0000 - 0x000007fee9245000 	C:\vtkBin\bin\vtkfreetype.dll
0x000000006eff0000 - 0x000000006eff7000 	C:\vtkBin\bin\jawt.dll
0x000007fee9170000 - 0x000007fee91c1000 	C:\vtkBin\bin\vtkHybridJava.dll
0x000007fee8f70000 - 0x000007fee9163000 	C:\vtkBin\bin\vtkHybrid.dll
0x000007fee8f20000 - 0x000007fee8f61000 	C:\vtkBin\bin\vtkexoIIc.dll
0x000007feea8e0000 - 0x000007feea8f7000 	C:\Windows\system32\AVICAP32.dll
0x000007fee8ef0000 - 0x000007fee8f15000 	C:\vtkBin\bin\vtkVolumeRenderingJava.dll
0x000007fee8ac0000 - 0x000007fee8ee1000 	C:\vtkBin\bin\vtkVolumeRendering.dll
0x000007fee8a60000 - 0x000007fee8abc000 	C:\vtkBin\bin\vtkWidgetsJava.dll
0x000007fee8900000 - 0x000007fee8a5e000 	C:\vtkBin\bin\vtkWidgets.dll
0x0000000056d70000 - 0x0000000056d9a000 	C:\Program Files\Java\jdk1.8.0_92\jre\bin\dcpr.dll
0x0000000054c10000 - 0x00000000566c8000 	C:\Windows\system32\nvoglv64.DLL
0x000007fefd560000 - 0x000007fefd599000 	C:\Windows\system32\WINTRUST.dll
0x000007fefd600000 - 0x000007fefd76a000 	C:\Windows\system32\CRYPT32.dll
0x000007fefd440000 - 0x000007fefd44f000 	C:\Windows\system32\MSASN1.dll
0x000007fef9a80000 - 0x000007fef9aad000 	C:\Windows\system32\ntmarta.dll
0x000007fefdeb0000 - 0x000007fefdf00000 	C:\Windows\system32\WLDAP32.dll
0x000007fef3740000 - 0x000007fef3865000 	C:\Windows\system32\dbghelp.dll

VM Arguments:
jvm_args: -Dfile.encoding=UTF-8 
java_command: volume_ct.Main
java_class_path (initial): C:\vtkBin\bin\vtk.jar;C:\Program Files\NetBeans 8.0.2\java\modules\ext\beansbinding-1.2.1.jar;C:\Users\IMG_1\Desktop\project_vtk\volume_ct\build\classes
Launcher Type: SUN_STANDARD

Environment Variables:
CLASSPATH=C:\Users\IMG_1\Downloads\JavaCV\opencv\build\x86\vc10\lib;
PATH=C:\ProgramData\Oracle\Java\javapath;C:\Program Files\NVIDIA GPU Computing Toolkit\CUDA\v5.5\bin;C:\Program Files\NVIDIA GPU Computing Toolkit\CUDA\v5.5\libnvvp;C:\Program Files\Common Files\Microsoft Shared\Windows Live;C:\Program Files (x86)\Common Files\Microsoft Shared\Windows Live;C:\Program Files (x86)\NVIDIA Corporation\PhysX\Common;C:\Windows\system32;C:\Windows;C:\Windows\System32\Wbem;C:\Windows\System32\WindowsPowerShell\v1.0\;C:\Program Files (x86)\Microsoft SQL Server\90\Tools\binn\;C:\Program Files (x86)\Windows Live\Shared;C:\ProgramData\NVIDIA Corporation\NVIDIA GPU Computing SDK 4.2\C\common\bin;C:\Program Files\Microsoft\Web Platform Installer\;C:\Program Files (x86)\Microsoft ASP.NET\ASP.NET Web Pages\v1.0\;C:\Program Files\Microsoft SQL Server\110\Tools\Binn\;C:\Program Files (x86)\CMake\bin;C:\Program Files\MATLAB\R2013a\bin;C:\Program Files\Git\cmd;D:\laragon\bin\php\php-5.6.13;C:\ProgramData\ComposerSetup\bin;C:\lib\opencv\x64;C:\Program Files\ImageJ\plugins;C:\Program Files\ImageJ;C:\vtkBin\bin;C:\simpleitk;C:\Users\IMG_1\Downloads\JavaCV\opencv\build\common\tbb\ia32\vc10; C:\Users\IMG_1\Downloads\JavaCV\opencv\build\x86\vc10;C:\Users\IMG_1\Downloads\JavaCV\opencv\build\x64\vc10;C:\MinGW\bin;C:\MinGW\msys\1.0\bin;C:\Users\IMG_1\Desktop\vtk_bin07\bin\Debug;C:\Users\IMG_1\Desktop\vtk_12\bin\Release
USERNAME=IMG_1
OS=Windows_NT
PROCESSOR_IDENTIFIER=Intel64 Family 6 Model 42 Stepping 7, GenuineIntel



---------------  S Y S T E M  ---------------

OS: Windows 7 , 64 bit Build 7600 (6.1.7600.17206)

CPU:total 8 (4 cores per cpu, 2 threads per core) family 6 model 42 stepping 7, cmov, cx8, fxsr, mmx, sse, sse2, sse3, ssse3, sse4.1, sse4.2, popcnt, aes, clmul, ht, tsc, tscinvbit

Memory: 4k page, physical 8370488k(4040672k free), swap 16739068k(10943804k free)

vm_info: Java HotSpot(TM) 64-Bit Server VM (25.92-b14) for windows-amd64 JRE (1.8.0_92-b14), built on Mar 31 2016 21:03:04 by "java_re" with MS VC++ 10.0 (VS2010)

time: Mon Jul 04 15:21:32 2016
elapsed time: 37 seconds (0d 0h 0m 37s)

