#
# A fatal error has been detected by the Java Runtime Environment:
#
#  EXCEPTION_UNCAUGHT_CXX_EXCEPTION (0xe06d7363) at pc=0x000007fefe1aac3d, pid=5024, tid=0x000000000000051c
#
# JRE version: Java(TM) SE Runtime Environment (8.0_92-b14) (build 1.8.0_92-b14)
# Java VM: Java HotSpot(TM) 64-Bit Server VM (25.92-b14 mixed mode windows-amd64 compressed oops)
# Problematic frame:
# C  [KERNELBASE.dll+0xac3d]
#
# Failed to write core dump. Minidumps are not enabled by default on client versions of Windows
#
# If you would like to submit a bug report, please visit:
#   http://bugreport.java.com/bugreport/crash.jsp
# The crash happened outside the Java Virtual Machine in native code.
# See problematic frame for where to report the bug.
#

---------------  T H R E A D  ---------------

Current thread (0x00000000022fe800):  JavaThread "main" [_thread_in_native, id=1308, stack(0x0000000002570000,0x0000000002670000)]

siginfo: ExceptionCode=0xe06d7363, ExceptionInformation=0x0000000019930520 0x000000000266e848 0x000007feef1e1ad8 0x000007feef030000 

Registers:
RAX=0x0000000075f7a661, RBX=0x000000000266e848, RCX=0x000000000266e0d0, RDX=0x00000000000000d0
RSP=0x000000000266e6e0, RBP=0x000000000266e810, RSI=0x000000004a8007fc, RDI=0x000007feef1e1ad8
R8 =0x0000000000000000, R9 =0x0000000000000000, R10=0x000007feef030000, R11=0x000000000266e720
R12=0x0000000000000007, R13=0x0000000000000000, R14=0x00000000021f0170, R15=0x0000000000000000
RIP=0x000007fefe1aac3d, EFLAGS=0x0000000000000202

Top of Stack: (sp=0x000000000266e6e0)
0x000000000266e6e0:   000000000266e848 000000004a8007fc
0x000000000266e6f0:   000007feef1e1ad8 0000000000000007
0x000000000266e700:   00000001e06d7363 0000000000000000
0x000000000266e710:   000007fefe1aac3d 000007fe00000004
0x000000000266e720:   0000000019930520 000000000266e848
0x000000000266e730:   000007feef1e1ad8 000007feef030000
0x000000000266e740:   000000000266e9e0 000000000266e7c8
0x000000000266e750:   0000000018c714d8 0000000000000001
0x000000000266e760:   00000000003fc570 000007feef0cf8d3
0x000000000266e770:   0000000018c8c1e0 0000000065e28d94
0x000000000266e780:   00000000021f0170 0000000000000000
0x000000000266e790:   0000000000000007 000007feef1e1ad8
0x000000000266e7a0:   000000004a8007fc 0000000065e214f1
0x000000000266e7b0:   000000000266e848 000000000266e820
0x000000000266e7c0:   0000000000000001 000007feef0300e8
0x000000000266e7d0:   00000001e06d7363 0000000000000000 

Instructions: (pc=0x000007fefe1aac3d)
0x000007fefe1aac1d:   54 24 24 48 89 4c 24 28 4d 85 c9 0f 85 28 02 00
0x000007fefe1aac2d:   00 89 4c 24 38 48 8d 4c 24 20 ff 15 63 06 04 00
0x000007fefe1aac3d:   48 81 c4 c8 00 00 00 c3 90 90 90 90 90 90 90 90
0x000007fefe1aac4d:   90 90 90 48 83 ec 48 83 f9 08 0f 8d 64 c8 01 00 


Register to memory mapping:

RAX=0x0000000075f7a661 is an unknown value
RBX=0x000000000266e848 is pointing into the stack for thread: 0x00000000022fe800
RCX=0x000000000266e0d0 is pointing into the stack for thread: 0x00000000022fe800
RDX=0x00000000000000d0 is an unknown value
RSP=0x000000000266e6e0 is pointing into the stack for thread: 0x00000000022fe800
RBP=0x000000000266e810 is pointing into the stack for thread: 0x00000000022fe800
RSI=0x000000004a8007fc is an unknown value
RDI=0x000007feef1e1ad8 is an unknown value
R8 =0x0000000000000000 is an unknown value
R9 =0x0000000000000000 is an unknown value
R10=0x000007feef030000 is an unknown value
R11=0x000000000266e720 is pointing into the stack for thread: 0x00000000022fe800
R12=0x0000000000000007 is an unknown value
R13=0x0000000000000000 is an unknown value
R14=0x00000000021f0170 is an unknown value
R15=0x0000000000000000 is an unknown value


Stack: [0x0000000002570000,0x0000000002670000],  sp=0x000000000266e6e0,  free space=1017k
Native frames: (J=compiled Java code, j=interpreted, Vv=VM code, C=native code)
C  [KERNELBASE.dll+0xac3d]
C  [msvcr100.dll+0x614f1]
C  [vtkCommon.dll+0x11f6cd]
C  [vtkCommon.dll+0x11fd47]
C  [vtkFiltering.dll+0x396d]
C  [vtkGraphics.dll+0x2371a9]
C  [vtkGraphics.dll+0x23ac36]
C  [vtkFiltering.dll+0x19691a]
C  [vtkFiltering.dll+0x68e6c]
C  [vtkFiltering.dll+0x5dc7e]
C  [vtkFiltering.dll+0x5fcca]
C  [vtkFiltering.dll+0x18f438]
C  [vtkFiltering.dll+0x5d962]
C  [vtkFiltering.dll+0x19318e]
C  0x0000000002957994

Java frames: (J=compiled Java code, j=interpreted, Vv=VM code)
j  vtk.vtkAlgorithm.Update_52()V+0
j  vtk.vtkAlgorithm.Update()V+1
j  volume_02.test_img00.<init>()V+62
j  volume_02.Main.<init>()V+13
j  volume_02.Volume_02.main([Ljava/lang/String;)V+4
v  ~StubRoutines::call_stub

---------------  P R O C E S S  ---------------

Java Threads: ( => current thread )
  0x000000001ac70800 JavaThread "AWT-EventQueue-0" [_thread_blocked, id=5896, stack(0x000000001d4e0000,0x000000001d5e0000)]
  0x000000001ac08000 JavaThread "AWT-Windows" daemon [_thread_in_native, id=4172, stack(0x000000001b720000,0x000000001b820000)]
  0x000000001ac03000 JavaThread "AWT-Shutdown" [_thread_blocked, id=5964, stack(0x000000001b5c0000,0x000000001b6c0000)]
  0x000000001ac02800 JavaThread "Java2D Disposer" daemon [_thread_blocked, id=5028, stack(0x000000001b360000,0x000000001b460000)]
  0x0000000018cda800 JavaThread "Service Thread" daemon [_thread_blocked, id=5576, stack(0x000000001a7b0000,0x000000001a8b0000)]
  0x0000000018c6f000 JavaThread "C1 CompilerThread3" daemon [_thread_blocked, id=5772, stack(0x000000001a2d0000,0x000000001a3d0000)]
  0x0000000018c4a000 JavaThread "C2 CompilerThread2" daemon [_thread_blocked, id=1756, stack(0x000000001a550000,0x000000001a650000)]
  0x0000000018c45000 JavaThread "C2 CompilerThread1" daemon [_thread_blocked, id=4516, stack(0x000000001a420000,0x000000001a520000)]
  0x0000000018c40000 JavaThread "C2 CompilerThread0" daemon [_thread_blocked, id=5020, stack(0x0000000019b70000,0x0000000019c70000)]
  0x0000000018c3d800 JavaThread "Attach Listener" daemon [_thread_blocked, id=4540, stack(0x000000001a1c0000,0x000000001a2c0000)]
  0x0000000018c3c800 JavaThread "Signal Dispatcher" daemon [_thread_blocked, id=4736, stack(0x0000000019fa0000,0x000000001a0a0000)]
  0x0000000017a74800 JavaThread "Finalizer" daemon [_thread_blocked, id=5040, stack(0x000000001a0b0000,0x000000001a1b0000)]
  0x0000000018be3800 JavaThread "Reference Handler" daemon [_thread_blocked, id=5452, stack(0x0000000019e90000,0x0000000019f90000)]
=>0x00000000022fe800 JavaThread "main" [_thread_in_native, id=1308, stack(0x0000000002570000,0x0000000002670000)]

Other Threads:
  0x0000000018be2000 VMThread [stack: 0x0000000019c90000,0x0000000019d90000] [id=2172]
  0x0000000018cbd000 WatcherThread [stack: 0x000000001a980000,0x000000001aa80000] [id=6048]

VM state:not at safepoint (normal execution)

VM Mutex/Monitor currently owned by a thread: None

Heap:
 PSYoungGen      total 38400K, used 5994K [0x00000000d5700000, 0x00000000d8180000, 0x0000000100000000)
  eden space 33280K, 18% used [0x00000000d5700000,0x00000000d5cda9c0,0x00000000d7780000)
  from space 5120K, 0% used [0x00000000d7c80000,0x00000000d7c80000,0x00000000d8180000)
  to   space 5120K, 0% used [0x00000000d7780000,0x00000000d7780000,0x00000000d7c80000)
 ParOldGen       total 87552K, used 0K [0x0000000080400000, 0x0000000085980000, 0x00000000d5700000)
  object space 87552K, 0% used [0x0000000080400000,0x0000000080400000,0x0000000085980000)
 Metaspace       used 8452K, capacity 8592K, committed 8832K, reserved 1056768K
  class space    used 1019K, capacity 1092K, committed 1152K, reserved 1048576K

Card table byte_map: [0x0000000011d00000,0x0000000012100000] byte_map_base: 0x00000000118fe000

Marking Bits: (ParMarkBitMap*) 0x0000000056f764f0
 Begin Bits: [0x0000000012ca0000, 0x0000000014c90000)
 End Bits:   [0x0000000014c90000, 0x0000000016c80000)

Polling page: 0x0000000000330000

CodeCache: size=245760Kb used=1756Kb max_used=1767Kb free=244003Kb
 bounds [0x0000000002940000, 0x0000000002bb0000, 0x0000000011940000]
 total_blobs=735 nmethods=333 adapters=316
 compilation: enabled

Compilation events (10 events):
Event: 0.399 Thread 0x0000000018c6f000 nmethod 329 0x0000000002af4b50 code [0x0000000002af4dc0, 0x0000000002af5bb8]
Event: 0.402 Thread 0x0000000018c6f000  331       3       java.nio.Buffer::checkIndex (22 bytes)
Event: 0.402 Thread 0x0000000018c6f000 nmethod 331 0x0000000002af3c50 code [0x0000000002af3dc0, 0x0000000002af4008]
Event: 0.402 Thread 0x0000000018c6f000  330       1       java.security.ProtectionDomain::getCodeSource (5 bytes)
Event: 0.402 Thread 0x0000000018c6f000 nmethod 330 0x0000000002af3990 code [0x0000000002af3ae0, 0x0000000002af3bf0]
Event: 0.402 Thread 0x0000000018c6f000  332       3       java.util.Vector::elementData (7 bytes)
Event: 0.402 Thread 0x0000000018c6f000 nmethod 332 0x0000000002af68d0 code [0x0000000002af6a20, 0x0000000002af6b90]
Event: 0.404 Thread 0x0000000018c40000 nmethod 328 0x0000000002af9d50 code [0x0000000002af9ea0, 0x0000000002afa338]
Event: 0.738 Thread 0x0000000018c6f000  333       1       java.util.zip.ZipFile::access$000 (5 bytes)
Event: 0.738 Thread 0x0000000018c6f000 nmethod 333 0x0000000002af9a90 code [0x0000000002af9be0, 0x0000000002af9cd0]

GC Heap History (0 events):
No events

Deoptimization events (0 events):
No events

Internal exceptions (10 events):
Event: 0.078 Thread 0x00000000022fe800 Exception <a 'java/lang/NoSuchMethodError': Method sun.misc.Unsafe.defineClass(Ljava/lang/String;[BII)Ljava/lang/Class; name or signature does not match> (0x00000000d5707cc0) thrown at [D:\re\workspace\8-2-build-windows-amd64-cygwin\jdk8u92\6642\hotspot\srÑÓ?2ï´?
Event: 0.078 Thread 0x00000000022fe800 Exception <a 'java/lang/NoSuchMethodError': Method sun.misc.Unsafe.prefetchRead(Ljava/lang/Object;J)V name or signature does not match> (0x00000000d5707fa8) thrown at [D:\re\workspace\8-2-build-windows-amd64-cygwin\jdk8u92\6642\hotspot\src\share\vm\prims\juŒ´*×Ã?
Event: 0.155 Thread 0x00000000022fe800 Exception <a 'java/security/PrivilegedActionException'> (0x00000000d57a3f30) thrown at [D:\re\workspace\8-2-build-windows-amd64-cygwin\jdk8u92\6642\hotspot\src\share\vm\prims\jvm.cpp, line 1386]
Event: 0.155 Thread 0x00000000022fe800 Exception <a 'java/security/PrivilegedActionException'> (0x00000000d57a4140) thrown at [D:\re\workspace\8-2-build-windows-amd64-cygwin\jdk8u92\6642\hotspot\src\share\vm\prims\jvm.cpp, line 1386]
Event: 0.156 Thread 0x00000000022fe800 Exception <a 'java/security/PrivilegedActionException'> (0x00000000d584e620) thrown at [D:\re\workspace\8-2-build-windows-amd64-cygwin\jdk8u92\6642\hotspot\src\share\vm\prims\jvm.cpp, line 1386]
Event: 0.156 Thread 0x00000000022fe800 Exception <a 'java/security/PrivilegedActionException'> (0x00000000d584e830) thrown at [D:\re\workspace\8-2-build-windows-amd64-cygwin\jdk8u92\6642\hotspot\src\share\vm\prims\jvm.cpp, line 1386]
Event: 0.158 Thread 0x00000000022fe800 Exception <a 'java/io/FileNotFoundException'> (0x00000000d5850c58) thrown at [D:\re\workspace\8-2-build-windows-amd64-cygwin\jdk8u92\6642\hotspot\src\share\vm\prims\jni.cpp, line 709]
Event: 0.184 Thread 0x00000000022fe800 Exception <a 'java/lang/NoSuchFieldError': method resolution failed> (0x00000000d591e628) thrown at [D:\re\workspace\8-2-build-windows-amd64-cygwin\jdk8u92\6642\hotspot\src\share\vm\prims\methodHandles.cpp, line 1146]
Event: 0.185 Thread 0x00000000022fe800 Exception <a 'java/lang/NoSuchFieldError': method resolution failed> (0x00000000d592b978) thrown at [D:\re\workspace\8-2-build-windows-amd64-cygwin\jdk8u92\6642\hotspot\src\share\vm\prims\methodHandles.cpp, line 1146]
Event: 0.213 Thread 0x00000000022fe800 Exception <a 'java/io/FileNotFoundException'> (0x00000000d59bfea0) thrown at [D:\re\workspace\8-2-build-windows-amd64-cygwin\jdk8u92\6642\hotspot\src\share\vm\prims\jni.cpp, line 709]

Events (10 events):
Event: 0.402 loading class vtk/vtkJavaGarbageCollector$2
Event: 0.402 loading class vtk/vtkJavaGarbageCollector$2 done
Event: 0.738 loading class vtk/vtkMarchingCubes
Event: 0.738 loading class vtk/vtkMarchingCubes done
Event: 0.738 loading class vtk/vtkPolyDataAlgorithm
Event: 0.738 loading class vtk/vtkPolyDataAlgorithm done
Event: 0.739 loading class vtk/vtkAlgorithmOutput
Event: 0.739 loading class vtk/vtkAlgorithmOutput done
Event: 4.154 Executing VM operation: EnableBiasedLocking
Event: 4.154 Executing VM operation: EnableBiasedLocking done


Dynamic libraries:
0x000000013f690000 - 0x000000013f6c7000 	C:\Program Files\Java\jdk1.8.0_92\bin\java.exe
0x00000000779d0000 - 0x0000000077b7c000 	C:\Windows\SYSTEM32\ntdll.dll
0x00000000778b0000 - 0x00000000779cf000 	C:\Windows\system32\kernel32.dll
0x000007fefe1a0000 - 0x000007fefe20c000 	C:\Windows\system32\KERNELBASE.dll
0x000007fefe490000 - 0x000007fefe56b000 	C:\Windows\system32\ADVAPI32.dll
0x000007fefe210000 - 0x000007fefe2af000 	C:\Windows\system32\msvcrt.dll
0x000007fefe630000 - 0x000007fefe64f000 	C:\Windows\SYSTEM32\sechost.dll
0x000007feffbb0000 - 0x000007feffcde000 	C:\Windows\system32\RPCRT4.dll
0x0000000077450000 - 0x000000007754a000 	C:\Windows\system32\USER32.dll
0x000007fefe5c0000 - 0x000007fefe627000 	C:\Windows\system32\GDI32.dll
0x000007fefe2d0000 - 0x000007fefe2de000 	C:\Windows\system32\LPK.dll
0x000007fefe3c0000 - 0x000007fefe48a000 	C:\Windows\system32\USP10.dll
0x000007fefca50000 - 0x000007fefcc44000 	C:\Windows\WinSxS\amd64_microsoft.windows.common-controls_6595b64144ccf1df_6.0.7600.16661_none_fa62ad231704eab7\COMCTL32.dll
0x000007fefe700000 - 0x000007fefe771000 	C:\Windows\system32\SHLWAPI.dll
0x000007fefe650000 - 0x000007fefe67e000 	C:\Windows\system32\IMM32.DLL
0x000007fefe780000 - 0x000007fefe889000 	C:\Windows\system32\MSCTF.dll
0x0000000065dc0000 - 0x0000000065e92000 	C:\Program Files\Java\jdk1.8.0_92\jre\bin\msvcr100.dll
0x0000000056760000 - 0x0000000056ff6000 	C:\Program Files\Java\jdk1.8.0_92\jre\bin\server\jvm.dll
0x000007fefc640000 - 0x000007fefc649000 	C:\Windows\system32\WSOCK32.dll
0x000007fefe890000 - 0x000007fefe8dd000 	C:\Windows\system32\WS2_32.dll
0x000007fefe980000 - 0x000007fefe988000 	C:\Windows\system32\NSI.dll
0x000007fefada0000 - 0x000007fefaddb000 	C:\Windows\system32\WINMM.dll
0x000007fefcc50000 - 0x000007fefcc5c000 	C:\Windows\system32\VERSION.dll
0x0000000077ba0000 - 0x0000000077ba7000 	C:\Windows\system32\PSAPI.DLL
0x000000006bc70000 - 0x000000006bc7f000 	C:\Program Files\Java\jdk1.8.0_92\jre\bin\verify.dll
0x0000000068df0000 - 0x0000000068e19000 	C:\Program Files\Java\jdk1.8.0_92\jre\bin\java.dll
0x000000006b8e0000 - 0x000000006b8f6000 	C:\Program Files\Java\jdk1.8.0_92\jre\bin\zip.dll
0x000007fefed80000 - 0x000007feffb07000 	C:\Windows\system32\SHELL32.dll
0x000007fefeb70000 - 0x000007fefed72000 	C:\Windows\system32\ole32.dll
0x000007fefde40000 - 0x000007fefde4f000 	C:\Windows\system32\profapi.dll
0x0000000065c20000 - 0x0000000065db8000 	C:\Program Files\Java\jdk1.8.0_92\jre\bin\awt.dll
0x000007fefe2e0000 - 0x000007fefe3b7000 	C:\Windows\system32\OLEAUT32.dll
0x000007fefbb20000 - 0x000007fefbb38000 	C:\Windows\system32\DWMAPI.DLL
0x000007fefc570000 - 0x000007fefc5c6000 	C:\Windows\system32\uxtheme.dll
0x000007fefdd70000 - 0x000007fefdd7f000 	C:\Windows\system32\CRYPTBASE.dll
0x000007fef0860000 - 0x000007fef0a5f000 	C:\Windows\system32\d3d9.dll
0x000007fef95b0000 - 0x000007fef95b7000 	C:\Windows\system32\d3d8thk.dll
0x000007feef9e0000 - 0x000007fef0854000 	C:\Windows\system32\nvd3dumx.dll
0x000007fefc7d0000 - 0x000007fefc7fc000 	C:\Windows\system32\powrprof.dll
0x000007fefe990000 - 0x000007fefeb67000 	C:\Windows\system32\SETUPAPI.dll
0x000007fefdff0000 - 0x000007fefe026000 	C:\Windows\system32\CFGMGR32.dll
0x000007fefdfd0000 - 0x000007fefdfea000 	C:\Windows\system32\DEVOBJ.dll
0x000007feef880000 - 0x000007feef9d8000 	C:\Program Files (x86)\NVIDIA Corporation\3D Vision\nvSCPAPI64.dll
0x0000000066400000 - 0x0000000066447000 	C:\Program Files\Java\jdk1.8.0_92\jre\bin\fontmanager.dll
0x000007fef26d0000 - 0x000007fef273e000 	C:\vtkBin\bin\vtkCommonJava.dll
0x000007feef030000 - 0x000007feef278000 	C:\vtkBin\bin\vtkCommon.dll
0x000007fef2760000 - 0x000007fef27a3000 	C:\vtkBin\bin\vtksys.dll
0x0000000070500000 - 0x0000000070598000 	C:\Windows\system32\MSVCP100.dll
0x000007fef1920000 - 0x000007fef19c0000 	C:\vtkBin\bin\vtkFilteringJava.dll
0x000007fef1620000 - 0x000007fef191c000 	C:\vtkBin\bin\vtkFiltering.dll
0x000007fef2a60000 - 0x000007fef2ab6000 	C:\vtkBin\bin\vtkIOJava.dll
0x000007feeec00000 - 0x000007feef024000 	C:\vtkBin\bin\vtkIO.dll
0x000007fef36d0000 - 0x000007fef36f2000 	C:\vtkBin\bin\vtkDICOMParser.dll
0x000007feeeb30000 - 0x000007feeebf6000 	C:\vtkBin\bin\vtkNetCDF.dll
0x000007feee920000 - 0x000007feeeb2d000 	C:\vtkBin\bin\vtkhdf5.dll
0x000007fef4320000 - 0x000007fef4334000 	C:\vtkBin\bin\vtkzlib.dll
0x000007fef1fb0000 - 0x000007fef1fdd000 	C:\vtkBin\bin\vtkhdf5_hl.dll
0x000007fef2c90000 - 0x000007fef2cb0000 	C:\vtkBin\bin\vtkNetCDF_cxx.dll
0x000007fef2740000 - 0x000007fef2758000 	C:\vtkBin\bin\LSDyna.dll
0x000007feee890000 - 0x000007feee91f000 	C:\vtkBin\bin\vtkmetaio.dll
0x000007fef1fe0000 - 0x000007fef2004000 	C:\vtkBin\bin\vtkpng.dll
0x000007fef15f0000 - 0x000007fef1617000 	C:\vtkBin\bin\vtkjpeg.dll
0x000007feee830000 - 0x000007feee881000 	C:\vtkBin\bin\vtktiff.dll
0x000007fef15c0000 - 0x000007fef15e3000 	C:\vtkBin\bin\vtkexpat.dll
0x000007fef15a0000 - 0x000007fef15bf000 	C:\Windows\system32\AVIFIL32.dll
0x000007feee7f0000 - 0x000007feee808000 	C:\Windows\system32\MSACM32.dll
0x000007feee7c0000 - 0x000007feee7e9000 	C:\Windows\system32\MSVFW32.dll
0x000007feee770000 - 0x000007feee7b7000 	C:\vtkBin\bin\vtkImagingJava.dll
0x000007feee4e0000 - 0x000007feee769000 	C:\vtkBin\bin\vtkImaging.dll
0x000007feee440000 - 0x000007feee4d7000 	C:\vtkBin\bin\vtkGraphicsJava.dll
0x000007fee6bb0000 - 0x000007fee70a2000 	C:\vtkBin\bin\vtkGraphics.dll
0x000007feee410000 - 0x000007feee440000 	C:\vtkBin\bin\vtkverdict.dll
0x000007feee380000 - 0x000007feee409000 	C:\vtkBin\bin\vtkRenderingJava.dll
0x000007fee7210000 - 0x000007fee75ab000 	C:\vtkBin\bin\vtkRendering.dll
0x000007fef92d0000 - 0x000007fef92df000 	C:\vtkBin\bin\vtkftgl.dll
0x000007fef8b60000 - 0x000007fef8c7d000 	C:\Windows\system32\OPENGL32.dll
0x000007fef9570000 - 0x000007fef959d000 	C:\Windows\system32\GLU32.dll
0x000007fef8a60000 - 0x000007fef8b51000 	C:\Windows\system32\DDRAW.dll
0x000007fefa4f0000 - 0x000007fefa4f8000 	C:\Windows\system32\DCIMAN32.dll
0x000007fee7190000 - 0x000007fee7205000 	C:\vtkBin\bin\vtkfreetype.dll
0x000000006da80000 - 0x000000006da87000 	C:\vtkBin\bin\jawt.dll
0x000007fef3bf0000 - 0x000007fef3d15000 	C:\Windows\system32\dbghelp.dll

VM Arguments:
jvm_args: -Dfile.encoding=UTF-8 
java_command: volume_02.Volume_02
java_class_path (initial): C:\vtkBin\bin\vtk.jar;C:\Users\IMG_1\Desktop\project_vtk\volume_02\build\classes
Launcher Type: SUN_STANDARD

Environment Variables:
CLASSPATH=C:\Users\IMG_1\Downloads\JavaCV\opencv\build\x86\vc10\lib;
PATH=C:\ProgramData\Oracle\Java\javapath;C:\Program Files\NVIDIA GPU Computing Toolkit\CUDA\v5.5\bin;C:\Program Files\NVIDIA GPU Computing Toolkit\CUDA\v5.5\libnvvp;C:\Program Files\Common Files\Microsoft Shared\Windows Live;C:\Program Files (x86)\Common Files\Microsoft Shared\Windows Live;C:\Program Files (x86)\NVIDIA Corporation\PhysX\Common;C:\Windows\system32;C:\Windows;C:\Windows\System32\Wbem;C:\Windows\System32\WindowsPowerShell\v1.0\;C:\Program Files (x86)\Microsoft SQL Server\90\Tools\binn\;C:\Program Files (x86)\Windows Live\Shared;C:\ProgramData\NVIDIA Corporation\NVIDIA GPU Computing SDK 4.2\C\common\bin;C:\Program Files\Microsoft\Web Platform Installer\;C:\Program Files (x86)\Microsoft ASP.NET\ASP.NET Web Pages\v1.0\;C:\Program Files\Microsoft SQL Server\110\Tools\Binn\;C:\Program Files (x86)\CMake\bin;C:\Program Files\MATLAB\R2013a\bin;C:\Program Files\Git\cmd;D:\laragon\bin\php\php-5.6.13;C:\ProgramData\ComposerSetup\bin;C:\lib\opencv\x64;C:\Program Files\ImageJ\plugins;C:\Program Files\ImageJ;C:\vtkBin\bin;C:\simpleitk;C:\Users\IMG_1\Downloads\JavaCV\opencv\build\common\tbb\ia32\vc10; C:\Users\IMG_1\Downloads\JavaCV\opencv\build\x86\vc10;C:\Users\IMG_1\Downloads\JavaCV\opencv\build\x64\vc10;C:\MinGW\bin;C:\MinGW\msys\1.0\bin;C:\Users\IMG_1\Desktop\vtk_bin07\bin\Debug;C:\Users\IMG_1\Desktop\vtk_12\bin\Release
USERNAME=IMG_1
OS=Windows_NT
PROCESSOR_IDENTIFIER=Intel64 Family 6 Model 42 Stepping 7, GenuineIntel



---------------  S Y S T E M  ---------------

OS: Windows 7 , 64 bit Build 7600 (6.1.7600.17206)

CPU:total 8 (4 cores per cpu, 2 threads per core) family 6 model 42 stepping 7, cmov, cx8, fxsr, mmx, sse, sse2, sse3, ssse3, sse4.1, sse4.2, popcnt, aes, clmul, ht, tsc, tscinvbit

Memory: 4k page, physical 8370488k(1214676k free), swap 18553652k(9778592k free)

vm_info: Java HotSpot(TM) 64-Bit Server VM (25.92-b14) for windows-amd64 JRE (1.8.0_92-b14), built on Mar 31 2016 21:03:04 by "java_re" with MS VC++ 10.0 (VS2010)

time: Wed Jun 29 09:12:55 2016
elapsed time: 37 seconds (0d 0h 0m 37s)

