#
# A fatal error has been detected by the Java Runtime Environment:
#
#  EXCEPTION_ACCESS_VIOLATION (0xc0000005) at pc=0x000007fee93f4613, pid=4692, tid=0x0000000000001610
#
# JRE version: Java(TM) SE Runtime Environment (8.0_92-b14) (build 1.8.0_92-b14)
# Java VM: Java HotSpot(TM) 64-Bit Server VM (25.92-b14 mixed mode windows-amd64 compressed oops)
# Problematic frame:
# C  [vtkRenderingJava.dll+0x4613]
#
# Failed to write core dump. Minidumps are not enabled by default on client versions of Windows
#
# If you would like to submit a bug report, please visit:
#   http://bugreport.java.com/bugreport/crash.jsp
# The crash happened outside the Java Virtual Machine in native code.
# See problematic frame for where to report the bug.
#

---------------  T H R E A D  ---------------

Current thread (0x000000001ae5f000):  JavaThread "AWT-EventQueue-0" [_thread_in_native, id=5648, stack(0x000000001c3f0000,0x000000001c4f0000)]

siginfo: ExceptionCode=0xc0000005, reading address 0xffffffffffffffff

Registers:
RAX=0x000000001b29c3c0, RBX=0x000000001765d120, RCX=0x000000001b29c3c0, RDX=0x000000001b2aaa40
RSP=0x000000001c4ecbc8, RBP=0x000000001c4ecc48, RSI=0x0000000000000001, RDI=0x00000000027d835d
R8 =0x0000000021d44a50, R9 =0x00000000d60689d8, R10=0x0000000000000010, R11=0x00000000572e8198
R12=0x0000000000000000, R13=0x000000001765d120, R14=0x000000001c4ecc70, R15=0x000000001ae5f000
RIP=0x000007fee93f4613, EFLAGS=0x0000000000010206

Top of Stack: (sp=0x000000001c4ecbc8)
0x000000001c4ecbc8:   00000000027e7994 000000001765d120
0x000000001c4ecbd8:   0000000000000001 000000001e07fbd0
0x000000001c4ecbe8:   0000000000000000 000000001764a008
0x000000001c4ecbf8:   0000000000000000 000000001c4ecc18
0x000000001c4ecc08:   000000001c4ecc08 0000000000000000
0x000000001c4ecc18:   000000001c4ecc70 000000001766d6c0
0x000000001c4ecc28:   0000000000000000 000000001765d120
0x000000001c4ecc38:   0000000000000000 000000001c4ecc68
0x000000001c4ecc48:   000000001c4eccb8 00000000027d835d
0x000000001c4ecc58:   0000000000000000 00000000027e19d8
0x000000001c4ecc68:   00000000d637dea8 00000000d60689d8
0x000000001c4ecc78:   000000001c4ecc78 000000001765d1ba
0x000000001c4ecc88:   000000001c4eccd0 000000001766d6c0
0x000000001c4ecc98:   0000000000000000 000000001765d1c8
0x000000001c4ecca8:   000000001c4ecc68 000000001c4eccc8
0x000000001c4eccb8:   000000001c4ecd18 00000000027d835d 

Instructions: (pc=0x000007fee93f4613)
0x000007fee93f45f3:   48 8b d8 e8 39 18 02 00 48 8b d3 4c 8b 00 48 8b
0x000007fee93f4603:   c8 48 8b 5c 24 30 48 8b 74 24 38 48 83 c4 20 5f
0x000007fee93f4613:   49 ff a0 e8 02 00 00 cc cc cc cc cc cc 40 53 48
0x000007fee93f4623:   83 ec 20 41 8b d8 e8 06 18 02 00 8b d3 4c 8b 08 


Register to memory mapping:

RAX=0x000000001b29c3c0 is an unknown value
RBX={method} {0x000000001765d128} 'SetMapper_16' '(Lvtk/vtkMapper;)V' in 'vtk/vtkActor'
RCX=0x000000001b29c3c0 is an unknown value
RDX=0x000000001b2aaa40 is an unknown value
RSP=0x000000001c4ecbc8 is pointing into the stack for thread: 0x000000001ae5f000
RBP=0x000000001c4ecc48 is pointing into the stack for thread: 0x000000001ae5f000
RSI=0x0000000000000001 is an unknown value
RDI=0x00000000027d835d is at code_begin+2301 in an Interpreter codelet
invoke return entry points  [0x00000000027d7a60, 0x00000000027d8440]  2528 bytes
R8 =0x0000000021d44a50 is an unknown value
R9 =0x00000000d60689d8 is an oop
vtk.vtkActor 
 - klass: 'vtk/vtkActor'
R10=0x0000000000000010 is an unknown value
R11=0x00000000572e8198 is an unknown value
R12=0x0000000000000000 is an unknown value
R13={method} {0x000000001765d128} 'SetMapper_16' '(Lvtk/vtkMapper;)V' in 'vtk/vtkActor'
R14=0x000000001c4ecc70 is pointing into the stack for thread: 0x000000001ae5f000
R15=0x000000001ae5f000 is a thread


Stack: [0x000000001c3f0000,0x000000001c4f0000],  sp=0x000000001c4ecbc8,  free space=1010k
Native frames: (J=compiled Java code, j=interpreted, Vv=VM code, C=native code)
C  [vtkRenderingJava.dll+0x4613]
C  0x00000000027e7994

Java frames: (J=compiled Java code, j=interpreted, Vv=VM code)
j  vtk.vtkActor.SetMapper_16(Lvtk/vtkMapper;)V+0
j  vtk.vtkActor.SetMapper(Lvtk/vtkMapper;)V+2
j  volume_ct.Main.jButton2ActionPerformed(Ljava/awt/event/ActionEvent;)V+119
j  volume_ct.Main.access$600(Lvolume_ct/Main;Ljava/awt/event/ActionEvent;)V+2
j  volume_ct.Main$7.actionPerformed(Ljava/awt/event/ActionEvent;)V+5
j  javax.swing.AbstractButton.fireActionPerformed(Ljava/awt/event/ActionEvent;)V+83
j  javax.swing.AbstractButton$Handler.actionPerformed(Ljava/awt/event/ActionEvent;)V+5
j  javax.swing.DefaultButtonModel.fireActionPerformed(Ljava/awt/event/ActionEvent;)V+34
j  javax.swing.DefaultButtonModel.setPressed(Z)V+117
j  javax.swing.plaf.basic.BasicButtonListener.mouseReleased(Ljava/awt/event/MouseEvent;)V+35
j  java.awt.Component.processMouseEvent(Ljava/awt/event/MouseEvent;)V+64
j  javax.swing.JComponent.processMouseEvent(Ljava/awt/event/MouseEvent;)V+23
j  java.awt.Component.processEvent(Ljava/awt/AWTEvent;)V+81
j  java.awt.Container.processEvent(Ljava/awt/AWTEvent;)V+18
J 1254 C1 java.awt.Component.dispatchEventImpl(Ljava/awt/AWTEvent;)V (883 bytes) @ 0x0000000002bb3afc [0x0000000002bae600+0x54fc]
j  java.awt.Container.dispatchEventImpl(Ljava/awt/AWTEvent;)V+42
J 1224 C1 java.awt.Component.dispatchEvent(Ljava/awt/AWTEvent;)V (6 bytes) @ 0x0000000002b93604 [0x0000000002b93500+0x104]
j  java.awt.LightweightDispatcher.retargetMouseEvent(Ljava/awt/Component;ILjava/awt/event/MouseEvent;)V+327
j  java.awt.LightweightDispatcher.processMouseEvent(Ljava/awt/event/MouseEvent;)Z+155
j  java.awt.LightweightDispatcher.dispatchEvent(Ljava/awt/AWTEvent;)Z+50
j  java.awt.Container.dispatchEventImpl(Ljava/awt/AWTEvent;)V+12
j  java.awt.Window.dispatchEventImpl(Ljava/awt/AWTEvent;)V+19
J 1232 C1 java.awt.EventQueue.dispatchEventImpl(Ljava/awt/AWTEvent;Ljava/lang/Object;)V (149 bytes) @ 0x0000000002b9893c [0x0000000002b97100+0x183c]
J 1230 C1 java.awt.EventQueue$3.run()Ljava/lang/Void; (60 bytes) @ 0x0000000002b9528c [0x0000000002b95080+0x20c]
J 1229 C1 java.awt.EventQueue$3.run()Ljava/lang/Object; (5 bytes) @ 0x0000000002b9594c [0x0000000002b958c0+0x8c]
v  ~StubRoutines::call_stub
J 1088  java.security.AccessController.doPrivileged(Ljava/security/PrivilegedAction;Ljava/security/AccessControlContext;)Ljava/lang/Object; (0 bytes) @ 0x0000000002b3ade6 [0x0000000002b3ad80+0x66]
J 1090 C1 java.security.ProtectionDomain$JavaSecurityAccessImpl.doIntersectionPrivilege(Ljava/security/PrivilegedAction;Ljava/security/AccessControlContext;Ljava/security/AccessControlContext;)Ljava/lang/Object; (22 bytes) @ 0x0000000002b3bcec [0x0000000002b3b880+0x46c]
j  java.security.ProtectionDomain$JavaSecurityAccessImpl.doIntersectionPrivilege(Ljava/security/PrivilegedAction;Ljava/security/AccessControlContext;)Ljava/lang/Object;+6
j  java.awt.EventQueue$4.run()Ljava/lang/Void;+11
j  java.awt.EventQueue$4.run()Ljava/lang/Object;+1
v  ~StubRoutines::call_stub
J 1088  java.security.AccessController.doPrivileged(Ljava/security/PrivilegedAction;Ljava/security/AccessControlContext;)Ljava/lang/Object; (0 bytes) @ 0x0000000002b3ade6 [0x0000000002b3ad80+0x66]
J 1159 C1 java.awt.EventQueue.dispatchEvent(Ljava/awt/AWTEvent;)V (80 bytes) @ 0x0000000002b63dfc [0x0000000002b62f80+0xe7c]
J 1162 C1 java.awt.EventDispatchThread.pumpOneEventForFilters(I)V (295 bytes) @ 0x0000000002b67bf4 [0x0000000002b65f40+0x1cb4]
j  java.awt.EventDispatchThread.pumpEventsForFilter(ILjava/awt/Conditional;Ljava/awt/EventFilter;)V+35
j  java.awt.EventDispatchThread.pumpEventsForHierarchy(ILjava/awt/Conditional;Ljava/awt/Component;)V+11
j  java.awt.EventDispatchThread.pumpEvents(ILjava/awt/Conditional;)V+4
j  java.awt.EventDispatchThread.pumpEvents(Ljava/awt/Conditional;)V+3
j  java.awt.EventDispatchThread.run()V+9
v  ~StubRoutines::call_stub

---------------  P R O C E S S  ---------------

Java Threads: ( => current thread )
  0x0000000021d28000 JavaThread "D3D Screen Updater" daemon [_thread_blocked, id=5688, stack(0x00000000206d0000,0x00000000207d0000)]
  0x000000001af1c800 JavaThread "TimerQueue" daemon [_thread_blocked, id=2328, stack(0x000000001de20000,0x000000001df20000)]
  0x00000000022be800 JavaThread "DestroyJavaVM" [_thread_blocked, id=1272, stack(0x0000000002400000,0x0000000002500000)]
=>0x000000001ae5f000 JavaThread "AWT-EventQueue-0" [_thread_in_native, id=5648, stack(0x000000001c3f0000,0x000000001c4f0000)]
  0x000000001adb0800 JavaThread "AWT-Windows" daemon [_thread_in_native, id=1212, stack(0x000000001b9f0000,0x000000001baf0000)]
  0x000000001adad800 JavaThread "AWT-Shutdown" [_thread_blocked, id=1352, stack(0x000000001bb10000,0x000000001bc10000)]
  0x000000001adad000 JavaThread "Java2D Disposer" daemon [_thread_blocked, id=3792, stack(0x000000001b890000,0x000000001b990000)]
  0x0000000018c3f800 JavaThread "Service Thread" daemon [_thread_blocked, id=4712, stack(0x000000001abb0000,0x000000001acb0000)]
  0x0000000018be0800 JavaThread "C1 CompilerThread3" daemon [_thread_blocked, id=5952, stack(0x000000001a9c0000,0x000000001aac0000)]
  0x0000000018bdb800 JavaThread "C2 CompilerThread2" daemon [_thread_blocked, id=3592, stack(0x000000001a6d0000,0x000000001a7d0000)]
  0x0000000018bd6800 JavaThread "C2 CompilerThread1" daemon [_thread_blocked, id=3972, stack(0x000000001a560000,0x000000001a660000)]
  0x0000000018bcf800 JavaThread "C2 CompilerThread0" daemon [_thread_blocked, id=1524, stack(0x000000001a3a0000,0x000000001a4a0000)]
  0x0000000018bcd800 JavaThread "Attach Listener" daemon [_thread_blocked, id=6116, stack(0x000000001a1f0000,0x000000001a2f0000)]
  0x0000000018bcc800 JavaThread "Signal Dispatcher" daemon [_thread_blocked, id=1484, stack(0x000000001a090000,0x000000001a190000)]
  0x0000000017c20800 JavaThread "Finalizer" daemon [_thread_blocked, id=5576, stack(0x0000000019f70000,0x000000001a070000)]
  0x0000000017c1a000 JavaThread "Reference Handler" daemon [_thread_blocked, id=5752, stack(0x0000000019df0000,0x0000000019ef0000)]

Other Threads:
  0x0000000018b72800 VMThread [stack: 0x0000000019c70000,0x0000000019d70000] [id=5588]
  0x0000000018cbb800 WatcherThread [stack: 0x000000001a8a0000,0x000000001a9a0000] [id=3380]

VM state:not at safepoint (normal execution)

VM Mutex/Monitor currently owned by a thread: None

Heap:
 PSYoungGen      total 38400K, used 13326K [0x00000000d5700000, 0x00000000d8180000, 0x0000000100000000)
  eden space 33280K, 40% used [0x00000000d5700000,0x00000000d64039b0,0x00000000d7780000)
  from space 5120K, 0% used [0x00000000d7c80000,0x00000000d7c80000,0x00000000d8180000)
  to   space 5120K, 0% used [0x00000000d7780000,0x00000000d7780000,0x00000000d7c80000)
 ParOldGen       total 87552K, used 0K [0x0000000080400000, 0x0000000085980000, 0x00000000d5700000)
  object space 87552K, 0% used [0x0000000080400000,0x0000000080400000,0x0000000085980000)
 Metaspace       used 14663K, capacity 14892K, committed 15104K, reserved 1062912K
  class space    used 1871K, capacity 1952K, committed 2048K, reserved 1048576K

Card table byte_map: [0x0000000011b90000,0x0000000011f90000] byte_map_base: 0x000000001178e000

Marking Bits: (ParMarkBitMap*) 0x00000000572f64f0
 Begin Bits: [0x0000000012e50000, 0x0000000014e40000)
 End Bits:   [0x0000000014e40000, 0x0000000016e30000)

Polling page: 0x00000000001d0000

CodeCache: size=245760Kb used=4195Kb max_used=4195Kb free=241564Kb
 bounds [0x00000000027d0000, 0x0000000002bf0000, 0x00000000117d0000]
 total_blobs=1796 nmethods=1274 adapters=435
 compilation: enabled

Compilation events (10 events):
Event: 3.991 Thread 0x0000000018be0800 1270       3       java.util.Locale::hashCode (41 bytes)
Event: 3.992 Thread 0x0000000018be0800 nmethod 1270 0x0000000002be2210 code [0x0000000002be2380, 0x0000000002be26f8]
Event: 3.992 Thread 0x0000000018be0800 1271       3       javax.swing.plaf.nimbus.InnerShadowEffect::applyEffect (604 bytes)
Event: 3.995 Thread 0x0000000018be0800 nmethod 1271 0x0000000002be2810 code [0x0000000002be2be0, 0x0000000002be4898]
Event: 3.995 Thread 0x0000000018be0800 1272       3       sun.java2d.loops.Blit::getFromCache (132 bytes)
Event: 3.998 Thread 0x0000000018be0800 nmethod 1272 0x0000000002be6450 code [0x0000000002be6880, 0x0000000002be9278]
Event: 3.998 Thread 0x0000000018be0800 1273       3       sun.java2d.pipe.AlphaColorPipe::renderPathTile (39 bytes)
Event: 3.998 Thread 0x0000000018be0800 nmethod 1273 0x0000000002bea6d0 code [0x0000000002bea840, 0x0000000002beac48]
Event: 4.085 Thread 0x0000000018be0800 1274       3       javax.swing.DefaultButtonModel::isPressed (15 bytes)
Event: 4.085 Thread 0x0000000018be0800 nmethod 1274 0x0000000002bead90 code [0x0000000002beaee0, 0x0000000002beb090]

GC Heap History (0 events):
No events

Deoptimization events (5 events):
Event: 0.373 Thread 0x000000001ae5f000 Uncommon trap: reason=unstable_if action=reinterpret pc=0x00000000029a5934 method=java.util.HashMap.getNode(ILjava/lang/Object;)Ljava/util/HashMap$Node; @ 84
Event: 0.374 Thread 0x000000001ae5f000 Uncommon trap: reason=unstable_if action=reinterpret pc=0x00000000029c0a20 method=java.util.HashMap.getNode(ILjava/lang/Object;)Ljava/util/HashMap$Node; @ 84
Event: 0.407 Thread 0x000000001adb0800 Uncommon trap: reason=unstable_if action=reinterpret pc=0x00000000029e7784 method=java.util.HashMap.putVal(ILjava/lang/Object;Ljava/lang/Object;ZZ)Ljava/lang/Object; @ 206
Event: 0.435 Thread 0x000000001ae5f000 Uncommon trap: reason=unstable_if action=reinterpret pc=0x0000000002a0b904 method=java.util.HashMap.putVal(ILjava/lang/Object;Ljava/lang/Object;ZZ)Ljava/lang/Object; @ 109
Event: 0.452 Thread 0x000000001ae5f000 Uncommon trap: reason=unstable_if action=reinterpret pc=0x0000000002a1f52c method=java.io.BufferedInputStream.read()I @ 8

Internal exceptions (10 events):
Event: 0.276 Thread 0x00000000022be800 Exception <a 'java/lang/ClassNotFoundException': ToolBar> (0x00000000d5b90038) thrown at [D:\re\workspace\8-2-build-windows-amd64-cygwin\jdk8u92\6642\hotspot\src\share\vm\classfile\systemDictionary.cpp, line 210]
Event: 0.276 Thread 0x00000000022be800 Exception <a 'java/lang/ClassNotFoundException': ToggleButton> (0x00000000d5b905e8) thrown at [D:\re\workspace\8-2-build-windows-amd64-cygwin\jdk8u92\6642\hotspot\src\share\vm\classfile\systemDictionary.cpp, line 210]
Event: 0.277 Thread 0x00000000022be800 Exception <a 'java/lang/ClassNotFoundException': javax/swing/JToolBarSeparator> (0x00000000d5b90a48) thrown at [D:\re\workspace\8-2-build-windows-amd64-cygwin\jdk8u92\6642\hotspot\src\share\vm\classfile\systemDictionary.cpp, line 210]
Event: 0.277 Thread 0x00000000022be800 Exception <a 'java/lang/ClassNotFoundException': ToolBarSeparator> (0x00000000d5b90ee0) thrown at [D:\re\workspace\8-2-build-windows-amd64-cygwin\jdk8u92\6642\hotspot\src\share\vm\classfile\systemDictionary.cpp, line 210]
Event: 0.277 Thread 0x00000000022be800 Exception <a 'java/lang/ClassNotFoundException': ToolTip> (0x00000000d5b91620) thrown at [D:\re\workspace\8-2-build-windows-amd64-cygwin\jdk8u92\6642\hotspot\src\share\vm\classfile\systemDictionary.cpp, line 210]
Event: 0.277 Thread 0x00000000022be800 Exception <a 'java/lang/ClassNotFoundException': Tree> (0x00000000d5b92240) thrown at [D:\re\workspace\8-2-build-windows-amd64-cygwin\jdk8u92\6642\hotspot\src\share\vm\classfile\systemDictionary.cpp, line 210]
Event: 0.278 Thread 0x00000000022be800 Exception <a 'java/lang/ClassNotFoundException': Tree> (0x00000000d5b92980) thrown at [D:\re\workspace\8-2-build-windows-amd64-cygwin\jdk8u92\6642\hotspot\src\share\vm\classfile\systemDictionary.cpp, line 210]
Event: 0.278 Thread 0x00000000022be800 Exception <a 'java/lang/ClassNotFoundException': javax/swing/JTreeCell> (0x00000000d5b92d00) thrown at [D:\re\workspace\8-2-build-windows-amd64-cygwin\jdk8u92\6642\hotspot\src\share\vm\classfile\systemDictionary.cpp, line 210]
Event: 0.278 Thread 0x00000000022be800 Exception <a 'java/lang/ClassNotFoundException': TreeCell> (0x00000000d5b93188) thrown at [D:\re\workspace\8-2-build-windows-amd64-cygwin\jdk8u92\6642\hotspot\src\share\vm\classfile\systemDictionary.cpp, line 210]
Event: 0.278 Thread 0x00000000022be800 Exception <a 'java/lang/ClassNotFoundException': RootPane> (0x00000000d5b93be8) thrown at [D:\re\workspace\8-2-build-windows-amd64-cygwin\jdk8u92\6642\hotspot\src\share\vm\classfile\systemDictionary.cpp, line 210]

Events (10 events):
Event: 1.430 loading class java/awt/Container$MouseEventTargetFilter
Event: 1.430 loading class java/awt/Container$EventTargetFilter
Event: 1.430 loading class java/awt/Container$EventTargetFilter done
Event: 1.430 loading class java/awt/Container$MouseEventTargetFilter done
Event: 1.430 loading class java/awt/LightweightDispatcher$1
Event: 1.430 loading class java/awt/LightweightDispatcher$1 done
Event: 3.013 loading class java/awt/LightweightDispatcher$2
Event: 3.013 loading class java/awt/LightweightDispatcher$2 done
Event: 4.137 Executing VM operation: EnableBiasedLocking
Event: 4.138 Executing VM operation: EnableBiasedLocking done


Dynamic libraries:
0x000000013fc40000 - 0x000000013fc77000 	C:\Program Files\Java\jdk1.8.0_92\bin\java.exe
0x0000000076f30000 - 0x00000000770dc000 	C:\Windows\SYSTEM32\ntdll.dll
0x0000000076850000 - 0x000000007696f000 	C:\Windows\system32\kernel32.dll
0x000007fefd450000 - 0x000007fefd4bc000 	C:\Windows\system32\KERNELBASE.dll
0x000007fefd790000 - 0x000007fefd86b000 	C:\Windows\system32\ADVAPI32.dll
0x000007fefde10000 - 0x000007fefdeaf000 	C:\Windows\system32\msvcrt.dll
0x000007fefd770000 - 0x000007fefd78f000 	C:\Windows\SYSTEM32\sechost.dll
0x000007fefdb50000 - 0x000007fefdc7e000 	C:\Windows\system32\RPCRT4.dll
0x0000000076cd0000 - 0x0000000076dca000 	C:\Windows\system32\USER32.dll
0x000007fefd8c0000 - 0x000007fefd927000 	C:\Windows\system32\GDI32.dll
0x000007fefd930000 - 0x000007fefd93e000 	C:\Windows\system32\LPK.dll
0x000007fefdc80000 - 0x000007fefdd4a000 	C:\Windows\system32\USP10.dll
0x000007fefbe10000 - 0x000007fefc004000 	C:\Windows\WinSxS\amd64_microsoft.windows.common-controls_6595b64144ccf1df_6.0.7600.16661_none_fa62ad231704eab7\COMCTL32.dll
0x000007fefefe0000 - 0x000007feff051000 	C:\Windows\system32\SHLWAPI.dll
0x000007fefe110000 - 0x000007fefe13e000 	C:\Windows\system32\IMM32.DLL
0x000007fefe140000 - 0x000007fefe249000 	C:\Windows\system32\MSCTF.dll
0x000000005fd00000 - 0x000000005fdd2000 	C:\Program Files\Java\jdk1.8.0_92\jre\bin\msvcr100.dll
0x0000000056ae0000 - 0x0000000057376000 	C:\Program Files\Java\jdk1.8.0_92\jre\bin\server\jvm.dll
0x000007fef6b90000 - 0x000007fef6b99000 	C:\Windows\system32\WSOCK32.dll
0x000007fefd870000 - 0x000007fefd8bd000 	C:\Windows\system32\WS2_32.dll
0x000007fefd940000 - 0x000007fefd948000 	C:\Windows\system32\NSI.dll
0x000007fefa450000 - 0x000007fefa48b000 	C:\Windows\system32\WINMM.dll
0x000007fefc4a0000 - 0x000007fefc4ac000 	C:\Windows\system32\VERSION.dll
0x00000000770f0000 - 0x00000000770f7000 	C:\Windows\system32\PSAPI.DLL
0x000000006efd0000 - 0x000000006efdf000 	C:\Program Files\Java\jdk1.8.0_92\jre\bin\verify.dll
0x0000000056ab0000 - 0x0000000056ad9000 	C:\Program Files\Java\jdk1.8.0_92\jre\bin\java.dll
0x0000000056a90000 - 0x0000000056aa6000 	C:\Program Files\Java\jdk1.8.0_92\jre\bin\zip.dll
0x000007fefe250000 - 0x000007fefefd7000 	C:\Windows\system32\SHELL32.dll
0x000007fefdf00000 - 0x000007fefe102000 	C:\Windows\system32\ole32.dll
0x000007fefd3a0000 - 0x000007fefd3af000 	C:\Windows\system32\profapi.dll
0x0000000056610000 - 0x00000000567a8000 	C:\Program Files\Java\jdk1.8.0_92\jre\bin\awt.dll
0x000007fefd9d0000 - 0x000007fefdaa7000 	C:\Windows\system32\OLEAUT32.dll
0x000007feee630000 - 0x000007feee69e000 	C:\vtkBin\bin\vtkCommonJava.dll
0x000007feea6d0000 - 0x000007feea918000 	C:\vtkBin\bin\vtkCommon.dll
0x000007feee5e0000 - 0x000007feee623000 	C:\vtkBin\bin\vtksys.dll
0x0000000067160000 - 0x00000000671f8000 	C:\Windows\system32\MSVCP100.dll
0x000007feee540000 - 0x000007feee5e0000 	C:\vtkBin\bin\vtkFilteringJava.dll
0x000007feea3d0000 - 0x000007feea6cc000 	C:\vtkBin\bin\vtkFiltering.dll
0x000007feee360000 - 0x000007feee3b6000 	C:\vtkBin\bin\vtkIOJava.dll
0x000007fee9fa0000 - 0x000007feea3c4000 	C:\vtkBin\bin\vtkIO.dll
0x000007feee330000 - 0x000007feee352000 	C:\vtkBin\bin\vtkDICOMParser.dll
0x000007feee260000 - 0x000007feee326000 	C:\vtkBin\bin\vtkNetCDF.dll
0x000007fee9d90000 - 0x000007fee9f9d000 	C:\vtkBin\bin\vtkhdf5.dll
0x000007feead10000 - 0x000007feead24000 	C:\vtkBin\bin\vtkzlib.dll
0x000007feeace0000 - 0x000007feead0d000 	C:\vtkBin\bin\vtkhdf5_hl.dll
0x000007feeacc0000 - 0x000007feeace0000 	C:\vtkBin\bin\vtkNetCDF_cxx.dll
0x000007feeaca0000 - 0x000007feeacb8000 	C:\vtkBin\bin\LSDyna.dll
0x000007feeac10000 - 0x000007feeac9f000 	C:\vtkBin\bin\vtkmetaio.dll
0x000007feeabe0000 - 0x000007feeac04000 	C:\vtkBin\bin\vtkpng.dll
0x000007feeabb0000 - 0x000007feeabd7000 	C:\vtkBin\bin\vtkjpeg.dll
0x000007feeab50000 - 0x000007feeaba1000 	C:\vtkBin\bin\vtktiff.dll
0x000007fee9d60000 - 0x000007fee9d83000 	C:\vtkBin\bin\vtkexpat.dll
0x000007feeab30000 - 0x000007feeab4f000 	C:\Windows\system32\AVIFIL32.dll
0x000007feefe20000 - 0x000007feefe38000 	C:\Windows\system32\MSACM32.dll
0x000007fee9d30000 - 0x000007fee9d59000 	C:\Windows\system32\MSVFW32.dll
0x000007fee9ce0000 - 0x000007fee9d27000 	C:\vtkBin\bin\vtkImagingJava.dll
0x000007fee9a50000 - 0x000007fee9cd9000 	C:\vtkBin\bin\vtkImaging.dll
0x000007fee99b0000 - 0x000007fee9a47000 	C:\vtkBin\bin\vtkGraphicsJava.dll
0x000007fee94b0000 - 0x000007fee99a2000 	C:\vtkBin\bin\vtkGraphics.dll
0x000007fee9480000 - 0x000007fee94b0000 	C:\vtkBin\bin\vtkverdict.dll
0x000007fee93f0000 - 0x000007fee9479000 	C:\vtkBin\bin\vtkRenderingJava.dll
0x000007fee9050000 - 0x000007fee93eb000 	C:\vtkBin\bin\vtkRendering.dll
0x000007fef3450000 - 0x000007fef345f000 	C:\vtkBin\bin\vtkftgl.dll
0x000007fef68c0000 - 0x000007fef69dd000 	C:\Windows\system32\OPENGL32.dll
0x000007fef6890000 - 0x000007fef68bd000 	C:\Windows\system32\GLU32.dll
0x000007fef6790000 - 0x000007fef6881000 	C:\Windows\system32\DDRAW.dll
0x000007fef98a0000 - 0x000007fef98a8000 	C:\Windows\system32\DCIMAN32.dll
0x000007feff060000 - 0x000007feff237000 	C:\Windows\system32\SETUPAPI.dll
0x000007fefd5a0000 - 0x000007fefd5d6000 	C:\Windows\system32\CFGMGR32.dll
0x000007fefd5e0000 - 0x000007fefd5fa000 	C:\Windows\system32\DEVOBJ.dll
0x000007fefb6f0000 - 0x000007fefb708000 	C:\Windows\system32\dwmapi.dll
0x000007fee8fd0000 - 0x000007fee9045000 	C:\vtkBin\bin\vtkfreetype.dll
0x000000006efe0000 - 0x000000006efe7000 	C:\vtkBin\bin\jawt.dll
0x000007fefbad0000 - 0x000007fefbb26000 	C:\Windows\system32\uxtheme.dll
0x000007fefd290000 - 0x000007fefd29f000 	C:\Windows\system32\CRYPTBASE.dll
0x0000000056a40000 - 0x0000000056a87000 	C:\Program Files\Java\jdk1.8.0_92\jre\bin\fontmanager.dll
0x000007fef11b0000 - 0x000007fef13af000 	C:\Windows\system32\d3d9.dll
0x000007fef6b70000 - 0x000007fef6b77000 	C:\Windows\system32\d3d8thk.dll
0x000007feee740000 - 0x000007feef5b4000 	C:\Windows\system32\nvd3dumx.dll
0x000007fefbd30000 - 0x000007fefbd5c000 	C:\Windows\system32\powrprof.dll
0x000007feefe40000 - 0x000007feeff98000 	C:\Program Files (x86)\NVIDIA Corporation\3D Vision\nvSCPAPI64.dll
0x0000000056a20000 - 0x0000000056a3a000 	C:\Program Files\Java\jdk1.8.0_92\jre\bin\net.dll
0x000007fefcbd0000 - 0x000007fefcc24000 	C:\Windows\system32\mswsock.dll
0x000007fefcbc0000 - 0x000007fefcbc7000 	C:\Windows\System32\wship6.dll
0x0000000056a00000 - 0x0000000056a11000 	C:\Program Files\Java\jdk1.8.0_92\jre\bin\nio.dll
0x0000000056900000 - 0x0000000056942000 	C:\Program Files\Java\jdk1.8.0_92\jre\bin\t2k.dll
0x000007fefdd50000 - 0x000007fefdde9000 	C:\Windows\system32\CLBCatQ.DLL
0x000007fefb580000 - 0x000007fefb6aa000 	C:\Windows\system32\WindowsCodecs.dll
0x000007fefd230000 - 0x000007fefd287000 	C:\Windows\system32\apphelp.dll
0x000007fef8a50000 - 0x000007fef8a85000 	C:\Windows\system32\EhStorShell.dll
0x000007fefbbb0000 - 0x000007fefbcdc000 	C:\Windows\system32\PROPSYS.dll
0x000007fef8990000 - 0x000007fef8a0e000 	C:\Windows\System32\cscui.dll
0x000007fef8a40000 - 0x000007fef8a4c000 	C:\Windows\System32\CSCDLL.dll
0x000007fef8b10000 - 0x000007fef8b1f000 	C:\Windows\system32\CSCAPI.dll
0x000007fef8910000 - 0x000007fef8990000 	C:\Windows\system32\ntshrui.dll
0x000007fefd100000 - 0x000007fefd123000 	C:\Windows\system32\srvcli.dll
0x000007fefb320000 - 0x000007fefb32b000 	C:\Windows\system32\slc.dll
0x000007fee8f70000 - 0x000007fee8fc1000 	C:\vtkBin\bin\vtkHybridJava.dll
0x000007fee8d70000 - 0x000007fee8f63000 	C:\vtkBin\bin\vtkHybrid.dll
0x000007fee8d20000 - 0x000007fee8d61000 	C:\vtkBin\bin\vtkexoIIc.dll
0x000007fee8d00000 - 0x000007fee8d17000 	C:\Windows\system32\AVICAP32.dll
0x000007fee8cd0000 - 0x000007fee8cf5000 	C:\vtkBin\bin\vtkVolumeRenderingJava.dll
0x000007fee88a0000 - 0x000007fee8cc1000 	C:\vtkBin\bin\vtkVolumeRendering.dll
0x000007fee8840000 - 0x000007fee889c000 	C:\vtkBin\bin\vtkWidgetsJava.dll
0x000007fee86e0000 - 0x000007fee883e000 	C:\vtkBin\bin\vtkWidgets.dll
0x00000000568a0000 - 0x00000000568ca000 	C:\Program Files\Java\jdk1.8.0_92\jre\bin\dcpr.dll
0x000000005a990000 - 0x000000005c448000 	C:\Windows\system32\nvoglv64.DLL
0x000007fefd560000 - 0x000007fefd599000 	C:\Windows\system32\WINTRUST.dll
0x000007fefd600000 - 0x000007fefd76a000 	C:\Windows\system32\CRYPT32.dll
0x000007fefd440000 - 0x000007fefd44f000 	C:\Windows\system32\MSASN1.dll
0x000007fef9a80000 - 0x000007fef9aad000 	C:\Windows\system32\ntmarta.dll
0x000007fefdeb0000 - 0x000007fefdf00000 	C:\Windows\system32\WLDAP32.dll
0x000007fef3740000 - 0x000007fef3865000 	C:\Windows\system32\dbghelp.dll

VM Arguments:
jvm_args: -Dfile.encoding=UTF-8 
java_command: volume_ct.Main
java_class_path (initial): C:\vtkBin\bin\vtk.jar;C:\Program Files\NetBeans 8.0.2\java\modules\ext\beansbinding-1.2.1.jar;C:\Users\IMG_1\Desktop\project_vtk\volume_ct\build\classes
Launcher Type: SUN_STANDARD

Environment Variables:
CLASSPATH=C:\Users\IMG_1\Downloads\JavaCV\opencv\build\x86\vc10\lib;
PATH=C:\ProgramData\Oracle\Java\javapath;C:\Program Files\NVIDIA GPU Computing Toolkit\CUDA\v5.5\bin;C:\Program Files\NVIDIA GPU Computing Toolkit\CUDA\v5.5\libnvvp;C:\Program Files\Common Files\Microsoft Shared\Windows Live;C:\Program Files (x86)\Common Files\Microsoft Shared\Windows Live;C:\Program Files (x86)\NVIDIA Corporation\PhysX\Common;C:\Windows\system32;C:\Windows;C:\Windows\System32\Wbem;C:\Windows\System32\WindowsPowerShell\v1.0\;C:\Program Files (x86)\Microsoft SQL Server\90\Tools\binn\;C:\Program Files (x86)\Windows Live\Shared;C:\ProgramData\NVIDIA Corporation\NVIDIA GPU Computing SDK 4.2\C\common\bin;C:\Program Files\Microsoft\Web Platform Installer\;C:\Program Files (x86)\Microsoft ASP.NET\ASP.NET Web Pages\v1.0\;C:\Program Files\Microsoft SQL Server\110\Tools\Binn\;C:\Program Files (x86)\CMake\bin;C:\Program Files\MATLAB\R2013a\bin;C:\Program Files\Git\cmd;D:\laragon\bin\php\php-5.6.13;C:\ProgramData\ComposerSetup\bin;C:\lib\opencv\x64;C:\Program Files\ImageJ\plugins;C:\Program Files\ImageJ;C:\vtkBin\bin;C:\simpleitk;C:\Users\IMG_1\Downloads\JavaCV\opencv\build\common\tbb\ia32\vc10; C:\Users\IMG_1\Downloads\JavaCV\opencv\build\x86\vc10;C:\Users\IMG_1\Downloads\JavaCV\opencv\build\x64\vc10;C:\MinGW\bin;C:\MinGW\msys\1.0\bin;C:\Users\IMG_1\Desktop\vtk_bin07\bin\Debug;C:\Users\IMG_1\Desktop\vtk_12\bin\Release
USERNAME=IMG_1
OS=Windows_NT
PROCESSOR_IDENTIFIER=Intel64 Family 6 Model 42 Stepping 7, GenuineIntel



---------------  S Y S T E M  ---------------

OS: Windows 7 , 64 bit Build 7600 (6.1.7600.17206)

CPU:total 8 (4 cores per cpu, 2 threads per core) family 6 model 42 stepping 7, cmov, cx8, fxsr, mmx, sse, sse2, sse3, ssse3, sse4.1, sse4.2, popcnt, aes, clmul, ht, tsc, tscinvbit

Memory: 4k page, physical 8370488k(5419684k free), swap 16739068k(11269888k free)

vm_info: Java HotSpot(TM) 64-Bit Server VM (25.92-b14) for windows-amd64 JRE (1.8.0_92-b14), built on Mar 31 2016 21:03:04 by "java_re" with MS VC++ 10.0 (VS2010)

time: Mon Jul 04 15:52:44 2016
elapsed time: 4 seconds (0d 0h 0m 4s)

