#
# A fatal error has been detected by the Java Runtime Environment:
#
#  EXCEPTION_ACCESS_VIOLATION (0xc0000005) at pc=0x000007fee93e4613, pid=360, tid=0x00000000000011e4
#
# JRE version: Java(TM) SE Runtime Environment (8.0_92-b14) (build 1.8.0_92-b14)
# Java VM: Java HotSpot(TM) 64-Bit Server VM (25.92-b14 mixed mode windows-amd64 compressed oops)
# Problematic frame:
# C  [vtkRenderingJava.dll+0x4613]
#
# Failed to write core dump. Minidumps are not enabled by default on client versions of Windows
#
# If you would like to submit a bug report, please visit:
#   http://bugreport.java.com/bugreport/crash.jsp
# The crash happened outside the Java Virtual Machine in native code.
# See problematic frame for where to report the bug.
#

---------------  T H R E A D  ---------------

Current thread (0x000000001b002800):  JavaThread "AWT-EventQueue-0" [_thread_in_native, id=4580, stack(0x000000001c4c0000,0x000000001c5c0000)]

siginfo: ExceptionCode=0xc0000005, reading address 0xffffffffffffffff

Registers:
RAX=0x000000001b47dad0, RBX=0x000000001768d088, RCX=0x000000001b47dad0, RDX=0x000000001b4e5110
RSP=0x000000001c5bccd8, RBP=0x000000001c5bcd50, RSI=0x0000000000000001, RDI=0x0000000002a5835d
R8 =0x0000000021ff7740, R9 =0x00000000d6068920, R10=0x000000000000000e, R11=0x00000000572e8198
R12=0x0000000000000000, R13=0x000000001768d088, R14=0x000000001c5bcd78, R15=0x000000001b002800
RIP=0x000007fee93e4613, EFLAGS=0x0000000000010202

Top of Stack: (sp=0x000000001c5bccd8)
0x000000001c5bccd8:   0000000002a67994 000000001768d088
0x000000001c5bcce8:   0000000000000001 0000000000000000
0x000000001c5bccf8:   0000000017679f80 0000000000000000
0x000000001c5bcd08:   000000001c5bcd20 000000001c5bcd10
0x000000001c5bcd18:   0000000000000000 000000001c5bcd78
0x000000001c5bcd28:   000000001769d5b8 0000000000000000
0x000000001c5bcd38:   000000001768d088 0000000000000000
0x000000001c5bcd48:   000000001c5bcd70 000000001c5bcdc0
0x000000001c5bcd58:   0000000002a5835d 0000000000000000
0x000000001c5bcd68:   0000000002a619d8 00000000d633e9e0
0x000000001c5bcd78:   00000000d6068920 000000001c5bcd80
0x000000001c5bcd88:   000000001768d122 000000001c5bcdd8
0x000000001c5bcd98:   000000001769d5b8 0000000000000000
0x000000001c5bcda8:   000000001768d130 000000001c5bcd70
0x000000001c5bcdb8:   000000001c5bcdd0 000000001c5bce20
0x000000001c5bcdc8:   0000000002a5835d 00000000d633e9e0 

Instructions: (pc=0x000007fee93e4613)
0x000007fee93e45f3:   48 8b d8 e8 39 18 02 00 48 8b d3 4c 8b 00 48 8b
0x000007fee93e4603:   c8 48 8b 5c 24 30 48 8b 74 24 38 48 83 c4 20 5f
0x000007fee93e4613:   49 ff a0 e8 02 00 00 cc cc cc cc cc cc 40 53 48
0x000007fee93e4623:   83 ec 20 41 8b d8 e8 06 18 02 00 8b d3 4c 8b 08 


Register to memory mapping:

RAX=0x000000001b47dad0 is an unknown value
RBX={method} {0x000000001768d090} 'SetMapper_16' '(Lvtk/vtkMapper;)V' in 'vtk/vtkActor'
RCX=0x000000001b47dad0 is an unknown value
RDX=0x000000001b4e5110 is an unknown value
RSP=0x000000001c5bccd8 is pointing into the stack for thread: 0x000000001b002800
RBP=0x000000001c5bcd50 is pointing into the stack for thread: 0x000000001b002800
RSI=0x0000000000000001 is an unknown value
RDI=0x0000000002a5835d is at code_begin+2301 in an Interpreter codelet
invoke return entry points  [0x0000000002a57a60, 0x0000000002a58440]  2528 bytes
R8 =0x0000000021ff7740 is an unknown value
R9 =0x00000000d6068920 is an oop
vtk.vtkActor 
 - klass: 'vtk/vtkActor'
R10=0x000000000000000e is an unknown value
R11=0x00000000572e8198 is an unknown value
R12=0x0000000000000000 is an unknown value
R13={method} {0x000000001768d090} 'SetMapper_16' '(Lvtk/vtkMapper;)V' in 'vtk/vtkActor'
R14=0x000000001c5bcd78 is pointing into the stack for thread: 0x000000001b002800
R15=0x000000001b002800 is a thread


Stack: [0x000000001c4c0000,0x000000001c5c0000],  sp=0x000000001c5bccd8,  free space=1011k
Native frames: (J=compiled Java code, j=interpreted, Vv=VM code, C=native code)
C  [vtkRenderingJava.dll+0x4613]
C  0x0000000002a67994

Java frames: (J=compiled Java code, j=interpreted, Vv=VM code)
j  vtk.vtkActor.SetMapper_16(Lvtk/vtkMapper;)V+0
j  vtk.vtkActor.SetMapper(Lvtk/vtkMapper;)V+2
j  volume_ct.Main.jButton2ActionPerformed(Ljava/awt/event/ActionEvent;)V+119
j  volume_ct.Main.access$600(Lvolume_ct/Main;Ljava/awt/event/ActionEvent;)V+2
j  volume_ct.Main$7.actionPerformed(Ljava/awt/event/ActionEvent;)V+5
j  javax.swing.AbstractButton.fireActionPerformed(Ljava/awt/event/ActionEvent;)V+83
j  javax.swing.AbstractButton$Handler.actionPerformed(Ljava/awt/event/ActionEvent;)V+5
j  javax.swing.DefaultButtonModel.fireActionPerformed(Ljava/awt/event/ActionEvent;)V+34
j  javax.swing.DefaultButtonModel.setPressed(Z)V+117
j  javax.swing.plaf.basic.BasicButtonListener.mouseReleased(Ljava/awt/event/MouseEvent;)V+35
j  java.awt.Component.processMouseEvent(Ljava/awt/event/MouseEvent;)V+64
j  javax.swing.JComponent.processMouseEvent(Ljava/awt/event/MouseEvent;)V+23
j  java.awt.Component.processEvent(Ljava/awt/AWTEvent;)V+81
j  java.awt.Container.processEvent(Ljava/awt/AWTEvent;)V+18
j  java.awt.Component.dispatchEventImpl(Ljava/awt/AWTEvent;)V+589
j  java.awt.Container.dispatchEventImpl(Ljava/awt/AWTEvent;)V+42
j  java.awt.Component.dispatchEvent(Ljava/awt/AWTEvent;)V+2
j  java.awt.LightweightDispatcher.retargetMouseEvent(Ljava/awt/Component;ILjava/awt/event/MouseEvent;)V+327
j  java.awt.LightweightDispatcher.processMouseEvent(Ljava/awt/event/MouseEvent;)Z+155
j  java.awt.LightweightDispatcher.dispatchEvent(Ljava/awt/AWTEvent;)Z+50
j  java.awt.Container.dispatchEventImpl(Ljava/awt/AWTEvent;)V+12
j  java.awt.Window.dispatchEventImpl(Ljava/awt/AWTEvent;)V+19
j  java.awt.Component.dispatchEvent(Ljava/awt/AWTEvent;)V+2
j  java.awt.EventQueue.dispatchEventImpl(Ljava/awt/AWTEvent;Ljava/lang/Object;)V+41
j  java.awt.EventQueue.access$500(Ljava/awt/EventQueue;Ljava/awt/AWTEvent;Ljava/lang/Object;)V+3
j  java.awt.EventQueue$3.run()Ljava/lang/Void;+32
j  java.awt.EventQueue$3.run()Ljava/lang/Object;+1
v  ~StubRoutines::call_stub
j  java.security.AccessController.doPrivileged(Ljava/security/PrivilegedAction;Ljava/security/AccessControlContext;)Ljava/lang/Object;+0
J 1116 C1 java.security.ProtectionDomain$JavaSecurityAccessImpl.doIntersectionPrivilege(Ljava/security/PrivilegedAction;Ljava/security/AccessControlContext;Ljava/security/AccessControlContext;)Ljava/lang/Object; (22 bytes) @ 0x0000000002dcb82c [0x0000000002dcb3c0+0x46c]
j  java.security.ProtectionDomain$JavaSecurityAccessImpl.doIntersectionPrivilege(Ljava/security/PrivilegedAction;Ljava/security/AccessControlContext;)Ljava/lang/Object;+6
j  java.awt.EventQueue$4.run()Ljava/lang/Void;+11
j  java.awt.EventQueue$4.run()Ljava/lang/Object;+1
v  ~StubRoutines::call_stub
j  java.security.AccessController.doPrivileged(Ljava/security/PrivilegedAction;Ljava/security/AccessControlContext;)Ljava/lang/Object;+0
J 1116 C1 java.security.ProtectionDomain$JavaSecurityAccessImpl.doIntersectionPrivilege(Ljava/security/PrivilegedAction;Ljava/security/AccessControlContext;Ljava/security/AccessControlContext;)Ljava/lang/Object; (22 bytes) @ 0x0000000002dcb82c [0x0000000002dcb3c0+0x46c]
j  java.awt.EventQueue.dispatchEvent(Ljava/awt/AWTEvent;)V+73
j  java.awt.EventDispatchThread.pumpOneEventForFilters(I)V+245
j  java.awt.EventDispatchThread.pumpEventsForFilter(ILjava/awt/Conditional;Ljava/awt/EventFilter;)V+35
j  java.awt.EventDispatchThread.pumpEventsForHierarchy(ILjava/awt/Conditional;Ljava/awt/Component;)V+11
j  java.awt.EventDispatchThread.pumpEvents(ILjava/awt/Conditional;)V+4
j  java.awt.EventDispatchThread.pumpEvents(Ljava/awt/Conditional;)V+3
j  java.awt.EventDispatchThread.run()V+9
v  ~StubRoutines::call_stub

---------------  P R O C E S S  ---------------

Java Threads: ( => current thread )
  0x000000001b5ca000 JavaThread "D3D Screen Updater" daemon [_thread_blocked, id=5052, stack(0x0000000020620000,0x0000000020720000)]
  0x000000001b104800 JavaThread "TimerQueue" daemon [_thread_blocked, id=2328, stack(0x000000001d810000,0x000000001d910000)]
  0x000000000234e800 JavaThread "DestroyJavaVM" [_thread_blocked, id=6040, stack(0x0000000002680000,0x0000000002780000)]
=>0x000000001b002800 JavaThread "AWT-EventQueue-0" [_thread_in_native, id=4580, stack(0x000000001c4c0000,0x000000001c5c0000)]
  0x000000001afaf800 JavaThread "AWT-Windows" daemon [_thread_in_native, id=4324, stack(0x000000001a560000,0x000000001a660000)]
  0x000000001afaf000 JavaThread "AWT-Shutdown" [_thread_blocked, id=816, stack(0x000000001bbe0000,0x000000001bce0000)]
  0x000000001afae000 JavaThread "Java2D Disposer" daemon [_thread_blocked, id=6088, stack(0x000000001bac0000,0x000000001bbc0000)]
  0x0000000018daa800 JavaThread "Service Thread" daemon [_thread_blocked, id=5936, stack(0x000000001ac00000,0x000000001ad00000)]
  0x0000000018d3f000 JavaThread "C1 CompilerThread3" daemon [_thread_blocked, id=5272, stack(0x000000001aae0000,0x000000001abe0000)]
  0x0000000018d1c000 JavaThread "C2 CompilerThread2" daemon [_thread_blocked, id=2168, stack(0x000000001a890000,0x000000001a990000)]
  0x0000000018d17000 JavaThread "C2 CompilerThread1" daemon [_thread_blocked, id=6044, stack(0x000000001a6a0000,0x000000001a7a0000)]
  0x0000000018d10000 JavaThread "C2 CompilerThread0" daemon [_thread_blocked, id=5752, stack(0x000000001a460000,0x000000001a560000)]
  0x0000000017c5e800 JavaThread "Attach Listener" daemon [_thread_blocked, id=5300, stack(0x0000000019e40000,0x0000000019f40000)]
  0x0000000018d00000 JavaThread "Signal Dispatcher" daemon [_thread_blocked, id=5392, stack(0x000000001a2a0000,0x000000001a3a0000)]
  0x0000000017c52000 JavaThread "Finalizer" daemon [_thread_blocked, id=5492, stack(0x000000001a0b0000,0x000000001a1b0000)]
  0x0000000017c4b800 JavaThread "Reference Handler" daemon [_thread_blocked, id=3792, stack(0x0000000019f80000,0x000000001a080000)]

Other Threads:
  0x0000000018cb2800 VMThread [stack: 0x0000000019cd0000,0x0000000019dd0000] [id=3208]
  0x0000000018d90000 WatcherThread [stack: 0x000000001ad70000,0x000000001ae70000] [id=4712]

VM state:not at safepoint (normal execution)

VM Mutex/Monitor currently owned by a thread: None

Heap:
 PSYoungGen      total 38400K, used 12660K [0x00000000d5700000, 0x00000000d8180000, 0x0000000100000000)
  eden space 33280K, 38% used [0x00000000d5700000,0x00000000d635d2d8,0x00000000d7780000)
  from space 5120K, 0% used [0x00000000d7c80000,0x00000000d7c80000,0x00000000d8180000)
  to   space 5120K, 0% used [0x00000000d7780000,0x00000000d7780000,0x00000000d7c80000)
 ParOldGen       total 87552K, used 0K [0x0000000080400000, 0x0000000085980000, 0x00000000d5700000)
  object space 87552K, 0% used [0x0000000080400000,0x0000000080400000,0x0000000085980000)
 Metaspace       used 14515K, capacity 14764K, committed 15104K, reserved 1062912K
  class space    used 1870K, capacity 1952K, committed 2048K, reserved 1048576K

Card table byte_map: [0x0000000011e10000,0x0000000012210000] byte_map_base: 0x0000000011a0e000

Marking Bits: (ParMarkBitMap*) 0x00000000572f64f0
 Begin Bits: [0x0000000012e80000, 0x0000000014e70000)
 End Bits:   [0x0000000014e70000, 0x0000000016e60000)

Polling page: 0x0000000000230000

CodeCache: size=245760Kb used=3691Kb max_used=3691Kb free=242068Kb
 bounds [0x0000000002a50000, 0x0000000002df0000, 0x0000000011a50000]
 total_blobs=1699 nmethods=1177 adapters=435
 compilation: enabled

Compilation events (10 events):
Event: 2.591 Thread 0x0000000018d3f000 1172       3       java.awt.Component::setBoundsOp (51 bytes)
Event: 2.591 Thread 0x0000000018d3f000 nmethod 1172 0x0000000002dead90 code [0x0000000002deaf00, 0x0000000002deb110]
Event: 2.591 Thread 0x0000000018d3f000 1174       1       java.util.concurrent.locks.ReentrantReadWriteLock::readLock (5 bytes)
Event: 2.591 Thread 0x0000000018d3f000 nmethod 1174 0x0000000002deb190 code [0x0000000002deb2e0, 0x0000000002deb3f0]
Event: 2.593 Thread 0x0000000018d3f000 1175       3       sun.java2d.SurfaceData::getSourceSurfaceData (110 bytes)
Event: 2.594 Thread 0x0000000018d3f000 nmethod 1175 0x0000000002deb450 code [0x0000000002deb640, 0x0000000002dec218]
Event: 2.594 Thread 0x0000000018d3f000 1176       3       sun.java2d.pipe.DrawImage::isBgOperation (22 bytes)
Event: 2.594 Thread 0x0000000018d3f000 nmethod 1176 0x0000000002dec650 code [0x0000000002dec7c0, 0x0000000002decbe8]
Event: 2.683 Thread 0x0000000018d3f000 1177       3       java.awt.event.MouseEvent::getModifiersEx (29 bytes)
Event: 2.683 Thread 0x0000000018d3f000 nmethod 1177 0x0000000002decd10 code [0x0000000002dece80, 0x0000000002ded0e8]

GC Heap History (0 events):
No events

Deoptimization events (6 events):
Event: 0.324 Thread 0x000000001b002800 Uncommon trap: reason=unstable_if action=reinterpret pc=0x0000000002c22834 method=java.util.HashMap.getNode(ILjava/lang/Object;)Ljava/util/HashMap$Node; @ 84
Event: 0.357 Thread 0x000000001afaf800 Uncommon trap: reason=unstable_if action=reinterpret pc=0x0000000002c64384 method=java.util.HashMap.putVal(ILjava/lang/Object;Ljava/lang/Object;ZZ)Ljava/lang/Object; @ 206
Event: 0.384 Thread 0x000000001b002800 Uncommon trap: reason=unstable_if action=reinterpret pc=0x0000000002c3c460 method=java.util.HashMap.getNode(ILjava/lang/Object;)Ljava/util/HashMap$Node; @ 84
Event: 0.384 Thread 0x000000001b002800 Uncommon trap: reason=unstable_if action=reinterpret pc=0x0000000002c8a388 method=java.util.HashMap.putVal(ILjava/lang/Object;Ljava/lang/Object;ZZ)Ljava/lang/Object; @ 109
Event: 0.400 Thread 0x000000001b002800 Uncommon trap: reason=unstable_if action=reinterpret pc=0x0000000002ca026c method=java.io.BufferedInputStream.read()I @ 8
Event: 1.676 Thread 0x000000001b002800 Uncommon trap: reason=class_check action=maybe_recompile pc=0x0000000002bbdbe8 method=java.lang.String.equals(Ljava/lang/Object;)Z @ 8

Internal exceptions (10 events):
Event: 0.234 Thread 0x000000000234e800 Exception <a 'java/lang/ClassNotFoundException': ToolBar> (0x00000000d5b90038) thrown at [D:\re\workspace\8-2-build-windows-amd64-cygwin\jdk8u92\6642\hotspot\src\share\vm\classfile\systemDictionary.cpp, line 210]
Event: 0.234 Thread 0x000000000234e800 Exception <a 'java/lang/ClassNotFoundException': ToggleButton> (0x00000000d5b905e8) thrown at [D:\re\workspace\8-2-build-windows-amd64-cygwin\jdk8u92\6642\hotspot\src\share\vm\classfile\systemDictionary.cpp, line 210]
Event: 0.234 Thread 0x000000000234e800 Exception <a 'java/lang/ClassNotFoundException': javax/swing/JToolBarSeparator> (0x00000000d5b90a48) thrown at [D:\re\workspace\8-2-build-windows-amd64-cygwin\jdk8u92\6642\hotspot\src\share\vm\classfile\systemDictionary.cpp, line 210]
Event: 0.234 Thread 0x000000000234e800 Exception <a 'java/lang/ClassNotFoundException': ToolBarSeparator> (0x00000000d5b90ee0) thrown at [D:\re\workspace\8-2-build-windows-amd64-cygwin\jdk8u92\6642\hotspot\src\share\vm\classfile\systemDictionary.cpp, line 210]
Event: 0.234 Thread 0x000000000234e800 Exception <a 'java/lang/ClassNotFoundException': ToolTip> (0x00000000d5b91620) thrown at [D:\re\workspace\8-2-build-windows-amd64-cygwin\jdk8u92\6642\hotspot\src\share\vm\classfile\systemDictionary.cpp, line 210]
Event: 0.235 Thread 0x000000000234e800 Exception <a 'java/lang/ClassNotFoundException': Tree> (0x00000000d5b92240) thrown at [D:\re\workspace\8-2-build-windows-amd64-cygwin\jdk8u92\6642\hotspot\src\share\vm\classfile\systemDictionary.cpp, line 210]
Event: 0.235 Thread 0x000000000234e800 Exception <a 'java/lang/ClassNotFoundException': Tree> (0x00000000d5b92980) thrown at [D:\re\workspace\8-2-build-windows-amd64-cygwin\jdk8u92\6642\hotspot\src\share\vm\classfile\systemDictionary.cpp, line 210]
Event: 0.235 Thread 0x000000000234e800 Exception <a 'java/lang/ClassNotFoundException': javax/swing/JTreeCell> (0x00000000d5b92d00) thrown at [D:\re\workspace\8-2-build-windows-amd64-cygwin\jdk8u92\6642\hotspot\src\share\vm\classfile\systemDictionary.cpp, line 210]
Event: 0.235 Thread 0x000000000234e800 Exception <a 'java/lang/ClassNotFoundException': TreeCell> (0x00000000d5b93188) thrown at [D:\re\workspace\8-2-build-windows-amd64-cygwin\jdk8u92\6642\hotspot\src\share\vm\classfile\systemDictionary.cpp, line 210]
Event: 0.235 Thread 0x000000000234e800 Exception <a 'java/lang/ClassNotFoundException': RootPane> (0x00000000d5b93be8) thrown at [D:\re\workspace\8-2-build-windows-amd64-cygwin\jdk8u92\6642\hotspot\src\share\vm\classfile\systemDictionary.cpp, line 210]

Events (10 events):
Event: 0.711 Thread 0x000000001b002800 DEOPT UNPACKING pc=0x0000000002a9747f sp=0x000000001c5bc4f0 mode 0
Event: 0.711 Thread 0x000000001b002800 DEOPT PACKING pc=0x0000000002d8512f sp=0x000000001c5bc7f0
Event: 0.711 Thread 0x000000001b002800 DEOPT UNPACKING pc=0x0000000002a9747f sp=0x000000001c5bc4f0 mode 0
Event: 1.222 Thread 0x000000001b002800 DEOPT PACKING pc=0x0000000002d85171 sp=0x000000001c5bc7f0
Event: 1.222 Thread 0x000000001b002800 DEOPT UNPACKING pc=0x0000000002a9747f sp=0x000000001c5bc4f0 mode 0
Event: 1.222 Thread 0x000000001b002800 DEOPT PACKING pc=0x0000000002d8512f sp=0x000000001c5bc7f0
Event: 1.222 Thread 0x000000001b002800 DEOPT UNPACKING pc=0x0000000002a9747f sp=0x000000001c5bc4f0 mode 0
Event: 1.676 Thread 0x000000001b002800 Uncommon trap: trap_request=0xffffffde fr.pc=0x0000000002bbdbe8
Event: 1.676 Thread 0x000000001b002800 DEOPT PACKING pc=0x0000000002bbdbe8 sp=0x000000001c5bcc30
Event: 1.676 Thread 0x000000001b002800 DEOPT UNPACKING pc=0x0000000002a9582a sp=0x000000001c5bcbb0 mode 2


Dynamic libraries:
0x000000013fc40000 - 0x000000013fc77000 	C:\Program Files\Java\jdk1.8.0_92\bin\java.exe
0x0000000076f30000 - 0x00000000770dc000 	C:\Windows\SYSTEM32\ntdll.dll
0x0000000076850000 - 0x000000007696f000 	C:\Windows\system32\kernel32.dll
0x000007fefd450000 - 0x000007fefd4bc000 	C:\Windows\system32\KERNELBASE.dll
0x000007fefd790000 - 0x000007fefd86b000 	C:\Windows\system32\ADVAPI32.dll
0x000007fefde10000 - 0x000007fefdeaf000 	C:\Windows\system32\msvcrt.dll
0x000007fefd770000 - 0x000007fefd78f000 	C:\Windows\SYSTEM32\sechost.dll
0x000007fefdb50000 - 0x000007fefdc7e000 	C:\Windows\system32\RPCRT4.dll
0x0000000076cd0000 - 0x0000000076dca000 	C:\Windows\system32\USER32.dll
0x000007fefd8c0000 - 0x000007fefd927000 	C:\Windows\system32\GDI32.dll
0x000007fefd930000 - 0x000007fefd93e000 	C:\Windows\system32\LPK.dll
0x000007fefdc80000 - 0x000007fefdd4a000 	C:\Windows\system32\USP10.dll
0x000007fefbe10000 - 0x000007fefc004000 	C:\Windows\WinSxS\amd64_microsoft.windows.common-controls_6595b64144ccf1df_6.0.7600.16661_none_fa62ad231704eab7\COMCTL32.dll
0x000007fefefe0000 - 0x000007feff051000 	C:\Windows\system32\SHLWAPI.dll
0x000007fefe110000 - 0x000007fefe13e000 	C:\Windows\system32\IMM32.DLL
0x000007fefe140000 - 0x000007fefe249000 	C:\Windows\system32\MSCTF.dll
0x000000005fd00000 - 0x000000005fdd2000 	C:\Program Files\Java\jdk1.8.0_92\jre\bin\msvcr100.dll
0x0000000056ae0000 - 0x0000000057376000 	C:\Program Files\Java\jdk1.8.0_92\jre\bin\server\jvm.dll
0x000007fef6b90000 - 0x000007fef6b99000 	C:\Windows\system32\WSOCK32.dll
0x000007fefd870000 - 0x000007fefd8bd000 	C:\Windows\system32\WS2_32.dll
0x000007fefd940000 - 0x000007fefd948000 	C:\Windows\system32\NSI.dll
0x000007fefa450000 - 0x000007fefa48b000 	C:\Windows\system32\WINMM.dll
0x000007fefc4a0000 - 0x000007fefc4ac000 	C:\Windows\system32\VERSION.dll
0x00000000770f0000 - 0x00000000770f7000 	C:\Windows\system32\PSAPI.DLL
0x000000006efd0000 - 0x000000006efdf000 	C:\Program Files\Java\jdk1.8.0_92\jre\bin\verify.dll
0x0000000056ab0000 - 0x0000000056ad9000 	C:\Program Files\Java\jdk1.8.0_92\jre\bin\java.dll
0x0000000056a90000 - 0x0000000056aa6000 	C:\Program Files\Java\jdk1.8.0_92\jre\bin\zip.dll
0x000007fefe250000 - 0x000007fefefd7000 	C:\Windows\system32\SHELL32.dll
0x000007fefdf00000 - 0x000007fefe102000 	C:\Windows\system32\ole32.dll
0x000007fefd3a0000 - 0x000007fefd3af000 	C:\Windows\system32\profapi.dll
0x0000000056610000 - 0x00000000567a8000 	C:\Program Files\Java\jdk1.8.0_92\jre\bin\awt.dll
0x000007fefd9d0000 - 0x000007fefdaa7000 	C:\Windows\system32\OLEAUT32.dll
0x000007feee5c0000 - 0x000007feee62e000 	C:\vtkBin\bin\vtkCommonJava.dll
0x000007feea480000 - 0x000007feea6c8000 	C:\vtkBin\bin\vtkCommon.dll
0x000007feee650000 - 0x000007feee693000 	C:\vtkBin\bin\vtksys.dll
0x0000000067160000 - 0x00000000671f8000 	C:\Windows\system32\MSVCP100.dll
0x000007feee320000 - 0x000007feee3c0000 	C:\vtkBin\bin\vtkFilteringJava.dll
0x000007feea180000 - 0x000007feea47c000 	C:\vtkBin\bin\vtkFiltering.dll
0x000007feee560000 - 0x000007feee5b6000 	C:\vtkBin\bin\vtkIOJava.dll
0x000007fee9d50000 - 0x000007feea174000 	C:\vtkBin\bin\vtkIO.dll
0x000007feee530000 - 0x000007feee552000 	C:\vtkBin\bin\vtkDICOMParser.dll
0x000007feee250000 - 0x000007feee316000 	C:\vtkBin\bin\vtkNetCDF.dll
0x000007feea710000 - 0x000007feea91d000 	C:\vtkBin\bin\vtkhdf5.dll
0x000007feee630000 - 0x000007feee644000 	C:\vtkBin\bin\vtkzlib.dll
0x000007feead00000 - 0x000007feead2d000 	C:\vtkBin\bin\vtkhdf5_hl.dll
0x000007feeace0000 - 0x000007feead00000 	C:\vtkBin\bin\vtkNetCDF_cxx.dll
0x000007feeacc0000 - 0x000007feeacd8000 	C:\vtkBin\bin\LSDyna.dll
0x000007feeac30000 - 0x000007feeacbf000 	C:\vtkBin\bin\vtkmetaio.dll
0x000007feeac00000 - 0x000007feeac24000 	C:\vtkBin\bin\vtkpng.dll
0x000007feeabd0000 - 0x000007feeabf7000 	C:\vtkBin\bin\vtkjpeg.dll
0x000007feeab70000 - 0x000007feeabc1000 	C:\vtkBin\bin\vtktiff.dll
0x000007feeab40000 - 0x000007feeab63000 	C:\vtkBin\bin\vtkexpat.dll
0x000007feea6f0000 - 0x000007feea70f000 	C:\Windows\system32\AVIFIL32.dll
0x000007feefe20000 - 0x000007feefe38000 	C:\Windows\system32\MSACM32.dll
0x000007fee9d20000 - 0x000007fee9d49000 	C:\Windows\system32\MSVFW32.dll
0x000007fee9cd0000 - 0x000007fee9d17000 	C:\vtkBin\bin\vtkImagingJava.dll
0x000007fee9a40000 - 0x000007fee9cc9000 	C:\vtkBin\bin\vtkImaging.dll
0x000007fee99a0000 - 0x000007fee9a37000 	C:\vtkBin\bin\vtkGraphicsJava.dll
0x000007fee94a0000 - 0x000007fee9992000 	C:\vtkBin\bin\vtkGraphics.dll
0x000007fee9470000 - 0x000007fee94a0000 	C:\vtkBin\bin\vtkverdict.dll
0x000007fee93e0000 - 0x000007fee9469000 	C:\vtkBin\bin\vtkRenderingJava.dll
0x000007fee9040000 - 0x000007fee93db000 	C:\vtkBin\bin\vtkRendering.dll
0x000007fef8580000 - 0x000007fef858f000 	C:\vtkBin\bin\vtkftgl.dll
0x000007fef68c0000 - 0x000007fef69dd000 	C:\Windows\system32\OPENGL32.dll
0x000007fef6890000 - 0x000007fef68bd000 	C:\Windows\system32\GLU32.dll
0x000007fef6790000 - 0x000007fef6881000 	C:\Windows\system32\DDRAW.dll
0x000007fef98a0000 - 0x000007fef98a8000 	C:\Windows\system32\DCIMAN32.dll
0x000007feff060000 - 0x000007feff237000 	C:\Windows\system32\SETUPAPI.dll
0x000007fefd5a0000 - 0x000007fefd5d6000 	C:\Windows\system32\CFGMGR32.dll
0x000007fefd5e0000 - 0x000007fefd5fa000 	C:\Windows\system32\DEVOBJ.dll
0x000007fefb6f0000 - 0x000007fefb708000 	C:\Windows\system32\dwmapi.dll
0x000007fee8fc0000 - 0x000007fee9035000 	C:\vtkBin\bin\vtkfreetype.dll
0x000000006efc0000 - 0x000000006efc7000 	C:\vtkBin\bin\jawt.dll
0x000007fefbad0000 - 0x000007fefbb26000 	C:\Windows\system32\uxtheme.dll
0x000007fefd290000 - 0x000007fefd29f000 	C:\Windows\system32\CRYPTBASE.dll
0x0000000056a40000 - 0x0000000056a87000 	C:\Program Files\Java\jdk1.8.0_92\jre\bin\fontmanager.dll
0x000007fef11b0000 - 0x000007fef13af000 	C:\Windows\system32\d3d9.dll
0x000007fef6b70000 - 0x000007fef6b77000 	C:\Windows\system32\d3d8thk.dll
0x000007feee740000 - 0x000007feef5b4000 	C:\Windows\system32\nvd3dumx.dll
0x000007fefbd30000 - 0x000007fefbd5c000 	C:\Windows\system32\powrprof.dll
0x000007feefe40000 - 0x000007feeff98000 	C:\Program Files (x86)\NVIDIA Corporation\3D Vision\nvSCPAPI64.dll
0x0000000056a20000 - 0x0000000056a3a000 	C:\Program Files\Java\jdk1.8.0_92\jre\bin\net.dll
0x000007fefcbd0000 - 0x000007fefcc24000 	C:\Windows\system32\mswsock.dll
0x000007fefcbc0000 - 0x000007fefcbc7000 	C:\Windows\System32\wship6.dll
0x0000000056a00000 - 0x0000000056a11000 	C:\Program Files\Java\jdk1.8.0_92\jre\bin\nio.dll
0x0000000056900000 - 0x0000000056942000 	C:\Program Files\Java\jdk1.8.0_92\jre\bin\t2k.dll
0x000007fefdd50000 - 0x000007fefdde9000 	C:\Windows\system32\CLBCatQ.DLL
0x000007fefb580000 - 0x000007fefb6aa000 	C:\Windows\system32\WindowsCodecs.dll
0x000007fefd230000 - 0x000007fefd287000 	C:\Windows\system32\apphelp.dll
0x000007fef8a50000 - 0x000007fef8a85000 	C:\Windows\system32\EhStorShell.dll
0x000007fefbbb0000 - 0x000007fefbcdc000 	C:\Windows\system32\PROPSYS.dll
0x000007fef8990000 - 0x000007fef8a0e000 	C:\Windows\System32\cscui.dll
0x000007fef8a40000 - 0x000007fef8a4c000 	C:\Windows\System32\CSCDLL.dll
0x000007fef8b10000 - 0x000007fef8b1f000 	C:\Windows\system32\CSCAPI.dll
0x000007fef8910000 - 0x000007fef8990000 	C:\Windows\system32\ntshrui.dll
0x000007fefd100000 - 0x000007fefd123000 	C:\Windows\system32\srvcli.dll
0x000007fefb320000 - 0x000007fefb32b000 	C:\Windows\system32\slc.dll
0x000007fee8f60000 - 0x000007fee8fb1000 	C:\vtkBin\bin\vtkHybridJava.dll
0x000007fee8d60000 - 0x000007fee8f53000 	C:\vtkBin\bin\vtkHybrid.dll
0x000007fee8d10000 - 0x000007fee8d51000 	C:\vtkBin\bin\vtkexoIIc.dll
0x000007feea6d0000 - 0x000007feea6e7000 	C:\Windows\system32\AVICAP32.dll
0x000007fee8ce0000 - 0x000007fee8d05000 	C:\vtkBin\bin\vtkVolumeRenderingJava.dll
0x000007fee88b0000 - 0x000007fee8cd1000 	C:\vtkBin\bin\vtkVolumeRendering.dll
0x000007fee8850000 - 0x000007fee88ac000 	C:\vtkBin\bin\vtkWidgetsJava.dll
0x000007fee86f0000 - 0x000007fee884e000 	C:\vtkBin\bin\vtkWidgets.dll
0x00000000568d0000 - 0x00000000568fa000 	C:\Program Files\Java\jdk1.8.0_92\jre\bin\dcpr.dll
0x000000005a990000 - 0x000000005c448000 	C:\Windows\system32\nvoglv64.DLL
0x000007fefd560000 - 0x000007fefd599000 	C:\Windows\system32\WINTRUST.dll
0x000007fefd600000 - 0x000007fefd76a000 	C:\Windows\system32\CRYPT32.dll
0x000007fefd440000 - 0x000007fefd44f000 	C:\Windows\system32\MSASN1.dll
0x000007fef9a80000 - 0x000007fef9aad000 	C:\Windows\system32\ntmarta.dll
0x000007fefdeb0000 - 0x000007fefdf00000 	C:\Windows\system32\WLDAP32.dll
0x000007fef3740000 - 0x000007fef3865000 	C:\Windows\system32\dbghelp.dll

VM Arguments:
jvm_args: -Dfile.encoding=UTF-8 
java_command: volume_ct.Main
java_class_path (initial): C:\vtkBin\bin\vtk.jar;C:\Program Files\NetBeans 8.0.2\java\modules\ext\beansbinding-1.2.1.jar;C:\Users\IMG_1\Desktop\project_vtk\volume_ct\build\classes
Launcher Type: SUN_STANDARD

Environment Variables:
CLASSPATH=C:\Users\IMG_1\Downloads\JavaCV\opencv\build\x86\vc10\lib;
PATH=C:\ProgramData\Oracle\Java\javapath;C:\Program Files\NVIDIA GPU Computing Toolkit\CUDA\v5.5\bin;C:\Program Files\NVIDIA GPU Computing Toolkit\CUDA\v5.5\libnvvp;C:\Program Files\Common Files\Microsoft Shared\Windows Live;C:\Program Files (x86)\Common Files\Microsoft Shared\Windows Live;C:\Program Files (x86)\NVIDIA Corporation\PhysX\Common;C:\Windows\system32;C:\Windows;C:\Windows\System32\Wbem;C:\Windows\System32\WindowsPowerShell\v1.0\;C:\Program Files (x86)\Microsoft SQL Server\90\Tools\binn\;C:\Program Files (x86)\Windows Live\Shared;C:\ProgramData\NVIDIA Corporation\NVIDIA GPU Computing SDK 4.2\C\common\bin;C:\Program Files\Microsoft\Web Platform Installer\;C:\Program Files (x86)\Microsoft ASP.NET\ASP.NET Web Pages\v1.0\;C:\Program Files\Microsoft SQL Server\110\Tools\Binn\;C:\Program Files (x86)\CMake\bin;C:\Program Files\MATLAB\R2013a\bin;C:\Program Files\Git\cmd;D:\laragon\bin\php\php-5.6.13;C:\ProgramData\ComposerSetup\bin;C:\lib\opencv\x64;C:\Program Files\ImageJ\plugins;C:\Program Files\ImageJ;C:\vtkBin\bin;C:\simpleitk;C:\Users\IMG_1\Downloads\JavaCV\opencv\build\common\tbb\ia32\vc10; C:\Users\IMG_1\Downloads\JavaCV\opencv\build\x86\vc10;C:\Users\IMG_1\Downloads\JavaCV\opencv\build\x64\vc10;C:\MinGW\bin;C:\MinGW\msys\1.0\bin;C:\Users\IMG_1\Desktop\vtk_bin07\bin\Debug;C:\Users\IMG_1\Desktop\vtk_12\bin\Release
USERNAME=IMG_1
OS=Windows_NT
PROCESSOR_IDENTIFIER=Intel64 Family 6 Model 42 Stepping 7, GenuineIntel



---------------  S Y S T E M  ---------------

OS: Windows 7 , 64 bit Build 7600 (6.1.7600.17206)

CPU:total 8 (4 cores per cpu, 2 threads per core) family 6 model 42 stepping 7, cmov, cx8, fxsr, mmx, sse, sse2, sse3, ssse3, sse4.1, sse4.2, popcnt, aes, clmul, ht, tsc, tscinvbit

Memory: 4k page, physical 8370488k(5445836k free), swap 16739068k(11264344k free)

vm_info: Java HotSpot(TM) 64-Bit Server VM (25.92-b14) for windows-amd64 JRE (1.8.0_92-b14), built on Mar 31 2016 21:03:04 by "java_re" with MS VC++ 10.0 (VS2010)

time: Mon Jul 04 15:48:31 2016
elapsed time: 2 seconds (0d 0h 0m 2s)

