#
# A fatal error has been detected by the Java Runtime Environment:
#
#  EXCEPTION_ACCESS_VIOLATION (0xc0000005) at pc=0x000007fee76f6530, pid=1620, tid=0x0000000000000514
#
# JRE version: Java(TM) SE Runtime Environment (8.0_92-b14) (build 1.8.0_92-b14)
# Java VM: Java HotSpot(TM) 64-Bit Server VM (25.92-b14 mixed mode windows-amd64 compressed oops)
# Problematic frame:
# C  [vtkFiltering.dll+0x1b6530]
#
# Failed to write core dump. Minidumps are not enabled by default on client versions of Windows
#
# If you would like to submit a bug report, please visit:
#   http://bugreport.java.com/bugreport/crash.jsp
# The crash happened outside the Java Virtual Machine in native code.
# See problematic frame for where to report the bug.
#

---------------  T H R E A D  ---------------

Current thread (0x00000000021ee800):  JavaThread "main" [_thread_in_native, id=1300, stack(0x0000000002620000,0x0000000002720000)]

siginfo: ExceptionCode=0xc0000005, reading address 0x0000000000000000

Registers:
RAX=0x0000000000000000, RBX=0x000007fee5d5edd8, RCX=0x0000000000000000, RDX=0x0000000000000008
RSP=0x000000000271f158, RBP=0x0000000000000000, RSI=0x0000000000000000, RDI=0x0000000058ceece0
R8 =0x0000000000000000, R9 =0x000000005b766ef0, R10=0x0000000000000002, R11=0x000000005a7c8198
R12=0x0000000000000000, R13=0x0000000057ad33e0, R14=0x000000000271f348, R15=0x00000000021ee800
RIP=0x000007fee76f6530, EFLAGS=0x0000000000010246

Top of Stack: (sp=0x000000000271f158)
0x000000000271f158:   000007fee5c72e80 0000000057a3e530
0x000000000271f168:   00000000021ee800 00000000021ee800
0x000000000271f178:   0000000000000000 000000000271f2f0
0x000000000271f188:   00000000021ee800 0000000000000000
0x000000000271f198:   0000000000000000 0000000000000000
0x000000000271f1a8:   0000000000000000 000000000271f348
0x000000000271f1b8:   000007fee5c730b1 0000000058ceece0
0x000000000271f1c8:   000000000271f2f0 00000000021ee9f8
0x000000000271f1d8:   00000000021eee50 0000000000000000
0x000000000271f1e8:   000007fee5f51b04 0000000000000000
0x000000000271f1f8:   00000000021ee800 0000000057ad33e0
0x000000000271f208:   00000000021ee800 0000000000000000
0x000000000271f218:   0000000002a07806 0000000000000000
0x000000000271f228:   0000000000000000 0000000000000000
0x000000000271f238:   0000000000000000 00000000029f8331
0x000000000271f248:   0000000002a07974 0000000057ad33e0 

Instructions: (pc=0x000007fee76f6530)
0x000007fee76f6510:   03 f2 0f 10 93 e8 00 00 00 48 8b cb ff 90 08 01
0x000007fee76f6520:   00 00 48 8b 7c 24 30 48 83 c4 20 5b c3 cc cc cc
0x000007fee76f6530:   48 8b 01 4c 89 49 30 48 ff a0 70 02 00 00 cc cc
0x000007fee76f6540:   48 83 ec 38 48 8b 01 4c 8d 4c 24 40 4c 89 4c 24 


Register to memory mapping:

RAX=0x0000000000000000 is an unknown value
RBX=0x000007fee5d5edd8 is an unknown value
RCX=0x0000000000000000 is an unknown value
RDX=0x0000000000000008 is an unknown value
RSP=0x000000000271f158 is pointing into the stack for thread: 0x00000000021ee800
RBP=0x0000000000000000 is an unknown value
RSI=0x0000000000000000 is an unknown value
RDI=0x0000000058ceece0 is an unknown value
R8 =0x0000000000000000 is an unknown value
R9 =0x000000005b766ef0 is an unknown value
R10=0x0000000000000002 is an unknown value
R11=0x000000005a7c8198 is an unknown value
R12=0x0000000000000000 is an unknown value
R13={method} {0x0000000057ad33e8} 'Pick_4' '(DDDLvtk/vtkRenderer;)I' in 'vtk/vtkPropPicker'
R14=0x000000000271f348 is pointing into the stack for thread: 0x00000000021ee800
R15=0x00000000021ee800 is a thread


Stack: [0x0000000002620000,0x0000000002720000],  sp=0x000000000271f158,  free space=1020k
Native frames: (J=compiled Java code, j=interpreted, Vv=VM code, C=native code)

Java frames: (J=compiled Java code, j=interpreted, Vv=VM code)
j  vtk.vtkPropPicker.Pick_4(DDDLvtk/vtkRenderer;)I+0
j  vtk.vtkPropPicker.Pick(DDDLvtk/vtkRenderer;)I+7
j  volume_02.show_bone.<init>()V+185
j  volume_02.Main.<init>()V+13
j  volume_02.Volume_02.main([Ljava/lang/String;)V+4
v  ~StubRoutines::call_stub

---------------  P R O C E S S  ---------------

Java Threads: ( => current thread )
  0x000000005b769000 JavaThread "AWT-EventQueue-0" [_thread_blocked, id=4984, stack(0x000000005e1c0000,0x000000005e2c0000)]
  0x000000005b6ef000 JavaThread "AWT-Windows" daemon [_thread_in_native, id=7052, stack(0x000000005c130000,0x000000005c230000)]
  0x000000005b6eb800 JavaThread "AWT-Shutdown" [_thread_blocked, id=6540, stack(0x000000005c000000,0x000000005c100000)]
  0x000000005b6ea800 JavaThread "Java2D Disposer" daemon [_thread_blocked, id=5440, stack(0x000000005be90000,0x000000005bf90000)]
  0x0000000058d9b000 JavaThread "Service Thread" daemon [_thread_blocked, id=7108, stack(0x000000005b4e0000,0x000000005b5e0000)]
  0x0000000058d2f000 JavaThread "C1 CompilerThread3" daemon [_thread_blocked, id=6676, stack(0x000000005b380000,0x000000005b480000)]
  0x0000000057d5d000 JavaThread "C2 CompilerThread2" daemon [_thread_blocked, id=6328, stack(0x000000005b010000,0x000000005b110000)]
  0x0000000057d5c000 JavaThread "C2 CompilerThread1" daemon [_thread_blocked, id=6576, stack(0x000000005b130000,0x000000005b230000)]
  0x0000000058d02000 JavaThread "C2 CompilerThread0" daemon [_thread_blocked, id=4540, stack(0x000000005af00000,0x000000005b000000)]
  0x0000000058d00000 JavaThread "Attach Listener" daemon [_thread_blocked, id=5620, stack(0x000000005ad30000,0x000000005ae30000)]
  0x0000000058cf0000 JavaThread "Signal Dispatcher" daemon [_thread_blocked, id=6548, stack(0x000000005aae0000,0x000000005abe0000)]
  0x0000000057d51800 JavaThread "Finalizer" daemon [_thread_blocked, id=1384, stack(0x0000000059c70000,0x0000000059d70000)]
  0x0000000057d4b000 JavaThread "Reference Handler" daemon [_thread_blocked, id=7140, stack(0x000000005a930000,0x000000005aa30000)]
=>0x00000000021ee800 JavaThread "main" [_thread_in_native, id=1300, stack(0x0000000002620000,0x0000000002720000)]

Other Threads:
  0x0000000058ca2800 VMThread [stack: 0x0000000059dd0000,0x0000000059ed0000] [id=3648]
  0x0000000058d7f800 WatcherThread [stack: 0x000000005abf0000,0x000000005acf0000] [id=5596]

VM state:not at safepoint (normal execution)

VM Mutex/Monitor currently owned by a thread: None

Heap:
 PSYoungGen      total 38400K, used 5991K [0x00000000d5700000, 0x00000000d8180000, 0x0000000100000000)
  eden space 33280K, 18% used [0x00000000d5700000,0x00000000d5cd9f68,0x00000000d7780000)
  from space 5120K, 0% used [0x00000000d7c80000,0x00000000d7c80000,0x00000000d8180000)
  to   space 5120K, 0% used [0x00000000d7780000,0x00000000d7780000,0x00000000d7c80000)
 ParOldGen       total 87552K, used 0K [0x0000000080400000, 0x0000000085980000, 0x00000000d5700000)
  object space 87552K, 0% used [0x0000000080400000,0x0000000080400000,0x0000000085980000)
 Metaspace       used 8592K, capacity 8808K, committed 9088K, reserved 1056768K
  class space    used 1037K, capacity 1124K, committed 1152K, reserved 1048576K

Card table byte_map: [0x0000000011db0000,0x00000000121b0000] byte_map_base: 0x00000000119ae000

Marking Bits: (ParMarkBitMap*) 0x000000005a7d64f0
 Begin Bits: [0x0000000012f80000, 0x0000000014f70000)
 End Bits:   [0x0000000014f70000, 0x0000000016f60000)

Polling page: 0x0000000000230000

CodeCache: size=245760Kb used=1776Kb max_used=1776Kb free=243983Kb
 bounds [0x00000000029f0000, 0x0000000002c60000, 0x00000000119f0000]
 total_blobs=753 nmethods=344 adapters=323
 compilation: enabled

Compilation events (10 events):
Event: 3.271 Thread 0x0000000058d2f000 nmethod 339 0x0000000002ba8c50 code [0x0000000002ba8e00, 0x0000000002ba9478]
Event: 3.271 Thread 0x0000000058d2f000  340  s    3       java.util.Vector::elementAt (48 bytes)
Event: 3.271 Thread 0x0000000058d2f000 nmethod 340 0x0000000002ba7910 code [0x0000000002ba7b20, 0x0000000002ba8668]
Event: 3.271 Thread 0x0000000058d2f000  342       3       java.lang.String::indexOf (25 bytes)
Event: 3.272 Thread 0x0000000058d2f000 nmethod 342 0x0000000002bab350 code [0x0000000002bab4c0, 0x0000000002bab668]
Event: 3.272 Thread 0x0000000058d2f000  341       3       java.lang.String::indexOf (7 bytes)
Event: 3.272 Thread 0x0000000058d2f000 nmethod 341 0x0000000002bab790 code [0x0000000002bab900, 0x0000000002babb88]
Event: 3.272 Thread 0x0000000058d2f000  343       1       java.net.URL::getQuery (5 bytes)
Event: 3.272 Thread 0x0000000058d2f000 nmethod 343 0x0000000002babd10 code [0x0000000002babe60, 0x0000000002babf70]
Event: 3.272 Thread 0x0000000058d2f000  344       1       java.lang.System::getSecurityManager (4 bytes)

GC Heap History (0 events):
No events

Deoptimization events (0 events):
No events

Internal exceptions (10 events):
Event: 0.036 Thread 0x00000000021ee800 Exception <a 'java/lang/NoSuchMethodError': Method sun.misc.Unsafe.defineClass(Ljava/lang/String;[BII)Ljava/lang/Class; name or signature does not match> (0x00000000d5707cc0) thrown at [D:\re\workspace\8-2-build-windows-amd64-cygwin\jdk8u92\6642\hotspot\srIWzL¬W¢?
Event: 0.036 Thread 0x00000000021ee800 Exception <a 'java/lang/NoSuchMethodError': Method sun.misc.Unsafe.prefetchRead(Ljava/lang/Object;J)V name or signature does not match> (0x00000000d5707fa8) thrown at [D:\re\workspace\8-2-build-windows-amd64-cygwin\jdk8u92\6642\hotspot\src\share\vm\prims\j%þyP‰¸?
Event: 0.096 Thread 0x00000000021ee800 Exception <a 'java/security/PrivilegedActionException'> (0x00000000d57a4000) thrown at [D:\re\workspace\8-2-build-windows-amd64-cygwin\jdk8u92\6642\hotspot\src\share\vm\prims\jvm.cpp, line 1386]
Event: 0.096 Thread 0x00000000021ee800 Exception <a 'java/security/PrivilegedActionException'> (0x00000000d57a4210) thrown at [D:\re\workspace\8-2-build-windows-amd64-cygwin\jdk8u92\6642\hotspot\src\share\vm\prims\jvm.cpp, line 1386]
Event: 0.096 Thread 0x00000000021ee800 Exception <a 'java/security/PrivilegedActionException'> (0x00000000d584e748) thrown at [D:\re\workspace\8-2-build-windows-amd64-cygwin\jdk8u92\6642\hotspot\src\share\vm\prims\jvm.cpp, line 1386]
Event: 0.096 Thread 0x00000000021ee800 Exception <a 'java/security/PrivilegedActionException'> (0x00000000d584e958) thrown at [D:\re\workspace\8-2-build-windows-amd64-cygwin\jdk8u92\6642\hotspot\src\share\vm\prims\jvm.cpp, line 1386]
Event: 0.098 Thread 0x00000000021ee800 Exception <a 'java/io/FileNotFoundException'> (0x00000000d5850d80) thrown at [D:\re\workspace\8-2-build-windows-amd64-cygwin\jdk8u92\6642\hotspot\src\share\vm\prims\jni.cpp, line 709]
Event: 0.124 Thread 0x00000000021ee800 Exception <a 'java/lang/NoSuchFieldError': method resolution failed> (0x00000000d591e758) thrown at [D:\re\workspace\8-2-build-windows-amd64-cygwin\jdk8u92\6642\hotspot\src\share\vm\prims\methodHandles.cpp, line 1146]
Event: 0.126 Thread 0x00000000021ee800 Exception <a 'java/lang/NoSuchFieldError': method resolution failed> (0x00000000d592baa8) thrown at [D:\re\workspace\8-2-build-windows-amd64-cygwin\jdk8u92\6642\hotspot\src\share\vm\prims\methodHandles.cpp, line 1146]
Event: 0.152 Thread 0x00000000021ee800 Exception <a 'java/io/FileNotFoundException'> (0x00000000d59bffc0) thrown at [D:\re\workspace\8-2-build-windows-amd64-cygwin\jdk8u92\6642\hotspot\src\share\vm\prims\jni.cpp, line 709]

Events (10 events):
Event: 3.269 loading class sun/misc/FDBigInteger
Event: 3.270 loading class sun/misc/FDBigInteger done
Event: 3.270 loading class vtk/vtkImageViewer2
Event: 3.270 loading class vtk/vtkImageViewer2 done
Event: 3.271 loading class vtk/vtkPropPicker
Event: 3.271 loading class vtk/vtkPropPicker done
Event: 3.271 loading class vtk/vtkAbstractPropPicker
Event: 3.271 loading class vtk/vtkAbstractPropPicker done
Event: 3.272 loading class vtk/vtkAbstractPicker
Event: 3.272 loading class vtk/vtkAbstractPicker done


Dynamic libraries:
0x000000013fe00000 - 0x000000013fe37000 	C:\Program Files\Java\jdk1.8.0_92\bin\java.exe
0x0000000076d60000 - 0x0000000076f0c000 	C:\Windows\SYSTEM32\ntdll.dll
0x0000000076990000 - 0x0000000076aaf000 	C:\Windows\system32\kernel32.dll
0x000007fefd280000 - 0x000007fefd2ec000 	C:\Windows\system32\KERNELBASE.dll
0x000007fefeef0000 - 0x000007fefefcb000 	C:\Windows\system32\ADVAPI32.dll
0x000007fefefd0000 - 0x000007feff06f000 	C:\Windows\system32\msvcrt.dll
0x000007fefdd40000 - 0x000007fefdd5f000 	C:\Windows\SYSTEM32\sechost.dll
0x000007fefd990000 - 0x000007fefdabe000 	C:\Windows\system32\RPCRT4.dll
0x0000000076680000 - 0x000000007677a000 	C:\Windows\system32\USER32.dll
0x000007fefdbe0000 - 0x000007fefdc47000 	C:\Windows\system32\GDI32.dll
0x000007fefdbd0000 - 0x000007fefdbde000 	C:\Windows\system32\LPK.dll
0x000007fefd8c0000 - 0x000007fefd98a000 	C:\Windows\system32\USP10.dll
0x000007fefbc40000 - 0x000007fefbe34000 	C:\Windows\WinSxS\amd64_microsoft.windows.common-controls_6595b64144ccf1df_6.0.7600.16661_none_fa62ad231704eab7\COMCTL32.dll
0x000007fefe0e0000 - 0x000007fefe151000 	C:\Windows\system32\SHLWAPI.dll
0x000007fefdba0000 - 0x000007fefdbce000 	C:\Windows\system32\IMM32.DLL
0x000007fefdd60000 - 0x000007fefde69000 	C:\Windows\system32\MSCTF.dll
0x000000006ce20000 - 0x000000006cef2000 	C:\Program Files\Java\jdk1.8.0_92\jre\bin\msvcr100.dll
0x0000000059fc0000 - 0x000000005a856000 	C:\Program Files\Java\jdk1.8.0_92\jre\bin\server\jvm.dll
0x000007fef35a0000 - 0x000007fef35a9000 	C:\Windows\system32\WSOCK32.dll
0x000007fefdcf0000 - 0x000007fefdd3d000 	C:\Windows\system32\WS2_32.dll
0x000007fefe0d0000 - 0x000007fefe0d8000 	C:\Windows\system32\NSI.dll
0x000007fefa270000 - 0x000007fefa2ab000 	C:\Windows\system32\WINMM.dll
0x000007fefc2d0000 - 0x000007fefc2dc000 	C:\Windows\system32\VERSION.dll
0x0000000076f20000 - 0x0000000076f27000 	C:\Windows\system32\PSAPI.DLL
0x0000000070350000 - 0x000000007035f000 	C:\Program Files\Java\jdk1.8.0_92\jre\bin\verify.dll
0x000000006f6c0000 - 0x000000006f6e9000 	C:\Program Files\Java\jdk1.8.0_92\jre\bin\java.dll
0x0000000070050000 - 0x0000000070066000 	C:\Program Files\Java\jdk1.8.0_92\jre\bin\zip.dll
0x000007fefe160000 - 0x000007fefeee7000 	C:\Windows\system32\SHELL32.dll
0x000007fefd690000 - 0x000007fefd892000 	C:\Windows\system32\ole32.dll
0x000007fefd1d0000 - 0x000007fefd1df000 	C:\Windows\system32\profapi.dll
0x0000000065e20000 - 0x0000000065fb8000 	C:\Program Files\Java\jdk1.8.0_92\jre\bin\awt.dll
0x000007fefdac0000 - 0x000007fefdb97000 	C:\Windows\system32\OLEAUT32.dll
0x000007fefb0d0000 - 0x000007fefb0e8000 	C:\Windows\system32\DWMAPI.DLL
0x000007fefb8c0000 - 0x000007fefb916000 	C:\Windows\system32\uxtheme.dll
0x000007fefd0c0000 - 0x000007fefd0cf000 	C:\Windows\system32\CRYPTBASE.dll
0x000007feea4a0000 - 0x000007feea69f000 	C:\Windows\system32\d3d9.dll
0x000007fef8630000 - 0x000007fef8637000 	C:\Windows\system32\d3d8thk.dll
0x000007fee9370000 - 0x000007feea1e4000 	C:\Windows\system32\nvd3dumx.dll
0x000007fefbb30000 - 0x000007fefbb5c000 	C:\Windows\system32\powrprof.dll
0x000007fefdef0000 - 0x000007fefe0c7000 	C:\Windows\system32\SETUPAPI.dll
0x000007fefd560000 - 0x000007fefd596000 	C:\Windows\system32\CFGMGR32.dll
0x000007fefd3d0000 - 0x000007fefd3ea000 	C:\Windows\system32\DEVOBJ.dll
0x000007fee9210000 - 0x000007fee9368000 	C:\Program Files (x86)\NVIDIA Corporation\3D Vision\nvSCPAPI64.dll
0x000000006f670000 - 0x000000006f6b7000 	C:\Program Files\Java\jdk1.8.0_92\jre\bin\fontmanager.dll
0x000007fee8360000 - 0x000007fee83ce000 	C:\vtkBin\bin\vtkCommonJava.dll
0x000007fee7880000 - 0x000007fee7ac8000 	C:\vtkBin\bin\vtkCommon.dll
0x000007fee8c00000 - 0x000007fee8c43000 	C:\vtkBin\bin\vtksys.dll
0x000000006a2e0000 - 0x000000006a378000 	C:\Windows\system32\MSVCP100.dll
0x000007fee8220000 - 0x000007fee82c0000 	C:\vtkBin\bin\vtkFilteringJava.dll
0x000007fee7540000 - 0x000007fee783c000 	C:\vtkBin\bin\vtkFiltering.dll
0x000007fee83e0000 - 0x000007fee8436000 	C:\vtkBin\bin\vtkIOJava.dll
0x000007fee6810000 - 0x000007fee6c34000 	C:\vtkBin\bin\vtkIO.dll
0x000007fef27b0000 - 0x000007fef27d2000 	C:\vtkBin\bin\vtkDICOMParser.dll
0x000007fee8150000 - 0x000007fee8216000 	C:\vtkBin\bin\vtkNetCDF.dll
0x000007fee7330000 - 0x000007fee753d000 	C:\vtkBin\bin\vtkhdf5.dll
0x000007fef3410000 - 0x000007fef3424000 	C:\vtkBin\bin\vtkzlib.dll
0x000007feeef60000 - 0x000007feeef8d000 	C:\vtkBin\bin\vtkhdf5_hl.dll
0x000007fee8b40000 - 0x000007fee8b60000 	C:\vtkBin\bin\vtkNetCDF_cxx.dll
0x000007fee8770000 - 0x000007fee8788000 	C:\vtkBin\bin\LSDyna.dll
0x000007fee80c0000 - 0x000007fee814f000 	C:\vtkBin\bin\vtkmetaio.dll
0x000007fee8740000 - 0x000007fee8764000 	C:\vtkBin\bin\vtkpng.dll
0x000007fee8330000 - 0x000007fee8357000 	C:\vtkBin\bin\vtkjpeg.dll
0x000007fee8060000 - 0x000007fee80b1000 	C:\vtkBin\bin\vtktiff.dll
0x000007fee7300000 - 0x000007fee7323000 	C:\vtkBin\bin\vtkexpat.dll
0x000007fee8040000 - 0x000007fee805f000 	C:\Windows\system32\AVIFIL32.dll
0x000007fee7840000 - 0x000007fee7858000 	C:\Windows\system32\MSACM32.dll
0x000007fee72d0000 - 0x000007fee72f9000 	C:\Windows\system32\MSVFW32.dll
0x000007fee7280000 - 0x000007fee72c7000 	C:\vtkBin\bin\vtkImagingJava.dll
0x000007fee6580000 - 0x000007fee6809000 	C:\vtkBin\bin\vtkImaging.dll
0x000007fee64e0000 - 0x000007fee6577000 	C:\vtkBin\bin\vtkGraphicsJava.dll
0x000007fee5fe0000 - 0x000007fee64d2000 	C:\vtkBin\bin\vtkGraphics.dll
0x000007fee7250000 - 0x000007fee7280000 	C:\vtkBin\bin\vtkverdict.dll
0x000007fee5f50000 - 0x000007fee5fd9000 	C:\vtkBin\bin\vtkRenderingJava.dll
0x000007fee5bb0000 - 0x000007fee5f4b000 	C:\vtkBin\bin\vtkRendering.dll
0x000007fef3470000 - 0x000007fef347f000 	C:\vtkBin\bin\vtkftgl.dll
0x000007fef8000000 - 0x000007fef811d000 	C:\Windows\system32\OPENGL32.dll
0x000007fef7fd0000 - 0x000007fef7ffd000 	C:\Windows\system32\GLU32.dll
0x000007fef7ed0000 - 0x000007fef7fc1000 	C:\Windows\system32\DDRAW.dll
0x000007fef7ec0000 - 0x000007fef7ec8000 	C:\Windows\system32\DCIMAN32.dll
0x000007fee5b30000 - 0x000007fee5ba5000 	C:\vtkBin\bin\vtkfreetype.dll
0x0000000070320000 - 0x0000000070327000 	C:\vtkBin\bin\jawt.dll
0x000007fef32d0000 - 0x000007fef33f5000 	C:\Windows\system32\dbghelp.dll

VM Arguments:
jvm_args: -Dfile.encoding=UTF-8 
java_command: volume_02.Volume_02
java_class_path (initial): C:\vtkBin\bin\vtk.jar;C:\Users\IMG_1\Desktop\project_vtk\volume_02\build\classes
Launcher Type: SUN_STANDARD

Environment Variables:
CLASSPATH=C:\Users\IMG_1\Downloads\JavaCV\opencv\build\x86\vc10\lib;
PATH=C:\ProgramData\Oracle\Java\javapath;C:\Program Files\NVIDIA GPU Computing Toolkit\CUDA\v5.5\bin;C:\Program Files\NVIDIA GPU Computing Toolkit\CUDA\v5.5\libnvvp;C:\Program Files\Common Files\Microsoft Shared\Windows Live;C:\Program Files (x86)\Common Files\Microsoft Shared\Windows Live;C:\Program Files (x86)\NVIDIA Corporation\PhysX\Common;C:\Windows\system32;C:\Windows;C:\Windows\System32\Wbem;C:\Windows\System32\WindowsPowerShell\v1.0\;C:\Program Files (x86)\Microsoft SQL Server\90\Tools\binn\;C:\Program Files (x86)\Windows Live\Shared;C:\ProgramData\NVIDIA Corporation\NVIDIA GPU Computing SDK 4.2\C\common\bin;C:\Program Files\Microsoft\Web Platform Installer\;C:\Program Files (x86)\Microsoft ASP.NET\ASP.NET Web Pages\v1.0\;C:\Program Files\Microsoft SQL Server\110\Tools\Binn\;C:\Program Files (x86)\CMake\bin;C:\Program Files\MATLAB\R2013a\bin;C:\Program Files\Git\cmd;D:\laragon\bin\php\php-5.6.13;C:\ProgramData\ComposerSetup\bin;C:\lib\opencv\x64;C:\Program Files\ImageJ\plugins;C:\Program Files\ImageJ;C:\vtkBin\bin;C:\simpleitk;C:\Users\IMG_1\Downloads\JavaCV\opencv\build\common\tbb\ia32\vc10; C:\Users\IMG_1\Downloads\JavaCV\opencv\build\x86\vc10;C:\Users\IMG_1\Downloads\JavaCV\opencv\build\x64\vc10;C:\MinGW\bin;C:\MinGW\msys\1.0\bin;C:\Users\IMG_1\Desktop\vtk_bin07\bin\Debug;C:\Users\IMG_1\Desktop\vtk_12\bin\Release
USERNAME=IMG_1
OS=Windows_NT
PROCESSOR_IDENTIFIER=Intel64 Family 6 Model 42 Stepping 7, GenuineIntel



---------------  S Y S T E M  ---------------

OS: Windows 7 , 64 bit Build 7600 (6.1.7600.17206)

CPU:total 8 (4 cores per cpu, 2 threads per core) family 6 model 42 stepping 7, cmov, cx8, fxsr, mmx, sse, sse2, sse3, ssse3, sse4.1, sse4.2, popcnt, aes, clmul, ht, tsc, tscinvbit

Memory: 4k page, physical 8370488k(5677144k free), swap 16739068k(12268436k free)

vm_info: Java HotSpot(TM) 64-Bit Server VM (25.92-b14) for windows-amd64 JRE (1.8.0_92-b14), built on Mar 31 2016 21:03:04 by "java_re" with MS VC++ 10.0 (VS2010)

time: Thu Jun 23 13:19:07 2016
elapsed time: 3 seconds (0d 0h 0m 3s)

