#
# A fatal error has been detected by the Java Runtime Environment:
#
#  EXCEPTION_ACCESS_VIOLATION (0xc0000005) at pc=0x0000000077111a60, pid=1052, tid=0x00000000000017e4
#
# JRE version: Java(TM) SE Runtime Environment (8.0_92-b14) (build 1.8.0_92-b14)
# Java VM: Java HotSpot(TM) 64-Bit Server VM (25.92-b14 mixed mode windows-amd64 compressed oops)
# Problematic frame:
# C  [ntdll.dll+0x51a60]
#
# Failed to write core dump. Minidumps are not enabled by default on client versions of Windows
#
# If you would like to submit a bug report, please visit:
#   http://bugreport.java.com/bugreport/crash.jsp
# The crash happened outside the Java Virtual Machine in native code.
# See problematic frame for where to report the bug.
#

---------------  T H R E A D  ---------------

Current thread (0x0000000001d6e800):  JavaThread "main" [_thread_in_native, id=6116, stack(0x00000000024f0000,0x00000000025f0000)]

siginfo: ExceptionCode=0xc0000005, reading address 0x0000000000000000

Registers:
RAX=0x0000000000000074, RBX=0x0000000001d60000, RCX=0x0000000000000000, RDX=0x0000000000100000
RSP=0x00000000025ecb50, RBP=0x0000000000000002, RSI=0x000000005ae71730, RDI=0x000000005ae72510
R8 =0x00000000000000de, R9 =0x000000005ae71740, R10=0x000000005ae72520, R11=0x00000000022234b0
R12=0x0000000000000000, R13=0x0000000000000000, R14=0x00000000025ed500, R15=0x0000000000000000
RIP=0x0000000077111a60, EFLAGS=0x0000000000010246

Top of Stack: (sp=0x00000000025ecb50)
0x00000000025ecb50:   0000000001d6c250 0000000000000000
0x00000000025ecb60:   00000000496ffdac 00000000496ffdac
0x00000000025ecb70:   0000000002265540 0000000000000003
0x00000000025ecb80:   0000000001d6e800 0000000001d6e800
0x00000000025ecb90:   000001ae00000100 0000000058cc0101
0x00000000025ecba0:   0000000058cc4c00 00000000000000de
0x00000000025ecbb0:   0000000001d6e800 0000000001d6e800
0x00000000025ecbc0:   0000000001d6f290 0000000002265540
0x00000000025ecbd0:   00000000025ecce0 000000005c68bcfa
0x00000000025ecbe0:   0000000000000000 0000000000000003
0x00000000025ecbf0:   0000000001d6f290 0000000017331b58
0x00000000025ecc00:   0000000001d6e800 0000000000000000
0x00000000025ecc10:   0000000000000000 00000000025ecc30
0x00000000025ecc20:   0000000000000001 0000000001d6e800
0x00000000025ecc30:   0000000000000000 0000000017331b58
0x00000000025ecc40:   0000000017331b58 0000000074000074 

Instructions: (pc=0x0000000077111a60)
0x0000000077111a40:   32 47 08 38 47 0b 0f 85 57 c7 00 00 45 84 f6 0f
0x0000000077111a50:   85 61 c7 00 00 4c 8d 57 10 4d 8b 22 4c 8b 6f 18
0x0000000077111a60:   49 8b 45 00 4d 8b 4c 24 08 49 3b c1 0f 85 12 cb
0x0000000077111a70:   00 00 49 3b c2 0f 85 09 cb 00 00 0f b7 47 08 48 


Register to memory mapping:

RAX=0x0000000000000074 is an unknown value
RBX=0x0000000001d60000 is an unknown value
RCX=0x0000000000000000 is an unknown value
RDX=0x0000000000100000 is an unknown value
RSP=0x00000000025ecb50 is pointing into the stack for thread: 0x0000000001d6e800
RBP=0x0000000000000002 is an unknown value
RSI=0x000000005ae71730 is an unknown value
RDI=0x000000005ae72510 is an unknown value
R8 =0x00000000000000de is an unknown value
R9 =0x000000005ae71740 is an unknown value
R10=0x000000005ae72520 is an unknown value
R11=0x00000000022234b0 is an unknown value
R12=0x0000000000000000 is an unknown value
R13=0x0000000000000000 is an unknown value
R14=0x00000000025ed500 is pointing into the stack for thread: 0x0000000001d6e800
R15=0x0000000000000000 is an unknown value


Stack: [0x00000000024f0000,0x00000000025f0000],  sp=0x00000000025ecb50,  free space=1010k
Native frames: (J=compiled Java code, j=interpreted, Vv=VM code, C=native code)
C  [ntdll.dll+0x51a60]
C  [ntdll.dll+0x51885]
C  [kernel32.dll+0x22a7a]
C  [msvcr100.dll+0x68d94]
C  [java.dll+0x1e97]
C  0x00000000028d7974

Java frames: (J=compiled Java code, j=interpreted, Vv=VM code)
j  java.lang.ClassLoader.defineClass1(Ljava/lang/String;[BIILjava/security/ProtectionDomain;Ljava/lang/String;)Ljava/lang/Class;+0
j  java.lang.ClassLoader.defineClass(Ljava/lang/String;[BIILjava/security/ProtectionDomain;)Ljava/lang/Class;+27
j  java.security.SecureClassLoader.defineClass(Ljava/lang/String;[BIILjava/security/CodeSource;)Ljava/lang/Class;+12
j  java.net.URLClassLoader.defineClass(Ljava/lang/String;Lsun/misc/Resource;)Ljava/lang/Class;+138
j  java.net.URLClassLoader.access$100(Ljava/net/URLClassLoader;Ljava/lang/String;Lsun/misc/Resource;)Ljava/lang/Class;+3
j  java.net.URLClassLoader$1.run()Ljava/lang/Class;+43
j  java.net.URLClassLoader$1.run()Ljava/lang/Object;+1
v  ~StubRoutines::call_stub
j  java.security.AccessController.doPrivileged(Ljava/security/PrivilegedExceptionAction;Ljava/security/AccessControlContext;)Ljava/lang/Object;+0
j  java.net.URLClassLoader.findClass(Ljava/lang/String;)Ljava/lang/Class;+13
J 309 C1 java.lang.ClassLoader.loadClass(Ljava/lang/String;Z)Ljava/lang/Class; (122 bytes) @ 0x0000000002a6a0cc [0x0000000002a69780+0x94c]
j  sun.misc.Launcher$AppClassLoader.loadClass(Ljava/lang/String;Z)Ljava/lang/Class;+81
j  java.lang.ClassLoader.loadClass(Ljava/lang/String;)Ljava/lang/Class;+3
v  ~StubRoutines::call_stub
j  volume_02.test01.<init>()V+162
j  volume_02.Main.<init>()V+13
j  volume_02.Volume_02.main([Ljava/lang/String;)V+4
v  ~StubRoutines::call_stub

---------------  P R O C E S S  ---------------

Java Threads: ( => current thread )
  0x000000005ace3800 JavaThread "AWT-EventQueue-0" [_thread_blocked, id=2608, stack(0x000000005dd90000,0x000000005de90000)]
  0x000000005ac78000 JavaThread "AWT-Windows" daemon [_thread_in_native, id=4068, stack(0x000000005b560000,0x000000005b660000)]
  0x000000005ac6a800 JavaThread "AWT-Shutdown" [_thread_blocked, id=5436, stack(0x000000005b690000,0x000000005b790000)]
  0x000000005ac69800 JavaThread "Java2D Disposer" daemon [_thread_blocked, id=1320, stack(0x000000005b430000,0x000000005b530000)]
  0x0000000058c5b800 JavaThread "Service Thread" daemon [_thread_blocked, id=1944, stack(0x000000005a8d0000,0x000000005a9d0000)]
  0x0000000058be8000 JavaThread "C1 CompilerThread3" daemon [_thread_in_vm, id=1328, stack(0x000000005a590000,0x000000005a690000)]
  0x0000000058bcb000 JavaThread "C2 CompilerThread2" daemon [_thread_blocked, id=1468, stack(0x000000005a690000,0x000000005a790000)]
  0x0000000058bc1800 JavaThread "C2 CompilerThread1" daemon [_thread_blocked, id=3260, stack(0x000000005a430000,0x000000005a530000)]
  0x0000000058bba800 JavaThread "C2 CompilerThread0" daemon [_thread_blocked, id=5264, stack(0x000000005a280000,0x000000005a380000)]
  0x0000000058bb8000 JavaThread "Attach Listener" daemon [_thread_blocked, id=5920, stack(0x000000005a180000,0x000000005a280000)]
  0x0000000058bb6800 JavaThread "Signal Dispatcher" daemon [_thread_blocked, id=2880, stack(0x000000005a020000,0x000000005a120000)]
  0x0000000057c0e800 JavaThread "Finalizer" daemon [_thread_blocked, id=776, stack(0x0000000059af0000,0x0000000059bf0000)]
  0x0000000057c07000 JavaThread "Reference Handler" daemon [_thread_blocked, id=3592, stack(0x0000000059e80000,0x0000000059f80000)]
=>0x0000000001d6e800 JavaThread "main" [_thread_in_native, id=6116, stack(0x00000000024f0000,0x00000000025f0000)]

Other Threads:
  0x0000000058b61800 VMThread [stack: 0x0000000059c90000,0x0000000059d90000] [id=3276]
  0x0000000058c3f800 WatcherThread [stack: 0x000000005aaa0000,0x000000005aba0000] [id=6036]

VM state:not at safepoint (normal execution)

VM Mutex/Monitor currently owned by a thread:  ([mutex/lock_event])
[0x0000000001d69690] CodeCache_lock - owner thread: 0x0000000058be8000
[0x0000000001d6d4d0] Compile_lock - owner thread: 0x0000000058be8000
[0x0000000001d6d5d0] MethodCompileQueue_lock - owner thread: 0x0000000058be8000

Heap:
 PSYoungGen      total 38400K, used 5992K [0x00000000d5700000, 0x00000000d8180000, 0x0000000100000000)
  eden space 33280K, 18% used [0x00000000d5700000,0x00000000d5cda230,0x00000000d7780000)
  from space 5120K, 0% used [0x00000000d7c80000,0x00000000d7c80000,0x00000000d8180000)
  to   space 5120K, 0% used [0x00000000d7780000,0x00000000d7780000,0x00000000d7c80000)
 ParOldGen       total 87552K, used 0K [0x0000000080400000, 0x0000000085980000, 0x00000000d5700000)
  object space 87552K, 0% used [0x0000000080400000,0x0000000080400000,0x0000000085980000)
 Metaspace       used 8598K, capacity 8748K, committed 8832K, reserved 1056768K
  class space    used 1039K, capacity 1124K, committed 1152K, reserved 1048576K

Card table byte_map: [0x0000000011c80000,0x0000000012080000] byte_map_base: 0x000000001187e000

Marking Bits: (ParMarkBitMap*) 0x000000005ce264f0
 Begin Bits: [0x0000000012e40000, 0x0000000014e30000)
 End Bits:   [0x0000000014e30000, 0x0000000016e20000)

Polling page: 0x0000000000330000

CodeCache: size=245760Kb used=1799Kb max_used=1799Kb free=243960Kb
 bounds [0x00000000028c0000, 0x0000000002b30000, 0x00000000118c0000]
 total_blobs=762 nmethods=349 adapters=326
 compilation: enabled

Compilation events (10 events):
Event: 0.310 Thread 0x0000000058be8000 nmethod 343 0x0000000002a7c250 code [0x0000000002a7c3a0, 0x0000000002a7c4f0]
Event: 0.310 Thread 0x0000000058be8000  344       3       java.lang.Long::valueOf (36 bytes)
Event: 0.311 Thread 0x0000000058be8000 nmethod 344 0x0000000002a7c550 code [0x0000000002a7c6c0, 0x0000000002a7ca30]
Event: 0.311 Thread 0x0000000058be8000  345   !   3       vtk.vtkJavaMemoryManagerImpl::getJavaObject (230 bytes)
Event: 0.312 Thread 0x0000000058be8000 nmethod 345 0x0000000002a7d310 code [0x0000000002a7d6e0, 0x0000000002a7fc38]
Event: 0.312 Thread 0x0000000058be8000  347       1       java.lang.Long::longValue (5 bytes)
Event: 0.312 Thread 0x0000000058be8000 nmethod 347 0x0000000002a810d0 code [0x0000000002a81220, 0x0000000002a81330]
Event: 0.312 Thread 0x0000000058be8000  346       3       java.lang.Long::equals (30 bytes)
Event: 0.312 Thread 0x0000000058be8000 nmethod 346 0x0000000002a81390 code [0x0000000002a81500, 0x0000000002a819b0]
Event: 0.312 Thread 0x0000000058be8000  348       3       vtk.vtkCell::GetPointIds (29 bytes)

GC Heap History (0 events):
No events

Deoptimization events (0 events):
No events

Internal exceptions (10 events):
Event: 0.055 Thread 0x0000000001d6e800 Exception <a 'java/lang/NoSuchMethodError': Method sun.misc.Unsafe.defineClass(Ljava/lang/String;[BII)Ljava/lang/Class; name or signature does not match> (0x00000000d5707cc0) thrown at [D:\re\workspace\8-2-build-windows-amd64-cygwin\jdk8u92\6642\hotspot\sret<‰¬?
Event: 0.055 Thread 0x0000000001d6e800 Exception <a 'java/lang/NoSuchMethodError': Method sun.misc.Unsafe.prefetchRead(Ljava/lang/Object;J)V name or signature does not match> (0x00000000d5707fa8) thrown at [D:\re\workspace\8-2-build-windows-amd64-cygwin\jdk8u92\6642\hotspot\src\share\vm\prims\j–Á-Écè¼?
Event: 0.113 Thread 0x0000000001d6e800 Exception <a 'java/security/PrivilegedActionException'> (0x00000000d57a4fc0) thrown at [D:\re\workspace\8-2-build-windows-amd64-cygwin\jdk8u92\6642\hotspot\src\share\vm\prims\jvm.cpp, line 1386]
Event: 0.113 Thread 0x0000000001d6e800 Exception <a 'java/security/PrivilegedActionException'> (0x00000000d57a51d0) thrown at [D:\re\workspace\8-2-build-windows-amd64-cygwin\jdk8u92\6642\hotspot\src\share\vm\prims\jvm.cpp, line 1386]
Event: 0.113 Thread 0x0000000001d6e800 Exception <a 'java/security/PrivilegedActionException'> (0x00000000d584f6b0) thrown at [D:\re\workspace\8-2-build-windows-amd64-cygwin\jdk8u92\6642\hotspot\src\share\vm\prims\jvm.cpp, line 1386]
Event: 0.113 Thread 0x0000000001d6e800 Exception <a 'java/security/PrivilegedActionException'> (0x00000000d584f8c0) thrown at [D:\re\workspace\8-2-build-windows-amd64-cygwin\jdk8u92\6642\hotspot\src\share\vm\prims\jvm.cpp, line 1386]
Event: 0.116 Thread 0x0000000001d6e800 Exception <a 'java/io/FileNotFoundException'> (0x00000000d5851ce8) thrown at [D:\re\workspace\8-2-build-windows-amd64-cygwin\jdk8u92\6642\hotspot\src\share\vm\prims\jni.cpp, line 709]
Event: 0.142 Thread 0x0000000001d6e800 Exception <a 'java/lang/NoSuchFieldError': method resolution failed> (0x00000000d591f6d0) thrown at [D:\re\workspace\8-2-build-windows-amd64-cygwin\jdk8u92\6642\hotspot\src\share\vm\prims\methodHandles.cpp, line 1146]
Event: 0.143 Thread 0x0000000001d6e800 Exception <a 'java/lang/NoSuchFieldError': method resolution failed> (0x00000000d592ca20) thrown at [D:\re\workspace\8-2-build-windows-amd64-cygwin\jdk8u92\6642\hotspot\src\share\vm\prims\methodHandles.cpp, line 1146]
Event: 0.170 Thread 0x0000000001d6e800 Exception <a 'java/io/FileNotFoundException'> (0x00000000d59c0f48) thrown at [D:\re\workspace\8-2-build-windows-amd64-cygwin\jdk8u92\6642\hotspot\src\share\vm\prims\jni.cpp, line 709]

Events (10 events):
Event: 0.290 loading class vtk/vtkMarchingSquares
Event: 0.290 loading class vtk/vtkMarchingSquares done
Event: 0.290 loading class vtk/vtkPolyDataAlgorithm
Event: 0.290 loading class vtk/vtkPolyDataAlgorithm done
Event: 0.309 loading class vtk/vtkIdList
Event: 0.309 loading class vtk/vtkIdList done
Event: 0.310 loading class vtk/vtkPoints
Event: 0.310 loading class vtk/vtkPoints done
Event: 0.312 loading class vtk/vtkCellArray
Event: 0.312 loading class vtk/vtkCellArray done


Dynamic libraries:
0x000000013f940000 - 0x000000013f977000 	C:\Program Files\Java\jdk1.8.0_92\bin\java.exe
0x00000000770c0000 - 0x000000007726c000 	C:\Windows\SYSTEM32\ntdll.dll
0x0000000076e40000 - 0x0000000076f5f000 	C:\Windows\system32\kernel32.dll
0x000007fefd620000 - 0x000007fefd68c000 	C:\Windows\system32\KERNELBASE.dll
0x000007feff280000 - 0x000007feff35b000 	C:\Windows\system32\ADVAPI32.dll
0x000007fefec10000 - 0x000007fefecaf000 	C:\Windows\system32\msvcrt.dll
0x000007fefd900000 - 0x000007fefd91f000 	C:\Windows\SYSTEM32\sechost.dll
0x000007fefef00000 - 0x000007feff02e000 	C:\Windows\system32\RPCRT4.dll
0x0000000076d40000 - 0x0000000076e3a000 	C:\Windows\system32\USER32.dll
0x000007feff360000 - 0x000007feff3c7000 	C:\Windows\system32\GDI32.dll
0x000007fefeec0000 - 0x000007fefeece000 	C:\Windows\system32\LPK.dll
0x000007fefdae0000 - 0x000007fefdbaa000 	C:\Windows\system32\USP10.dll
0x000007fefbd10000 - 0x000007fefbf04000 	C:\Windows\WinSxS\amd64_microsoft.windows.common-controls_6595b64144ccf1df_6.0.7600.16661_none_fa62ad231704eab7\COMCTL32.dll
0x000007feff200000 - 0x000007feff271000 	C:\Windows\system32\SHLWAPI.dll
0x000007fefeed0000 - 0x000007fefeefe000 	C:\Windows\system32\IMM32.DLL
0x000007fefd920000 - 0x000007fefda29000 	C:\Windows\system32\MSCTF.dll
0x000000006fde0000 - 0x000000006feb2000 	C:\Program Files\Java\jdk1.8.0_92\jre\bin\msvcr100.dll
0x000000005c610000 - 0x000000005cea6000 	C:\Program Files\Java\jdk1.8.0_92\jre\bin\server\jvm.dll
0x000007fef2090000 - 0x000007fef2099000 	C:\Windows\system32\WSOCK32.dll
0x000007feff030000 - 0x000007feff07d000 	C:\Windows\system32\WS2_32.dll
0x000007fefdad0000 - 0x000007fefdad8000 	C:\Windows\system32\NSI.dll
0x000007fefa7e0000 - 0x000007fefa81b000 	C:\Windows\system32\WINMM.dll
0x000007fefc630000 - 0x000007fefc63c000 	C:\Windows\system32\VERSION.dll
0x0000000077290000 - 0x0000000077297000 	C:\Windows\system32\PSAPI.DLL
0x000000006fdd0000 - 0x000000006fddf000 	C:\Program Files\Java\jdk1.8.0_92\jre\bin\verify.dll
0x000000006fda0000 - 0x000000006fdc9000 	C:\Program Files\Java\jdk1.8.0_92\jre\bin\java.dll
0x000000006fd80000 - 0x000000006fd96000 	C:\Program Files\Java\jdk1.8.0_92\jre\bin\zip.dll
0x000007fefdc50000 - 0x000007fefe9d7000 	C:\Windows\system32\SHELL32.dll
0x000007fefecb0000 - 0x000007fefeeb2000 	C:\Windows\system32\ole32.dll
0x000007fefd530000 - 0x000007fefd53f000 	C:\Windows\system32\profapi.dll
0x000000006fbe0000 - 0x000000006fd78000 	C:\Program Files\Java\jdk1.8.0_92\jre\bin\awt.dll
0x000007feff080000 - 0x000007feff157000 	C:\Windows\system32\OLEAUT32.dll
0x000007fefb700000 - 0x000007fefb718000 	C:\Windows\system32\DWMAPI.DLL
0x000007fefbc60000 - 0x000007fefbcb6000 	C:\Windows\system32\uxtheme.dll
0x000007fefd460000 - 0x000007fefd46f000 	C:\Windows\system32\CRYPTBASE.dll
0x000007fef1a50000 - 0x000007fef1c4f000 	C:\Windows\system32\d3d9.dll
0x000007fefc390000 - 0x000007fefc397000 	C:\Windows\system32\d3d8thk.dll
0x000007feefae0000 - 0x000007fef0954000 	C:\Windows\system32\nvd3dumx.dll
0x000007fefc3b0000 - 0x000007fefc3dc000 	C:\Windows\system32\powrprof.dll
0x000007fefe9e0000 - 0x000007fefebb7000 	C:\Windows\system32\SETUPAPI.dll
0x000007fefd820000 - 0x000007fefd856000 	C:\Windows\system32\CFGMGR32.dll
0x000007fefd800000 - 0x000007fefd81a000 	C:\Windows\system32\DEVOBJ.dll
0x000007fef1680000 - 0x000007fef17d8000 	C:\Program Files (x86)\NVIDIA Corporation\3D Vision\nvSCPAPI64.dll
0x000000006fb90000 - 0x000000006fbd7000 	C:\Program Files\Java\jdk1.8.0_92\jre\bin\fontmanager.dll
0x000007fef2670000 - 0x000007fef26de000 	C:\vtkBin\bin\vtkCommonJava.dll
0x000007fef0ac0000 - 0x000007fef0d08000 	C:\vtkBin\bin\vtkCommon.dll
0x000007fef3270000 - 0x000007fef32b3000 	C:\vtkBin\bin\vtksys.dll
0x000000006bf20000 - 0x000000006bfb8000 	C:\Windows\system32\MSVCP100.dll
0x000007fef15e0000 - 0x000007fef1680000 	C:\vtkBin\bin\vtkFilteringJava.dll
0x000007feef7e0000 - 0x000007feefadc000 	C:\vtkBin\bin\vtkFiltering.dll
0x000007fef25a0000 - 0x000007fef25f6000 	C:\vtkBin\bin\vtkIOJava.dll
0x000007feef0b0000 - 0x000007feef4d4000 	C:\vtkBin\bin\vtkIO.dll
0x000007fef5780000 - 0x000007fef57a2000 	C:\vtkBin\bin\vtkDICOMParser.dll
0x000007fef0e90000 - 0x000007fef0f56000 	C:\vtkBin\bin\vtkNetCDF.dll
0x000007feee830000 - 0x000007feeea3d000 	C:\vtkBin\bin\vtkhdf5.dll
0x000007fef3a20000 - 0x000007fef3a34000 	C:\vtkBin\bin\vtkzlib.dll
0x000007fef2260000 - 0x000007fef228d000 	C:\vtkBin\bin\vtkhdf5_hl.dll
0x000007fef2070000 - 0x000007fef2090000 	C:\vtkBin\bin\vtkNetCDF_cxx.dll
0x000007fef2050000 - 0x000007fef2068000 	C:\vtkBin\bin\LSDyna.dll
0x000007fef0e00000 - 0x000007fef0e8f000 	C:\vtkBin\bin\vtkmetaio.dll
0x000007fef2020000 - 0x000007fef2044000 	C:\vtkBin\bin\vtkpng.dll
0x000007fef1a20000 - 0x000007fef1a47000 	C:\vtkBin\bin\vtkjpeg.dll
0x000007fef0da0000 - 0x000007fef0df1000 	C:\vtkBin\bin\vtktiff.dll
0x000007fef19f0000 - 0x000007fef1a13000 	C:\vtkBin\bin\vtkexpat.dll
0x000007fef1f70000 - 0x000007fef1f8f000 	C:\Windows\system32\AVIFIL32.dll
0x000007fef0d80000 - 0x000007fef0d98000 	C:\Windows\system32\MSACM32.dll
0x000007fef0d50000 - 0x000007fef0d79000 	C:\Windows\system32\MSVFW32.dll
0x000007fef0a70000 - 0x000007fef0ab7000 	C:\vtkBin\bin\vtkImagingJava.dll
0x000007feee5a0000 - 0x000007feee829000 	C:\vtkBin\bin\vtkImaging.dll
0x000007fef09d0000 - 0x000007fef0a67000 	C:\vtkBin\bin\vtkGraphicsJava.dll
0x000007feee0a0000 - 0x000007feee592000 	C:\vtkBin\bin\vtkGraphics.dll
0x000007fef0d20000 - 0x000007fef0d50000 	C:\vtkBin\bin\vtkverdict.dll
0x000007feef750000 - 0x000007feef7d9000 	C:\vtkBin\bin\vtkRenderingJava.dll
0x000007feed1f0000 - 0x000007feed58b000 	C:\vtkBin\bin\vtkRendering.dll
0x000007fef2590000 - 0x000007fef259f000 	C:\vtkBin\bin\vtkftgl.dll
0x000007fef74f0000 - 0x000007fef760d000 	C:\Windows\system32\OPENGL32.dll
0x000007fef8d30000 - 0x000007fef8d5d000 	C:\Windows\system32\GLU32.dll
0x000007fef73f0000 - 0x000007fef74e1000 	C:\Windows\system32\DDRAW.dll
0x000007fef9bf0000 - 0x000007fef9bf8000 	C:\Windows\system32\DCIMAN32.dll
0x000007feef6d0000 - 0x000007feef745000 	C:\vtkBin\bin\vtkfreetype.dll
0x0000000061600000 - 0x0000000061607000 	C:\vtkBin\bin\jawt.dll
0x000007fef4e80000 - 0x000007fef4fa5000 	C:\Windows\system32\dbghelp.dll

VM Arguments:
jvm_args: -Dfile.encoding=UTF-8 
java_command: volume_02.Volume_02
java_class_path (initial): C:\vtkBin\bin\vtk.jar;C:\Users\IMG_1\Desktop\project_vtk\volume_02\build\classes
Launcher Type: SUN_STANDARD

Environment Variables:
CLASSPATH=C:\Users\IMG_1\Downloads\JavaCV\opencv\build\x86\vc10\lib;
PATH=C:\ProgramData\Oracle\Java\javapath;C:\Program Files\NVIDIA GPU Computing Toolkit\CUDA\v5.5\bin;C:\Program Files\NVIDIA GPU Computing Toolkit\CUDA\v5.5\libnvvp;C:\Program Files\Common Files\Microsoft Shared\Windows Live;C:\Program Files (x86)\Common Files\Microsoft Shared\Windows Live;C:\Program Files (x86)\NVIDIA Corporation\PhysX\Common;C:\Windows\system32;C:\Windows;C:\Windows\System32\Wbem;C:\Windows\System32\WindowsPowerShell\v1.0\;C:\Program Files (x86)\Microsoft SQL Server\90\Tools\binn\;C:\Program Files (x86)\Windows Live\Shared;C:\ProgramData\NVIDIA Corporation\NVIDIA GPU Computing SDK 4.2\C\common\bin;C:\Program Files\Microsoft\Web Platform Installer\;C:\Program Files (x86)\Microsoft ASP.NET\ASP.NET Web Pages\v1.0\;C:\Program Files\Microsoft SQL Server\110\Tools\Binn\;C:\Program Files (x86)\CMake\bin;C:\Program Files\MATLAB\R2013a\bin;C:\Program Files\Git\cmd;D:\laragon\bin\php\php-5.6.13;C:\ProgramData\ComposerSetup\bin;C:\lib\opencv\x64;C:\Program Files\ImageJ\plugins;C:\Program Files\ImageJ;C:\vtkBin\bin;C:\simpleitk;C:\Users\IMG_1\Downloads\JavaCV\opencv\build\common\tbb\ia32\vc10; C:\Users\IMG_1\Downloads\JavaCV\opencv\build\x86\vc10;C:\Users\IMG_1\Downloads\JavaCV\opencv\build\x64\vc10;C:\MinGW\bin;C:\MinGW\msys\1.0\bin;C:\Users\IMG_1\Desktop\vtk_bin07\bin\Debug;C:\Users\IMG_1\Desktop\vtk_12\bin\Release
USERNAME=IMG_1
OS=Windows_NT
PROCESSOR_IDENTIFIER=Intel64 Family 6 Model 42 Stepping 7, GenuineIntel



---------------  S Y S T E M  ---------------

OS: