#
# A fatal error has been detected by the Java Runtime Environment:
#
#  EXCEPTION_ACCESS_VIOLATION (0xc0000005) at pc=0x000000006fd0dd37, pid=1632, tid=0x00000000000016c0
#
# JRE version: Java(TM) SE Runtime Environment (8.0_92-b14) (build 1.8.0_92-b14)
# Java VM: Java HotSpot(TM) 64-Bit Server VM (25.92-b14 mixed mode windows-amd64 compressed oops)
# Problematic frame:
# V  [jvm.dll+0x13dd37]
#
# Failed to write core dump. Minidumps are not enabled by default on client versions of Windows
#
# If you would like to submit a bug report, please visit:
#   http://bugreport.java.com/bugreport/crash.jsp
#

---------------  T H R E A D  ---------------

Current thread (0x000000001b444800):  JavaThread "AWT-EventQueue-0" [_thread_in_vm, id=5824, stack(0x000000001daa0000,0x000000001dba0000)]

siginfo: ExceptionCode=0xc0000005, reading address 0x0000000000000000

Registers:
RAX=0x0000000000000000, RBX=0x000000001b444800, RCX=0x0000000000000480, RDX=0x000000001db9d1a0
RSP=0x000000001db9d020, RBP=0x0000000000000000, RSI=0x000000001db9d1a0, RDI=0x000000001b444901
R8 =0x0000000000000000, R9 =0x00000000d5a8ad40, R10=0x0000000000000006, R11=0x00000000703d8198
R12=0x000000001b3bf780, R13=0x0000000017735360, R14=0x000000001db9d1a0, R15=0x000000001b444800
RIP=0x000000006fd0dd37, EFLAGS=0x0000000000010206

Top of Stack: (sp=0x000000001db9d020)
0x000000001db9d020:   000000001db9d1a0 0000000017b14320
0x000000001db9d030:   000000001db9d1a0 fffffffffffffffe
0x000000001db9d040:   000000001b4449f8 00000000554a372b
0x000000001db9d050:   000000001b48f720 000000001db9d1a0
0x000000001db9d060:   000000001db9d1a0 000000001db9d198
0x000000001db9d070:   fffffffffffffffe 000000001b4449f8
0x000000001db9d080:   000000001b4449f8 000007feeb55a8f9
0x000000001db9d090:   000000001b48f720 0000000005a10411
0x000000001db9d0a0:   000000001b48f720 000000000000000c
0x000000001db9d0b0:   0000000000010003 000000006ea51070
0x000000001db9d0c0:   000000006ea5106a 0000000002827826
0x000000001db9d0d0:   000000001b3aae00 000000001b444800
0x000000001db9d0e0:   0000000000000000 000000000281835d
0x000000001db9d0f0:   00000000117ce000 0000000002827994
0x000000001db9d100:   000000001b48f720 0000000017735360
0x000000001db9d110:   000000001db9d178 0000000017735360 

Instructions: (pc=0x000000006fd0dd37)
0x000000006fd0dd17:   00 00 00 30 74 08 48 8b cb e8 9b 2d 10 00 c7 83
0x000000006fd0dd27:   70 02 00 00 06 00 00 00 40 b7 01 48 85 f6 74 60
0x000000006fd0dd37:   48 8b 4d 00 40 32 ff e8 4d a2 f2 ff 48 8b d0 48
0x000000006fd0dd47:   85 c0 74 4c 40 38 3d 5f 94 6c 00 4c 8b 06 74 16 


Register to memory mapping:

RAX=0x0000000000000000 is an unknown value
RBX=0x000000001b444800 is a thread
RCX=0x0000000000000480 is an unknown value
RDX=0x000000001db9d1a0 is pointing into the stack for thread: 0x000000001b444800
RSP=0x000000001db9d020 is pointing into the stack for thread: 0x000000001b444800
RBP=0x0000000000000000 is an unknown value
RSI=0x000000001db9d1a0 is pointing into the stack for thread: 0x000000001b444800
RDI=0x000000001b444901 is an unknown value
R8 =0x0000000000000000 is an unknown value
R9 =0x00000000d5a8ad40 is an oop
vtk.vtkRenderWindow 
 - klass: 'vtk/vtkRenderWindow'
R10=0x0000000000000006 is an unknown value
R11=0x00000000703d8198 is an unknown value
R12=0x000000001b3bf780 is an unknown value
R13={method} {0x0000000017735368} 'RenderCreate' '(Lvtk/vtkRenderWindow;)I' in 'vtk/vtkPanel'
R14=0x000000001db9d1a0 is pointing into the stack for thread: 0x000000001b444800
R15=0x000000001b444800 is a thread


Stack: [0x000000001daa0000,0x000000001dba0000],  sp=0x000000001db9d020,  free space=1012k
Native frames: (J=compiled Java code, j=interpreted, Vv=VM code, C=native code)

Java frames: (J=compiled Java code, j=interpreted, Vv=VM code)
j  vtk.vtkPanel.RenderCreate(Lvtk/vtkRenderWindow;)I+0
j  vtk.vtkPanel.Render()V+109
j  vtk.vtkPanel.paint(Ljava/awt/Graphics;)V+1
j  sun.awt.RepaintArea.paintComponent(Ljava/awt/Component;Ljava/awt/Graphics;)V+6
j  sun.awt.RepaintArea.paint(Ljava/lang/Object;Z)V+326
j  sun.awt.windows.WComponentPeer.handleEvent(Ljava/awt/AWTEvent;)V+155
j  java.awt.Component.dispatchEventImpl(Ljava/awt/AWTEvent;)V+877
j  java.awt.Component.dispatchEvent(Ljava/awt/AWTEvent;)V+2
j  java.awt.EventQueue.dispatchEventImpl(Ljava/awt/AWTEvent;Ljava/lang/Object;)V+41
j  java.awt.EventQueue.access$500(Ljava/awt/EventQueue;Ljava/awt/AWTEvent;Ljava/lang/Object;)V+3
j  java.awt.EventQueue$3.run()Ljava/lang/Void;+32
j  java.awt.EventQueue$3.run()Ljava/lang/Object;+1
v  ~StubRoutines::call_stub
j  java.security.AccessController.doPrivileged(Ljava/security/PrivilegedAction;Ljava/security/AccessControlContext;)Ljava/lang/Object;+0
j  java.security.ProtectionDomain$JavaSecurityAccessImpl.doIntersectionPrivilege(Ljava/security/PrivilegedAction;Ljava/security/AccessControlContext;Ljava/security/AccessControlContext;)Ljava/lang/Object;+18
j  java.security.ProtectionDomain$JavaSecurityAccessImpl.doIntersectionPrivilege(Ljava/security/PrivilegedAction;Ljava/security/AccessControlContext;)Ljava/lang/Object;+6
j  java.awt.EventQueue$4.run()Ljava/lang/Void;+11
j  java.awt.EventQueue$4.run()Ljava/lang/Object;+1
v  ~StubRoutines::call_stub
j  java.security.AccessController.doPrivileged(Ljava/security/PrivilegedAction;Ljava/security/AccessControlContext;)Ljava/lang/Object;+0
j  java.security.ProtectionDomain$JavaSecurityAccessImpl.doIntersectionPrivilege(Ljava/security/PrivilegedAction;Ljava/security/AccessControlContext;Ljava/security/AccessControlContext;)Ljava/lang/Object;+18
j  java.awt.EventQueue.dispatchEvent(Ljava/awt/AWTEvent;)V+73
j  java.awt.EventDispatchThread.pumpOneEventForFilters(I)V+245
j  java.awt.EventDispatchThread.pumpEventsForFilter(ILjava/awt/Conditional;Ljava/awt/EventFilter;)V+35
j  java.awt.EventDispatchThread.pumpEventsForHierarchy(ILjava/awt/Conditional;Ljava/awt/Component;)V+11
j  java.awt.EventDispatchThread.pumpEvents(ILjava/awt/Conditional;)V+4
j  java.awt.EventDispatchThread.pumpEvents(Ljava/awt/Conditional;)V+3
j  java.awt.EventDispatchThread.run()V+9
v  ~StubRoutines::call_stub

---------------  P R O C E S S  ---------------

Java Threads: ( => current thread )
  0x000000000227e800 JavaThread "DestroyJavaVM" [_thread_blocked, id=3776, stack(0x00000000023b0000,0x00000000024b0000)]
=>0x000000001b444800 JavaThread "AWT-EventQueue-0" [_thread_in_vm, id=5824, stack(0x000000001daa0000,0x000000001dba0000)]
  0x000000001b411800 JavaThread "AWT-Windows" daemon [_thread_in_native, id=5140, stack(0x000000001ac10000,0x000000001ad10000)]
  0x000000001b3bc800 JavaThread "AWT-Shutdown" [_thread_blocked, id=1988, stack(0x000000001bc80000,0x000000001bd80000)]
  0x000000001b3bb800 JavaThread "Java2D Disposer" daemon [_thread_blocked, id=4732, stack(0x000000001bad0000,0x000000001bbd0000)]
  0x0000000018e5a800 JavaThread "Service Thread" daemon [_thread_blocked, id=5936, stack(0x000000001ad20000,0x000000001ae20000)]
  0x0000000018dd7000 JavaThread "C1 CompilerThread3" daemon [_thread_blocked, id=5728, stack(0x000000001aac0000,0x000000001abc0000)]
  0x0000000018dcc000 JavaThread "C2 CompilerThread2" daemon [_thread_blocked, id=4832, stack(0x000000001a840000,0x000000001a940000)]
  0x0000000018dc3000 JavaThread "C2 CompilerThread1" daemon [_thread_blocked, id=6084, stack(0x000000001a660000,0x000000001a760000)]
  0x0000000018dbb800 JavaThread "C2 CompilerThread0" daemon [_thread_blocked, id=4248, stack(0x000000001a4f0000,0x000000001a5f0000)]
  0x0000000018db8000 JavaThread "Attach Listener" daemon [_thread_blocked, id=5340, stack(0x0000000019d30000,0x0000000019e30000)]
  0x0000000018db6800 JavaThread "Signal Dispatcher" daemon [_thread_blocked, id=5912, stack(0x000000001a310000,0x000000001a410000)]
  0x0000000017cfe800 JavaThread "Finalizer" daemon [_thread_blocked, id=4136, stack(0x000000001a140000,0x000000001a240000)]
  0x0000000017cf7000 JavaThread "Reference Handler" daemon [_thread_blocked, id=5556, stack(0x0000000019fa0000,0x000000001a0a0000)]

Other Threads:
  0x0000000018d61800 VMThread [stack: 0x0000000019e70000,0x0000000019f70000] [id=5156]
  0x0000000018e3c800 WatcherThread [stack: 0x000000001ae70000,0x000000001af70000] [id=5944]

VM state:not at safepoint (normal execution)

VM Mutex/Monitor currently owned by a thread: None

Heap:
 PSYoungGen      total 38400K, used 6660K [0x00000000d5700000, 0x00000000d8180000, 0x0000000100000000)
  eden space 33280K, 20% used [0x00000000d5700000,0x00000000d5d811c0,0x00000000d7780000)
  from space 5120K, 0% used [0x00000000d7c80000,0x00000000d7c80000,0x00000000d8180000)
  to   space 5120K, 0% used [0x00000000d7780000,0x00000000d7780000,0x00000000d7c80000)
 ParOldGen       total 87552K, used 0K [0x0000000080400000, 0x0000000085980000, 0x00000000d5700000)
  object space 87552K, 0% used [0x0000000080400000,0x0000000080400000,0x0000000085980000)
 Metaspace       used 9262K, capacity 9458K, committed 9728K, reserved 1058816K
  class space    used 1100K, capacity 1190K, committed 1280K, reserved 1048576K

Card table byte_map: [0x0000000011bd0000,0x0000000011fd0000] byte_map_base: 0x00000000117ce000

Marking Bits: (ParMarkBitMap*) 0x00000000703e64f0
 Begin Bits: [0x0000000012f30000, 0x0000000014f20000)
 End Bits:   [0x0000000014f20000, 0x0000000016f10000)

Polling page: 0x0000000000230000

CodeCache: size=245760Kb used=1891Kb max_used=1891Kb free=243868Kb
 bounds [0x0000000002810000, 0x0000000002a80000, 0x0000000011810000]
 total_blobs=820 nmethods=380 adapters=354
 compilation: enabled

Compilation events (10 events):
Event: 1.441 Thread 0x0000000018dd7000  376       3       javax.swing.JComponent::getX (5 bytes)
Event: 1.442 Thread 0x0000000018dd7000 nmethod 376 0x00000000029e7d10 code [0x00000000029e7e60, 0x00000000029e7fd0]
Event: 1.442 Thread 0x0000000018dd7000  377       3       javax.swing.JComponent::getY (5 bytes)
Event: 1.442 Thread 0x0000000018dd7000 nmethod 377 0x00000000029e8050 code [0x00000000029e81a0, 0x00000000029e8310]
Event: 1.442 Thread 0x0000000018dd7000  378       1       java.awt.Color::getRGB (5 bytes)
Event: 1.442 Thread 0x0000000018dd7000 nmethod 378 0x00000000029e8390 code [0x00000000029e84e0, 0x00000000029e85f0]
Event: 1.443 Thread 0x0000000018dd7000  379       1       java.awt.Component::isVisible_NoClientCode (5 bytes)
Event: 1.443 Thread 0x0000000018dd7000 nmethod 379 0x00000000029e8650 code [0x00000000029e87a0, 0x00000000029e88b0]
Event: 1.443 Thread 0x0000000018dd7000  380       3       java.util.IdentityHashMap$IdentityHashMapIterator::nextIndex (72 bytes)
Event: 1.443 Thread 0x0000000018dd7000 nmethod 380 0x00000000029e8910 code [0x00000000029e8aa0, 0x00000000029e8e68]

GC Heap History (0 events):
No events

Deoptimization events (0 events):
No events

Internal exceptions (10 events):
Event: 0.074 Thread 0x000000000227e800 Exception <a 'java/lang/NoSuchMethodError': Method sun.misc.Unsafe.defineClass(Ljava/lang/String;[BII)Ljava/lang/Class; name or signature does not match> (0x00000000d5707cc0) thrown at [D:\re\workspace\8-2-build-windows-amd64-cygwin\jdk8u92\6642\hotspot\srý‹ë§vÛ²?
Event: 0.074 Thread 0x000000000227e800 Exception <a 'java/lang/NoSuchMethodError': Method sun.misc.Unsafe.prefetchRead(Ljava/lang/Object;J)V name or signature does not match> (0x00000000d5707fa8) thrown at [D:\re\workspace\8-2-build-windows-amd64-cygwin\jdk8u92\6642\hotspot\src\share\vm\prims\j‘ÿ	æ:>Æ?
Event: 0.174 Thread 0x000000000227e800 Exception <a 'java/security/PrivilegedActionException'> (0x00000000d58e8020) thrown at [D:\re\workspace\8-2-build-windows-amd64-cygwin\jdk8u92\6642\hotspot\src\share\vm\prims\jvm.cpp, line 1386]
Event: 0.174 Thread 0x000000000227e800 Exception <a 'java/security/PrivilegedActionException'> (0x00000000d58e8230) thrown at [D:\re\workspace\8-2-build-windows-amd64-cygwin\jdk8u92\6642\hotspot\src\share\vm\prims\jvm.cpp, line 1386]
Event: 0.174 Thread 0x000000000227e800 Exception <a 'java/security/PrivilegedActionException'> (0x00000000d58ec078) thrown at [D:\re\workspace\8-2-build-windows-amd64-cygwin\jdk8u92\6642\hotspot\src\share\vm\prims\jvm.cpp, line 1386]
Event: 0.174 Thread 0x000000000227e800 Exception <a 'java/security/PrivilegedActionException'> (0x00000000d58ec288) thrown at [D:\re\workspace\8-2-build-windows-amd64-cygwin\jdk8u92\6642\hotspot\src\share\vm\prims\jvm.cpp, line 1386]
Event: 0.176 Thread 0x000000000227e800 Exception <a 'java/io/FileNotFoundException'> (0x00000000d58ee6b0) thrown at [D:\re\workspace\8-2-build-windows-amd64-cygwin\jdk8u92\6642\hotspot\src\share\vm\prims\jni.cpp, line 709]
Event: 0.205 Thread 0x000000000227e800 Exception <a 'java/lang/NoSuchFieldError': method resolution failed> (0x00000000d59bbb98) thrown at [D:\re\workspace\8-2-build-windows-amd64-cygwin\jdk8u92\6642\hotspot\src\share\vm\prims\methodHandles.cpp, line 1146]
Event: 0.206 Thread 0x000000000227e800 Exception <a 'java/lang/NoSuchFieldError': method resolution failed> (0x00000000d59c8f68) thrown at [D:\re\workspace\8-2-build-windows-amd64-cygwin\jdk8u92\6642\hotspot\src\share\vm\prims\methodHandles.cpp, line 1146]
Event: 0.250 Thread 0x000000000227e800 Exception <a 'java/io/FileNotFoundException'> (0x00000000d5aa5768) thrown at [D:\re\workspace\8-2-build-windows-amd64-cygwin\jdk8u92\6642\hotspot\src\share\vm\prims\jni.cpp, line 709]

Events (10 events):
Event: 1.426 loading class java/awt/image/BufferedImage$1
Event: 1.426 loading class java/awt/image/BufferedImage$1 done
Event: 1.426 loading class sun/awt/image/BufImgSurfaceData
Event: 1.426 loading class sun/awt/image/BufImgSurfaceData done
Event: 1.426 loading class sun/awt/image/BufImgSurfaceData$ICMColorData
Event: 1.426 loading class sun/awt/image/BufImgSurfaceData$ICMColorData done
Event: 1.444 loading class vtk/vtkOpenGLCamera
Event: 1.444 loading class vtk/vtkOpenGLCamera done
Event: 1.444 loading class vtk/vtkCamera
Event: 1.444 loading class vtk/vtkCamera done


Dynamic libraries:
0x000000013f8c0000 - 0x000000013f8f7000 	C:\Program Files\Java\jdk1.8.0_92\bin\java.exe
0x0000000076f30000 - 0x00000000770dc000 	C:\Windows\SYSTEM32\ntdll.dll
0x0000000076950000 - 0x0000000076a6f000 	C:\Windows\system32\kernel32.dll
0x000007fefd660000 - 0x000007fefd6cc000 	C:\Windows\system32\KERNELBASE.dll
0x000007fefdfb0000 - 0x000007fefe08b000 	C:\Windows\system32\ADVAPI32.dll
0x000007fefdb20000 - 0x000007fefdbbf000 	C:\Windows\system32\msvcrt.dll
0x000007fefef80000 - 0x000007fefef9f000 	C:\Windows\SYSTEM32\sechost.dll
0x000007fefd890000 - 0x000007fefd9be000 	C:\Windows\system32\RPCRT4.dll
0x0000000076850000 - 0x000000007694a000 	C:\Windows\system32\USER32.dll
0x000007fefef10000 - 0x000007fefef77000 	C:\Windows\system32\GDI32.dll
0x000007fefd9c0000 - 0x000007fefd9ce000 	C:\Windows\system32\LPK.dll
0x000007fefd770000 - 0x000007fefd83a000 	C:\Windows\system32\USP10.dll
0x000007fefc530000 - 0x000007fefc724000 	C:\Windows\WinSxS\amd64_microsoft.windows.common-controls_6595b64144ccf1df_6.0.7600.16661_none_fa62ad231704eab7\COMCTL32.dll
0x000007fefdbc0000 - 0x000007fefdc31000 	C:\Windows\system32\SHLWAPI.dll
0x000007fefdaf0000 - 0x000007fefdb1e000 	C:\Windows\system32\IMM32.DLL
0x000007fefd9d0000 - 0x000007fefdad9000 	C:\Windows\system32\MSCTF.dll
0x00000000555a0000 - 0x0000000055672000 	C:\Program Files\Java\jdk1.8.0_92\jre\bin\msvcr100.dll
0x000000006fbd0000 - 0x0000000070466000 	C:\Program Files\Java\jdk1.8.0_92\jre\bin\server\jvm.dll
0x000007fefacc0000 - 0x000007fefacc9000 	C:\Windows\system32\WSOCK32.dll
0x000007fefe130000 - 0x000007fefe17d000 	C:\Windows\system32\WS2_32.dll
0x000007fefdae0000 - 0x000007fefdae8000 	C:\Windows\system32\NSI.dll
0x000007fefc4f0000 - 0x000007fefc52b000 	C:\Windows\system32\WINMM.dll
0x000007fefc300000 - 0x000007fefc30c000 	C:\Windows\system32\VERSION.dll
0x00000000770f0000 - 0x00000000770f7000 	C:\Windows\system32\PSAPI.DLL
0x0000000063e20000 - 0x0000000063e2f000 	C:\Program Files\Java\jdk1.8.0_92\jre\bin\verify.dll
0x0000000057090000 - 0x00000000570b9000 	C:\Program Files\Java\jdk1.8.0_92\jre\bin\java.dll
0x000000005a050000 - 0x000000005a066000 	C:\Program Files\Java\jdk1.8.0_92\jre\bin\zip.dll
0x000007fefe180000 - 0x000007fefef07000 	C:\Windows\system32\SHELL32.dll
0x000007fefdda0000 - 0x000007fefdfa2000 	C:\Windows\system32\ole32.dll
0x000007fefd3a0000 - 0x000007fefd3af000 	C:\Windows\system32\profapi.dll
0x000007feedbc0000 - 0x000007feedc2e000 	C:\vtkBin\bin\vtkCommonJava.dll
0x000007feec850000 - 0x000007feeca98000 	C:\vtkBin\bin\vtkCommon.dll
0x000007fef1e80000 - 0x000007fef1ec3000 	C:\vtkBin\bin\vtksys.dll
0x0000000066e70000 - 0x0000000066f08000 	C:\Windows\system32\MSVCP100.dll
0x000007feecc50000 - 0x000007feeccf0000 	C:\vtkBin\bin\vtkFilteringJava.dll
0x000007feec550000 - 0x000007feec84c000 	C:\vtkBin\bin\vtkFiltering.dll
0x000007fef1d90000 - 0x000007fef1de6000 	C:\vtkBin\bin\vtkIOJava.dll
0x000007feec120000 - 0x000007feec544000 	C:\vtkBin\bin\vtkIO.dll
0x000007fef2740000 - 0x000007fef2762000 	C:\vtkBin\bin\vtkDICOMParser.dll
0x000007feecb80000 - 0x000007feecc46000 	C:\vtkBin\bin\vtkNetCDF.dll
0x000007feebf10000 - 0x000007feec11d000 	C:\vtkBin\bin\vtkhdf5.dll
0x000007fef8cb0000 - 0x000007fef8cc4000 	C:\vtkBin\bin\vtkzlib.dll
0x000007fef2400000 - 0x000007fef242d000 	C:\vtkBin\bin\vtkhdf5_hl.dll
0x000007fef3e50000 - 0x000007fef3e70000 	C:\vtkBin\bin\vtkNetCDF_cxx.dll
0x000007fef31b0000 - 0x000007fef31c8000 	C:\vtkBin\bin\LSDyna.dll
0x000007feecaf0000 - 0x000007feecb7f000 	C:\vtkBin\bin\vtkmetaio.dll
0x000007fef2110000 - 0x000007fef2134000 	C:\vtkBin\bin\vtkpng.dll
0x000007feedb90000 - 0x000007feedbb7000 	C:\vtkBin\bin\vtkjpeg.dll
0x000007feebeb0000 - 0x000007feebf01000 	C:\vtkBin\bin\vtktiff.dll
0x000007feecac0000 - 0x000007feecae3000 	C:\vtkBin\bin\vtkexpat.dll
0x000007fef3150000 - 0x000007fef316f000 	C:\Windows\system32\AVIFIL32.dll
0x000007fef1e60000 - 0x000007fef1e78000 	C:\Windows\system32\MSACM32.dll
0x000007feebe80000 - 0x000007feebea9000 	C:\Windows\system32\MSVFW32.dll
0x000007feebe30000 - 0x000007feebe77000 	C:\vtkBin\bin\vtkImagingJava.dll
0x000007feebba0000 - 0x000007feebe29000 	C:\vtkBin\bin\vtkImaging.dll
0x000007feebb00000 - 0x000007feebb97000 	C:\vtkBin\bin\vtkGraphicsJava.dll
0x000007feeb600000 - 0x000007feebaf2000 	C:\vtkBin\bin\vtkGraphics.dll
0x000007feeb5d0000 - 0x000007feeb600000 	C:\vtkBin\bin\vtkverdict.dll
0x000007feeb540000 - 0x000007feeb5c9000 	C:\vtkBin\bin\vtkRenderingJava.dll
0x000007feeb1a0000 - 0x000007feeb53b000 	C:\vtkBin\bin\vtkRendering.dll
0x000007fef8ca0000 - 0x000007fef8caf000 	C:\vtkBin\bin\vtkftgl.dll
0x000007fef64f0000 - 0x000007fef660d000 	C:\Windows\system32\OPENGL32.dll
0x000007fef6910000 - 0x000007fef693d000 	C:\Windows\system32\GLU32.dll
0x000007fef5fc0000 - 0x000007fef60b1000 	C:\Windows\system32\DDRAW.dll
0x000007fefad00000 - 0x000007fefad08000 	C:\Windows\system32\DCIMAN32.dll
0x000007feff060000 - 0x000007feff237000 	C:\Windows\system32\SETUPAPI.dll
0x000007fefd620000 - 0x000007fefd656000 	C:\Windows\system32\CFGMGR32.dll
0x000007fefdc40000 - 0x000007fefdd17000 	C:\Windows\system32\OLEAUT32.dll
0x000007fefd600000 - 0x000007fefd61a000 	C:\Windows\system32\DEVOBJ.dll
0x000007fefb240000 - 0x000007fefb258000 	C:\Windows\system32\dwmapi.dll
0x000007feeb120000 - 0x000007feeb195000 	C:\vtkBin\bin\vtkfreetype.dll
0x000000006ea50000 - 0x000000006ea57000 	C:\vtkBin\bin\jawt.dll
0x0000000055400000 - 0x0000000055598000 	C:\vtkBin\bin\awt.dll
0x00000000550a0000 - 0x0000000055238000 	C:\Program Files\Java\jdk1.8.0_92\jre\bin\awt.dll
0x000007feeb0c0000 - 0x000007feeb111000 	C:\vtkBin\bin\vtkHybridJava.dll
0x000007feeaec0000 - 0x000007feeb0b3000 	C:\vtkBin\bin\vtkHybrid.dll
0x000007feeae70000 - 0x000007feeaeb1000 	C:\vtkBin\bin\vtkexoIIc.dll
0x000007fef17a0000 - 0x000007fef17b7000 	C:\Windows\system32\AVICAP32.dll
0x000007feeae40000 - 0x000007feeae65000 	C:\vtkBin\bin\vtkVolumeRenderingJava.dll
0x000007feeaa10000 - 0x000007feeae31000 	C:\vtkBin\bin\vtkVolumeRendering.dll
0x000007fefb670000 - 0x000007fefb6c6000 	C:\Windows\system32\uxtheme.dll
0x000007fefd2d0000 - 0x000007fefd2df000 	C:\Windows\system32\CRYPTBASE.dll
0x000007feea810000 - 0x000007feeaa0f000 	C:\Windows\system32\d3d9.dll
0x000007fef8d00000 - 0x000007fef8d07000 	C:\Windows\system32\d3d8thk.dll
0x000007fee9990000 - 0x000007feea804000 	C:\Windows\system32\nvd3dumx.dll
0x000007fefaff0000 - 0x000007fefb01c000 	C:\Windows\system32\powrprof.dll
0x000007fee9830000 - 0x000007fee9988000 	C:\Program Files (x86)\NVIDIA Corporation\3D Vision\nvSCPAPI64.dll
0x0000000057e40000 - 0x0000000057e87000 	C:\Program Files\Java\jdk1.8.0_92\jre\bin\fontmanager.dll
0x000007fef2770000 - 0x000007fef2895000 	C:\Windows\system32\dbghelp.dll

VM Arguments:
jvm_args: -Dfile.encoding=UTF-8 
java_command: volume_01.Volume_01
java_class_path (initial): C:\vtkBin\bin\vtk.jar;C:\Users\IMG_1\Desktop\project_vtk\volume_01\build\classes
Launcher Type: SUN_STANDARD

Environment Variables:
CLASSPATH=C:\Users\IMG_1\Downloads\JavaCV\opencv\build\x86\vc10\lib;
PATH=C:\ProgramData\Oracle\Java\javapath;C:\Program Files\NVIDIA GPU Computing Toolkit\CUDA\v5.5\bin;C:\Program Files\NVIDIA GPU Computing Toolkit\CUDA\v5.5\libnvvp;C:\Program Files\Common Files\Microsoft Shared\Windows Live;C:\Program Files (x86)\Common Files\Microsoft Shared\Windows Live;C:\Program Files (x86)\NVIDIA Corporation\PhysX\Common;C:\Windows\system32;C:\Windows;C:\Windows\System32\Wbem;C:\Windows\System32\WindowsPowerShell\v1.0\;C:\Program Files (x86)\Microsoft SQL Server\90\Tools\binn\;C:\Program Files (x86)\Windows Live\Shared;C:\ProgramData\NVIDIA Corporation\NVIDIA GPU Computing SDK 4.2\C\common\bin;C:\Program Files\Microsoft\Web Platform Installer\;C:\Program Files (x86)\Microsoft ASP.NET\ASP.NET Web Pages\v1.0\;C:\Program Files\Microsoft SQL Server\110\Tools\Binn\;C:\Program Files (x86)\CMake\bin;C:\Program Files\MATLAB\R2013a\bin;C:\Program Files\Git\cmd;D:\laragon\bin\php\php-5.6.13;C:\ProgramData\ComposerSetup\bin;C:\lib\opencv\x64;C:\Program Files\ImageJ\plugins;C:\Program Files\ImageJ;C:\vtkBin\bin;C:\simpleitk;C:\Users\IMG_1\Downloads\JavaCV\opencv\build\common\tbb\ia32\vc10; C:\Users\IMG_1\Downloads\JavaCV\opencv\build\x86\vc10;C:\Users\IMG_1\Downloads\JavaCV\opencv\build\x64\vc10;C:\MinGW\bin;C:\MinGW\msys\1.0\bin;C:\Users\IMG_1\Desktop\vtk_bin07\bin\Debug;C:\Users\IMG_1\Desktop\vtk_12\bin\Release
USERNAME=IMG_1
OS=Windows_NT
PROCESSOR_IDENTIFIER=Intel64 Family 6 Model 42 Stepping 7, GenuineIntel



---------------  S Y S T E M  ---------------

OS: Windows 7 , 64 bit Build 7600 (6.1.7600.17206)

CPU:total 8 (4 cores per cpu, 2 threads per core) family 6 model 42 stepping 7, cmov, cx8, fxsr, mmx, sse, sse2, sse3, ssse3, sse4.1, sse4.2, popcnt, aes, clmul, ht, tsc, tscinvbit

Memory: 4k page, physical 8370488k(4342952k free), swap 16739068k(11981508k free)

vm_info: Java HotSpot(TM) 64-Bit Server VM (25.92-b14) for windows-amd64 JRE (1.8.0_92-b14), built on Mar 31 2016 21:03:04 by "java_re" with MS VC++ 10.0 (VS2010)

time: Tue Jun 07 15:29:15 2016
elapsed time: 1 seconds (0d 0h 0m 1s)

