#
# A fatal error has been detected by the Java Runtime Environment:
#
#  EXCEPTION_ACCESS_VIOLATION (0xc0000005) at pc=0x000007fee79e3af0, pid=1500, tid=0x000000000000071c
#
# JRE version: Java(TM) SE Runtime Environment (8.0_92-b14) (build 1.8.0_92-b14)
# Java VM: Java HotSpot(TM) 64-Bit Server VM (25.92-b14 mixed mode windows-amd64 compressed oops)
# Problematic frame:
# C  [vtkCommon.dll+0x53af0]
#
# Failed to write core dump. Minidumps are not enabled by default on client versions of Windows
#
# If you would like to submit a bug report, please visit:
#   http://bugreport.java.com/bugreport/crash.jsp
# The crash happened outside the Java Virtual Machine in native code.
# See problematic frame for where to report the bug.
#

---------------  T H R E A D  ---------------

Current thread (0x000000000221e800):  JavaThread "main" [_thread_in_native, id=1820, stack(0x0000000002510000,0x0000000002610000)]

siginfo: ExceptionCode=0xc0000005, reading address 0x0000000000000030

Registers:
RAX=0x0000000000000003, RBX=0x0000000000000000, RCX=0x0000000000000000, RDX=0x0000000000000002
RSP=0x000000000260ef90, RBP=0x000000000260f090, RSI=0x000000005af53998, RDI=0x0000000000000002
R8 =0x0000000000000000, R9 =0x00000000d5ca4908, R10=0x0000000000000000, R11=0x000000005eb78198
R12=0x0000000000000000, R13=0x00000000578fdf08, R14=0x000000000260f0b8, R15=0x000000000221e800
RIP=0x000007fee79e3af0, EFLAGS=0x0000000000010206

Top of Stack: (sp=0x000000000260ef90)
0x000000000260ef90:   000000000260f0b8 00000000578fdf08
0x000000000260efa0:   0000000000000000 000000000221e9f8
0x000000000260efb0:   0000000000000002 000007fee79e3b88
0x000000000260efc0:   0000000000000000 000000000260f0b8
0x000000000260efd0:   000000000260f090 000000000221e800
0x000000000260efe0:   0000000000000002 000007fee76b9ed0
0x000000000260eff0:   0000000000000000 000000000221e800
0x000000000260f000:   00000000578fdf08 0000000000000020
0x000000000260f010:   00000000028e80c0 00000000028f7974
0x000000000260f020:   0000000000000020 00000000578fdf08
0x000000000260f030:   0000000000000020 000000000221e800
0x000000000260f040:   000000000260f118 00000000028f76a2
0x000000000260f050:   000000000260f050 00000000578fdf08
0x000000000260f060:   000000000260f0b8 00000000578ff9c0
0x000000000260f070:   0000000000000000 00000000578fdf08
0x000000000260f080:   0000000000000000 000000000260f0b0 

Instructions: (pc=0x000007fee79e3af0)
0x000007fee79e3ad0:   89 5b 30 4c 89 5b 28 48 83 c4 20 5b c3 cc cc cc
0x000007fee79e3ae0:   48 89 5c 24 08 57 48 83 ec 20 48 8b fa 48 8b d9
0x000007fee79e3af0:   48 3b 51 30 7e 5d 48 8b 49 38 48 85 c9 74 0d e8
0x000007fee79e3b00:   8c 68 0f 00 48 c7 43 38 00 00 00 00 48 85 ff b9 


Register to memory mapping:

RAX=0x0000000000000003 is an unknown value
RBX=0x0000000000000000 is an unknown value
RCX=0x0000000000000000 is an unknown value
RDX=0x0000000000000002 is an unknown value
RSP=0x000000000260ef90 is pointing into the stack for thread: 0x000000000221e800
RBP=0x000000000260f090 is pointing into the stack for thread: 0x000000000221e800
RSI=0x000000005af53998 is an unknown value
RDI=0x0000000000000002 is an unknown value
R8 =0x0000000000000000 is an unknown value
R9 =0x00000000d5ca4908 is an oop
vtk.vtkCellArray 
 - klass: 'vtk/vtkCellArray'
R10=0x0000000000000000 is an unknown value
R11=0x000000005eb78198 is an unknown value
R12=0x0000000000000000 is an unknown value
R13={method} {0x00000000578fdf10} 'GetNextCell_8' '(Lvtk/vtkIdList;)I' in 'vtk/vtkCellArray'
R14=0x000000000260f0b8 is pointing into the stack for thread: 0x000000000221e800
R15=0x000000000221e800 is a thread


Stack: [0x0000000002510000,0x0000000002610000],  sp=0x000000000260ef90,  free space=1019k
Native frames: (J=compiled Java code, j=interpreted, Vv=VM code, C=native code)
C  [vtkCommon.dll+0x53af0]
C  [vtkCommon.dll+0x53b88]
C  [vtkFiltering.dll+0x29ed0]
C  0x00000000028f7974

Java frames: (J=compiled Java code, j=interpreted, Vv=VM code)
j  vtk.vtkCellArray.GetNextCell_8(Lvtk/vtkIdList;)I+0
j  vtk.vtkCellArray.GetNextCell(Lvtk/vtkIdList;)I+2
j  volume_02.test01.<init>()V+117
j  volume_02.Main.<init>()V+13
j  volume_02.Volume_02.main([Ljava/lang/String;)V+4
v  ~StubRoutines::call_stub

---------------  P R O C E S S  ---------------

Java Threads: ( => current thread )
  0x000000005aec3000 JavaThread "AWT-EventQueue-0" [_thread_blocked, id=1308, stack(0x000000005d660000,0x000000005d760000)]
  0x000000005ae37000 JavaThread "AWT-Windows" daemon [_thread_in_native, id=2952, stack(0x000000005b7d0000,0x000000005b8d0000)]
  0x000000005ae36800 JavaThread "AWT-Shutdown" [_thread_blocked, id=2728, stack(0x000000005ab00000,0x000000005ac00000)]
  0x000000005ae35800 JavaThread "Java2D Disposer" daemon [_thread_blocked, id=4824, stack(0x000000005b640000,0x000000005b740000)]
  0x0000000058dfd800 JavaThread "Service Thread" daemon [_thread_blocked, id=4332, stack(0x000000005a9a0000,0x000000005aaa0000)]
  0x0000000058d7c000 JavaThread "C1 CompilerThread3" daemon [_thread_blocked, id=2336, stack(0x000000005a820000,0x000000005a920000)]
  0x0000000058d71000 JavaThread "C2 CompilerThread2" daemon [_thread_blocked, id=1000, stack(0x000000005a530000,0x000000005a630000)]
  0x0000000058d62000 JavaThread "C2 CompilerThread1" daemon [_thread_blocked, id=4628, stack(0x000000005a630000,0x000000005a730000)]
  0x0000000058d5a800 JavaThread "C2 CompilerThread0" daemon [_thread_blocked, id=5608, stack(0x000000005a420000,0x000000005a520000)]
  0x0000000058d58000 JavaThread "Attach Listener" daemon [_thread_blocked, id=2904, stack(0x000000005a150000,0x000000005a250000)]
  0x0000000058d56800 JavaThread "Signal Dispatcher" daemon [_thread_blocked, id=3844, stack(0x000000005a260000,0x000000005a360000)]
  0x0000000057b8e800 JavaThread "Finalizer" daemon [_thread_blocked, id=5556, stack(0x0000000059f80000,0x000000005a080000)]
  0x0000000057b87000 JavaThread "Reference Handler" daemon [_thread_blocked, id=5320, stack(0x0000000059c70000,0x0000000059d70000)]
=>0x000000000221e800 JavaThread "main" [_thread_in_native, id=1820, stack(0x0000000002510000,0x0000000002610000)]

Other Threads:
  0x0000000058d01800 VMThread [stack: 0x0000000059dd0000,0x0000000059ed0000] [id=672]
  0x0000000058dc5800 WatcherThread [stack: 0x000000005ac70000,0x000000005ad70000] [id=5624]

VM state:not at safepoint (normal execution)

VM Mutex/Monitor currently owned by a thread: None

Heap:
 PSYoungGen      total 38400K, used 6000K [0x00000000d5700000, 0x00000000d8180000, 0x0000000100000000)
  eden space 33280K, 18% used [0x00000000d5700000,0x00000000d5cdc0e0,0x00000000d7780000)
  from space 5120K, 0% used [0x00000000d7c80000,0x00000000d7c80000,0x00000000d8180000)
  to   space 5120K, 0% used [0x00000000d7780000,0x00000000d7780000,0x00000000d7c80000)
 ParOldGen       total 87552K, used 0K [0x0000000080400000, 0x0000000085980000, 0x00000000d5700000)
  object space 87552K, 0% used [0x0000000080400000,0x0000000080400000,0x0000000085980000)
 Metaspace       used 8527K, capacity 8648K, committed 8832K, reserved 1056768K
  class space    used 1031K, capacity 1092K, committed 1152K, reserved 1048576K

Card table byte_map: [0x0000000011ca0000,0x00000000120a0000] byte_map_base: 0x000000001189e000

Marking Bits: (ParMarkBitMap*) 0x000000005eb864f0
 Begin Bits: [0x0000000012dc0000, 0x0000000014db0000)
 End Bits:   [0x0000000014db0000, 0x0000000016da0000)

Polling page: 0x0000000000230000

CodeCache: size=245760Kb used=1764Kb max_used=1764Kb free=243995Kb
 bounds [0x00000000028e0000, 0x0000000002b50000, 0x00000000118e0000]
 total_blobs=746 nmethods=338 adapters=322
 compilation: enabled

Compilation events (10 events):
Event: 0.265 Thread 0x0000000058d7c000  333       1       java.security.ProtectionDomain::getCodeSource (5 bytes)
Event: 0.265 Thread 0x0000000058d7c000 nmethod 333 0x0000000002a98590 code [0x0000000002a986e0, 0x0000000002a987f0]
Event: 0.266 Thread 0x0000000058d7c000  335       1       java.util.zip.ZipFile::access$000 (5 bytes)
Event: 0.266 Thread 0x0000000058d7c000 nmethod 335 0x0000000002a980d0 code [0x0000000002a98220, 0x0000000002a98310]
Event: 0.269 Thread 0x0000000058d7c000  336       3       java.util.Vector::elementData (7 bytes)
Event: 0.269 Thread 0x0000000058d7c000 nmethod 336 0x0000000002a972d0 code [0x0000000002a97420, 0x0000000002a97590]
Event: 0.290 Thread 0x0000000058d7c000  337       3       sun.misc.MetaIndex::mayContain (51 bytes)
Event: 0.290 Thread 0x0000000058d7c000 nmethod 337 0x0000000002a99050 code [0x0000000002a99200, 0x0000000002a99878]
Event: 0.291 Thread 0x0000000058d7c000  338       1       java.net.URL::getQuery (5 bytes)
Event: 0.291 Thread 0x0000000058d7c000 nmethod 338 0x0000000002a963d0 code [0x0000000002a96520, 0x0000000002a96630]

GC Heap History (0 events):
No events

Deoptimization events (0 events):
No events

Internal exceptions (10 events):
Event: 0.023 Thread 0x000000000221e800 Exception <a 'java/lang/NoSuchMethodError': Method sun.misc.Unsafe.defineClass(Ljava/lang/String;[BII)Ljava/lang/Class; name or signature does not match> (0x00000000d5707cc0) thrown at [D:\re\workspace\8-2-build-windows-amd64-cygwin\jdk8u92\6642\hotspot\sr÷d­@ò°—?
Event: 0.023 Thread 0x000000000221e800 Exception <a 'java/lang/NoSuchMethodError': Method sun.misc.Unsafe.prefetchRead(Ljava/lang/Object;J)V name or signature does not match> (0x00000000d5707fa8) thrown at [D:\re\workspace\8-2-build-windows-amd64-cygwin\jdk8u92\6642\hotspot\src\share\vm\prims\j¿ûEÈ6¶?
Event: 0.087 Thread 0x000000000221e800 Exception <a 'java/security/PrivilegedActionException'> (0x00000000d57a3eb0) thrown at [D:\re\workspace\8-2-build-windows-amd64-cygwin\jdk8u92\6642\hotspot\src\share\vm\prims\jvm.cpp, line 1386]
Event: 0.087 Thread 0x000000000221e800 Exception <a 'java/security/PrivilegedActionException'> (0x00000000d57a40c0) thrown at [D:\re\workspace\8-2-build-windows-amd64-cygwin\jdk8u92\6642\hotspot\src\share\vm\prims\jvm.cpp, line 1386]
Event: 0.087 Thread 0x000000000221e800 Exception <a 'java/security/PrivilegedActionException'> (0x00000000d584e5d8) thrown at [D:\re\workspace\8-2-build-windows-amd64-cygwin\jdk8u92\6642\hotspot\src\share\vm\prims\jvm.cpp, line 1386]
Event: 0.087 Thread 0x000000000221e800 Exception <a 'java/security/PrivilegedActionException'> (0x00000000d584e7e8) thrown at [D:\re\workspace\8-2-build-windows-amd64-cygwin\jdk8u92\6642\hotspot\src\share\vm\prims\jvm.cpp, line 1386]
Event: 0.089 Thread 0x000000000221e800 Exception <a 'java/io/FileNotFoundException'> (0x00000000d5850c10) thrown at [D:\re\workspace\8-2-build-windows-amd64-cygwin\jdk8u92\6642\hotspot\src\share\vm\prims\jni.cpp, line 709]
Event: 0.117 Thread 0x000000000221e800 Exception <a 'java/lang/NoSuchFieldError': method resolution failed> (0x00000000d591e5d8) thrown at [D:\re\workspace\8-2-build-windows-amd64-cygwin\jdk8u92\6642\hotspot\src\share\vm\prims\methodHandles.cpp, line 1146]
Event: 0.118 Thread 0x000000000221e800 Exception <a 'java/lang/NoSuchFieldError': method resolution failed> (0x00000000d592b928) thrown at [D:\re\workspace\8-2-build-windows-amd64-cygwin\jdk8u92\6642\hotspot\src\share\vm\prims\methodHandles.cpp, line 1146]
Event: 0.147 Thread 0x000000000221e800 Exception <a 'java/io/FileNotFoundException'> (0x00000000d59bfe48) thrown at [D:\re\workspace\8-2-build-windows-amd64-cygwin\jdk8u92\6642\hotspot\src\share\vm\prims\jni.cpp, line 709]

Events (10 events):
Event: 0.269 loading class vtk/vtkMarchingSquares
Event: 0.269 loading class vtk/vtkMarchingSquares done
Event: 0.270 loading class vtk/vtkPolyDataAlgorithm
Event: 0.270 loading class vtk/vtkPolyDataAlgorithm done
Event: 0.289 loading class vtk/vtkPolyData
Event: 0.289 loading class vtk/vtkPolyData done
Event: 0.290 loading class vtk/vtkPointSet
Event: 0.290 loading class vtk/vtkPointSet done
Event: 0.291 loading class vtk/vtkCellArray
Event: 0.291 loading class vtk/vtkCellArray done


Dynamic libraries:
0x000000013fec0000 - 0x000000013fef7000 	C:\Program Files\Java\jdk1.8.0_92\bin\java.exe
0x0000000077100000 - 0x00000000772ac000 	C:\Windows\SYSTEM32\ntdll.dll
0x0000000076c70000 - 0x0000000076d8f000 	C:\Windows\system32\kernel32.dll
0x000007fefd620000 - 0x000007fefd68c000 	C:\Windows\system32\KERNELBASE.dll
0x000007fefdc60000 - 0x000007fefdd3b000 	C:\Windows\system32\ADVAPI32.dll
0x000007feff270000 - 0x000007feff30f000 	C:\Windows\system32\msvcrt.dll
0x000007feff310000 - 0x000007feff32f000 	C:\Windows\SYSTEM32\sechost.dll
0x000007fefdb20000 - 0x000007fefdc4e000 	C:\Windows\system32\RPCRT4.dll
0x0000000076a20000 - 0x0000000076b1a000 	C:\Windows\system32\USER32.dll
0x000007feff0e0000 - 0x000007feff147000 	C:\Windows\system32\GDI32.dll
0x000007feff330000 - 0x000007feff33e000 	C:\Windows\system32\LPK.dll
0x000007feff340000 - 0x000007feff40a000 	C:\Windows\system32\USP10.dll
0x000007fefbd80000 - 0x000007fefbf74000 	C:\Windows\WinSxS\amd64_microsoft.windows.common-controls_6595b64144ccf1df_6.0.7600.16661_none_fa62ad231704eab7\COMCTL32.dll
0x000007feff150000 - 0x000007feff1c1000 	C:\Windows\system32\SHLWAPI.dll
0x000007fefef50000 - 0x000007fefef7e000 	C:\Windows\system32\IMM32.DLL
0x000007fefef80000 - 0x000007feff089000 	C:\Windows\system32\MSCTF.dll
0x0000000061000000 - 0x00000000610d2000 	C:\Program Files\Java\jdk1.8.0_92\jre\bin\msvcr100.dll
0x000000005e370000 - 0x000000005ec06000 	C:\Program Files\Java\jdk1.8.0_92\jre\bin\server\jvm.dll
0x000007fef3250000 - 0x000007fef3259000 	C:\Windows\system32\WSOCK32.dll
0x000007fefe090000 - 0x000007fefe0dd000 	C:\Windows\system32\WS2_32.dll
0x000007fefdc50000 - 0x000007fefdc58000 	C:\Windows\system32\NSI.dll
0x000007fefa830000 - 0x000007fefa86b000 	C:\Windows\system32\WINMM.dll
0x000007fefc670000 - 0x000007fefc67c000 	C:\Windows\system32\VERSION.dll
0x00000000772c0000 - 0x00000000772c7000 	C:\Windows\system32\PSAPI.DLL
0x0000000071b70000 - 0x0000000071b7f000 	C:\Program Files\Java\jdk1.8.0_92\jre\bin\verify.dll
0x0000000069680000 - 0x00000000696a9000 	C:\Program Files\Java\jdk1.8.0_92\jre\bin\java.dll
0x0000000071b10000 - 0x0000000071b26000 	C:\Program Files\Java\jdk1.8.0_92\jre\bin\zip.dll
0x000007fefe0e0000 - 0x000007fefee67000 	C:\Windows\system32\SHELL32.dll
0x000007fefde60000 - 0x000007fefe062000 	C:\Windows\system32\ole32.dll
0x000007fefd570000 - 0x000007fefd57f000 	C:\Windows\system32\profapi.dll
0x00000000606b0000 - 0x0000000060848000 	C:\Program Files\Java\jdk1.8.0_92\jre\bin\awt.dll
0x000007fefee70000 - 0x000007fefef47000 	C:\Windows\system32\OLEAUT32.dll
0x000007fefb600000 - 0x000007fefb618000 	C:\Windows\system32\DWMAPI.DLL
0x000007fefb9e0000 - 0x000007fefba36000 	C:\Windows\system32\uxtheme.dll
0x000007fefd4a0000 - 0x000007fefd4af000 	C:\Windows\system32\CRYPTBASE.dll
0x000007fee9c10000 - 0x000007fee9e0f000 	C:\Windows\system32\d3d9.dll
0x000007fef8a70000 - 0x000007fef8a77000 	C:\Windows\system32\d3d8thk.dll
0x000007fee8d70000 - 0x000007fee9be4000 	C:\Windows\system32\nvd3dumx.dll
0x000007fefc3f0000 - 0x000007fefc41c000 	C:\Windows\system32\powrprof.dll
0x000007fefd940000 - 0x000007fefdb17000 	C:\Windows\system32\SETUPAPI.dll
0x000007fefd900000 - 0x000007fefd936000 	C:\Windows\system32\CFGMGR32.dll
0x000007fefd8e0000 - 0x000007fefd8fa000 	C:\Windows\system32\DEVOBJ.dll
0x000007fee8890000 - 0x000007fee89e8000 	C:\Program Files (x86)\NVIDIA Corporation\3D Vision\nvSCPAPI64.dll
0x00000000680c0000 - 0x0000000068107000 	C:\Program Files\Java\jdk1.8.0_92\jre\bin\fontmanager.dll
0x000007fef4bc0000 - 0x000007fef4c2e000 	C:\vtkBin\bin\vtkCommonJava.dll
0x000007fee7990000 - 0x000007fee7bd8000 	C:\vtkBin\bin\vtkCommon.dll
0x000007fef4ab0000 - 0x000007fef4af3000 	C:\vtkBin\bin\vtksys.dll
0x0000000066fa0000 - 0x0000000067038000 	C:\Windows\system32\MSVCP100.dll
0x000007fef3380000 - 0x000007fef3420000 	C:\vtkBin\bin\vtkFilteringJava.dll
0x000007fee7690000 - 0x000007fee798c000 	C:\vtkBin\bin\vtkFiltering.dll
0x000007fee8a50000 - 0x000007fee8aa6000 	C:\vtkBin\bin\vtkIOJava.dll
0x000007fee7260000 - 0x000007fee7684000 	C:\vtkBin\bin\vtkIO.dll
0x000007fef8c60000 - 0x000007fef8c82000 	C:\vtkBin\bin\vtkDICOMParser.dll
0x000007fee87c0000 - 0x000007fee8886000 	C:\vtkBin\bin\vtkNetCDF.dll
0x000007fee7c20000 - 0x000007fee7e2d000 	C:\vtkBin\bin\vtkhdf5.dll
0x000007fef8d70000 - 0x000007fef8d84000 	C:\vtkBin\bin\vtkzlib.dll
0x000007fef2fe0000 - 0x000007fef300d000 	C:\vtkBin\bin\vtkhdf5_hl.dll
0x000007fef1d20000 - 0x000007fef1d40000 	C:\vtkBin\bin\vtkNetCDF_cxx.dll
0x000007fee8a30000 - 0x000007fee8a48000 	C:\vtkBin\bin\LSDyna.dll
0x000007fee71d0000 - 0x000007fee725f000 	C:\vtkBin\bin\vtkmetaio.dll
0x000007fee8a00000 - 0x000007fee8a24000 	C:\vtkBin\bin\vtkpng.dll
0x000007fee8790000 - 0x000007fee87b7000 	C:\vtkBin\bin\vtkjpeg.dll
0x000007fee7110000 - 0x000007fee7161000 	C:\vtkBin\bin\vtktiff.dll
0x000007fee7bf0000 - 0x000007fee7c13000 	C:\vtkBin\bin\vtkexpat.dll
0x000007fee71b0000 - 0x000007fee71cf000 	C:\Windows\system32\AVIFIL32.dll
0x000007fefc3d0000 - 0x000007fefc3e8000 	C:\Windows\system32\MSACM32.dll
0x000007fee7180000 - 0x000007fee71a9000 	C:\Windows\system32\MSVFW32.dll
0x000007fee7070000 - 0x000007fee70b7000 	C:\vtkBin\bin\vtkImagingJava.dll
0x000007fee6de0000 - 0x000007fee7069000 	C:\vtkBin\bin\vtkImaging.dll
0x000007fee6d40000 - 0x000007fee6dd7000 	C:\vtkBin\bin\vtkGraphicsJava.dll
0x000007fee6840000 - 0x000007fee6d32000 	C:\vtkBin\bin\vtkGraphics.dll
0x000007fee70e0000 - 0x000007fee7110000 	C:\vtkBin\bin\vtkverdict.dll
0x000007fee67b0000 - 0x000007fee6839000 	C:\vtkBin\bin\vtkRenderingJava.dll
0x000007fee6410000 - 0x000007fee67ab000 	C:\vtkBin\bin\vtkRendering.dll
0x000007fef8d60000 - 0x000007fef8d6f000 	C:\vtkBin\bin\vtkftgl.dll
0x000007fef7240000 - 0x000007fef735d000 	C:\Windows\system32\OPENGL32.dll
0x000007fef7450000 - 0x000007fef747d000 	C:\Windows\system32\GLU32.dll
0x000007fef7140000 - 0x000007fef7231000 	C:\Windows\system32\DDRAW.dll
0x000007fefc1c0000 - 0x000007fefc1c8000 	C:\Windows\system32\DCIMAN32.dll
0x000007fee6390000 - 0x000007fee6405000 	C:\vtkBin\bin\vtkfreetype.dll
0x0000000071850000 - 0x0000000071857000 	C:\vtkBin\bin\jawt.dll
0x000007fef3a00000 - 0x000007fef3b25000 	C:\Windows\system32\dbghelp.dll

VM Arguments:
jvm_args: -Dfile.encoding=UTF-8 
java_command: volume_02.Volume_02
java_class_path (initial): C:\vtkBin\bin\vtk.jar;C:\Users\IMG_1\Desktop\project_vtk\volume_02\build\classes
Launcher Type: SUN_STANDARD

Environment Variables:
CLASSPATH=C:\Users\IMG_1\Downloads\JavaCV\opencv\build\x86\vc10\lib;
PATH=C:\ProgramData\Oracle\Java\javapath;C:\Program Files\NVIDIA GPU Computing Toolkit\CUDA\v5.5\bin;C:\Program Files\NVIDIA GPU Computing Toolkit\CUDA\v5.5\libnvvp;C:\Program Files\Common Files\Microsoft Shared\Windows Live;C:\Program Files (x86)\Common Files\Microsoft Shared\Windows Live;C:\Program Files (x86)\NVIDIA Corporation\PhysX\Common;C:\Windows\system32;C:\Windows;C:\Windows\System32\Wbem;C:\Windows\System32\WindowsPowerShell\v1.0\;C:\Program Files (x86)\Microsoft SQL Server\90\Tools\binn\;C:\Program Files (x86)\Windows Live\Shared;C:\ProgramData\NVIDIA Corporation\NVIDIA GPU Computing SDK 4.2\C\common\bin;C:\Program Files\Microsoft\Web Platform Installer\;C:\Program Files (x86)\Microsoft ASP.NET\ASP.NET Web Pages\v1.0\;C:\Program Files\Microsoft SQL Server\110\Tools\Binn\;C:\Program Files (x86)\CMake\bin;C:\Program Files\MATLAB\R2013a\bin;C:\Program Files\Git\cmd;D:\laragon\bin\php\php-5.6.13;C:\ProgramData\ComposerSetup\bin;C:\lib\opencv\x64;C:\Program Files\ImageJ\plugins;C:\Program Files\ImageJ;C:\vtkBin\bin;C:\simpleitk;C:\Users\IMG_1\Downloads\JavaCV\opencv\build\common\tbb\ia32\vc10; C:\Users\IMG_1\Downloads\JavaCV\opencv\build\x86\vc10;C:\Users\IMG_1\Downloads\JavaCV\opencv\build\x64\vc10;C:\MinGW\bin;C:\MinGW\msys\1.0\bin;C:\Users\IMG_1\Desktop\vtk_bin07\bin\Debug;C:\Users\IMG_1\Desktop\vtk_12\bin\Release
USERNAME=IMG_1
OS=Windows_NT
PROCESSOR_IDENTIFIER=Intel64 Family 6 Model 42 Stepping 7, GenuineIntel



---------------  S Y S T E M  ---------------

OS: Windows 7 , 64 bit Build 7600 (6.1.7600.17206)

CPU:total 8 (4 cores per cpu, 2 threads per core) family 6 model 42 stepping 7, cmov, cx8, fxsr, mmx, sse, sse2, sse3, ssse3, sse4.1, sse4.2, popcnt, aes, clmul, ht, tsc, tscinvbit

Memory: 4k page, physical 8370488k(4779616k free), swap 16739068k(11512720k free)

vm_info: Java HotSpot(TM) 64-Bit Server VM (25.92-b14) for windows-amd64 JRE (1.8.0_92-b14), built on Mar 31 2016 21:03:04 by "java_re" with MS VC++ 10.0 (VS2010)

time: Tue Jun 14 15:28:04 2016
elapsed time: 0 seconds (0d 0h 0m 0s)

